[WARNING]	STARTING GENERATE_CLOSURE_SPACE
[INFO]	DIMENSION:1 NEW SERIES EXECUTED:[('N0', 'ε f1', 'NQ')]
[INFO]	DIMENSION:1 NEW PARALLEL EXECUTED:[('N0', 'ε f1', 'NQ')]
[INFO]	DIMENSION:1 NEW LOOP EXECUTED:[('N0', 'ε f1', 'NQ')]
[INFO]	DIMENSION:1 NEW SERIES EXECUTED:[('N0', 'ε f1', 'NQ')]
[INFO]	DIMENSION:1 NEW PARALLEL EXECUTED:[('N0', 'ε f1', 'NQ')]
[INFO]	DIMENSION:1 NEW LOOP EXECUTED:[('N0', 'ε f1', 'NQ')]
[INFO]	SILENT SPACE 	:0DELTA
[INFO]	EXIT TRANSICTIONS-> PARENT:(RENAMED:0|STATI:10,20|EVENTI:ε)	TRANSICTION:s1 S 11   L op act ε	CHILD:(RENAMED:7|STATI:11,20|EVENTI:op)
[INFO]	EXIT TRANSICTIONS-> PARENT:(RENAMED:1|STATI:10,20|EVENTI:cl)	TRANSICTION:b7 B 21 L cl opn f5  f1	CHILD:(RENAMED:2|STATI:10,21|EVENTI:ε)
[INFO]	EXIT TRANSICTIONS-> PARENT:(RENAMED:1|STATI:10,20|EVENTI:cl)	TRANSICTION:b5 B 20 L cl nop f1	CHILD:(RENAMED:0|STATI:10,20|EVENTI:ε)
[INFO]	DIMENSION:4 NEW SERIES EXECUTED:[('N0', 'ε', 7), (7, 'f3', 5), (5, 'f2', 7), (5, 'ε', 'NQ')]
[INFO]	DIMENSION:4 NEW PARALLEL EXECUTED:[('N0', 'ε', 7), (7, 'f3', 5), (5, 'f2', 7), (5, 'ε', 'NQ')]
[INFO]	DIMENSION:3 NEW LOOP EXECUTED:[(5, '(f2 f3)', 5), (5, 'ε', 'NQ'), ('N0', 'f3', 5)]
[INFO]	DIMENSION:3 NEW SERIES EXECUTED:[('N0', 'f3', 5), (5, '(f2 f3)', 5), (5, 'ε', 'NQ')]
[INFO]	DIMENSION:3 NEW PARALLEL EXECUTED:[('N0', 'f3', 5), (5, '(f2 f3)', 5), (5, 'ε', 'NQ')]
[INFO]	DIMENSION:1 NEW LOOP EXECUTED:[('N0', '(f3 ((f2 f3))*)', 'NQ')]
[INFO]	DIMENSION:3 NEW SERIES EXECUTED:[('N0', 'ε', 7), (7, 'f3 f2', 7), (7, 'ε', 'NQ')]
[INFO]	DIMENSION:3 NEW PARALLEL EXECUTED:[('N0', 'ε', 7), (7, 'f3 f2', 7), (7, 'ε', 'NQ')]
[INFO]	DIMENSION:1 NEW LOOP EXECUTED:[('N0', '(ε (f3 f2)* ε)', 'NQ')]
[INFO]	DIMENSION:4 NEW SERIES EXECUTED:[('N0', 'ε', 7), (7, 'f3', 5), (5, 'f2', 7), (5, 'ε', 'NQ')]
[INFO]	DIMENSION:4 NEW PARALLEL EXECUTED:[('N0', 'ε', 7), (7, 'f3', 5), (5, 'f2', 7), (5, 'ε', 'NQ')]
[INFO]	DIMENSION:3 NEW LOOP EXECUTED:[(5, '(f2 f3)', 5), (5, 'ε', 'NQ'), ('N0', 'f3', 5)]
[INFO]	DIMENSION:3 NEW SERIES EXECUTED:[('N0', 'f3', 5), (5, '(f2 f3)', 5), (5, 'ε', 'NQ')]
[INFO]	DIMENSION:3 NEW PARALLEL EXECUTED:[('N0', 'f3', 5), (5, '(f2 f3)', 5), (5, 'ε', 'NQ')]
[INFO]	DIMENSION:1 NEW LOOP EXECUTED:[('N0', '(f3 ((f2 f3))*)', 'NQ')]
[INFO]	SILENT SPACE 	:1DELTA(f3 ((f2 f3))*)
[INFO]	EXIT TRANSICTIONS-> PARENT:(RENAMED:7|STATI:11,20|EVENTI:op)	TRANSICTION:b1 B 21 L op opn ( (f3 f2)* )	CHILD:(RENAMED:6|STATI:11,21|EVENTI:ε)
[INFO]	EXIT TRANSICTIONS-> PARENT:(RENAMED:5|STATI:11,20|EVENTI:ε)	TRANSICTION:s2 S 10   L cl sby (f3 ((f2 f3))*)	CHILD:(RENAMED:1|STATI:10,20|EVENTI:cl)
[INFO]	DIMENSION:3 NEW SERIES EXECUTED:[('N0', 'ε', 2), (2, 'f1 f4', 2), (2, 'ε', 'NQ')]
[INFO]	DIMENSION:3 NEW PARALLEL EXECUTED:[('N0', 'ε', 2), (2, 'f1 f4', 2), (2, 'ε', 'NQ')]
[INFO]	DIMENSION:1 NEW LOOP EXECUTED:[('N0', '(ε (f1 f4)* ε)', 'NQ')]
[INFO]	DIMENSION:3 NEW SERIES EXECUTED:[('N0', 'ε', 2), (2, 'f1 f4', 2), (2, 'ε', 'NQ')]
[INFO]	DIMENSION:3 NEW PARALLEL EXECUTED:[('N0', 'ε', 2), (2, 'f1 f4', 2), (2, 'ε', 'NQ')]
[INFO]	DIMENSION:1 NEW LOOP EXECUTED:[('N0', '(ε (f1 f4)* ε)', 'NQ')]
[INFO]	DIMENSION:4 NEW SERIES EXECUTED:[('N0', 'ε', 2), (2, 'f1', 3), (3, 'f4', 2), (3, 'ε', 'NQ')]
[INFO]	DIMENSION:4 NEW PARALLEL EXECUTED:[('N0', 'ε', 2), (2, 'f1', 3), (3, 'f4', 2), (3, 'ε', 'NQ')]
[INFO]	DIMENSION:3 NEW LOOP EXECUTED:[(3, '(f4 f1)', 3), (3, 'ε', 'NQ'), ('N0', 'f1', 3)]
[INFO]	DIMENSION:3 NEW SERIES EXECUTED:[('N0', 'f1', 3), (3, '(f4 f1)', 3), (3, 'ε', 'NQ')]
[INFO]	DIMENSION:3 NEW PARALLEL EXECUTED:[('N0', 'f1', 3), (3, '(f4 f1)', 3), (3, 'ε', 'NQ')]
[INFO]	DIMENSION:1 NEW LOOP EXECUTED:[('N0', '(f1 ((f4 f1))*)', 'NQ')]
[INFO]	SILENT SPACE 	:2DELTA(ε (f1 f4)* ε)
[INFO]	EXIT TRANSICTIONS-> PARENT:(RENAMED:2|STATI:10,21|EVENTI:ε)	TRANSICTION:s1 S 11   L op act ( (f1 f4)* )	CHILD:(RENAMED:4|STATI:11,21|EVENTI:op)
[INFO]	EXIT TRANSICTIONS-> PARENT:(RENAMED:3|STATI:10,21|EVENTI:cl)	TRANSICTION:b2 B 20 L cl cls (f1 ((f4 f1))*)	CHILD:(RENAMED:0|STATI:10,20|EVENTI:ε)
[INFO]	SILENT SPACE 	:3DELTA
[INFO]	EXIT TRANSICTIONS-> PARENT:(RENAMED:4|STATI:11,21|EVENTI:op)	TRANSICTION:b6 B 21 L op nop ε	CHILD:(RENAMED:6|STATI:11,21|EVENTI:ε)
[INFO]	EXIT TRANSICTIONS-> PARENT:(RENAMED:4|STATI:11,21|EVENTI:op)	TRANSICTION:b8 B 20 L op cls f6	CHILD:(RENAMED:5|STATI:11,20|EVENTI:ε)
[INFO]	DIMENSION:1 NEW SERIES EXECUTED:[('N0', 'ε f2', 'NQ')]
[INFO]	DIMENSION:1 NEW PARALLEL EXECUTED:[('N0', 'ε f2', 'NQ')]
[INFO]	DIMENSION:1 NEW LOOP EXECUTED:[('N0', 'ε f2', 'NQ')]
[INFO]	DIMENSION:1 NEW SERIES EXECUTED:[('N0', 'ε f2', 'NQ')]
[INFO]	DIMENSION:1 NEW PARALLEL EXECUTED:[('N0', 'ε f2', 'NQ')]
[INFO]	DIMENSION:1 NEW LOOP EXECUTED:[('N0', 'ε f2', 'NQ')]
[INFO]	SILENT SPACE 	:4DELTA
[INFO]	EXIT TRANSICTIONS-> PARENT:(RENAMED:6|STATI:11,21|EVENTI:ε)	TRANSICTION:s2 S 10   L cl sby ε	CHILD:(RENAMED:3|STATI:10,21|EVENTI:cl)
[INFO]	EXIT TRANSICTIONS-> PARENT:(RENAMED:4|STATI:11,21|EVENTI:op)	TRANSICTION:b6 B 21 L op nop f2	CHILD:(RENAMED:6|STATI:11,21|EVENTI:ε)
[INFO]	EXIT TRANSICTIONS-> PARENT:(RENAMED:4|STATI:11,21|EVENTI:op)	TRANSICTION:b8 B 20 L op cls f6  f2	CHILD:(RENAMED:5|STATI:11,20|EVENTI:ε)
[INFO]	DIMENSION:3 NEW SERIES EXECUTED:[('N0', 'ε', 5), (5, 'f2 f3', 5), (5, 'ε', 'NQ')]
[INFO]	DIMENSION:3 NEW PARALLEL EXECUTED:[('N0', 'ε', 5), (5, 'f2 f3', 5), (5, 'ε', 'NQ')]
[INFO]	DIMENSION:1 NEW LOOP EXECUTED:[('N0', '(ε (f2 f3)* ε)', 'NQ')]
[INFO]	DIMENSION:3 NEW SERIES EXECUTED:[('N0', 'ε', 5), (5, 'f2 f3', 5), (5, 'ε', 'NQ')]
[INFO]	DIMENSION:3 NEW PARALLEL EXECUTED:[('N0', 'ε', 5), (5, 'f2 f3', 5), (5, 'ε', 'NQ')]
[INFO]	DIMENSION:1 NEW LOOP EXECUTED:[('N0', '(ε (f2 f3)* ε)', 'NQ')]
[INFO]	DIMENSION:4 NEW SERIES EXECUTED:[('N0', 'ε', 5), (5, 'f2', 7), (7, 'f3', 5), (7, 'ε', 'NQ')]
[INFO]	DIMENSION:4 NEW PARALLEL EXECUTED:[('N0', 'ε', 5), (5, 'f2', 7), (7, 'f3', 5), (7, 'ε', 'NQ')]
[INFO]	DIMENSION:3 NEW LOOP EXECUTED:[(7, '(f3 f2)', 7), (7, 'ε', 'NQ'), ('N0', 'f2', 7)]
[INFO]	DIMENSION:3 NEW SERIES EXECUTED:[('N0', 'f2', 7), (7, '(f3 f2)', 7), (7, 'ε', 'NQ')]
[INFO]	DIMENSION:3 NEW PARALLEL EXECUTED:[('N0', 'f2', 7), (7, '(f3 f2)', 7), (7, 'ε', 'NQ')]
[INFO]	DIMENSION:1 NEW LOOP EXECUTED:[('N0', '(f2 ((f3 f2))*)', 'NQ')]
[INFO]	SILENT SPACE 	:5DELTA(ε (f2 f3)* ε)
[INFO]	EXIT TRANSICTIONS-> PARENT:(RENAMED:5|STATI:11,20|EVENTI:ε)	TRANSICTION:s2 S 10   L cl sby ( (f2 f3)* )	CHILD:(RENAMED:1|STATI:10,20|EVENTI:cl)
[INFO]	EXIT TRANSICTIONS-> PARENT:(RENAMED:7|STATI:11,20|EVENTI:op)	TRANSICTION:b1 B 21 L op opn (f2 ((f3 f2))*)	CHILD:(RENAMED:6|STATI:11,21|EVENTI:ε)
[INFO]	SILENT SPACE 	:6DELTA
[INFO]	EXIT TRANSICTIONS-> PARENT:(RENAMED:1|STATI:10,20|EVENTI:cl)	TRANSICTION:b7 B 21 L cl opn f5	CHILD:(RENAMED:2|STATI:10,21|EVENTI:ε)
[INFO]	EXIT TRANSICTIONS-> PARENT:(RENAMED:1|STATI:10,20|EVENTI:cl)	TRANSICTION:b5 B 20 L cl nop ε	CHILD:(RENAMED:0|STATI:10,20|EVENTI:ε)
[INFO]	DIMENSION:4 NEW SERIES EXECUTED:[('N0', 'ε', 3), (3, 'f4', 2), (2, 'f1', 3), (2, 'ε', 'NQ')]
[INFO]	DIMENSION:4 NEW PARALLEL EXECUTED:[('N0', 'ε', 3), (3, 'f4', 2), (2, 'f1', 3), (2, 'ε', 'NQ')]
[INFO]	DIMENSION:3 NEW LOOP EXECUTED:[(2, '(f1 f4)', 2), (2, 'ε', 'NQ'), ('N0', 'f4', 2)]
[INFO]	DIMENSION:3 NEW SERIES EXECUTED:[('N0', 'f4', 2), (2, '(f1 f4)', 2), (2, 'ε', 'NQ')]
[INFO]	DIMENSION:3 NEW PARALLEL EXECUTED:[('N0', 'f4', 2), (2, '(f1 f4)', 2), (2, 'ε', 'NQ')]
[INFO]	DIMENSION:1 NEW LOOP EXECUTED:[('N0', '(f4 ((f1 f4))*)', 'NQ')]
[INFO]	DIMENSION:3 NEW SERIES EXECUTED:[('N0', 'ε', 3), (3, 'f4 f1', 3), (3, 'ε', 'NQ')]
[INFO]	DIMENSION:3 NEW PARALLEL EXECUTED:[('N0', 'ε', 3), (3, 'f4 f1', 3), (3, 'ε', 'NQ')]
[INFO]	DIMENSION:1 NEW LOOP EXECUTED:[('N0', '(ε (f4 f1)* ε)', 'NQ')]
[INFO]	DIMENSION:4 NEW SERIES EXECUTED:[('N0', 'ε', 3), (3, 'f4', 2), (2, 'f1', 3), (2, 'ε', 'NQ')]
[INFO]	DIMENSION:4 NEW PARALLEL EXECUTED:[('N0', 'ε', 3), (3, 'f4', 2), (2, 'f1', 3), (2, 'ε', 'NQ')]
[INFO]	DIMENSION:3 NEW LOOP EXECUTED:[(2, '(f1 f4)', 2), (2, 'ε', 'NQ'), ('N0', 'f4', 2)]
[INFO]	DIMENSION:3 NEW SERIES EXECUTED:[('N0', 'f4', 2), (2, '(f1 f4)', 2), (2, 'ε', 'NQ')]
[INFO]	DIMENSION:3 NEW PARALLEL EXECUTED:[('N0', 'f4', 2), (2, '(f1 f4)', 2), (2, 'ε', 'NQ')]
[INFO]	DIMENSION:1 NEW LOOP EXECUTED:[('N0', '(f4 ((f1 f4))*)', 'NQ')]
[INFO]	SILENT SPACE 	:7DELTA(f4 ((f1 f4))*)
[INFO]	EXIT TRANSICTIONS-> PARENT:(RENAMED:3|STATI:10,21|EVENTI:cl)	TRANSICTION:b2 B 20 L cl cls ( (f4 f1)* )	CHILD:(RENAMED:0|STATI:10,20|EVENTI:ε)
[INFO]	EXIT TRANSICTIONS-> PARENT:(RENAMED:2|STATI:10,21|EVENTI:ε)	TRANSICTION:s1 S 11   L op act (f4 ((f1 f4))*)	CHILD:(RENAMED:4|STATI:11,21|EVENTI:op)
[WARNING]	STARTING GENERATE_DIAGNOSTIC_GRAPH
[CRITICAL]	SILENT_PARENT 0 DELTA: 	TRANSITION s1 OBSERVABLE: act RELEVANT: ε	SILENT_CHILD 1
[CRITICAL]	SILENT_PARENT 0 DELTA: 	TRANSITION b7 OBSERVABLE: opn RELEVANT: f5  f1	SILENT_CHILD 2
[CRITICAL]	SILENT_PARENT 0 DELTA: 	TRANSITION b5 OBSERVABLE: nop RELEVANT: f1	SILENT_CHILD 0
[CRITICAL]	SILENT_PARENT 1 DELTA: (f3 ((f2 f3))*)	TRANSITION b1 OBSERVABLE: opn RELEVANT: ( (f3 f2)* )	SILENT_CHILD 4
[CRITICAL]	SILENT_PARENT 1 DELTA: (f3 ((f2 f3))*)	TRANSITION s2 OBSERVABLE: sby RELEVANT: (f3 ((f2 f3))*)	SILENT_CHILD 6
[CRITICAL]	SILENT_PARENT 2 DELTA: (ε (f1 f4)* ε)	TRANSITION s1 OBSERVABLE: act RELEVANT: ( (f1 f4)* )	SILENT_CHILD 3
[CRITICAL]	SILENT_PARENT 2 DELTA: (ε (f1 f4)* ε)	TRANSITION b2 OBSERVABLE: cls RELEVANT: (f1 ((f4 f1))*)	SILENT_CHILD 0
[CRITICAL]	SILENT_PARENT 3 DELTA: 	TRANSITION b6 OBSERVABLE: nop RELEVANT: ε	SILENT_CHILD 4
[CRITICAL]	SILENT_PARENT 3 DELTA: 	TRANSITION b8 OBSERVABLE: cls RELEVANT: f6	SILENT_CHILD 5
[CRITICAL]	SILENT_PARENT 4 DELTA: 	TRANSITION s2 OBSERVABLE: sby RELEVANT: ε	SILENT_CHILD 7
[CRITICAL]	SILENT_PARENT 4 DELTA: 	TRANSITION b6 OBSERVABLE: nop RELEVANT: f2	SILENT_CHILD 4
[CRITICAL]	SILENT_PARENT 4 DELTA: 	TRANSITION b8 OBSERVABLE: cls RELEVANT: f6  f2	SILENT_CHILD 5
[CRITICAL]	SILENT_PARENT 5 DELTA: (ε (f2 f3)* ε)	TRANSITION s2 OBSERVABLE: sby RELEVANT: ( (f2 f3)* )	SILENT_CHILD 6
[CRITICAL]	SILENT_PARENT 5 DELTA: (ε (f2 f3)* ε)	TRANSITION b1 OBSERVABLE: opn RELEVANT: (f2 ((f3 f2))*)	SILENT_CHILD 4
[CRITICAL]	SILENT_PARENT 6 DELTA: 	TRANSITION b7 OBSERVABLE: opn RELEVANT: f5	SILENT_CHILD 2
[CRITICAL]	SILENT_PARENT 6 DELTA: 	TRANSITION b5 OBSERVABLE: nop RELEVANT: ε	SILENT_CHILD 0
[CRITICAL]	SILENT_PARENT 7 DELTA: (f4 ((f1 f4))*)	TRANSITION b2 OBSERVABLE: cls RELEVANT: ( (f4 f1)* )	SILENT_CHILD 0
[CRITICAL]	SILENT_PARENT 7 DELTA: (f4 ((f1 f4))*)	TRANSITION s1 OBSERVABLE: act RELEVANT: (f4 ((f1 f4))*)	SILENT_CHILD 3
[CRITICAL]	Execution time|0:00:00.018473
