[DEBUG]	STARTING GENERATE_DIAGNOSTIC_GRAPH
[CRITICAL]	SILENT_PARENT 0 DELTA: 	TRANSITION s1 OBSERVABLE: act RELEVANT: ε	SILENT_CHILD 1
[CRITICAL]	SILENT_PARENT 0 DELTA: 	TRANSITION b7 OBSERVABLE: opn RELEVANT: f5  f1	SILENT_CHILD 2
[CRITICAL]	SILENT_PARENT 0 DELTA: 	TRANSITION b5 OBSERVABLE: nop RELEVANT: f1	SILENT_CHILD 0
[CRITICAL]	SILENT_PARENT 1 DELTA: (f3 ((f2 f3))*)	TRANSITION b1 OBSERVABLE: opn RELEVANT: ( (f3 f2)* )	SILENT_CHILD 4
[CRITICAL]	SILENT_PARENT 1 DELTA: (f3 ((f2 f3))*)	TRANSITION s2 OBSERVABLE: sby RELEVANT: (f3 ((f2 f3))*)	SILENT_CHILD 6
[CRITICAL]	SILENT_PARENT 2 DELTA: (ε (f1 f4)* ε)	TRANSITION s1 OBSERVABLE: act RELEVANT: ( (f1 f4)* )	SILENT_CHILD 3
[CRITICAL]	SILENT_PARENT 2 DELTA: (ε (f1 f4)* ε)	TRANSITION b2 OBSERVABLE: cls RELEVANT: (f1 ((f4 f1))*)	SILENT_CHILD 0
[CRITICAL]	SILENT_PARENT 3 DELTA: 	TRANSITION b6 OBSERVABLE: nop RELEVANT: ε	SILENT_CHILD 4
[CRITICAL]	SILENT_PARENT 3 DELTA: 	TRANSITION b8 OBSERVABLE: cls RELEVANT: f6	SILENT_CHILD 5
[CRITICAL]	SILENT_PARENT 4 DELTA: 	TRANSITION s2 OBSERVABLE: sby RELEVANT: ε	SILENT_CHILD 7
[CRITICAL]	SILENT_PARENT 4 DELTA: 	TRANSITION b6 OBSERVABLE: nop RELEVANT: f2	SILENT_CHILD 4
[CRITICAL]	SILENT_PARENT 4 DELTA: 	TRANSITION b8 OBSERVABLE: cls RELEVANT: f6  f2	SILENT_CHILD 5
[CRITICAL]	SILENT_PARENT 5 DELTA: (ε (f2 f3)* ε)	TRANSITION s2 OBSERVABLE: sby RELEVANT: ( (f2 f3)* )	SILENT_CHILD 6
[CRITICAL]	SILENT_PARENT 5 DELTA: (ε (f2 f3)* ε)	TRANSITION b1 OBSERVABLE: opn RELEVANT: (f2 ((f3 f2))*)	SILENT_CHILD 4
[CRITICAL]	SILENT_PARENT 6 DELTA: 	TRANSITION b7 OBSERVABLE: opn RELEVANT: f5	SILENT_CHILD 2
[CRITICAL]	SILENT_PARENT 6 DELTA: 	TRANSITION b5 OBSERVABLE: nop RELEVANT: ε	SILENT_CHILD 0
[CRITICAL]	SILENT_PARENT 7 DELTA: (f4 ((f1 f4))*)	TRANSITION b2 OBSERVABLE: cls RELEVANT: ( (f4 f1)* )	SILENT_CHILD 0
[CRITICAL]	SILENT_PARENT 7 DELTA: (f4 ((f1 f4))*)	TRANSITION s1 OBSERVABLE: act RELEVANT: (f4 ((f1 f4))*)	SILENT_CHILD 3
[DEBUG]	STARTING GENERATE_LINEAR_DIAGNOSIS
[CRITICAL]	LINEAR DIAGNOSIS:(((f3f2)*)((f4 ((f1 f4))*)))|((((f3f2)*)f6f2|f5f1((f1f4)*)f6)((ε (f2 f3)* ε)))|(f1(f3((f2f3))*)())|((f5f1(f1((f4f1))*)|f1f1)((f3 ((f2 f3))*)))|(((f3((f2f3))*)f5|(f5f1(f1((f4f1))*)|f1f1)f5f1)((ε (f1 f4)* ε)))|
[CRITICAL]	Execution time|0:00:00.001306
