[INFO]	DIMENSION QUEUE:1 ADDED TO QUEUE:(RENAMED:|STATI:20,30|EVENTI:ε,ε)
[INFO]	DIMENSION POSSIBLE TRANSITION:2
[INFO]	POSSIBLE TRANSITION t2a C2 21 L2 e2 L3 e3 o2 ε
[INFO]	POSSIBLE TRANSITION t3a C3 31   L2 e2 o3 ε
[INFO]	DIMENSION ALLOWED TRANSITION: 1
[INFO]	ALLOWED TRANSITION t3a C3 31   L2 e2 o3 ε
[INFO]	FOUND NEW BEHAVIORAL STATE: (RENAMED:|STATI:20,31|EVENTI:e2,ε)
[INFO]	SNAPSHOT|	|DIMENSIONE GRAFO->1	|DIMENSIONE STATI FINALI->0	|DIMENSIONE CODA->1
[INFO]	DIMENSION POSSIBLE TRANSITION:3
[INFO]	POSSIBLE TRANSITION t2a C2 21 L2 e2 L3 e3 o2 ε
[INFO]	POSSIBLE TRANSITION t3b C3 30 L3 e3 ε ε
[INFO]	POSSIBLE TRANSITION t3c C3 31 L3 e3 ε f
[INFO]	DIMENSION ALLOWED TRANSITION: 1
[INFO]	ALLOWED TRANSITION t2a C2 21 L2 e2 L3 e3 o2 ε
[INFO]	FOUND NEW BEHAVIORAL STATE: (RENAMED:|STATI:21,31|EVENTI:ε,e3)
[INFO]	SNAPSHOT|	|DIMENSIONE GRAFO->2	|DIMENSIONE STATI FINALI->0	|DIMENSIONE CODA->1
[INFO]	DIMENSION POSSIBLE TRANSITION:3
[INFO]	POSSIBLE TRANSITION t2b C2 20   L3 e3 ε r
[INFO]	POSSIBLE TRANSITION t3b C3 30 L3 e3 ε ε
[INFO]	POSSIBLE TRANSITION t3c C3 31 L3 e3 ε f
[INFO]	DIMENSION ALLOWED TRANSITION: 2
[INFO]	ALLOWED TRANSITION t3b C3 30 L3 e3 ε ε
[INFO]	ALLOWED TRANSITION t3c C3 31 L3 e3 ε f
[INFO]	FOUND NEW BEHAVIORAL STATE: (RENAMED:|STATI:21,30|EVENTI:ε,ε)
[INFO]	FOUND NEW FINAL STATE: (RENAMED:|STATI:21,30|EVENTI:ε,ε)
[INFO]	SNAPSHOT|	|DIMENSIONE GRAFO->3	|DIMENSIONE STATI FINALI->1	|DIMENSIONE CODA->1
[INFO]	FOUND NEW BEHAVIORAL STATE: (RENAMED:|STATI:21,31|EVENTI:ε,ε)
[INFO]	FOUND NEW FINAL STATE: (RENAMED:|STATI:21,31|EVENTI:ε,ε)
[INFO]	SNAPSHOT|	|DIMENSIONE GRAFO->4	|DIMENSIONE STATI FINALI->2	|DIMENSIONE CODA->2
[INFO]	DIMENSION POSSIBLE TRANSITION:3
[INFO]	POSSIBLE TRANSITION t2b C2 20   L3 e3 ε r
[INFO]	POSSIBLE TRANSITION t3b C3 30 L3 e3 ε ε
[INFO]	POSSIBLE TRANSITION t3c C3 31 L3 e3 ε f
[INFO]	DIMENSION ALLOWED TRANSITION: 1
[INFO]	ALLOWED TRANSITION t2b C2 20   L3 e3 ε r
[INFO]	FOUND NEW BEHAVIORAL STATE: (RENAMED:|STATI:20,31|EVENTI:ε,e3)
[INFO]	SNAPSHOT|	|DIMENSIONE GRAFO->5	|DIMENSIONE STATI FINALI->2	|DIMENSIONE CODA->2
[INFO]	DIMENSION POSSIBLE TRANSITION:3
[INFO]	POSSIBLE TRANSITION t2a C2 21 L2 e2 L3 e3 o2 ε
[INFO]	POSSIBLE TRANSITION t3b C3 30 L3 e3 ε ε
[INFO]	POSSIBLE TRANSITION t3c C3 31 L3 e3 ε f
[INFO]	DIMENSION ALLOWED TRANSITION: 2
[INFO]	ALLOWED TRANSITION t3b C3 30 L3 e3 ε ε
[INFO]	ALLOWED TRANSITION t3c C3 31 L3 e3 ε f
[INFO]	FOUND NEW FINAL STATE: (RENAMED:|STATI:20,30|EVENTI:ε,ε)
[INFO]	SNAPSHOT|	|DIMENSIONE GRAFO->6	|DIMENSIONE STATI FINALI->3	|DIMENSIONE CODA->1
[INFO]	FOUND NEW BEHAVIORAL STATE: (RENAMED:|STATI:20,31|EVENTI:ε,ε)
[INFO]	FOUND NEW FINAL STATE: (RENAMED:|STATI:20,31|EVENTI:ε,ε)
[INFO]	SNAPSHOT|	|DIMENSIONE GRAFO->7	|DIMENSIONE STATI FINALI->4	|DIMENSIONE CODA->2
[INFO]	DIMENSION POSSIBLE TRANSITION:3
[INFO]	POSSIBLE TRANSITION t2a C2 21 L2 e2 L3 e3 o2 ε
[INFO]	POSSIBLE TRANSITION t3b C3 30 L3 e3 ε ε
[INFO]	POSSIBLE TRANSITION t3c C3 31 L3 e3 ε f
[INFO]	DIMENSION ALLOWED TRANSITION: 0
[INFO]	DIMENSION POSSIBLE TRANSITION:2
[INFO]	POSSIBLE TRANSITION t2b C2 20   L3 e3 ε r
[INFO]	POSSIBLE TRANSITION t3a C3 31   L2 e2 o3 ε
[INFO]	DIMENSION ALLOWED TRANSITION: 2
[INFO]	ALLOWED TRANSITION t2b C2 20   L3 e3 ε r
[INFO]	ALLOWED TRANSITION t3a C3 31   L2 e2 o3 ε
[INFO]	FOUND NEW BEHAVIORAL STATE: (RENAMED:|STATI:20,30|EVENTI:ε,e3)
[INFO]	SNAPSHOT|	|DIMENSIONE GRAFO->8	|DIMENSIONE STATI FINALI->4	|DIMENSIONE CODA->1
[INFO]	FOUND NEW BEHAVIORAL STATE: (RENAMED:|STATI:21,31|EVENTI:e2,ε)
[INFO]	SNAPSHOT|	|DIMENSIONE GRAFO->9	|DIMENSIONE STATI FINALI->4	|DIMENSIONE CODA->2
[INFO]	DIMENSION POSSIBLE TRANSITION:3
[INFO]	POSSIBLE TRANSITION t2b C2 20   L3 e3 ε r
[INFO]	POSSIBLE TRANSITION t3b C3 30 L3 e3 ε ε
[INFO]	POSSIBLE TRANSITION t3c C3 31 L3 e3 ε f
[INFO]	DIMENSION ALLOWED TRANSITION: 1
[INFO]	ALLOWED TRANSITION t2b C2 20   L3 e3 ε r
[INFO]	FOUND NEW BEHAVIORAL STATE: (RENAMED:|STATI:20,31|EVENTI:e2,e3)
[INFO]	SNAPSHOT|	|DIMENSIONE GRAFO->10	|DIMENSIONE STATI FINALI->4	|DIMENSIONE CODA->2
[INFO]	DIMENSION POSSIBLE TRANSITION:3
[INFO]	POSSIBLE TRANSITION t2a C2 21 L2 e2 L3 e3 o2 ε
[INFO]	POSSIBLE TRANSITION t3b C3 30 L3 e3 ε ε
[INFO]	POSSIBLE TRANSITION t3c C3 31 L3 e3 ε f
[INFO]	DIMENSION ALLOWED TRANSITION: 2
[INFO]	ALLOWED TRANSITION t3b C3 30 L3 e3 ε ε
[INFO]	ALLOWED TRANSITION t3c C3 31 L3 e3 ε f
[INFO]	FOUND NEW BEHAVIORAL STATE: (RENAMED:|STATI:20,30|EVENTI:e2,ε)
[INFO]	SNAPSHOT|	|DIMENSIONE GRAFO->11	|DIMENSIONE STATI FINALI->4	|DIMENSIONE CODA->2
[INFO]	SNAPSHOT|	|DIMENSIONE GRAFO->12	|DIMENSIONE STATI FINALI->4	|DIMENSIONE CODA->2
[INFO]	DIMENSION POSSIBLE TRANSITION:2
[INFO]	POSSIBLE TRANSITION t2a C2 21 L2 e2 L3 e3 o2 ε
[INFO]	POSSIBLE TRANSITION t3a C3 31   L2 e2 o3 ε
[INFO]	DIMENSION ALLOWED TRANSITION: 1
[INFO]	ALLOWED TRANSITION t2a C2 21 L2 e2 L3 e3 o2 ε
[INFO]	FOUND NEW BEHAVIORAL STATE: (RENAMED:|STATI:21,30|EVENTI:ε,e3)
[INFO]	SNAPSHOT|	|DIMENSIONE GRAFO->13	|DIMENSIONE STATI FINALI->4	|DIMENSIONE CODA->2
[INFO]	DIMENSION POSSIBLE TRANSITION:2
[INFO]	POSSIBLE TRANSITION t2b C2 20   L3 e3 ε r
[INFO]	POSSIBLE TRANSITION t3a C3 31   L2 e2 o3 ε
[INFO]	DIMENSION ALLOWED TRANSITION: 1
[INFO]	ALLOWED TRANSITION t3a C3 31   L2 e2 o3 ε
[INFO]	FOUND NEW BEHAVIORAL STATE: (RENAMED:|STATI:21,31|EVENTI:e2,e3)
[INFO]	SNAPSHOT|	|DIMENSIONE GRAFO->14	|DIMENSIONE STATI FINALI->4	|DIMENSIONE CODA->2
[INFO]	DIMENSION POSSIBLE TRANSITION:3
[INFO]	POSSIBLE TRANSITION t2b C2 20   L3 e3 ε r
[INFO]	POSSIBLE TRANSITION t3b C3 30 L3 e3 ε ε
[INFO]	POSSIBLE TRANSITION t3c C3 31 L3 e3 ε f
[INFO]	DIMENSION ALLOWED TRANSITION: 2
[INFO]	ALLOWED TRANSITION t3b C3 30 L3 e3 ε ε
[INFO]	ALLOWED TRANSITION t3c C3 31 L3 e3 ε f
[INFO]	FOUND NEW BEHAVIORAL STATE: (RENAMED:|STATI:21,30|EVENTI:e2,ε)
[INFO]	SNAPSHOT|	|DIMENSIONE GRAFO->15	|DIMENSIONE STATI FINALI->4	|DIMENSIONE CODA->2
[INFO]	SNAPSHOT|	|DIMENSIONE GRAFO->16	|DIMENSIONE STATI FINALI->4	|DIMENSIONE CODA->2
[INFO]	DIMENSION POSSIBLE TRANSITION:2
[INFO]	POSSIBLE TRANSITION t2b C2 20   L3 e3 ε r
[INFO]	POSSIBLE TRANSITION t3a C3 31   L2 e2 o3 ε
[INFO]	DIMENSION ALLOWED TRANSITION: 1
[INFO]	ALLOWED TRANSITION t2b C2 20   L3 e3 ε r
[INFO]	FOUND NEW BEHAVIORAL STATE: (RENAMED:|STATI:20,30|EVENTI:e2,e3)
[INFO]	SNAPSHOT|	|DIMENSIONE GRAFO->17	|DIMENSIONE STATI FINALI->4	|DIMENSIONE CODA->2
[INFO]	DIMENSION POSSIBLE TRANSITION:2
[INFO]	POSSIBLE TRANSITION t2a C2 21 L2 e2 L3 e3 o2 ε
[INFO]	POSSIBLE TRANSITION t3a C3 31   L2 e2 o3 ε
[INFO]	DIMENSION ALLOWED TRANSITION: 0
[INFO]	DIMENSION POSSIBLE TRANSITION:2
[INFO]	POSSIBLE TRANSITION t2a C2 21 L2 e2 L3 e3 o2 ε
[INFO]	POSSIBLE TRANSITION t3a C3 31   L2 e2 o3 ε
[INFO]	DIMENSION ALLOWED TRANSITION: 1
[INFO]	ALLOWED TRANSITION t3a C3 31   L2 e2 o3 ε
[INFO]	SNAPSHOT|	|DIMENSIONE GRAFO->18	|DIMENSIONE STATI FINALI->4	|DIMENSIONE CODA->0
[INFO]	FINAL STATES:
(RENAMED:|STATI:21,30|EVENTI:ε,ε)
(RENAMED:|STATI:21,31|EVENTI:ε,ε)
(RENAMED:|STATI:20,30|EVENTI:ε,ε)
(RENAMED:|STATI:20,31|EVENTI:ε,ε)
[INFO]	COMPLETE GRAPH	PARENT_NODE:(RENAMED:|OBS INDEX []|STATI:20,30|EVENTI:ε,ε)	TRANSITION: t3a	LABEL_OBS: o3	LABEL_REL: ε	CHILD_NODE: (RENAMED:|OBS INDEX []|STATI:20,31|EVENTI:e2,ε)
PARENT_NODE:(RENAMED:|OBS INDEX []|STATI:20,31|EVENTI:e2,ε)	TRANSITION: t2a	LABEL_OBS: o2	LABEL_REL: ε	CHILD_NODE: (RENAMED:|OBS INDEX []|STATI:21,31|EVENTI:ε,e3)
PARENT_NODE:(RENAMED:|OBS INDEX []|STATI:21,31|EVENTI:ε,e3)	TRANSITION: t3b	LABEL_OBS: ε	LABEL_REL: ε	CHILD_NODE: (RENAMED:|OBS INDEX []|STATI:21,30|EVENTI:ε,ε)
PARENT_NODE:(RENAMED:|OBS INDEX []|STATI:21,31|EVENTI:ε,e3)	TRANSITION: t3c	LABEL_OBS: ε	LABEL_REL: f	CHILD_NODE: (RENAMED:|OBS INDEX []|STATI:21,31|EVENTI:ε,ε)
PARENT_NODE:(RENAMED:|OBS INDEX []|STATI:21,31|EVENTI:ε,ε)	TRANSITION: t2b	LABEL_OBS: ε	LABEL_REL: r	CHILD_NODE: (RENAMED:|OBS INDEX []|STATI:20,31|EVENTI:ε,e3)
PARENT_NODE:(RENAMED:|OBS INDEX []|STATI:20,31|EVENTI:ε,e3)	TRANSITION: t3b	LABEL_OBS: ε	LABEL_REL: ε	CHILD_NODE: (RENAMED:|OBS INDEX []|STATI:20,30|EVENTI:ε,ε)
PARENT_NODE:(RENAMED:|OBS INDEX []|STATI:20,31|EVENTI:ε,e3)	TRANSITION: t3c	LABEL_OBS: ε	LABEL_REL: f	CHILD_NODE: (RENAMED:|OBS INDEX []|STATI:20,31|EVENTI:ε,ε)
PARENT_NODE:(RENAMED:|OBS INDEX []|STATI:21,30|EVENTI:ε,ε)	TRANSITION: t2b	LABEL_OBS: ε	LABEL_REL: r	CHILD_NODE: (RENAMED:|OBS INDEX []|STATI:20,30|EVENTI:ε,e3)
PARENT_NODE:(RENAMED:|OBS INDEX []|STATI:21,30|EVENTI:ε,ε)	TRANSITION: t3a	LABEL_OBS: o3	LABEL_REL: ε	CHILD_NODE: (RENAMED:|OBS INDEX []|STATI:21,31|EVENTI:e2,ε)
PARENT_NODE:(RENAMED:|OBS INDEX []|STATI:21,31|EVENTI:e2,ε)	TRANSITION: t2b	LABEL_OBS: ε	LABEL_REL: r	CHILD_NODE: (RENAMED:|OBS INDEX []|STATI:20,31|EVENTI:e2,e3)
PARENT_NODE:(RENAMED:|OBS INDEX []|STATI:20,31|EVENTI:e2,e3)	TRANSITION: t3b	LABEL_OBS: ε	LABEL_REL: ε	CHILD_NODE: (RENAMED:|OBS INDEX []|STATI:20,30|EVENTI:e2,ε)
PARENT_NODE:(RENAMED:|OBS INDEX []|STATI:20,31|EVENTI:e2,e3)	TRANSITION: t3c	LABEL_OBS: ε	LABEL_REL: f	CHILD_NODE: (RENAMED:|OBS INDEX []|STATI:20,31|EVENTI:e2,ε)
PARENT_NODE:(RENAMED:|OBS INDEX []|STATI:20,30|EVENTI:e2,ε)	TRANSITION: t2a	LABEL_OBS: o2	LABEL_REL: ε	CHILD_NODE: (RENAMED:|OBS INDEX []|STATI:21,30|EVENTI:ε,e3)
PARENT_NODE:(RENAMED:|OBS INDEX []|STATI:21,30|EVENTI:ε,e3)	TRANSITION: t3a	LABEL_OBS: o3	LABEL_REL: ε	CHILD_NODE: (RENAMED:|OBS INDEX []|STATI:21,31|EVENTI:e2,e3)
PARENT_NODE:(RENAMED:|OBS INDEX []|STATI:21,31|EVENTI:e2,e3)	TRANSITION: t3b	LABEL_OBS: ε	LABEL_REL: ε	CHILD_NODE: (RENAMED:|OBS INDEX []|STATI:21,30|EVENTI:e2,ε)
PARENT_NODE:(RENAMED:|OBS INDEX []|STATI:21,31|EVENTI:e2,e3)	TRANSITION: t3c	LABEL_OBS: ε	LABEL_REL: f	CHILD_NODE: (RENAMED:|OBS INDEX []|STATI:21,31|EVENTI:e2,ε)
PARENT_NODE:(RENAMED:|OBS INDEX []|STATI:21,30|EVENTI:e2,ε)	TRANSITION: t2b	LABEL_OBS: ε	LABEL_REL: r	CHILD_NODE: (RENAMED:|OBS INDEX []|STATI:20,30|EVENTI:e2,e3)
PARENT_NODE:(RENAMED:|OBS INDEX []|STATI:20,30|EVENTI:ε,e3)	TRANSITION: t3a	LABEL_OBS: o3	LABEL_REL: ε	CHILD_NODE: (RENAMED:|OBS INDEX []|STATI:20,31|EVENTI:e2,e3)

[INFO]	DIMENSIONE GRAFO->18	|DIMENSIONE STATI FINALI->4	|DIMENSIONE CODA->0
[WARNING]	PRUNED GRAPH	PARENT_NODE:(RENAMED:|OBS INDEX []|STATI:20,30|EVENTI:ε,ε)	TRANSITION: t3a	LABEL_OBS: o3	LABEL_REL: ε	CHILD_NODE: (RENAMED:|OBS INDEX []|STATI:20,31|EVENTI:e2,ε)
PARENT_NODE:(RENAMED:|OBS INDEX []|STATI:20,31|EVENTI:e2,ε)	TRANSITION: t2a	LABEL_OBS: o2	LABEL_REL: ε	CHILD_NODE: (RENAMED:|OBS INDEX []|STATI:21,31|EVENTI:ε,e3)
PARENT_NODE:(RENAMED:|OBS INDEX []|STATI:21,31|EVENTI:ε,e3)	TRANSITION: t3b	LABEL_OBS: ε	LABEL_REL: ε	CHILD_NODE: (RENAMED:|OBS INDEX []|STATI:21,30|EVENTI:ε,ε)
PARENT_NODE:(RENAMED:|OBS INDEX []|STATI:21,31|EVENTI:ε,e3)	TRANSITION: t3c	LABEL_OBS: ε	LABEL_REL: f	CHILD_NODE: (RENAMED:|OBS INDEX []|STATI:21,31|EVENTI:ε,ε)
PARENT_NODE:(RENAMED:|OBS INDEX []|STATI:21,31|EVENTI:ε,ε)	TRANSITION: t2b	LABEL_OBS: ε	LABEL_REL: r	CHILD_NODE: (RENAMED:|OBS INDEX []|STATI:20,31|EVENTI:ε,e3)
PARENT_NODE:(RENAMED:|OBS INDEX []|STATI:20,31|EVENTI:ε,e3)	TRANSITION: t3b	LABEL_OBS: ε	LABEL_REL: ε	CHILD_NODE: (RENAMED:|OBS INDEX []|STATI:20,30|EVENTI:ε,ε)
PARENT_NODE:(RENAMED:|OBS INDEX []|STATI:20,31|EVENTI:ε,e3)	TRANSITION: t3c	LABEL_OBS: ε	LABEL_REL: f	CHILD_NODE: (RENAMED:|OBS INDEX []|STATI:20,31|EVENTI:ε,ε)
PARENT_NODE:(RENAMED:|OBS INDEX []|STATI:21,30|EVENTI:ε,ε)	TRANSITION: t2b	LABEL_OBS: ε	LABEL_REL: r	CHILD_NODE: (RENAMED:|OBS INDEX []|STATI:20,30|EVENTI:ε,e3)
PARENT_NODE:(RENAMED:|OBS INDEX []|STATI:21,30|EVENTI:ε,ε)	TRANSITION: t3a	LABEL_OBS: o3	LABEL_REL: ε	CHILD_NODE: (RENAMED:|OBS INDEX []|STATI:21,31|EVENTI:e2,ε)
PARENT_NODE:(RENAMED:|OBS INDEX []|STATI:21,31|EVENTI:e2,ε)	TRANSITION: t2b	LABEL_OBS: ε	LABEL_REL: r	CHILD_NODE: (RENAMED:|OBS INDEX []|STATI:20,31|EVENTI:e2,e3)
PARENT_NODE:(RENAMED:|OBS INDEX []|STATI:20,31|EVENTI:e2,e3)	TRANSITION: t3b	LABEL_OBS: ε	LABEL_REL: ε	CHILD_NODE: (RENAMED:|OBS INDEX []|STATI:20,30|EVENTI:e2,ε)
PARENT_NODE:(RENAMED:|OBS INDEX []|STATI:20,31|EVENTI:e2,e3)	TRANSITION: t3c	LABEL_OBS: ε	LABEL_REL: f	CHILD_NODE: (RENAMED:|OBS INDEX []|STATI:20,31|EVENTI:e2,ε)
PARENT_NODE:(RENAMED:|OBS INDEX []|STATI:20,30|EVENTI:e2,ε)	TRANSITION: t2a	LABEL_OBS: o2	LABEL_REL: ε	CHILD_NODE: (RENAMED:|OBS INDEX []|STATI:21,30|EVENTI:ε,e3)
PARENT_NODE:(RENAMED:|OBS INDEX []|STATI:21,30|EVENTI:ε,e3)	TRANSITION: t3a	LABEL_OBS: o3	LABEL_REL: ε	CHILD_NODE: (RENAMED:|OBS INDEX []|STATI:21,31|EVENTI:e2,e3)
PARENT_NODE:(RENAMED:|OBS INDEX []|STATI:21,31|EVENTI:e2,e3)	TRANSITION: t3c	LABEL_OBS: ε	LABEL_REL: f	CHILD_NODE: (RENAMED:|OBS INDEX []|STATI:21,31|EVENTI:e2,ε)
PARENT_NODE:(RENAMED:|OBS INDEX []|STATI:20,30|EVENTI:ε,e3)	TRANSITION: t3a	LABEL_OBS: o3	LABEL_REL: ε	CHILD_NODE: (RENAMED:|OBS INDEX []|STATI:20,31|EVENTI:e2,e3)

[WARNING]	RENAMED GRAPH	PARENT_NODE:(RENAMED:0|OBS INDEX []|STATI:20,30|EVENTI:ε,ε)	TRANSITION: t3a	LABEL_OBS: o3	LABEL_REL: ε	CHILD_NODE: (RENAMED:1|OBS INDEX []|STATI:20,31|EVENTI:e2,ε)
PARENT_NODE:(RENAMED:1|OBS INDEX []|STATI:20,31|EVENTI:e2,ε)	TRANSITION: t2a	LABEL_OBS: o2	LABEL_REL: ε	CHILD_NODE: (RENAMED:2|OBS INDEX []|STATI:21,31|EVENTI:ε,e3)
PARENT_NODE:(RENAMED:2|OBS INDEX []|STATI:21,31|EVENTI:ε,e3)	TRANSITION: t3b	LABEL_OBS: ε	LABEL_REL: ε	CHILD_NODE: (RENAMED:5|OBS INDEX []|STATI:21,30|EVENTI:ε,ε)
PARENT_NODE:(RENAMED:2|OBS INDEX []|STATI:21,31|EVENTI:ε,e3)	TRANSITION: t3c	LABEL_OBS: ε	LABEL_REL: f	CHILD_NODE: (RENAMED:3|OBS INDEX []|STATI:21,31|EVENTI:ε,ε)
PARENT_NODE:(RENAMED:3|OBS INDEX []|STATI:21,31|EVENTI:ε,ε)	TRANSITION: t2b	LABEL_OBS: ε	LABEL_REL: r	CHILD_NODE: (RENAMED:4|OBS INDEX []|STATI:20,31|EVENTI:ε,e3)
PARENT_NODE:(RENAMED:4|OBS INDEX []|STATI:20,31|EVENTI:ε,e3)	TRANSITION: t3b	LABEL_OBS: ε	LABEL_REL: ε	CHILD_NODE: (RENAMED:0|OBS INDEX []|STATI:20,30|EVENTI:ε,ε)
PARENT_NODE:(RENAMED:4|OBS INDEX []|STATI:20,31|EVENTI:ε,e3)	TRANSITION: t3c	LABEL_OBS: ε	LABEL_REL: f	CHILD_NODE: (RENAMED:12|OBS INDEX []|STATI:20,31|EVENTI:ε,ε)
PARENT_NODE:(RENAMED:5|OBS INDEX []|STATI:21,30|EVENTI:ε,ε)	TRANSITION: t2b	LABEL_OBS: ε	LABEL_REL: r	CHILD_NODE: (RENAMED:11|OBS INDEX []|STATI:20,30|EVENTI:ε,e3)
PARENT_NODE:(RENAMED:5|OBS INDEX []|STATI:21,30|EVENTI:ε,ε)	TRANSITION: t3a	LABEL_OBS: o3	LABEL_REL: ε	CHILD_NODE: (RENAMED:6|OBS INDEX []|STATI:21,31|EVENTI:e2,ε)
PARENT_NODE:(RENAMED:6|OBS INDEX []|STATI:21,31|EVENTI:e2,ε)	TRANSITION: t2b	LABEL_OBS: ε	LABEL_REL: r	CHILD_NODE: (RENAMED:7|OBS INDEX []|STATI:20,31|EVENTI:e2,e3)
PARENT_NODE:(RENAMED:7|OBS INDEX []|STATI:20,31|EVENTI:e2,e3)	TRANSITION: t3b	LABEL_OBS: ε	LABEL_REL: ε	CHILD_NODE: (RENAMED:8|OBS INDEX []|STATI:20,30|EVENTI:e2,ε)
PARENT_NODE:(RENAMED:7|OBS INDEX []|STATI:20,31|EVENTI:e2,e3)	TRANSITION: t3c	LABEL_OBS: ε	LABEL_REL: f	CHILD_NODE: (RENAMED:1|OBS INDEX []|STATI:20,31|EVENTI:e2,ε)
PARENT_NODE:(RENAMED:8|OBS INDEX []|STATI:20,30|EVENTI:e2,ε)	TRANSITION: t2a	LABEL_OBS: o2	LABEL_REL: ε	CHILD_NODE: (RENAMED:9|OBS INDEX []|STATI:21,30|EVENTI:ε,e3)
PARENT_NODE:(RENAMED:9|OBS INDEX []|STATI:21,30|EVENTI:ε,e3)	TRANSITION: t3a	LABEL_OBS: o3	LABEL_REL: ε	CHILD_NODE: (RENAMED:10|OBS INDEX []|STATI:21,31|EVENTI:e2,e3)
PARENT_NODE:(RENAMED:10|OBS INDEX []|STATI:21,31|EVENTI:e2,e3)	TRANSITION: t3c	LABEL_OBS: ε	LABEL_REL: f	CHILD_NODE: (RENAMED:6|OBS INDEX []|STATI:21,31|EVENTI:e2,ε)
PARENT_NODE:(RENAMED:11|OBS INDEX []|STATI:20,30|EVENTI:ε,e3)	TRANSITION: t3a	LABEL_OBS: o3	LABEL_REL: ε	CHILD_NODE: (RENAMED:7|OBS INDEX []|STATI:20,31|EVENTI:e2,e3)

<<<<<<< HEAD
=======
[DEBUG]	STARTING GENERATE_CLOSURE_SPACE
>>>>>>> 7783dfc3a6664b1d371274bbb417c63614e9b2c1
[INFO]	DIMENSION:1 NEW SERIES EXECUTED:[(2, 'ε', 'NQ')]
[INFO]	DIMENSION:1 NEW PARALLEL EXECUTED:[(2, 'ε', 'NQ')]
[INFO]	DIMENSION:1 NEW LOOP EXECUTED:[(2, 'ε', 'NQ')]
[INFO]	DIMENSION:1 NEW SERIES EXECUTED:[(2, 'f', 'NQ')]
[INFO]	DIMENSION:1 NEW PARALLEL EXECUTED:[(2, 'f', 'NQ')]
[INFO]	DIMENSION:1 NEW LOOP EXECUTED:[(2, 'f', 'NQ')]
[INFO]	DIMENSION:1 NEW SERIES EXECUTED:[(2, 'f r', 'NQ')]
[INFO]	DIMENSION:1 NEW PARALLEL EXECUTED:[(2, 'f r', 'NQ')]
[INFO]	DIMENSION:1 NEW LOOP EXECUTED:[(2, 'f r', 'NQ')]
[INFO]	DIMENSION:1 NEW SERIES EXECUTED:[(2, 'f r f', 'NQ')]
[INFO]	DIMENSION:1 NEW PARALLEL EXECUTED:[(2, 'f r f', 'NQ')]
[INFO]	DIMENSION:1 NEW LOOP EXECUTED:[(2, 'f r f', 'NQ')]
[INFO]	DIMENSION:1 NEW SERIES EXECUTED:[(2, 'ε r', 'NQ')]
[INFO]	DIMENSION:1 NEW PARALLEL EXECUTED:[(2, 'ε r', 'NQ')]
[INFO]	DIMENSION:1 NEW LOOP EXECUTED:[(2, 'ε r', 'NQ')]
[INFO]	DIMENSION:1 NEW SERIES EXECUTED:[(2, 'ε', 'NQ')]
[INFO]	DIMENSION:1 NEW PARALLEL EXECUTED:[(2, 'ε', 'NQ')]
[INFO]	DIMENSION:1 NEW LOOP EXECUTED:[(2, 'ε', 'NQ')]
[INFO]	DIMENSION:1 NEW SERIES EXECUTED:[(2, 'f r', 'NQ')]
[INFO]	DIMENSION:1 NEW PARALLEL EXECUTED:[(2, 'f r', 'NQ')]
[INFO]	DIMENSION:1 NEW LOOP EXECUTED:[(2, 'f r', 'NQ')]
[INFO]	DIMENSION:1 NEW SERIES EXECUTED:[(6, 'r', 'NQ')]
[INFO]	DIMENSION:1 NEW PARALLEL EXECUTED:[(6, 'r', 'NQ')]
[INFO]	DIMENSION:1 NEW LOOP EXECUTED:[(6, 'r', 'NQ')]
[INFO]	DIMENSION:1 NEW SERIES EXECUTED:[(6, 'r f', 'NQ')]
[INFO]	DIMENSION:1 NEW PARALLEL EXECUTED:[(6, 'r f', 'NQ')]
[INFO]	DIMENSION:1 NEW LOOP EXECUTED:[(6, 'r f', 'NQ')]
[INFO]	DIMENSION:1 NEW SERIES EXECUTED:[(10, 'f r', 'NQ')]
[INFO]	DIMENSION:1 NEW PARALLEL EXECUTED:[(10, 'f r', 'NQ')]
[INFO]	DIMENSION:1 NEW LOOP EXECUTED:[(10, 'f r', 'NQ')]
[INFO]	DIMENSION:1 NEW SERIES EXECUTED:[(10, 'f r f', 'NQ')]
[INFO]	DIMENSION:1 NEW PARALLEL EXECUTED:[(10, 'f r f', 'NQ')]
[INFO]	DIMENSION:1 NEW LOOP EXECUTED:[(10, 'f r f', 'NQ')]
[INFO]	DIMENSION:1 NEW SERIES EXECUTED:[(7, 'ε', 'NQ')]
[INFO]	DIMENSION:1 NEW PARALLEL EXECUTED:[(7, 'ε', 'NQ')]
[INFO]	DIMENSION:1 NEW LOOP EXECUTED:[(7, 'ε', 'NQ')]
[INFO]	DIMENSION:1 NEW SERIES EXECUTED:[(7, 'f', 'NQ')]
[INFO]	DIMENSION:1 NEW PARALLEL EXECUTED:[(7, 'f', 'NQ')]
[INFO]	DIMENSION:1 NEW LOOP EXECUTED:[(7, 'f', 'NQ')]
<<<<<<< HEAD
=======
[DEBUG]	STARTING GENERATE_DIAGNOSTIC_GRAPH
[DEBUG]	STARTING GENERATE_LINEAR_DIAGNOSIS
>>>>>>> 7783dfc3a6664b1d371274bbb417c63614e9b2c1
