[INFO]	DIMENSION QUEUE:1 ADDED TO QUEUE:(RENAMED:|STATI:20,30|EVENTI:ε,ε)
[INFO]	DIMENSION POSSIBLE TRANSITION:2
[INFO]	POSSIBLE TRANSITION t2a C2 21 L2 e2 L3 e3 o2 ε
[INFO]	POSSIBLE TRANSITION t3a C3 31   L2 e2 o3 ε
[INFO]	DIMENSION ALLOWED TRANSITION: 1
[INFO]	ALLOWED TRANSITION t3a C3 31   L2 e2 o3 ε
[INFO]	FOUND NEW BEHAVIORAL STATE: (RENAMED:|STATI:20,31|EVENTI:e2,ε)
[INFO]	SNAPSHOT|
|DIMENSIONE GRAFO->1
|DIMENSIONE STATI FINALI->0
|DIMENSIONE CODA->1
[INFO]	DIMENSION POSSIBLE TRANSITION:3
[INFO]	POSSIBLE TRANSITION t2a C2 21 L2 e2 L3 e3 o2 ε
[INFO]	POSSIBLE TRANSITION t3b C3 30 L3 e3 ε ε
[INFO]	POSSIBLE TRANSITION t3c C3 31 L3 e3 ε f
[INFO]	DIMENSION ALLOWED TRANSITION: 1
[INFO]	ALLOWED TRANSITION t2a C2 21 L2 e2 L3 e3 o2 ε
[INFO]	FOUND NEW BEHAVIORAL STATE: (RENAMED:|STATI:21,31|EVENTI:ε,e3)
[INFO]	SNAPSHOT|
|DIMENSIONE GRAFO->2
|DIMENSIONE STATI FINALI->0
|DIMENSIONE CODA->1
[INFO]	DIMENSION POSSIBLE TRANSITION:3
[INFO]	POSSIBLE TRANSITION t2b C2 20   L3 e3 ε r
[INFO]	POSSIBLE TRANSITION t3b C3 30 L3 e3 ε ε
[INFO]	POSSIBLE TRANSITION t3c C3 31 L3 e3 ε f
[INFO]	DIMENSION ALLOWED TRANSITION: 2
[INFO]	ALLOWED TRANSITION t3b C3 30 L3 e3 ε ε
[INFO]	ALLOWED TRANSITION t3c C3 31 L3 e3 ε f
[INFO]	FOUND NEW BEHAVIORAL STATE: (RENAMED:|STATI:21,30|EVENTI:ε,ε)
[INFO]	SNAPSHOT|
|DIMENSIONE GRAFO->3
|DIMENSIONE STATI FINALI->0
|DIMENSIONE CODA->1
[INFO]	FOUND NEW BEHAVIORAL STATE: (RENAMED:|STATI:21,31|EVENTI:ε,ε)
[INFO]	SNAPSHOT|
|DIMENSIONE GRAFO->4
|DIMENSIONE STATI FINALI->0
|DIMENSIONE CODA->2
[INFO]	DIMENSION POSSIBLE TRANSITION:3
[INFO]	POSSIBLE TRANSITION t2b C2 20   L3 e3 ε r
[INFO]	POSSIBLE TRANSITION t3b C3 30 L3 e3 ε ε
[INFO]	POSSIBLE TRANSITION t3c C3 31 L3 e3 ε f
[INFO]	DIMENSION ALLOWED TRANSITION: 1
[INFO]	ALLOWED TRANSITION t2b C2 20   L3 e3 ε r
[INFO]	FOUND NEW BEHAVIORAL STATE: (RENAMED:|STATI:20,31|EVENTI:ε,e3)
[INFO]	SNAPSHOT|
|DIMENSIONE GRAFO->5
|DIMENSIONE STATI FINALI->0
|DIMENSIONE CODA->2
[INFO]	DIMENSION POSSIBLE TRANSITION:3
[INFO]	POSSIBLE TRANSITION t2a C2 21 L2 e2 L3 e3 o2 ε
[INFO]	POSSIBLE TRANSITION t3b C3 30 L3 e3 ε ε
[INFO]	POSSIBLE TRANSITION t3c C3 31 L3 e3 ε f
[INFO]	DIMENSION ALLOWED TRANSITION: 2
[INFO]	ALLOWED TRANSITION t3b C3 30 L3 e3 ε ε
[INFO]	ALLOWED TRANSITION t3c C3 31 L3 e3 ε f
[INFO]	FOUND NEW BEHAVIORAL STATE: (RENAMED:|STATI:20,30|EVENTI:ε,ε)
[INFO]	SNAPSHOT|
|DIMENSIONE GRAFO->6
|DIMENSIONE STATI FINALI->0
|DIMENSIONE CODA->2
[INFO]	FOUND NEW BEHAVIORAL STATE: (RENAMED:|STATI:20,31|EVENTI:ε,ε)
[INFO]	SNAPSHOT|
|DIMENSIONE GRAFO->7
|DIMENSIONE STATI FINALI->0
|DIMENSIONE CODA->3
[INFO]	DIMENSION POSSIBLE TRANSITION:3
[INFO]	POSSIBLE TRANSITION t2a C2 21 L2 e2 L3 e3 o2 ε
[INFO]	POSSIBLE TRANSITION t3b C3 30 L3 e3 ε ε
[INFO]	POSSIBLE TRANSITION t3c C3 31 L3 e3 ε f
[INFO]	DIMENSION ALLOWED TRANSITION: 0
[INFO]	DIMENSION POSSIBLE TRANSITION:2
[INFO]	POSSIBLE TRANSITION t2a C2 21 L2 e2 L3 e3 o2 ε
[INFO]	POSSIBLE TRANSITION t3a C3 31   L2 e2 o3 ε
[INFO]	DIMENSION ALLOWED TRANSITION: 1
[INFO]	ALLOWED TRANSITION t3a C3 31   L2 e2 o3 ε
[INFO]	FOUND NEW BEHAVIORAL STATE: (RENAMED:|STATI:20,31|EVENTI:e2,ε)
[INFO]	SNAPSHOT|
|DIMENSIONE GRAFO->8
|DIMENSIONE STATI FINALI->0
|DIMENSIONE CODA->2
[INFO]	DIMENSION POSSIBLE TRANSITION:3
[INFO]	POSSIBLE TRANSITION t2a C2 21 L2 e2 L3 e3 o2 ε
[INFO]	POSSIBLE TRANSITION t3b C3 30 L3 e3 ε ε
[INFO]	POSSIBLE TRANSITION t3c C3 31 L3 e3 ε f
[INFO]	DIMENSION ALLOWED TRANSITION: 1
[INFO]	ALLOWED TRANSITION t2a C2 21 L2 e2 L3 e3 o2 ε
[INFO]	FOUND NEW BEHAVIORAL STATE: (RENAMED:|STATI:21,31|EVENTI:ε,e3)
[INFO]	SNAPSHOT|
|DIMENSIONE GRAFO->9
|DIMENSIONE STATI FINALI->0
|DIMENSIONE CODA->2
[INFO]	DIMENSION POSSIBLE TRANSITION:3
[INFO]	POSSIBLE TRANSITION t2b C2 20   L3 e3 ε r
[INFO]	POSSIBLE TRANSITION t3b C3 30 L3 e3 ε ε
[INFO]	POSSIBLE TRANSITION t3c C3 31 L3 e3 ε f
[INFO]	DIMENSION ALLOWED TRANSITION: 2
[INFO]	ALLOWED TRANSITION t3b C3 30 L3 e3 ε ε
[INFO]	ALLOWED TRANSITION t3c C3 31 L3 e3 ε f
[INFO]	FOUND NEW BEHAVIORAL STATE: (RENAMED:|STATI:21,30|EVENTI:ε,ε)
[INFO]	FOUND NEW FINAL STATE: (RENAMED:|STATI:21,30|EVENTI:ε,ε)
[INFO]	SNAPSHOT|
|DIMENSIONE GRAFO->10
|DIMENSIONE STATI FINALI->1
|DIMENSIONE CODA->2
[INFO]	FOUND NEW BEHAVIORAL STATE: (RENAMED:|STATI:21,31|EVENTI:ε,ε)
[INFO]	FOUND NEW FINAL STATE: (RENAMED:|STATI:21,31|EVENTI:ε,ε)
[INFO]	SNAPSHOT|
|DIMENSIONE GRAFO->11
|DIMENSIONE STATI FINALI->2
|DIMENSIONE CODA->3
[INFO]	DIMENSION POSSIBLE TRANSITION:3
[INFO]	POSSIBLE TRANSITION t2b C2 20   L3 e3 ε r
[INFO]	POSSIBLE TRANSITION t3b C3 30 L3 e3 ε ε
[INFO]	POSSIBLE TRANSITION t3c C3 31 L3 e3 ε f
[INFO]	DIMENSION ALLOWED TRANSITION: 1
[INFO]	ALLOWED TRANSITION t2b C2 20   L3 e3 ε r
[INFO]	FOUND NEW BEHAVIORAL STATE: (RENAMED:|STATI:20,31|EVENTI:ε,e3)
[INFO]	SNAPSHOT|
|DIMENSIONE GRAFO->12
|DIMENSIONE STATI FINALI->2
|DIMENSIONE CODA->3
[INFO]	DIMENSION POSSIBLE TRANSITION:3
[INFO]	POSSIBLE TRANSITION t2a C2 21 L2 e2 L3 e3 o2 ε
[INFO]	POSSIBLE TRANSITION t3b C3 30 L3 e3 ε ε
[INFO]	POSSIBLE TRANSITION t3c C3 31 L3 e3 ε f
[INFO]	DIMENSION ALLOWED TRANSITION: 2
[INFO]	ALLOWED TRANSITION t3b C3 30 L3 e3 ε ε
[INFO]	ALLOWED TRANSITION t3c C3 31 L3 e3 ε f
[INFO]	FOUND NEW BEHAVIORAL STATE: (RENAMED:|STATI:20,30|EVENTI:ε,ε)
[INFO]	FOUND NEW FINAL STATE: (RENAMED:|STATI:20,30|EVENTI:ε,ε)
[INFO]	SNAPSHOT|
|DIMENSIONE GRAFO->13
|DIMENSIONE STATI FINALI->3
|DIMENSIONE CODA->3
[INFO]	FOUND NEW BEHAVIORAL STATE: (RENAMED:|STATI:20,31|EVENTI:ε,ε)
[INFO]	FOUND NEW FINAL STATE: (RENAMED:|STATI:20,31|EVENTI:ε,ε)
[INFO]	SNAPSHOT|
|DIMENSIONE GRAFO->14
|DIMENSIONE STATI FINALI->4
|DIMENSIONE CODA->4
[INFO]	DIMENSION POSSIBLE TRANSITION:3
[INFO]	POSSIBLE TRANSITION t2a C2 21 L2 e2 L3 e3 o2 ε
[INFO]	POSSIBLE TRANSITION t3b C3 30 L3 e3 ε ε
[INFO]	POSSIBLE TRANSITION t3c C3 31 L3 e3 ε f
[INFO]	DIMENSION ALLOWED TRANSITION: 0
[INFO]	DIMENSION POSSIBLE TRANSITION:2
[INFO]	POSSIBLE TRANSITION t2a C2 21 L2 e2 L3 e3 o2 ε
[INFO]	POSSIBLE TRANSITION t3a C3 31   L2 e2 o3 ε
[INFO]	DIMENSION ALLOWED TRANSITION: 0
[INFO]	DIMENSION POSSIBLE TRANSITION:2
[INFO]	POSSIBLE TRANSITION t2b C2 20   L3 e3 ε r
[INFO]	POSSIBLE TRANSITION t3a C3 31   L2 e2 o3 ε
[INFO]	DIMENSION ALLOWED TRANSITION: 1
[INFO]	ALLOWED TRANSITION t2b C2 20   L3 e3 ε r
[INFO]	FOUND NEW BEHAVIORAL STATE: (RENAMED:|STATI:20,30|EVENTI:ε,e3)
[INFO]	SNAPSHOT|
|DIMENSIONE GRAFO->15
|DIMENSIONE STATI FINALI->4
|DIMENSIONE CODA->2
[INFO]	DIMENSION POSSIBLE TRANSITION:2
[INFO]	POSSIBLE TRANSITION t2a C2 21 L2 e2 L3 e3 o2 ε
[INFO]	POSSIBLE TRANSITION t3a C3 31   L2 e2 o3 ε
[INFO]	DIMENSION ALLOWED TRANSITION: 0
[INFO]	DIMENSION POSSIBLE TRANSITION:2
[INFO]	POSSIBLE TRANSITION t2b C2 20   L3 e3 ε r
[INFO]	POSSIBLE TRANSITION t3a C3 31   L2 e2 o3 ε
[INFO]	DIMENSION ALLOWED TRANSITION: 2
[INFO]	ALLOWED TRANSITION t2b C2 20   L3 e3 ε r
[INFO]	ALLOWED TRANSITION t3a C3 31   L2 e2 o3 ε
[INFO]	FOUND NEW BEHAVIORAL STATE: (RENAMED:|STATI:20,30|EVENTI:ε,e3)
[INFO]	SNAPSHOT|
|DIMENSIONE GRAFO->16
|DIMENSIONE STATI FINALI->4
|DIMENSIONE CODA->1
[INFO]	FOUND NEW BEHAVIORAL STATE: (RENAMED:|STATI:21,31|EVENTI:e2,ε)
[INFO]	SNAPSHOT|
|DIMENSIONE GRAFO->17
|DIMENSIONE STATI FINALI->4
|DIMENSIONE CODA->2
[INFO]	DIMENSION POSSIBLE TRANSITION:3
[INFO]	POSSIBLE TRANSITION t2b C2 20   L3 e3 ε r
[INFO]	POSSIBLE TRANSITION t3b C3 30 L3 e3 ε ε
[INFO]	POSSIBLE TRANSITION t3c C3 31 L3 e3 ε f
[INFO]	DIMENSION ALLOWED TRANSITION: 1
[INFO]	ALLOWED TRANSITION t2b C2 20   L3 e3 ε r
[INFO]	FOUND NEW BEHAVIORAL STATE: (RENAMED:|STATI:20,31|EVENTI:e2,e3)
[INFO]	SNAPSHOT|
|DIMENSIONE GRAFO->18
|DIMENSIONE STATI FINALI->4
|DIMENSIONE CODA->2
[INFO]	DIMENSION POSSIBLE TRANSITION:3
[INFO]	POSSIBLE TRANSITION t2a C2 21 L2 e2 L3 e3 o2 ε
[INFO]	POSSIBLE TRANSITION t3b C3 30 L3 e3 ε ε
[INFO]	POSSIBLE TRANSITION t3c C3 31 L3 e3 ε f
[INFO]	DIMENSION ALLOWED TRANSITION: 2
[INFO]	ALLOWED TRANSITION t3b C3 30 L3 e3 ε ε
[INFO]	ALLOWED TRANSITION t3c C3 31 L3 e3 ε f
[INFO]	FOUND NEW BEHAVIORAL STATE: (RENAMED:|STATI:20,30|EVENTI:e2,ε)
[INFO]	SNAPSHOT|
|DIMENSIONE GRAFO->19
|DIMENSIONE STATI FINALI->4
|DIMENSIONE CODA->2
[INFO]	FOUND NEW BEHAVIORAL STATE: (RENAMED:|STATI:20,31|EVENTI:e2,ε)
[INFO]	SNAPSHOT|
|DIMENSIONE GRAFO->20
|DIMENSIONE STATI FINALI->4
|DIMENSIONE CODA->3
[INFO]	DIMENSION POSSIBLE TRANSITION:3
[INFO]	POSSIBLE TRANSITION t2a C2 21 L2 e2 L3 e3 o2 ε
[INFO]	POSSIBLE TRANSITION t3b C3 30 L3 e3 ε ε
[INFO]	POSSIBLE TRANSITION t3c C3 31 L3 e3 ε f
[INFO]	DIMENSION ALLOWED TRANSITION: 1
[INFO]	ALLOWED TRANSITION t2a C2 21 L2 e2 L3 e3 o2 ε
[INFO]	FOUND NEW BEHAVIORAL STATE: (RENAMED:|STATI:21,31|EVENTI:ε,e3)
[INFO]	SNAPSHOT|
|DIMENSIONE GRAFO->21
|DIMENSIONE STATI FINALI->4
|DIMENSIONE CODA->3
[INFO]	DIMENSION POSSIBLE TRANSITION:3
[INFO]	POSSIBLE TRANSITION t2b C2 20   L3 e3 ε r
[INFO]	POSSIBLE TRANSITION t3b C3 30 L3 e3 ε ε
[INFO]	POSSIBLE TRANSITION t3c C3 31 L3 e3 ε f
[INFO]	DIMENSION ALLOWED TRANSITION: 2
[INFO]	ALLOWED TRANSITION t3b C3 30 L3 e3 ε ε
[INFO]	ALLOWED TRANSITION t3c C3 31 L3 e3 ε f
[INFO]	FOUND NEW BEHAVIORAL STATE: (RENAMED:|STATI:21,30|EVENTI:ε,ε)
[INFO]	FOUND NEW FINAL STATE: (RENAMED:|STATI:21,30|EVENTI:ε,ε)
[INFO]	SNAPSHOT|
|DIMENSIONE GRAFO->22
|DIMENSIONE STATI FINALI->5
|DIMENSIONE CODA->3
[INFO]	FOUND NEW BEHAVIORAL STATE: (RENAMED:|STATI:21,31|EVENTI:ε,ε)
[INFO]	FOUND NEW FINAL STATE: (RENAMED:|STATI:21,31|EVENTI:ε,ε)
[INFO]	SNAPSHOT|
|DIMENSIONE GRAFO->23
|DIMENSIONE STATI FINALI->6
|DIMENSIONE CODA->4
[INFO]	DIMENSION POSSIBLE TRANSITION:3
[INFO]	POSSIBLE TRANSITION t2b C2 20   L3 e3 ε r
[INFO]	POSSIBLE TRANSITION t3b C3 30 L3 e3 ε ε
[INFO]	POSSIBLE TRANSITION t3c C3 31 L3 e3 ε f
[INFO]	DIMENSION ALLOWED TRANSITION: 1
[INFO]	ALLOWED TRANSITION t2b C2 20   L3 e3 ε r
[INFO]	FOUND NEW BEHAVIORAL STATE: (RENAMED:|STATI:20,31|EVENTI:ε,e3)
[INFO]	SNAPSHOT|
|DIMENSIONE GRAFO->24
|DIMENSIONE STATI FINALI->6
|DIMENSIONE CODA->4
[INFO]	DIMENSION POSSIBLE TRANSITION:3
[INFO]	POSSIBLE TRANSITION t2a C2 21 L2 e2 L3 e3 o2 ε
[INFO]	POSSIBLE TRANSITION t3b C3 30 L3 e3 ε ε
[INFO]	POSSIBLE TRANSITION t3c C3 31 L3 e3 ε f
[INFO]	DIMENSION ALLOWED TRANSITION: 2
[INFO]	ALLOWED TRANSITION t3b C3 30 L3 e3 ε ε
[INFO]	ALLOWED TRANSITION t3c C3 31 L3 e3 ε f
[INFO]	FOUND NEW BEHAVIORAL STATE: (RENAMED:|STATI:20,30|EVENTI:ε,ε)
[INFO]	FOUND NEW FINAL STATE: (RENAMED:|STATI:20,30|EVENTI:ε,ε)
[INFO]	SNAPSHOT|
|DIMENSIONE GRAFO->25
|DIMENSIONE STATI FINALI->7
|DIMENSIONE CODA->4
[INFO]	FOUND NEW BEHAVIORAL STATE: (RENAMED:|STATI:20,31|EVENTI:ε,ε)
[INFO]	FOUND NEW FINAL STATE: (RENAMED:|STATI:20,31|EVENTI:ε,ε)
[INFO]	SNAPSHOT|
|DIMENSIONE GRAFO->26
|DIMENSIONE STATI FINALI->8
|DIMENSIONE CODA->5
[INFO]	DIMENSION POSSIBLE TRANSITION:3
[INFO]	POSSIBLE TRANSITION t2a C2 21 L2 e2 L3 e3 o2 ε
[INFO]	POSSIBLE TRANSITION t3b C3 30 L3 e3 ε ε
[INFO]	POSSIBLE TRANSITION t3c C3 31 L3 e3 ε f
[INFO]	DIMENSION ALLOWED TRANSITION: 0
[INFO]	DIMENSION POSSIBLE TRANSITION:2
[INFO]	POSSIBLE TRANSITION t2a C2 21 L2 e2 L3 e3 o2 ε
[INFO]	POSSIBLE TRANSITION t3a C3 31   L2 e2 o3 ε
[INFO]	DIMENSION ALLOWED TRANSITION: 0
[INFO]	DIMENSION POSSIBLE TRANSITION:2
[INFO]	POSSIBLE TRANSITION t2b C2 20   L3 e3 ε r
[INFO]	POSSIBLE TRANSITION t3a C3 31   L2 e2 o3 ε
[INFO]	DIMENSION ALLOWED TRANSITION: 1
[INFO]	ALLOWED TRANSITION t2b C2 20   L3 e3 ε r
[INFO]	FOUND NEW BEHAVIORAL STATE: (RENAMED:|STATI:20,30|EVENTI:ε,e3)
[INFO]	SNAPSHOT|
|DIMENSIONE GRAFO->27
|DIMENSIONE STATI FINALI->8
|DIMENSIONE CODA->3
[INFO]	DIMENSION POSSIBLE TRANSITION:2
[INFO]	POSSIBLE TRANSITION t2a C2 21 L2 e2 L3 e3 o2 ε
[INFO]	POSSIBLE TRANSITION t3a C3 31   L2 e2 o3 ε
[INFO]	DIMENSION ALLOWED TRANSITION: 0
[INFO]	DIMENSION POSSIBLE TRANSITION:2
[INFO]	POSSIBLE TRANSITION t2a C2 21 L2 e2 L3 e3 o2 ε
[INFO]	POSSIBLE TRANSITION t3a C3 31   L2 e2 o3 ε
[INFO]	DIMENSION ALLOWED TRANSITION: 1
[INFO]	ALLOWED TRANSITION t2a C2 21 L2 e2 L3 e3 o2 ε
[INFO]	FOUND NEW BEHAVIORAL STATE: (RENAMED:|STATI:21,30|EVENTI:ε,e3)
[INFO]	SNAPSHOT|
|DIMENSIONE GRAFO->28
|DIMENSIONE STATI FINALI->8
|DIMENSIONE CODA->2
[INFO]	DIMENSION POSSIBLE TRANSITION:2
[INFO]	POSSIBLE TRANSITION t2b C2 20   L3 e3 ε r
[INFO]	POSSIBLE TRANSITION t3a C3 31   L2 e2 o3 ε
[INFO]	DIMENSION ALLOWED TRANSITION: 0
[INFO]	DIMENSION POSSIBLE TRANSITION:2
[INFO]	POSSIBLE TRANSITION t2a C2 21 L2 e2 L3 e3 o2 ε
[INFO]	POSSIBLE TRANSITION t3a C3 31   L2 e2 o3 ε
[INFO]	DIMENSION ALLOWED TRANSITION: 1
[INFO]	ALLOWED TRANSITION t3a C3 31   L2 e2 o3 ε
[INFO]	FOUND NEW BEHAVIORAL STATE: (RENAMED:|STATI:20,31|EVENTI:e2,e3)
[INFO]	SNAPSHOT|
|DIMENSIONE GRAFO->29
|DIMENSIONE STATI FINALI->8
|DIMENSIONE CODA->1
[INFO]	DIMENSION POSSIBLE TRANSITION:3
[INFO]	POSSIBLE TRANSITION t2a C2 21 L2 e2 L3 e3 o2 ε
[INFO]	POSSIBLE TRANSITION t3b C3 30 L3 e3 ε ε
[INFO]	POSSIBLE TRANSITION t3c C3 31 L3 e3 ε f
[INFO]	DIMENSION ALLOWED TRANSITION: 2
[INFO]	ALLOWED TRANSITION t3b C3 30 L3 e3 ε ε
[INFO]	ALLOWED TRANSITION t3c C3 31 L3 e3 ε f
[INFO]	FOUND NEW BEHAVIORAL STATE: (RENAMED:|STATI:20,30|EVENTI:e2,ε)
[INFO]	SNAPSHOT|
|DIMENSIONE GRAFO->30
|DIMENSIONE STATI FINALI->8
|DIMENSIONE CODA->1
[INFO]	FOUND NEW BEHAVIORAL STATE: (RENAMED:|STATI:20,31|EVENTI:e2,ε)
[INFO]	SNAPSHOT|
|DIMENSIONE GRAFO->31
|DIMENSIONE STATI FINALI->8
|DIMENSIONE CODA->2
[INFO]	DIMENSION POSSIBLE TRANSITION:3
[INFO]	POSSIBLE TRANSITION t2a C2 21 L2 e2 L3 e3 o2 ε
[INFO]	POSSIBLE TRANSITION t3b C3 30 L3 e3 ε ε
[INFO]	POSSIBLE TRANSITION t3c C3 31 L3 e3 ε f
[INFO]	DIMENSION ALLOWED TRANSITION: 1
[INFO]	ALLOWED TRANSITION t2a C2 21 L2 e2 L3 e3 o2 ε
[INFO]	FOUND NEW BEHAVIORAL STATE: (RENAMED:|STATI:21,31|EVENTI:ε,e3)
[INFO]	SNAPSHOT|
|DIMENSIONE GRAFO->32
|DIMENSIONE STATI FINALI->8
|DIMENSIONE CODA->2
[INFO]	DIMENSION POSSIBLE TRANSITION:3
[INFO]	POSSIBLE TRANSITION t2b C2 20   L3 e3 ε r
[INFO]	POSSIBLE TRANSITION t3b C3 30 L3 e3 ε ε
[INFO]	POSSIBLE TRANSITION t3c C3 31 L3 e3 ε f
[INFO]	DIMENSION ALLOWED TRANSITION: 2
[INFO]	ALLOWED TRANSITION t3b C3 30 L3 e3 ε ε
[INFO]	ALLOWED TRANSITION t3c C3 31 L3 e3 ε f
[INFO]	FOUND NEW BEHAVIORAL STATE: (RENAMED:|STATI:21,30|EVENTI:ε,ε)
[INFO]	FOUND NEW FINAL STATE: (RENAMED:|STATI:21,30|EVENTI:ε,ε)
[INFO]	SNAPSHOT|
|DIMENSIONE GRAFO->33
|DIMENSIONE STATI FINALI->9
|DIMENSIONE CODA->2
[INFO]	FOUND NEW BEHAVIORAL STATE: (RENAMED:|STATI:21,31|EVENTI:ε,ε)
[INFO]	FOUND NEW FINAL STATE: (RENAMED:|STATI:21,31|EVENTI:ε,ε)
[INFO]	SNAPSHOT|
|DIMENSIONE GRAFO->34
|DIMENSIONE STATI FINALI->10
|DIMENSIONE CODA->3
[INFO]	DIMENSION POSSIBLE TRANSITION:3
[INFO]	POSSIBLE TRANSITION t2b C2 20   L3 e3 ε r
[INFO]	POSSIBLE TRANSITION t3b C3 30 L3 e3 ε ε
[INFO]	POSSIBLE TRANSITION t3c C3 31 L3 e3 ε f
[INFO]	DIMENSION ALLOWED TRANSITION: 1
[INFO]	ALLOWED TRANSITION t2b C2 20   L3 e3 ε r
[INFO]	FOUND NEW BEHAVIORAL STATE: (RENAMED:|STATI:20,31|EVENTI:ε,e3)
[INFO]	SNAPSHOT|
|DIMENSIONE GRAFO->35
|DIMENSIONE STATI FINALI->10
|DIMENSIONE CODA->3
[INFO]	DIMENSION POSSIBLE TRANSITION:3
[INFO]	POSSIBLE TRANSITION t2a C2 21 L2 e2 L3 e3 o2 ε
[INFO]	POSSIBLE TRANSITION t3b C3 30 L3 e3 ε ε
[INFO]	POSSIBLE TRANSITION t3c C3 31 L3 e3 ε f
[INFO]	DIMENSION ALLOWED TRANSITION: 2
[INFO]	ALLOWED TRANSITION t3b C3 30 L3 e3 ε ε
[INFO]	ALLOWED TRANSITION t3c C3 31 L3 e3 ε f
[INFO]	FOUND NEW BEHAVIORAL STATE: (RENAMED:|STATI:20,30|EVENTI:ε,ε)
[INFO]	FOUND NEW FINAL STATE: (RENAMED:|STATI:20,30|EVENTI:ε,ε)
[INFO]	SNAPSHOT|
|DIMENSIONE GRAFO->36
|DIMENSIONE STATI FINALI->11
|DIMENSIONE CODA->3
[INFO]	FOUND NEW BEHAVIORAL STATE: (RENAMED:|STATI:20,31|EVENTI:ε,ε)
[INFO]	FOUND NEW FINAL STATE: (RENAMED:|STATI:20,31|EVENTI:ε,ε)
[INFO]	SNAPSHOT|
|DIMENSIONE GRAFO->37
|DIMENSIONE STATI FINALI->12
|DIMENSIONE CODA->4
[INFO]	DIMENSION POSSIBLE TRANSITION:3
[INFO]	POSSIBLE TRANSITION t2a C2 21 L2 e2 L3 e3 o2 ε
[INFO]	POSSIBLE TRANSITION t3b C3 30 L3 e3 ε ε
[INFO]	POSSIBLE TRANSITION t3c C3 31 L3 e3 ε f
[INFO]	DIMENSION ALLOWED TRANSITION: 0
[INFO]	DIMENSION POSSIBLE TRANSITION:2
[INFO]	POSSIBLE TRANSITION t2a C2 21 L2 e2 L3 e3 o2 ε
[INFO]	POSSIBLE TRANSITION t3a C3 31   L2 e2 o3 ε
[INFO]	DIMENSION ALLOWED TRANSITION: 0
[INFO]	DIMENSION POSSIBLE TRANSITION:2
[INFO]	POSSIBLE TRANSITION t2b C2 20   L3 e3 ε r
[INFO]	POSSIBLE TRANSITION t3a C3 31   L2 e2 o3 ε
[INFO]	DIMENSION ALLOWED TRANSITION: 1
[INFO]	ALLOWED TRANSITION t2b C2 20   L3 e3 ε r
[INFO]	FOUND NEW BEHAVIORAL STATE: (RENAMED:|STATI:20,30|EVENTI:ε,e3)
[INFO]	SNAPSHOT|
|DIMENSIONE GRAFO->38
|DIMENSIONE STATI FINALI->12
|DIMENSIONE CODA->2
[INFO]	DIMENSION POSSIBLE TRANSITION:2
[INFO]	POSSIBLE TRANSITION t2a C2 21 L2 e2 L3 e3 o2 ε
[INFO]	POSSIBLE TRANSITION t3a C3 31   L2 e2 o3 ε
[INFO]	DIMENSION ALLOWED TRANSITION: 0
[INFO]	DIMENSION POSSIBLE TRANSITION:2
[INFO]	POSSIBLE TRANSITION t2a C2 21 L2 e2 L3 e3 o2 ε
[INFO]	POSSIBLE TRANSITION t3a C3 31   L2 e2 o3 ε
[INFO]	DIMENSION ALLOWED TRANSITION: 1
[INFO]	ALLOWED TRANSITION t2a C2 21 L2 e2 L3 e3 o2 ε
[INFO]	FOUND NEW BEHAVIORAL STATE: (RENAMED:|STATI:21,30|EVENTI:ε,e3)
[INFO]	SNAPSHOT|
|DIMENSIONE GRAFO->39
|DIMENSIONE STATI FINALI->12
|DIMENSIONE CODA->1
[INFO]	DIMENSION POSSIBLE TRANSITION:2
[INFO]	POSSIBLE TRANSITION t2b C2 20   L3 e3 ε r
[INFO]	POSSIBLE TRANSITION t3a C3 31   L2 e2 o3 ε
[INFO]	DIMENSION ALLOWED TRANSITION: 0
[INFO]	FINAL STATES:
(RENAMED:|STATI:21,30|EVENTI:ε,ε)
(RENAMED:|STATI:21,31|EVENTI:ε,ε)
(RENAMED:|STATI:20,30|EVENTI:ε,ε)
(RENAMED:|STATI:20,31|EVENTI:ε,ε)
(RENAMED:|STATI:21,30|EVENTI:ε,ε)
(RENAMED:|STATI:21,31|EVENTI:ε,ε)
(RENAMED:|STATI:20,30|EVENTI:ε,ε)
(RENAMED:|STATI:20,31|EVENTI:ε,ε)
(RENAMED:|STATI:21,30|EVENTI:ε,ε)
(RENAMED:|STATI:21,31|EVENTI:ε,ε)
(RENAMED:|STATI:20,30|EVENTI:ε,ε)
(RENAMED:|STATI:20,31|EVENTI:ε,ε)
[INFO]	COMPLETE GRAPH
PARENT_NODE:(RENAMED:|OBS INDEX 0|STATI:20,30|EVENTI:ε,ε)	TRANSITION: t3a	LABEL_OBS: o3	LABEL_REL: ε	CHILD_NODE: (RENAMED:|OBS INDEX 1|STATI:20,31|EVENTI:e2,ε)
PARENT_NODE:(RENAMED:|OBS INDEX 1|STATI:20,31|EVENTI:e2,ε)	TRANSITION: t2a	LABEL_OBS: o2	LABEL_REL: ε	CHILD_NODE: (RENAMED:|OBS INDEX 2|STATI:21,31|EVENTI:ε,e3)
PARENT_NODE:(RENAMED:|OBS INDEX 2|STATI:21,31|EVENTI:ε,e3)	TRANSITION: t3b	LABEL_OBS: ε	LABEL_REL: ε	CHILD_NODE: (RENAMED:|OBS INDEX 2|STATI:21,30|EVENTI:ε,ε)
PARENT_NODE:(RENAMED:|OBS INDEX 2|STATI:21,31|EVENTI:ε,e3)	TRANSITION: t3c	LABEL_OBS: ε	LABEL_REL: f	CHILD_NODE: (RENAMED:|OBS INDEX 2|STATI:21,31|EVENTI:ε,ε)
PARENT_NODE:(RENAMED:|OBS INDEX 2|STATI:21,31|EVENTI:ε,ε)	TRANSITION: t2b	LABEL_OBS: ε	LABEL_REL: r	CHILD_NODE: (RENAMED:|OBS INDEX 2|STATI:20,31|EVENTI:ε,e3)
PARENT_NODE:(RENAMED:|OBS INDEX 2|STATI:20,31|EVENTI:ε,e3)	TRANSITION: t3b	LABEL_OBS: ε	LABEL_REL: ε	CHILD_NODE: (RENAMED:|OBS INDEX 2|STATI:20,30|EVENTI:ε,ε)
PARENT_NODE:(RENAMED:|OBS INDEX 2|STATI:20,31|EVENTI:ε,e3)	TRANSITION: t3c	LABEL_OBS: ε	LABEL_REL: f	CHILD_NODE: (RENAMED:|OBS INDEX 2|STATI:20,31|EVENTI:ε,ε)
PARENT_NODE:(RENAMED:|OBS INDEX 2|STATI:20,30|EVENTI:ε,ε)	TRANSITION: t3a	LABEL_OBS: o3	LABEL_REL: ε	CHILD_NODE: (RENAMED:|OBS INDEX 3|STATI:20,31|EVENTI:e2,ε)
PARENT_NODE:(RENAMED:|OBS INDEX 3|STATI:20,31|EVENTI:e2,ε)	TRANSITION: t2a	LABEL_OBS: o2	LABEL_REL: ε	CHILD_NODE: (RENAMED:|OBS INDEX 4|STATI:21,31|EVENTI:ε,e3)
PARENT_NODE:(RENAMED:|OBS INDEX 4|STATI:21,31|EVENTI:ε,e3)	TRANSITION: t3b	LABEL_OBS: ε	LABEL_REL: ε	CHILD_NODE: (RENAMED:|OBS INDEX 4|STATI:21,30|EVENTI:ε,ε)
PARENT_NODE:(RENAMED:|OBS INDEX 4|STATI:21,31|EVENTI:ε,e3)	TRANSITION: t3c	LABEL_OBS: ε	LABEL_REL: f	CHILD_NODE: (RENAMED:|OBS INDEX 4|STATI:21,31|EVENTI:ε,ε)
PARENT_NODE:(RENAMED:|OBS INDEX 4|STATI:21,31|EVENTI:ε,ε)	TRANSITION: t2b	LABEL_OBS: ε	LABEL_REL: r	CHILD_NODE: (RENAMED:|OBS INDEX 4|STATI:20,31|EVENTI:ε,e3)
PARENT_NODE:(RENAMED:|OBS INDEX 4|STATI:20,31|EVENTI:ε,e3)	TRANSITION: t3b	LABEL_OBS: ε	LABEL_REL: ε	CHILD_NODE: (RENAMED:|OBS INDEX 4|STATI:20,30|EVENTI:ε,ε)
PARENT_NODE:(RENAMED:|OBS INDEX 4|STATI:20,31|EVENTI:ε,e3)	TRANSITION: t3c	LABEL_OBS: ε	LABEL_REL: f	CHILD_NODE: (RENAMED:|OBS INDEX 4|STATI:20,31|EVENTI:ε,ε)
PARENT_NODE:(RENAMED:|OBS INDEX 4|STATI:21,30|EVENTI:ε,ε)	TRANSITION: t2b	LABEL_OBS: ε	LABEL_REL: r	CHILD_NODE: (RENAMED:|OBS INDEX 4|STATI:20,30|EVENTI:ε,e3)
PARENT_NODE:(RENAMED:|OBS INDEX 2|STATI:21,30|EVENTI:ε,ε)	TRANSITION: t2b	LABEL_OBS: ε	LABEL_REL: r	CHILD_NODE: (RENAMED:|OBS INDEX 2|STATI:20,30|EVENTI:ε,e3)
PARENT_NODE:(RENAMED:|OBS INDEX 2|STATI:21,30|EVENTI:ε,ε)	TRANSITION: t3a	LABEL_OBS: o3	LABEL_REL: ε	CHILD_NODE: (RENAMED:|OBS INDEX 3|STATI:21,31|EVENTI:e2,ε)
PARENT_NODE:(RENAMED:|OBS INDEX 3|STATI:21,31|EVENTI:e2,ε)	TRANSITION: t2b	LABEL_OBS: ε	LABEL_REL: r	CHILD_NODE: (RENAMED:|OBS INDEX 3|STATI:20,31|EVENTI:e2,e3)
PARENT_NODE:(RENAMED:|OBS INDEX 3|STATI:20,31|EVENTI:e2,e3)	TRANSITION: t3b	LABEL_OBS: ε	LABEL_REL: ε	CHILD_NODE: (RENAMED:|OBS INDEX 3|STATI:20,30|EVENTI:e2,ε)
PARENT_NODE:(RENAMED:|OBS INDEX 3|STATI:20,31|EVENTI:e2,e3)	TRANSITION: t3c	LABEL_OBS: ε	LABEL_REL: f	CHILD_NODE: (RENAMED:|OBS INDEX 3|STATI:20,31|EVENTI:e2,ε)
PARENT_NODE:(RENAMED:|OBS INDEX 3|STATI:20,31|EVENTI:e2,ε)	TRANSITION: t2a	LABEL_OBS: o2	LABEL_REL: ε	CHILD_NODE: (RENAMED:|OBS INDEX 4|STATI:21,31|EVENTI:ε,e3)
PARENT_NODE:(RENAMED:|OBS INDEX 4|STATI:21,31|EVENTI:ε,e3)	TRANSITION: t3b	LABEL_OBS: ε	LABEL_REL: ε	CHILD_NODE: (RENAMED:|OBS INDEX 4|STATI:21,30|EVENTI:ε,ε)
PARENT_NODE:(RENAMED:|OBS INDEX 4|STATI:21,31|EVENTI:ε,e3)	TRANSITION: t3c	LABEL_OBS: ε	LABEL_REL: f	CHILD_NODE: (RENAMED:|OBS INDEX 4|STATI:21,31|EVENTI:ε,ε)
PARENT_NODE:(RENAMED:|OBS INDEX 4|STATI:21,31|EVENTI:ε,ε)	TRANSITION: t2b	LABEL_OBS: ε	LABEL_REL: r	CHILD_NODE: (RENAMED:|OBS INDEX 4|STATI:20,31|EVENTI:ε,e3)
PARENT_NODE:(RENAMED:|OBS INDEX 4|STATI:20,31|EVENTI:ε,e3)	TRANSITION: t3b	LABEL_OBS: ε	LABEL_REL: ε	CHILD_NODE: (RENAMED:|OBS INDEX 4|STATI:20,30|EVENTI:ε,ε)
PARENT_NODE:(RENAMED:|OBS INDEX 4|STATI:20,31|EVENTI:ε,e3)	TRANSITION: t3c	LABEL_OBS: ε	LABEL_REL: f	CHILD_NODE: (RENAMED:|OBS INDEX 4|STATI:20,31|EVENTI:ε,ε)
PARENT_NODE:(RENAMED:|OBS INDEX 4|STATI:21,30|EVENTI:ε,ε)	TRANSITION: t2b	LABEL_OBS: ε	LABEL_REL: r	CHILD_NODE: (RENAMED:|OBS INDEX 4|STATI:20,30|EVENTI:ε,e3)
PARENT_NODE:(RENAMED:|OBS INDEX 3|STATI:20,30|EVENTI:e2,ε)	TRANSITION: t2a	LABEL_OBS: o2	LABEL_REL: ε	CHILD_NODE: (RENAMED:|OBS INDEX 4|STATI:21,30|EVENTI:ε,e3)
PARENT_NODE:(RENAMED:|OBS INDEX 2|STATI:20,30|EVENTI:ε,e3)	TRANSITION: t3a	LABEL_OBS: o3	LABEL_REL: ε	CHILD_NODE: (RENAMED:|OBS INDEX 3|STATI:20,31|EVENTI:e2,e3)
PARENT_NODE:(RENAMED:|OBS INDEX 3|STATI:20,31|EVENTI:e2,e3)	TRANSITION: t3b	LABEL_OBS: ε	LABEL_REL: ε	CHILD_NODE: (RENAMED:|OBS INDEX 3|STATI:20,30|EVENTI:e2,ε)
PARENT_NODE:(RENAMED:|OBS INDEX 3|STATI:20,31|EVENTI:e2,e3)	TRANSITION: t3c	LABEL_OBS: ε	LABEL_REL: f	CHILD_NODE: (RENAMED:|OBS INDEX 3|STATI:20,31|EVENTI:e2,ε)
PARENT_NODE:(RENAMED:|OBS INDEX 3|STATI:20,31|EVENTI:e2,ε)	TRANSITION: t2a	LABEL_OBS: o2	LABEL_REL: ε	CHILD_NODE: (RENAMED:|OBS INDEX 4|STATI:21,31|EVENTI:ε,e3)
PARENT_NODE:(RENAMED:|OBS INDEX 4|STATI:21,31|EVENTI:ε,e3)	TRANSITION: t3b	LABEL_OBS: ε	LABEL_REL: ε	CHILD_NODE: (RENAMED:|OBS INDEX 4|STATI:21,30|EVENTI:ε,ε)
PARENT_NODE:(RENAMED:|OBS INDEX 4|STATI:21,31|EVENTI:ε,e3)	TRANSITION: t3c	LABEL_OBS: ε	LABEL_REL: f	CHILD_NODE: (RENAMED:|OBS INDEX 4|STATI:21,31|EVENTI:ε,ε)
PARENT_NODE:(RENAMED:|OBS INDEX 4|STATI:21,31|EVENTI:ε,ε)	TRANSITION: t2b	LABEL_OBS: ε	LABEL_REL: r	CHILD_NODE: (RENAMED:|OBS INDEX 4|STATI:20,31|EVENTI:ε,e3)
PARENT_NODE:(RENAMED:|OBS INDEX 4|STATI:20,31|EVENTI:ε,e3)	TRANSITION: t3b	LABEL_OBS: ε	LABEL_REL: ε	CHILD_NODE: (RENAMED:|OBS INDEX 4|STATI:20,30|EVENTI:ε,ε)
PARENT_NODE:(RENAMED:|OBS INDEX 4|STATI:20,31|EVENTI:ε,e3)	TRANSITION: t3c	LABEL_OBS: ε	LABEL_REL: f	CHILD_NODE: (RENAMED:|OBS INDEX 4|STATI:20,31|EVENTI:ε,ε)
PARENT_NODE:(RENAMED:|OBS INDEX 4|STATI:21,30|EVENTI:ε,ε)	TRANSITION: t2b	LABEL_OBS: ε	LABEL_REL: r	CHILD_NODE: (RENAMED:|OBS INDEX 4|STATI:20,30|EVENTI:ε,e3)
PARENT_NODE:(RENAMED:|OBS INDEX 3|STATI:20,30|EVENTI:e2,ε)	TRANSITION: t2a	LABEL_OBS: o2	LABEL_REL: ε	CHILD_NODE: (RENAMED:|OBS INDEX 4|STATI:21,30|EVENTI:ε,e3)

[INFO]	DIMENSIONE GRAFO->39
|DIMENSIONE STATI FINALI->12
|DIMENSIONE CODA->0
[WARNING]	PRUNED GRAPH
PARENT_NODE:(RENAMED:|OBS INDEX 0|STATI:20,30|EVENTI:ε,ε)	TRANSITION: t3a	LABEL_OBS: o3	LABEL_REL: ε	CHILD_NODE: (RENAMED:|OBS INDEX 1|STATI:20,31|EVENTI:e2,ε)
PARENT_NODE:(RENAMED:|OBS INDEX 1|STATI:20,31|EVENTI:e2,ε)	TRANSITION: t2a	LABEL_OBS: o2	LABEL_REL: ε	CHILD_NODE: (RENAMED:|OBS INDEX 2|STATI:21,31|EVENTI:ε,e3)
PARENT_NODE:(RENAMED:|OBS INDEX 2|STATI:21,31|EVENTI:ε,e3)	TRANSITION: t3b	LABEL_OBS: ε	LABEL_REL: ε	CHILD_NODE: (RENAMED:|OBS INDEX 2|STATI:21,30|EVENTI:ε,ε)
PARENT_NODE:(RENAMED:|OBS INDEX 2|STATI:21,31|EVENTI:ε,e3)	TRANSITION: t3c	LABEL_OBS: ε	LABEL_REL: f	CHILD_NODE: (RENAMED:|OBS INDEX 2|STATI:21,31|EVENTI:ε,ε)
PARENT_NODE:(RENAMED:|OBS INDEX 2|STATI:21,31|EVENTI:ε,ε)	TRANSITION: t2b	LABEL_OBS: ε	LABEL_REL: r	CHILD_NODE: (RENAMED:|OBS INDEX 2|STATI:20,31|EVENTI:ε,e3)
PARENT_NODE:(RENAMED:|OBS INDEX 2|STATI:20,31|EVENTI:ε,e3)	TRANSITION: t3b	LABEL_OBS: ε	LABEL_REL: ε	CHILD_NODE: (RENAMED:|OBS INDEX 2|STATI:20,30|EVENTI:ε,ε)
PARENT_NODE:(RENAMED:|OBS INDEX 2|STATI:20,30|EVENTI:ε,ε)	TRANSITION: t3a	LABEL_OBS: o3	LABEL_REL: ε	CHILD_NODE: (RENAMED:|OBS INDEX 3|STATI:20,31|EVENTI:e2,ε)
PARENT_NODE:(RENAMED:|OBS INDEX 3|STATI:20,31|EVENTI:e2,ε)	TRANSITION: t2a	LABEL_OBS: o2	LABEL_REL: ε	CHILD_NODE: (RENAMED:|OBS INDEX 4|STATI:21,31|EVENTI:ε,e3)
PARENT_NODE:(RENAMED:|OBS INDEX 4|STATI:21,31|EVENTI:ε,e3)	TRANSITION: t3b	LABEL_OBS: ε	LABEL_REL: ε	CHILD_NODE: (RENAMED:|OBS INDEX 4|STATI:21,30|EVENTI:ε,ε)
PARENT_NODE:(RENAMED:|OBS INDEX 4|STATI:21,31|EVENTI:ε,e3)	TRANSITION: t3c	LABEL_OBS: ε	LABEL_REL: f	CHILD_NODE: (RENAMED:|OBS INDEX 4|STATI:21,31|EVENTI:ε,ε)
PARENT_NODE:(RENAMED:|OBS INDEX 4|STATI:21,31|EVENTI:ε,ε)	TRANSITION: t2b	LABEL_OBS: ε	LABEL_REL: r	CHILD_NODE: (RENAMED:|OBS INDEX 4|STATI:20,31|EVENTI:ε,e3)
PARENT_NODE:(RENAMED:|OBS INDEX 4|STATI:20,31|EVENTI:ε,e3)	TRANSITION: t3b	LABEL_OBS: ε	LABEL_REL: ε	CHILD_NODE: (RENAMED:|OBS INDEX 4|STATI:20,30|EVENTI:ε,ε)
PARENT_NODE:(RENAMED:|OBS INDEX 4|STATI:20,31|EVENTI:ε,e3)	TRANSITION: t3c	LABEL_OBS: ε	LABEL_REL: f	CHILD_NODE: (RENAMED:|OBS INDEX 4|STATI:20,31|EVENTI:ε,ε)
PARENT_NODE:(RENAMED:|OBS INDEX 2|STATI:21,30|EVENTI:ε,ε)	TRANSITION: t2b	LABEL_OBS: ε	LABEL_REL: r	CHILD_NODE: (RENAMED:|OBS INDEX 2|STATI:20,30|EVENTI:ε,e3)
PARENT_NODE:(RENAMED:|OBS INDEX 2|STATI:21,30|EVENTI:ε,ε)	TRANSITION: t3a	LABEL_OBS: o3	LABEL_REL: ε	CHILD_NODE: (RENAMED:|OBS INDEX 3|STATI:21,31|EVENTI:e2,ε)
PARENT_NODE:(RENAMED:|OBS INDEX 3|STATI:21,31|EVENTI:e2,ε)	TRANSITION: t2b	LABEL_OBS: ε	LABEL_REL: r	CHILD_NODE: (RENAMED:|OBS INDEX 3|STATI:20,31|EVENTI:e2,e3)
PARENT_NODE:(RENAMED:|OBS INDEX 3|STATI:20,31|EVENTI:e2,e3)	TRANSITION: t3c	LABEL_OBS: ε	LABEL_REL: f	CHILD_NODE: (RENAMED:|OBS INDEX 3|STATI:20,31|EVENTI:e2,ε)
PARENT_NODE:(RENAMED:|OBS INDEX 3|STATI:20,31|EVENTI:e2,ε)	TRANSITION: t2a	LABEL_OBS: o2	LABEL_REL: ε	CHILD_NODE: (RENAMED:|OBS INDEX 4|STATI:21,31|EVENTI:ε,e3)
PARENT_NODE:(RENAMED:|OBS INDEX 4|STATI:21,31|EVENTI:ε,e3)	TRANSITION: t3b	LABEL_OBS: ε	LABEL_REL: ε	CHILD_NODE: (RENAMED:|OBS INDEX 4|STATI:21,30|EVENTI:ε,ε)
PARENT_NODE:(RENAMED:|OBS INDEX 4|STATI:21,31|EVENTI:ε,e3)	TRANSITION: t3c	LABEL_OBS: ε	LABEL_REL: f	CHILD_NODE: (RENAMED:|OBS INDEX 4|STATI:21,31|EVENTI:ε,ε)
PARENT_NODE:(RENAMED:|OBS INDEX 4|STATI:21,31|EVENTI:ε,ε)	TRANSITION: t2b	LABEL_OBS: ε	LABEL_REL: r	CHILD_NODE: (RENAMED:|OBS INDEX 4|STATI:20,31|EVENTI:ε,e3)
PARENT_NODE:(RENAMED:|OBS INDEX 4|STATI:20,31|EVENTI:ε,e3)	TRANSITION: t3b	LABEL_OBS: ε	LABEL_REL: ε	CHILD_NODE: (RENAMED:|OBS INDEX 4|STATI:20,30|EVENTI:ε,ε)
PARENT_NODE:(RENAMED:|OBS INDEX 4|STATI:20,31|EVENTI:ε,e3)	TRANSITION: t3c	LABEL_OBS: ε	LABEL_REL: f	CHILD_NODE: (RENAMED:|OBS INDEX 4|STATI:20,31|EVENTI:ε,ε)
PARENT_NODE:(RENAMED:|OBS INDEX 2|STATI:20,30|EVENTI:ε,e3)	TRANSITION: t3a	LABEL_OBS: o3	LABEL_REL: ε	CHILD_NODE: (RENAMED:|OBS INDEX 3|STATI:20,31|EVENTI:e2,e3)
PARENT_NODE:(RENAMED:|OBS INDEX 3|STATI:20,31|EVENTI:e2,e3)	TRANSITION: t3c	LABEL_OBS: ε	LABEL_REL: f	CHILD_NODE: (RENAMED:|OBS INDEX 3|STATI:20,31|EVENTI:e2,ε)
PARENT_NODE:(RENAMED:|OBS INDEX 3|STATI:20,31|EVENTI:e2,ε)	TRANSITION: t2a	LABEL_OBS: o2	LABEL_REL: ε	CHILD_NODE: (RENAMED:|OBS INDEX 4|STATI:21,31|EVENTI:ε,e3)
PARENT_NODE:(RENAMED:|OBS INDEX 4|STATI:21,31|EVENTI:ε,e3)	TRANSITION: t3b	LABEL_OBS: ε	LABEL_REL: ε	CHILD_NODE: (RENAMED:|OBS INDEX 4|STATI:21,30|EVENTI:ε,ε)
PARENT_NODE:(RENAMED:|OBS INDEX 4|STATI:21,31|EVENTI:ε,e3)	TRANSITION: t3c	LABEL_OBS: ε	LABEL_REL: f	CHILD_NODE: (RENAMED:|OBS INDEX 4|STATI:21,31|EVENTI:ε,ε)
PARENT_NODE:(RENAMED:|OBS INDEX 4|STATI:21,31|EVENTI:ε,ε)	TRANSITION: t2b	LABEL_OBS: ε	LABEL_REL: r	CHILD_NODE: (RENAMED:|OBS INDEX 4|STATI:20,31|EVENTI:ε,e3)
PARENT_NODE:(RENAMED:|OBS INDEX 4|STATI:20,31|EVENTI:ε,e3)	TRANSITION: t3b	LABEL_OBS: ε	LABEL_REL: ε	CHILD_NODE: (RENAMED:|OBS INDEX 4|STATI:20,30|EVENTI:ε,ε)
PARENT_NODE:(RENAMED:|OBS INDEX 4|STATI:20,31|EVENTI:ε,e3)	TRANSITION: t3c	LABEL_OBS: ε	LABEL_REL: f	CHILD_NODE: (RENAMED:|OBS INDEX 4|STATI:20,31|EVENTI:ε,ε)

[WARNING]	RENAMED GRAPH
PARENT_NODE:(RENAMED:1|OBS INDEX 0|STATI:20,30|EVENTI:ε,ε)	TRANSITION: t3a	LABEL_OBS: o3	LABEL_REL: ε	CHILD_NODE: (RENAMED:2|OBS INDEX 1|STATI:20,31|EVENTI:e2,ε)
PARENT_NODE:(RENAMED:2|OBS INDEX 1|STATI:20,31|EVENTI:e2,ε)	TRANSITION: t2a	LABEL_OBS: o2	LABEL_REL: ε	CHILD_NODE: (RENAMED:3|OBS INDEX 2|STATI:21,31|EVENTI:ε,e3)
PARENT_NODE:(RENAMED:3|OBS INDEX 2|STATI:21,31|EVENTI:ε,e3)	TRANSITION: t3b	LABEL_OBS: ε	LABEL_REL: ε	CHILD_NODE: (RENAMED:19|OBS INDEX 2|STATI:21,30|EVENTI:ε,ε)
PARENT_NODE:(RENAMED:3|OBS INDEX 2|STATI:21,31|EVENTI:ε,e3)	TRANSITION: t3c	LABEL_OBS: ε	LABEL_REL: f	CHILD_NODE: (RENAMED:4|OBS INDEX 2|STATI:21,31|EVENTI:ε,ε)
PARENT_NODE:(RENAMED:4|OBS INDEX 2|STATI:21,31|EVENTI:ε,ε)	TRANSITION: t2b	LABEL_OBS: ε	LABEL_REL: r	CHILD_NODE: (RENAMED:5|OBS INDEX 2|STATI:20,31|EVENTI:ε,e3)
PARENT_NODE:(RENAMED:5|OBS INDEX 2|STATI:20,31|EVENTI:ε,e3)	TRANSITION: t3b	LABEL_OBS: ε	LABEL_REL: ε	CHILD_NODE: (RENAMED:6|OBS INDEX 2|STATI:20,30|EVENTI:ε,ε)
PARENT_NODE:(RENAMED:6|OBS INDEX 2|STATI:20,30|EVENTI:ε,ε)	TRANSITION: t3a	LABEL_OBS: o3	LABEL_REL: ε	CHILD_NODE: (RENAMED:7|OBS INDEX 3|STATI:20,31|EVENTI:e2,ε)
PARENT_NODE:(RENAMED:7|OBS INDEX 3|STATI:20,31|EVENTI:e2,ε)	TRANSITION: t2a	LABEL_OBS: o2	LABEL_REL: ε	CHILD_NODE: (RENAMED:10|OBS INDEX 4|STATI:21,31|EVENTI:ε,e3)
PARENT_NODE:(RENAMED:10|OBS INDEX 4|STATI:21,31|EVENTI:ε,e3)	TRANSITION: t3b	LABEL_OBS: ε	LABEL_REL: ε	CHILD_NODE: (RENAMED:24|OBS INDEX 4|STATI:21,30|EVENTI:ε,ε)
PARENT_NODE:(RENAMED:10|OBS INDEX 4|STATI:21,31|EVENTI:ε,e3)	TRANSITION: t3c	LABEL_OBS: ε	LABEL_REL: f	CHILD_NODE: (RENAMED:13|OBS INDEX 4|STATI:21,31|EVENTI:ε,ε)
PARENT_NODE:(RENAMED:13|OBS INDEX 4|STATI:21,31|EVENTI:ε,ε)	TRANSITION: t2b	LABEL_OBS: ε	LABEL_REL: r	CHILD_NODE: (RENAMED:16|OBS INDEX 4|STATI:20,31|EVENTI:ε,e3)
PARENT_NODE:(RENAMED:16|OBS INDEX 4|STATI:20,31|EVENTI:ε,e3)	TRANSITION: t3b	LABEL_OBS: ε	LABEL_REL: ε	CHILD_NODE: (RENAMED:25|OBS INDEX 4|STATI:20,30|EVENTI:ε,ε)
PARENT_NODE:(RENAMED:16|OBS INDEX 4|STATI:20,31|EVENTI:ε,e3)	TRANSITION: t3c	LABEL_OBS: ε	LABEL_REL: f	CHILD_NODE: (RENAMED:26|OBS INDEX 4|STATI:20,31|EVENTI:ε,ε)
PARENT_NODE:(RENAMED:19|OBS INDEX 2|STATI:21,30|EVENTI:ε,ε)	TRANSITION: t2b	LABEL_OBS: ε	LABEL_REL: r	CHILD_NODE: (RENAMED:23|OBS INDEX 2|STATI:20,30|EVENTI:ε,e3)
PARENT_NODE:(RENAMED:19|OBS INDEX 2|STATI:21,30|EVENTI:ε,ε)	TRANSITION: t3a	LABEL_OBS: o3	LABEL_REL: ε	CHILD_NODE: (RENAMED:20|OBS INDEX 3|STATI:21,31|EVENTI:e2,ε)
PARENT_NODE:(RENAMED:20|OBS INDEX 3|STATI:21,31|EVENTI:e2,ε)	TRANSITION: t2b	LABEL_OBS: ε	LABEL_REL: r	CHILD_NODE: (RENAMED:21|OBS INDEX 3|STATI:20,31|EVENTI:e2,e3)
PARENT_NODE:(RENAMED:21|OBS INDEX 3|STATI:20,31|EVENTI:e2,e3)	TRANSITION: t3c	LABEL_OBS: ε	LABEL_REL: f	CHILD_NODE: (RENAMED:8|OBS INDEX 3|STATI:20,31|EVENTI:e2,ε)
PARENT_NODE:(RENAMED:8|OBS INDEX 3|STATI:20,31|EVENTI:e2,ε)	TRANSITION: t2a	LABEL_OBS: o2	LABEL_REL: ε	CHILD_NODE: (RENAMED:11|OBS INDEX 4|STATI:21,31|EVENTI:ε,e3)
PARENT_NODE:(RENAMED:11|OBS INDEX 4|STATI:21,31|EVENTI:ε,e3)	TRANSITION: t3b	LABEL_OBS: ε	LABEL_REL: ε	CHILD_NODE: (RENAMED:27|OBS INDEX 4|STATI:21,30|EVENTI:ε,ε)
PARENT_NODE:(RENAMED:11|OBS INDEX 4|STATI:21,31|EVENTI:ε,e3)	TRANSITION: t3c	LABEL_OBS: ε	LABEL_REL: f	CHILD_NODE: (RENAMED:14|OBS INDEX 4|STATI:21,31|EVENTI:ε,ε)
PARENT_NODE:(RENAMED:14|OBS INDEX 4|STATI:21,31|EVENTI:ε,ε)	TRANSITION: t2b	LABEL_OBS: ε	LABEL_REL: r	CHILD_NODE: (RENAMED:17|OBS INDEX 4|STATI:20,31|EVENTI:ε,e3)
PARENT_NODE:(RENAMED:17|OBS INDEX 4|STATI:20,31|EVENTI:ε,e3)	TRANSITION: t3b	LABEL_OBS: ε	LABEL_REL: ε	CHILD_NODE: (RENAMED:28|OBS INDEX 4|STATI:20,30|EVENTI:ε,ε)
PARENT_NODE:(RENAMED:17|OBS INDEX 4|STATI:20,31|EVENTI:ε,e3)	TRANSITION: t3c	LABEL_OBS: ε	LABEL_REL: f	CHILD_NODE: (RENAMED:29|OBS INDEX 4|STATI:20,31|EVENTI:ε,ε)
PARENT_NODE:(RENAMED:23|OBS INDEX 2|STATI:20,30|EVENTI:ε,e3)	TRANSITION: t3a	LABEL_OBS: o3	LABEL_REL: ε	CHILD_NODE: (RENAMED:22|OBS INDEX 3|STATI:20,31|EVENTI:e2,e3)
PARENT_NODE:(RENAMED:22|OBS INDEX 3|STATI:20,31|EVENTI:e2,e3)	TRANSITION: t3c	LABEL_OBS: ε	LABEL_REL: f	CHILD_NODE: (RENAMED:9|OBS INDEX 3|STATI:20,31|EVENTI:e2,ε)
PARENT_NODE:(RENAMED:9|OBS INDEX 3|STATI:20,31|EVENTI:e2,ε)	TRANSITION: t2a	LABEL_OBS: o2	LABEL_REL: ε	CHILD_NODE: (RENAMED:12|OBS INDEX 4|STATI:21,31|EVENTI:ε,e3)
PARENT_NODE:(RENAMED:12|OBS INDEX 4|STATI:21,31|EVENTI:ε,e3)	TRANSITION: t3b	LABEL_OBS: ε	LABEL_REL: ε	CHILD_NODE: (RENAMED:30|OBS INDEX 4|STATI:21,30|EVENTI:ε,ε)
PARENT_NODE:(RENAMED:12|OBS INDEX 4|STATI:21,31|EVENTI:ε,e3)	TRANSITION: t3c	LABEL_OBS: ε	LABEL_REL: f	CHILD_NODE: (RENAMED:15|OBS INDEX 4|STATI:21,31|EVENTI:ε,ε)
PARENT_NODE:(RENAMED:15|OBS INDEX 4|STATI:21,31|EVENTI:ε,ε)	TRANSITION: t2b	LABEL_OBS: ε	LABEL_REL: r	CHILD_NODE: (RENAMED:18|OBS INDEX 4|STATI:20,31|EVENTI:ε,e3)
PARENT_NODE:(RENAMED:18|OBS INDEX 4|STATI:20,31|EVENTI:ε,e3)	TRANSITION: t3b	LABEL_OBS: ε	LABEL_REL: ε	CHILD_NODE: (RENAMED:31|OBS INDEX 4|STATI:20,30|EVENTI:ε,ε)
PARENT_NODE:(RENAMED:18|OBS INDEX 4|STATI:20,31|EVENTI:ε,e3)	TRANSITION: t3c	LABEL_OBS: ε	LABEL_REL: f	CHILD_NODE: (RENAMED:32|OBS INDEX 4|STATI:20,31|EVENTI:ε,ε)

[CRITICAL]	Execution time|0:00:00.052895
