[DEBUG]	STARTING SPAZIO COMPORTAMENTALE
[INFO]	DIMENSION QUEUE:1 ADDED TO QUEUE:(RENAMED:|STATI:10,20|EVENTI:ε)
[INFO]	ACTUAL BEHAVIORAL STATE: (RENAMED:|STATI:10,20|EVENTI:ε)
[INFO]	DIMENSION POSSIBLE TRANSITION:6
[INFO]	POSSIBLE TRANSITION s1 S 11   L op act ε
[INFO]	POSSIBLE TRANSITION s3 S 10   L cl ε f1
[INFO]	POSSIBLE TRANSITION b1 B 21 L op opn ε
[INFO]	POSSIBLE TRANSITION b7 B 21 L cl opn f5
[INFO]	POSSIBLE TRANSITION b3 B 20 L op ε f3
[INFO]	POSSIBLE TRANSITION b5 B 20 L cl nop ε
[INFO]	DIMENSION ALLOWED TRANSITION: 2
[INFO]	ALLOWED TRANSITION s1 S 11   L op act ε
[INFO]	ALLOWED TRANSITION s3 S 10   L cl ε f1
[INFO]	FOUND NEW BEHAVIORAL STATE: (RENAMED:|STATI:11,20|EVENTI:op)
[INFO]	SNAPSHOT|	|DIMENSIONE GRAFO->1	|DIMENSIONE STATI FINALI->0	|DIMENSIONE CODA->1
[INFO]	FOUND NEW BEHAVIORAL STATE: (RENAMED:|STATI:10,20|EVENTI:cl)
[INFO]	SNAPSHOT|	|DIMENSIONE GRAFO->2	|DIMENSIONE STATI FINALI->0	|DIMENSIONE CODA->2
[INFO]	ACTUAL BEHAVIORAL STATE: (RENAMED:|STATI:10,20|EVENTI:cl)
[INFO]	DIMENSION POSSIBLE TRANSITION:6
[INFO]	POSSIBLE TRANSITION s1 S 11   L op act ε
[INFO]	POSSIBLE TRANSITION s3 S 10   L cl ε f1
[INFO]	POSSIBLE TRANSITION b1 B 21 L op opn ε
[INFO]	POSSIBLE TRANSITION b7 B 21 L cl opn f5
[INFO]	POSSIBLE TRANSITION b3 B 20 L op ε f3
[INFO]	POSSIBLE TRANSITION b5 B 20 L cl nop ε
[INFO]	DIMENSION ALLOWED TRANSITION: 2
[INFO]	ALLOWED TRANSITION b7 B 21 L cl opn f5
[INFO]	ALLOWED TRANSITION b5 B 20 L cl nop ε
[INFO]	FOUND NEW BEHAVIORAL STATE: (RENAMED:|STATI:10,21|EVENTI:ε)
[INFO]	FOUND NEW FINAL STATE: (RENAMED:|STATI:10,21|EVENTI:ε)
[INFO]	SNAPSHOT|	|DIMENSIONE GRAFO->3	|DIMENSIONE STATI FINALI->1	|DIMENSIONE CODA->2
[INFO]	FOUND NEW FINAL STATE: (RENAMED:|STATI:10,20|EVENTI:ε)
[INFO]	SNAPSHOT|	|DIMENSIONE GRAFO->4	|DIMENSIONE STATI FINALI->2	|DIMENSIONE CODA->2
[INFO]	ACTUAL BEHAVIORAL STATE: (RENAMED:|STATI:10,21|EVENTI:ε)
[INFO]	DIMENSION POSSIBLE TRANSITION:6
[INFO]	POSSIBLE TRANSITION s1 S 11   L op act ε
[INFO]	POSSIBLE TRANSITION s3 S 10   L cl ε f1
[INFO]	POSSIBLE TRANSITION b2 B 20 L cl cls ε
[INFO]	POSSIBLE TRANSITION b4 B 21 L cl ε f4
[INFO]	POSSIBLE TRANSITION b6 B 21 L op nop ε
[INFO]	POSSIBLE TRANSITION b8 B 20 L op cls f6
[INFO]	DIMENSION ALLOWED TRANSITION: 2
[INFO]	ALLOWED TRANSITION s1 S 11   L op act ε
[INFO]	ALLOWED TRANSITION s3 S 10   L cl ε f1
[INFO]	FOUND NEW BEHAVIORAL STATE: (RENAMED:|STATI:11,21|EVENTI:op)
[INFO]	SNAPSHOT|	|DIMENSIONE GRAFO->5	|DIMENSIONE STATI FINALI->2	|DIMENSIONE CODA->2
[INFO]	FOUND NEW BEHAVIORAL STATE: (RENAMED:|STATI:10,21|EVENTI:cl)
[INFO]	SNAPSHOT|	|DIMENSIONE GRAFO->6	|DIMENSIONE STATI FINALI->2	|DIMENSIONE CODA->3
[INFO]	ACTUAL BEHAVIORAL STATE: (RENAMED:|STATI:10,21|EVENTI:cl)
[INFO]	DIMENSION POSSIBLE TRANSITION:6
[INFO]	POSSIBLE TRANSITION s1 S 11   L op act ε
[INFO]	POSSIBLE TRANSITION s3 S 10   L cl ε f1
[INFO]	POSSIBLE TRANSITION b2 B 20 L cl cls ε
[INFO]	POSSIBLE TRANSITION b4 B 21 L cl ε f4
[INFO]	POSSIBLE TRANSITION b6 B 21 L op nop ε
[INFO]	POSSIBLE TRANSITION b8 B 20 L op cls f6
[INFO]	DIMENSION ALLOWED TRANSITION: 2
[INFO]	ALLOWED TRANSITION b2 B 20 L cl cls ε
[INFO]	ALLOWED TRANSITION b4 B 21 L cl ε f4
[INFO]	SNAPSHOT|	|DIMENSIONE GRAFO->7	|DIMENSIONE STATI FINALI->2	|DIMENSIONE CODA->2
[INFO]	SNAPSHOT|	|DIMENSIONE GRAFO->8	|DIMENSIONE STATI FINALI->2	|DIMENSIONE CODA->2
[INFO]	ACTUAL BEHAVIORAL STATE: (RENAMED:|STATI:11,21|EVENTI:op)
[INFO]	DIMENSION POSSIBLE TRANSITION:6
[INFO]	POSSIBLE TRANSITION s2 S 10   L cl sby ε
[INFO]	POSSIBLE TRANSITION s4 S 11   L op ε f2
[INFO]	POSSIBLE TRANSITION b2 B 20 L cl cls ε
[INFO]	POSSIBLE TRANSITION b4 B 21 L cl ε f4
[INFO]	POSSIBLE TRANSITION b6 B 21 L op nop ε
[INFO]	POSSIBLE TRANSITION b8 B 20 L op cls f6
[INFO]	DIMENSION ALLOWED TRANSITION: 2
[INFO]	ALLOWED TRANSITION b6 B 21 L op nop ε
[INFO]	ALLOWED TRANSITION b8 B 20 L op cls f6
[INFO]	FOUND NEW BEHAVIORAL STATE: (RENAMED:|STATI:11,21|EVENTI:ε)
[INFO]	FOUND NEW FINAL STATE: (RENAMED:|STATI:11,21|EVENTI:ε)
[INFO]	SNAPSHOT|	|DIMENSIONE GRAFO->9	|DIMENSIONE STATI FINALI->3	|DIMENSIONE CODA->2
[INFO]	FOUND NEW BEHAVIORAL STATE: (RENAMED:|STATI:11,20|EVENTI:ε)
[INFO]	FOUND NEW FINAL STATE: (RENAMED:|STATI:11,20|EVENTI:ε)
[INFO]	SNAPSHOT|	|DIMENSIONE GRAFO->10	|DIMENSIONE STATI FINALI->4	|DIMENSIONE CODA->3
[INFO]	ACTUAL BEHAVIORAL STATE: (RENAMED:|STATI:11,20|EVENTI:ε)
[INFO]	DIMENSION POSSIBLE TRANSITION:6
[INFO]	POSSIBLE TRANSITION s2 S 10   L cl sby ε
[INFO]	POSSIBLE TRANSITION s4 S 11   L op ε f2
[INFO]	POSSIBLE TRANSITION b1 B 21 L op opn ε
[INFO]	POSSIBLE TRANSITION b7 B 21 L cl opn f5
[INFO]	POSSIBLE TRANSITION b3 B 20 L op ε f3
[INFO]	POSSIBLE TRANSITION b5 B 20 L cl nop ε
[INFO]	DIMENSION ALLOWED TRANSITION: 2
[INFO]	ALLOWED TRANSITION s2 S 10   L cl sby ε
[INFO]	ALLOWED TRANSITION s4 S 11   L op ε f2
[INFO]	SNAPSHOT|	|DIMENSIONE GRAFO->11	|DIMENSIONE STATI FINALI->4	|DIMENSIONE CODA->2
[INFO]	SNAPSHOT|	|DIMENSIONE GRAFO->12	|DIMENSIONE STATI FINALI->4	|DIMENSIONE CODA->2
[INFO]	ACTUAL BEHAVIORAL STATE: (RENAMED:|STATI:11,21|EVENTI:ε)
[INFO]	DIMENSION POSSIBLE TRANSITION:6
[INFO]	POSSIBLE TRANSITION s2 S 10   L cl sby ε
[INFO]	POSSIBLE TRANSITION s4 S 11   L op ε f2
[INFO]	POSSIBLE TRANSITION b2 B 20 L cl cls ε
[INFO]	POSSIBLE TRANSITION b4 B 21 L cl ε f4
[INFO]	POSSIBLE TRANSITION b6 B 21 L op nop ε
[INFO]	POSSIBLE TRANSITION b8 B 20 L op cls f6
[INFO]	DIMENSION ALLOWED TRANSITION: 2
[INFO]	ALLOWED TRANSITION s2 S 10   L cl sby ε
[INFO]	ALLOWED TRANSITION s4 S 11   L op ε f2
[INFO]	SNAPSHOT|	|DIMENSIONE GRAFO->13	|DIMENSIONE STATI FINALI->4	|DIMENSIONE CODA->1
[INFO]	SNAPSHOT|	|DIMENSIONE GRAFO->14	|DIMENSIONE STATI FINALI->4	|DIMENSIONE CODA->1
[INFO]	ACTUAL BEHAVIORAL STATE: (RENAMED:|STATI:11,20|EVENTI:op)
[INFO]	DIMENSION POSSIBLE TRANSITION:6
[INFO]	POSSIBLE TRANSITION s2 S 10   L cl sby ε
[INFO]	POSSIBLE TRANSITION s4 S 11   L op ε f2
[INFO]	POSSIBLE TRANSITION b1 B 21 L op opn ε
[INFO]	POSSIBLE TRANSITION b7 B 21 L cl opn f5
[INFO]	POSSIBLE TRANSITION b3 B 20 L op ε f3
[INFO]	POSSIBLE TRANSITION b5 B 20 L cl nop ε
[INFO]	DIMENSION ALLOWED TRANSITION: 2
[INFO]	ALLOWED TRANSITION b1 B 21 L op opn ε
[INFO]	ALLOWED TRANSITION b3 B 20 L op ε f3
[INFO]	SNAPSHOT|	|DIMENSIONE GRAFO->15	|DIMENSIONE STATI FINALI->4	|DIMENSIONE CODA->0
[INFO]	SNAPSHOT|	|DIMENSIONE GRAFO->16	|DIMENSIONE STATI FINALI->4	|DIMENSIONE CODA->0
[INFO]	FINAL STATES:
(RENAMED:|STATI:10,21|EVENTI:ε)
(RENAMED:|STATI:10,20|EVENTI:ε)
(RENAMED:|STATI:11,21|EVENTI:ε)
(RENAMED:|STATI:11,20|EVENTI:ε)
[INFO]	COMPLETE GRAPH	PARENT_NODE:(RENAMED:|OBS INDEX []|STATI:10,20|EVENTI:ε)	TRANSITION: s1	LABEL_OBS: act	LABEL_REL: ε	CHILD_NODE: (RENAMED:|OBS INDEX []|STATI:11,20|EVENTI:op)
PARENT_NODE:(RENAMED:|OBS INDEX []|STATI:10,20|EVENTI:ε)	TRANSITION: s3	LABEL_OBS: ε	LABEL_REL: f1	CHILD_NODE: (RENAMED:|OBS INDEX []|STATI:10,20|EVENTI:cl)
PARENT_NODE:(RENAMED:|OBS INDEX []|STATI:10,20|EVENTI:cl)	TRANSITION: b7	LABEL_OBS: opn	LABEL_REL: f5	CHILD_NODE: (RENAMED:|OBS INDEX []|STATI:10,21|EVENTI:ε)
PARENT_NODE:(RENAMED:|OBS INDEX []|STATI:10,20|EVENTI:cl)	TRANSITION: b5	LABEL_OBS: nop	LABEL_REL: ε	CHILD_NODE: (RENAMED:|OBS INDEX []|STATI:10,20|EVENTI:ε)
PARENT_NODE:(RENAMED:|OBS INDEX []|STATI:10,21|EVENTI:ε)	TRANSITION: s1	LABEL_OBS: act	LABEL_REL: ε	CHILD_NODE: (RENAMED:|OBS INDEX []|STATI:11,21|EVENTI:op)
PARENT_NODE:(RENAMED:|OBS INDEX []|STATI:10,21|EVENTI:ε)	TRANSITION: s3	LABEL_OBS: ε	LABEL_REL: f1	CHILD_NODE: (RENAMED:|OBS INDEX []|STATI:10,21|EVENTI:cl)
PARENT_NODE:(RENAMED:|OBS INDEX []|STATI:10,21|EVENTI:cl)	TRANSITION: b2	LABEL_OBS: cls	LABEL_REL: ε	CHILD_NODE: (RENAMED:|OBS INDEX []|STATI:10,20|EVENTI:ε)
PARENT_NODE:(RENAMED:|OBS INDEX []|STATI:10,21|EVENTI:cl)	TRANSITION: b4	LABEL_OBS: ε	LABEL_REL: f4	CHILD_NODE: (RENAMED:|OBS INDEX []|STATI:10,21|EVENTI:ε)
PARENT_NODE:(RENAMED:|OBS INDEX []|STATI:11,21|EVENTI:op)	TRANSITION: b6	LABEL_OBS: nop	LABEL_REL: ε	CHILD_NODE: (RENAMED:|OBS INDEX []|STATI:11,21|EVENTI:ε)
PARENT_NODE:(RENAMED:|OBS INDEX []|STATI:11,21|EVENTI:op)	TRANSITION: b8	LABEL_OBS: cls	LABEL_REL: f6	CHILD_NODE: (RENAMED:|OBS INDEX []|STATI:11,20|EVENTI:ε)
PARENT_NODE:(RENAMED:|OBS INDEX []|STATI:11,20|EVENTI:ε)	TRANSITION: s2	LABEL_OBS: sby	LABEL_REL: ε	CHILD_NODE: (RENAMED:|OBS INDEX []|STATI:10,20|EVENTI:cl)
PARENT_NODE:(RENAMED:|OBS INDEX []|STATI:11,20|EVENTI:ε)	TRANSITION: s4	LABEL_OBS: ε	LABEL_REL: f2	CHILD_NODE: (RENAMED:|OBS INDEX []|STATI:11,20|EVENTI:op)
PARENT_NODE:(RENAMED:|OBS INDEX []|STATI:11,21|EVENTI:ε)	TRANSITION: s2	LABEL_OBS: sby	LABEL_REL: ε	CHILD_NODE: (RENAMED:|OBS INDEX []|STATI:10,21|EVENTI:cl)
PARENT_NODE:(RENAMED:|OBS INDEX []|STATI:11,21|EVENTI:ε)	TRANSITION: s4	LABEL_OBS: ε	LABEL_REL: f2	CHILD_NODE: (RENAMED:|OBS INDEX []|STATI:11,21|EVENTI:op)
PARENT_NODE:(RENAMED:|OBS INDEX []|STATI:11,20|EVENTI:op)	TRANSITION: b1	LABEL_OBS: opn	LABEL_REL: ε	CHILD_NODE: (RENAMED:|OBS INDEX []|STATI:11,21|EVENTI:ε)
PARENT_NODE:(RENAMED:|OBS INDEX []|STATI:11,20|EVENTI:op)	TRANSITION: b3	LABEL_OBS: ε	LABEL_REL: f3	CHILD_NODE: (RENAMED:|OBS INDEX []|STATI:11,20|EVENTI:ε)

[INFO]	DIMENSIONE GRAFO->16	|DIMENSIONE STATI FINALI->4	|DIMENSIONE CODA->0
[WARNING]	PRUNED GRAPH	PARENT_NODE:(RENAMED:|OBS INDEX []|STATI:10,20|EVENTI:ε)	TRANSITION: s1	LABEL_OBS: act	LABEL_REL: ε	CHILD_NODE: (RENAMED:|OBS INDEX []|STATI:11,20|EVENTI:op)
PARENT_NODE:(RENAMED:|OBS INDEX []|STATI:10,20|EVENTI:ε)	TRANSITION: s3	LABEL_OBS: ε	LABEL_REL: f1	CHILD_NODE: (RENAMED:|OBS INDEX []|STATI:10,20|EVENTI:cl)
PARENT_NODE:(RENAMED:|OBS INDEX []|STATI:10,20|EVENTI:cl)	TRANSITION: b7	LABEL_OBS: opn	LABEL_REL: f5	CHILD_NODE: (RENAMED:|OBS INDEX []|STATI:10,21|EVENTI:ε)
PARENT_NODE:(RENAMED:|OBS INDEX []|STATI:10,20|EVENTI:cl)	TRANSITION: b5	LABEL_OBS: nop	LABEL_REL: ε	CHILD_NODE: (RENAMED:|OBS INDEX []|STATI:10,20|EVENTI:ε)
PARENT_NODE:(RENAMED:|OBS INDEX []|STATI:10,21|EVENTI:ε)	TRANSITION: s1	LABEL_OBS: act	LABEL_REL: ε	CHILD_NODE: (RENAMED:|OBS INDEX []|STATI:11,21|EVENTI:op)
PARENT_NODE:(RENAMED:|OBS INDEX []|STATI:10,21|EVENTI:ε)	TRANSITION: s3	LABEL_OBS: ε	LABEL_REL: f1	CHILD_NODE: (RENAMED:|OBS INDEX []|STATI:10,21|EVENTI:cl)
PARENT_NODE:(RENAMED:|OBS INDEX []|STATI:10,21|EVENTI:cl)	TRANSITION: b2	LABEL_OBS: cls	LABEL_REL: ε	CHILD_NODE: (RENAMED:|OBS INDEX []|STATI:10,20|EVENTI:ε)
PARENT_NODE:(RENAMED:|OBS INDEX []|STATI:10,21|EVENTI:cl)	TRANSITION: b4	LABEL_OBS: ε	LABEL_REL: f4	CHILD_NODE: (RENAMED:|OBS INDEX []|STATI:10,21|EVENTI:ε)
PARENT_NODE:(RENAMED:|OBS INDEX []|STATI:11,21|EVENTI:op)	TRANSITION: b6	LABEL_OBS: nop	LABEL_REL: ε	CHILD_NODE: (RENAMED:|OBS INDEX []|STATI:11,21|EVENTI:ε)
PARENT_NODE:(RENAMED:|OBS INDEX []|STATI:11,21|EVENTI:op)	TRANSITION: b8	LABEL_OBS: cls	LABEL_REL: f6	CHILD_NODE: (RENAMED:|OBS INDEX []|STATI:11,20|EVENTI:ε)
PARENT_NODE:(RENAMED:|OBS INDEX []|STATI:11,20|EVENTI:ε)	TRANSITION: s2	LABEL_OBS: sby	LABEL_REL: ε	CHILD_NODE: (RENAMED:|OBS INDEX []|STATI:10,20|EVENTI:cl)
PARENT_NODE:(RENAMED:|OBS INDEX []|STATI:11,20|EVENTI:ε)	TRANSITION: s4	LABEL_OBS: ε	LABEL_REL: f2	CHILD_NODE: (RENAMED:|OBS INDEX []|STATI:11,20|EVENTI:op)
PARENT_NODE:(RENAMED:|OBS INDEX []|STATI:11,21|EVENTI:ε)	TRANSITION: s2	LABEL_OBS: sby	LABEL_REL: ε	CHILD_NODE: (RENAMED:|OBS INDEX []|STATI:10,21|EVENTI:cl)
PARENT_NODE:(RENAMED:|OBS INDEX []|STATI:11,21|EVENTI:ε)	TRANSITION: s4	LABEL_OBS: ε	LABEL_REL: f2	CHILD_NODE: (RENAMED:|OBS INDEX []|STATI:11,21|EVENTI:op)
PARENT_NODE:(RENAMED:|OBS INDEX []|STATI:11,20|EVENTI:op)	TRANSITION: b1	LABEL_OBS: opn	LABEL_REL: ε	CHILD_NODE: (RENAMED:|OBS INDEX []|STATI:11,21|EVENTI:ε)
PARENT_NODE:(RENAMED:|OBS INDEX []|STATI:11,20|EVENTI:op)	TRANSITION: b3	LABEL_OBS: ε	LABEL_REL: f3	CHILD_NODE: (RENAMED:|OBS INDEX []|STATI:11,20|EVENTI:ε)

[WARNING]	RENAMED GRAPH	PARENT_NODE:(RENAMED:0|OBS INDEX []|STATI:10,20|EVENTI:ε)	TRANSITION: s1	LABEL_OBS: act	LABEL_REL: ε	CHILD_NODE: (RENAMED:7|OBS INDEX []|STATI:11,20|EVENTI:op)
PARENT_NODE:(RENAMED:0|OBS INDEX []|STATI:10,20|EVENTI:ε)	TRANSITION: s3	LABEL_OBS: ε	LABEL_REL: f1	CHILD_NODE: (RENAMED:1|OBS INDEX []|STATI:10,20|EVENTI:cl)
PARENT_NODE:(RENAMED:1|OBS INDEX []|STATI:10,20|EVENTI:cl)	TRANSITION: b7	LABEL_OBS: opn	LABEL_REL: f5	CHILD_NODE: (RENAMED:2|OBS INDEX []|STATI:10,21|EVENTI:ε)
PARENT_NODE:(RENAMED:1|OBS INDEX []|STATI:10,20|EVENTI:cl)	TRANSITION: b5	LABEL_OBS: nop	LABEL_REL: ε	CHILD_NODE: (RENAMED:0|OBS INDEX []|STATI:10,20|EVENTI:ε)
PARENT_NODE:(RENAMED:2|OBS INDEX []|STATI:10,21|EVENTI:ε)	TRANSITION: s1	LABEL_OBS: act	LABEL_REL: ε	CHILD_NODE: (RENAMED:4|OBS INDEX []|STATI:11,21|EVENTI:op)
PARENT_NODE:(RENAMED:2|OBS INDEX []|STATI:10,21|EVENTI:ε)	TRANSITION: s3	LABEL_OBS: ε	LABEL_REL: f1	CHILD_NODE: (RENAMED:3|OBS INDEX []|STATI:10,21|EVENTI:cl)
PARENT_NODE:(RENAMED:3|OBS INDEX []|STATI:10,21|EVENTI:cl)	TRANSITION: b2	LABEL_OBS: cls	LABEL_REL: ε	CHILD_NODE: (RENAMED:0|OBS INDEX []|STATI:10,20|EVENTI:ε)
PARENT_NODE:(RENAMED:3|OBS INDEX []|STATI:10,21|EVENTI:cl)	TRANSITION: b4	LABEL_OBS: ε	LABEL_REL: f4	CHILD_NODE: (RENAMED:2|OBS INDEX []|STATI:10,21|EVENTI:ε)
PARENT_NODE:(RENAMED:4|OBS INDEX []|STATI:11,21|EVENTI:op)	TRANSITION: b6	LABEL_OBS: nop	LABEL_REL: ε	CHILD_NODE: (RENAMED:6|OBS INDEX []|STATI:11,21|EVENTI:ε)
PARENT_NODE:(RENAMED:4|OBS INDEX []|STATI:11,21|EVENTI:op)	TRANSITION: b8	LABEL_OBS: cls	LABEL_REL: f6	CHILD_NODE: (RENAMED:5|OBS INDEX []|STATI:11,20|EVENTI:ε)
PARENT_NODE:(RENAMED:5|OBS INDEX []|STATI:11,20|EVENTI:ε)	TRANSITION: s2	LABEL_OBS: sby	LABEL_REL: ε	CHILD_NODE: (RENAMED:1|OBS INDEX []|STATI:10,20|EVENTI:cl)
PARENT_NODE:(RENAMED:5|OBS INDEX []|STATI:11,20|EVENTI:ε)	TRANSITION: s4	LABEL_OBS: ε	LABEL_REL: f2	CHILD_NODE: (RENAMED:7|OBS INDEX []|STATI:11,20|EVENTI:op)
PARENT_NODE:(RENAMED:6|OBS INDEX []|STATI:11,21|EVENTI:ε)	TRANSITION: s2	LABEL_OBS: sby	LABEL_REL: ε	CHILD_NODE: (RENAMED:3|OBS INDEX []|STATI:10,21|EVENTI:cl)
PARENT_NODE:(RENAMED:6|OBS INDEX []|STATI:11,21|EVENTI:ε)	TRANSITION: s4	LABEL_OBS: ε	LABEL_REL: f2	CHILD_NODE: (RENAMED:4|OBS INDEX []|STATI:11,21|EVENTI:op)
PARENT_NODE:(RENAMED:7|OBS INDEX []|STATI:11,20|EVENTI:op)	TRANSITION: b1	LABEL_OBS: opn	LABEL_REL: ε	CHILD_NODE: (RENAMED:6|OBS INDEX []|STATI:11,21|EVENTI:ε)
PARENT_NODE:(RENAMED:7|OBS INDEX []|STATI:11,20|EVENTI:op)	TRANSITION: b3	LABEL_OBS: ε	LABEL_REL: f3	CHILD_NODE: (RENAMED:5|OBS INDEX []|STATI:11,20|EVENTI:ε)

[DEBUG]	STARTING GENERATE_CLOSURE_SPACE
[INFO]	DIMENSION:1 NEW SERIES EXECUTED:[('N0', 'ε f1', 'NQ')]
[INFO]	DIMENSION:1 NEW PARALLEL EXECUTED:[('N0', 'ε f1', 'NQ')]
[INFO]	DIMENSION:1 NEW LOOP EXECUTED:[('N0', 'ε f1', 'NQ')]
[INFO]	DIMENSION:1 NEW SERIES EXECUTED:[('N0', 'ε f1', 'NQ')]
[INFO]	DIMENSION:1 NEW PARALLEL EXECUTED:[('N0', 'ε f1', 'NQ')]
[INFO]	DIMENSION:1 NEW LOOP EXECUTED:[('N0', 'ε f1', 'NQ')]
[INFO]	SILENT SPACE 	:0DELTA
[INFO]	EXIT TRANSICTIONS-> PARENT:(RENAMED:0|STATI:10,20|EVENTI:ε)	TRANSICTION:s1 S 11   L op act ε	CHILD:(RENAMED:7|STATI:11,20|EVENTI:op)
[INFO]	EXIT TRANSICTIONS-> PARENT:(RENAMED:1|STATI:10,20|EVENTI:cl)	TRANSICTION:b7 B 21 L cl opn f5  f1	CHILD:(RENAMED:2|STATI:10,21|EVENTI:ε)
[INFO]	EXIT TRANSICTIONS-> PARENT:(RENAMED:1|STATI:10,20|EVENTI:cl)	TRANSICTION:b5 B 20 L cl nop f1	CHILD:(RENAMED:0|STATI:10,20|EVENTI:ε)
[INFO]	DIMENSION:4 NEW SERIES EXECUTED:[('N0', 'ε', 7), (7, 'f3', 5), (5, 'f2', 7), (5, 'ε', 'NQ')]
[INFO]	DIMENSION:4 NEW PARALLEL EXECUTED:[('N0', 'ε', 7), (7, 'f3', 5), (5, 'f2', 7), (5, 'ε', 'NQ')]
[INFO]	DIMENSION:3 NEW LOOP EXECUTED:[(5, '(f2 f3)', 5), (5, 'ε', 'NQ'), ('N0', 'f3', 5)]
[INFO]	DIMENSION:3 NEW SERIES EXECUTED:[('N0', 'f3', 5), (5, '(f2 f3)', 5), (5, 'ε', 'NQ')]
[INFO]	DIMENSION:3 NEW PARALLEL EXECUTED:[('N0', 'f3', 5), (5, '(f2 f3)', 5), (5, 'ε', 'NQ')]
[INFO]	DIMENSION:1 NEW LOOP EXECUTED:[('N0', '(f3 ((f2 f3))*)', 'NQ')]
[INFO]	DIMENSION:3 NEW SERIES EXECUTED:[('N0', 'ε', 7), (7, 'f3 f2', 7), (7, 'ε', 'NQ')]
[INFO]	DIMENSION:3 NEW PARALLEL EXECUTED:[('N0', 'ε', 7), (7, 'f3 f2', 7), (7, 'ε', 'NQ')]
[INFO]	DIMENSION:1 NEW LOOP EXECUTED:[('N0', '(ε (f3 f2)* ε)', 'NQ')]
[INFO]	DIMENSION:4 NEW SERIES EXECUTED:[('N0', 'ε', 7), (7, 'f3', 5), (5, 'f2', 7), (5, 'ε', 'NQ')]
[INFO]	DIMENSION:4 NEW PARALLEL EXECUTED:[('N0', 'ε', 7), (7, 'f3', 5), (5, 'f2', 7), (5, 'ε', 'NQ')]
[INFO]	DIMENSION:3 NEW LOOP EXECUTED:[(5, '(f2 f3)', 5), (5, 'ε', 'NQ'), ('N0', 'f3', 5)]
[INFO]	DIMENSION:3 NEW SERIES EXECUTED:[('N0', 'f3', 5), (5, '(f2 f3)', 5), (5, 'ε', 'NQ')]
[INFO]	DIMENSION:3 NEW PARALLEL EXECUTED:[('N0', 'f3', 5), (5, '(f2 f3)', 5), (5, 'ε', 'NQ')]
[INFO]	DIMENSION:1 NEW LOOP EXECUTED:[('N0', '(f3 ((f2 f3))*)', 'NQ')]
[INFO]	SILENT SPACE 	:1DELTA(f3 ((f2 f3))*)
[INFO]	EXIT TRANSICTIONS-> PARENT:(RENAMED:7|STATI:11,20|EVENTI:op)	TRANSICTION:b1 B 21 L op opn ( (f3 f2)* )	CHILD:(RENAMED:6|STATI:11,21|EVENTI:ε)
[INFO]	EXIT TRANSICTIONS-> PARENT:(RENAMED:5|STATI:11,20|EVENTI:ε)	TRANSICTION:s2 S 10   L cl sby (f3 ((f2 f3))*)	CHILD:(RENAMED:1|STATI:10,20|EVENTI:cl)
[INFO]	DIMENSION:3 NEW SERIES EXECUTED:[('N0', 'ε', 2), (2, 'f1 f4', 2), (2, 'ε', 'NQ')]
[INFO]	DIMENSION:3 NEW PARALLEL EXECUTED:[('N0', 'ε', 2), (2, 'f1 f4', 2), (2, 'ε', 'NQ')]
[INFO]	DIMENSION:1 NEW LOOP EXECUTED:[('N0', '(ε (f1 f4)* ε)', 'NQ')]
[INFO]	DIMENSION:3 NEW SERIES EXECUTED:[('N0', 'ε', 2), (2, 'f1 f4', 2), (2, 'ε', 'NQ')]
[INFO]	DIMENSION:3 NEW PARALLEL EXECUTED:[('N0', 'ε', 2), (2, 'f1 f4', 2), (2, 'ε', 'NQ')]
[INFO]	DIMENSION:1 NEW LOOP EXECUTED:[('N0', '(ε (f1 f4)* ε)', 'NQ')]
[INFO]	DIMENSION:4 NEW SERIES EXECUTED:[('N0', 'ε', 2), (2, 'f1', 3), (3, 'f4', 2), (3, 'ε', 'NQ')]
[INFO]	DIMENSION:4 NEW PARALLEL EXECUTED:[('N0', 'ε', 2), (2, 'f1', 3), (3, 'f4', 2), (3, 'ε', 'NQ')]
[INFO]	DIMENSION:3 NEW LOOP EXECUTED:[(3, '(f4 f1)', 3), (3, 'ε', 'NQ'), ('N0', 'f1', 3)]
[INFO]	DIMENSION:3 NEW SERIES EXECUTED:[('N0', 'f1', 3), (3, '(f4 f1)', 3), (3, 'ε', 'NQ')]
[INFO]	DIMENSION:3 NEW PARALLEL EXECUTED:[('N0', 'f1', 3), (3, '(f4 f1)', 3), (3, 'ε', 'NQ')]
[INFO]	DIMENSION:1 NEW LOOP EXECUTED:[('N0', '(f1 ((f4 f1))*)', 'NQ')]
[INFO]	SILENT SPACE 	:2DELTA(ε (f1 f4)* ε)
[INFO]	EXIT TRANSICTIONS-> PARENT:(RENAMED:2|STATI:10,21|EVENTI:ε)	TRANSICTION:s1 S 11   L op act ( (f1 f4)* )	CHILD:(RENAMED:4|STATI:11,21|EVENTI:op)
[INFO]	EXIT TRANSICTIONS-> PARENT:(RENAMED:3|STATI:10,21|EVENTI:cl)	TRANSICTION:b2 B 20 L cl cls (f1 ((f4 f1))*)	CHILD:(RENAMED:0|STATI:10,20|EVENTI:ε)
[INFO]	SILENT SPACE 	:3DELTA
[INFO]	EXIT TRANSICTIONS-> PARENT:(RENAMED:4|STATI:11,21|EVENTI:op)	TRANSICTION:b6 B 21 L op nop ε	CHILD:(RENAMED:6|STATI:11,21|EVENTI:ε)
[INFO]	EXIT TRANSICTIONS-> PARENT:(RENAMED:4|STATI:11,21|EVENTI:op)	TRANSICTION:b8 B 20 L op cls f6	CHILD:(RENAMED:5|STATI:11,20|EVENTI:ε)
[INFO]	DIMENSION:1 NEW SERIES EXECUTED:[('N0', 'ε f2', 'NQ')]
[INFO]	DIMENSION:1 NEW PARALLEL EXECUTED:[('N0', 'ε f2', 'NQ')]
[INFO]	DIMENSION:1 NEW LOOP EXECUTED:[('N0', 'ε f2', 'NQ')]
[INFO]	DIMENSION:1 NEW SERIES EXECUTED:[('N0', 'ε f2', 'NQ')]
[INFO]	DIMENSION:1 NEW PARALLEL EXECUTED:[('N0', 'ε f2', 'NQ')]
[INFO]	DIMENSION:1 NEW LOOP EXECUTED:[('N0', 'ε f2', 'NQ')]
[INFO]	SILENT SPACE 	:4DELTA
[INFO]	EXIT TRANSICTIONS-> PARENT:(RENAMED:6|STATI:11,21|EVENTI:ε)	TRANSICTION:s2 S 10   L cl sby ε	CHILD:(RENAMED:3|STATI:10,21|EVENTI:cl)
[INFO]	EXIT TRANSICTIONS-> PARENT:(RENAMED:4|STATI:11,21|EVENTI:op)	TRANSICTION:b6 B 21 L op nop f2	CHILD:(RENAMED:6|STATI:11,21|EVENTI:ε)
[INFO]	EXIT TRANSICTIONS-> PARENT:(RENAMED:4|STATI:11,21|EVENTI:op)	TRANSICTION:b8 B 20 L op cls f6  f2	CHILD:(RENAMED:5|STATI:11,20|EVENTI:ε)
[INFO]	DIMENSION:3 NEW SERIES EXECUTED:[('N0', 'ε', 5), (5, 'f2 f3', 5), (5, 'ε', 'NQ')]
[INFO]	DIMENSION:3 NEW PARALLEL EXECUTED:[('N0', 'ε', 5), (5, 'f2 f3', 5), (5, 'ε', 'NQ')]
[INFO]	DIMENSION:1 NEW LOOP EXECUTED:[('N0', '(ε (f2 f3)* ε)', 'NQ')]
[INFO]	DIMENSION:3 NEW SERIES EXECUTED:[('N0', 'ε', 5), (5, 'f2 f3', 5), (5, 'ε', 'NQ')]
[INFO]	DIMENSION:3 NEW PARALLEL EXECUTED:[('N0', 'ε', 5), (5, 'f2 f3', 5), (5, 'ε', 'NQ')]
[INFO]	DIMENSION:1 NEW LOOP EXECUTED:[('N0', '(ε (f2 f3)* ε)', 'NQ')]
[INFO]	DIMENSION:4 NEW SERIES EXECUTED:[('N0', 'ε', 5), (5, 'f2', 7), (7, 'f3', 5), (7, 'ε', 'NQ')]
[INFO]	DIMENSION:4 NEW PARALLEL EXECUTED:[('N0', 'ε', 5), (5, 'f2', 7), (7, 'f3', 5), (7, 'ε', 'NQ')]
[INFO]	DIMENSION:3 NEW LOOP EXECUTED:[(7, '(f3 f2)', 7), (7, 'ε', 'NQ'), ('N0', 'f2', 7)]
[INFO]	DIMENSION:3 NEW SERIES EXECUTED:[('N0', 'f2', 7), (7, '(f3 f2)', 7), (7, 'ε', 'NQ')]
[INFO]	DIMENSION:3 NEW PARALLEL EXECUTED:[('N0', 'f2', 7), (7, '(f3 f2)', 7), (7, 'ε', 'NQ')]
[INFO]	DIMENSION:1 NEW LOOP EXECUTED:[('N0', '(f2 ((f3 f2))*)', 'NQ')]
[INFO]	SILENT SPACE 	:5DELTA(ε (f2 f3)* ε)
[INFO]	EXIT TRANSICTIONS-> PARENT:(RENAMED:5|STATI:11,20|EVENTI:ε)	TRANSICTION:s2 S 10   L cl sby ( (f2 f3)* )	CHILD:(RENAMED:1|STATI:10,20|EVENTI:cl)
[INFO]	EXIT TRANSICTIONS-> PARENT:(RENAMED:7|STATI:11,20|EVENTI:op)	TRANSICTION:b1 B 21 L op opn (f2 ((f3 f2))*)	CHILD:(RENAMED:6|STATI:11,21|EVENTI:ε)
[INFO]	SILENT SPACE 	:6DELTA
[INFO]	EXIT TRANSICTIONS-> PARENT:(RENAMED:1|STATI:10,20|EVENTI:cl)	TRANSICTION:b7 B 21 L cl opn f5	CHILD:(RENAMED:2|STATI:10,21|EVENTI:ε)
[INFO]	EXIT TRANSICTIONS-> PARENT:(RENAMED:1|STATI:10,20|EVENTI:cl)	TRANSICTION:b5 B 20 L cl nop ε	CHILD:(RENAMED:0|STATI:10,20|EVENTI:ε)
[INFO]	DIMENSION:4 NEW SERIES EXECUTED:[('N0', 'ε', 3), (3, 'f4', 2), (2, 'f1', 3), (2, 'ε', 'NQ')]
[INFO]	DIMENSION:4 NEW PARALLEL EXECUTED:[('N0', 'ε', 3), (3, 'f4', 2), (2, 'f1', 3), (2, 'ε', 'NQ')]
[INFO]	DIMENSION:3 NEW LOOP EXECUTED:[(2, '(f1 f4)', 2), (2, 'ε', 'NQ'), ('N0', 'f4', 2)]
[INFO]	DIMENSION:3 NEW SERIES EXECUTED:[('N0', 'f4', 2), (2, '(f1 f4)', 2), (2, 'ε', 'NQ')]
[INFO]	DIMENSION:3 NEW PARALLEL EXECUTED:[('N0', 'f4', 2), (2, '(f1 f4)', 2), (2, 'ε', 'NQ')]
[INFO]	DIMENSION:1 NEW LOOP EXECUTED:[('N0', '(f4 ((f1 f4))*)', 'NQ')]
[INFO]	DIMENSION:3 NEW SERIES EXECUTED:[('N0', 'ε', 3), (3, 'f4 f1', 3), (3, 'ε', 'NQ')]
[INFO]	DIMENSION:3 NEW PARALLEL EXECUTED:[('N0', 'ε', 3), (3, 'f4 f1', 3), (3, 'ε', 'NQ')]
[INFO]	DIMENSION:1 NEW LOOP EXECUTED:[('N0', '(ε (f4 f1)* ε)', 'NQ')]
[INFO]	DIMENSION:4 NEW SERIES EXECUTED:[('N0', 'ε', 3), (3, 'f4', 2), (2, 'f1', 3), (2, 'ε', 'NQ')]
[INFO]	DIMENSION:4 NEW PARALLEL EXECUTED:[('N0', 'ε', 3), (3, 'f4', 2), (2, 'f1', 3), (2, 'ε', 'NQ')]
[INFO]	DIMENSION:3 NEW LOOP EXECUTED:[(2, '(f1 f4)', 2), (2, 'ε', 'NQ'), ('N0', 'f4', 2)]
[INFO]	DIMENSION:3 NEW SERIES EXECUTED:[('N0', 'f4', 2), (2, '(f1 f4)', 2), (2, 'ε', 'NQ')]
[INFO]	DIMENSION:3 NEW PARALLEL EXECUTED:[('N0', 'f4', 2), (2, '(f1 f4)', 2), (2, 'ε', 'NQ')]
[INFO]	DIMENSION:1 NEW LOOP EXECUTED:[('N0', '(f4 ((f1 f4))*)', 'NQ')]
[INFO]	SILENT SPACE 	:7DELTA(f4 ((f1 f4))*)
[INFO]	EXIT TRANSICTIONS-> PARENT:(RENAMED:3|STATI:10,21|EVENTI:cl)	TRANSICTION:b2 B 20 L cl cls ( (f4 f1)* )	CHILD:(RENAMED:0|STATI:10,20|EVENTI:ε)
[INFO]	EXIT TRANSICTIONS-> PARENT:(RENAMED:2|STATI:10,21|EVENTI:ε)	TRANSICTION:s1 S 11   L op act (f4 ((f1 f4))*)	CHILD:(RENAMED:4|STATI:11,21|EVENTI:op)
[DEBUG]	STARTING GENERATE_DIAGNOSTIC_GRAPH
[CRITICAL]	SILENT_PARENT 0 DELTA: 	TRANSITION s1 OBSERVABLE: act RELEVANT: ε	SILENT_CHILD 1
[CRITICAL]	SILENT_PARENT 0 DELTA: 	TRANSITION b7 OBSERVABLE: opn RELEVANT: f5  f1	SILENT_CHILD 2
[CRITICAL]	SILENT_PARENT 0 DELTA: 	TRANSITION b5 OBSERVABLE: nop RELEVANT: f1	SILENT_CHILD 0
[CRITICAL]	SILENT_PARENT 1 DELTA: (f3 ((f2 f3))*)	TRANSITION b1 OBSERVABLE: opn RELEVANT: ( (f3 f2)* )	SILENT_CHILD 4
[CRITICAL]	SILENT_PARENT 1 DELTA: (f3 ((f2 f3))*)	TRANSITION s2 OBSERVABLE: sby RELEVANT: (f3 ((f2 f3))*)	SILENT_CHILD 6
[CRITICAL]	SILENT_PARENT 2 DELTA: (ε (f1 f4)* ε)	TRANSITION s1 OBSERVABLE: act RELEVANT: ( (f1 f4)* )	SILENT_CHILD 3
[CRITICAL]	SILENT_PARENT 2 DELTA: (ε (f1 f4)* ε)	TRANSITION b2 OBSERVABLE: cls RELEVANT: (f1 ((f4 f1))*)	SILENT_CHILD 0
[CRITICAL]	SILENT_PARENT 3 DELTA: 	TRANSITION b6 OBSERVABLE: nop RELEVANT: ε	SILENT_CHILD 4
[CRITICAL]	SILENT_PARENT 3 DELTA: 	TRANSITION b8 OBSERVABLE: cls RELEVANT: f6	SILENT_CHILD 5
[CRITICAL]	SILENT_PARENT 4 DELTA: 	TRANSITION s2 OBSERVABLE: sby RELEVANT: ε	SILENT_CHILD 7
[CRITICAL]	SILENT_PARENT 4 DELTA: 	TRANSITION b6 OBSERVABLE: nop RELEVANT: f2	SILENT_CHILD 4
[CRITICAL]	SILENT_PARENT 4 DELTA: 	TRANSITION b8 OBSERVABLE: cls RELEVANT: f6  f2	SILENT_CHILD 5
[CRITICAL]	SILENT_PARENT 5 DELTA: (ε (f2 f3)* ε)	TRANSITION s2 OBSERVABLE: sby RELEVANT: ( (f2 f3)* )	SILENT_CHILD 6
[CRITICAL]	SILENT_PARENT 5 DELTA: (ε (f2 f3)* ε)	TRANSITION b1 OBSERVABLE: opn RELEVANT: (f2 ((f3 f2))*)	SILENT_CHILD 4
[CRITICAL]	SILENT_PARENT 6 DELTA: 	TRANSITION b7 OBSERVABLE: opn RELEVANT: f5	SILENT_CHILD 2
[CRITICAL]	SILENT_PARENT 6 DELTA: 	TRANSITION b5 OBSERVABLE: nop RELEVANT: ε	SILENT_CHILD 0
[CRITICAL]	SILENT_PARENT 7 DELTA: (f4 ((f1 f4))*)	TRANSITION b2 OBSERVABLE: cls RELEVANT: ( (f4 f1)* )	SILENT_CHILD 0
[CRITICAL]	SILENT_PARENT 7 DELTA: (f4 ((f1 f4))*)	TRANSITION s1 OBSERVABLE: act RELEVANT: (f4 ((f1 f4))*)	SILENT_CHILD 3
[DEBUG]	STARTING GENERATE_LINEAR_DIAGNOSIS
[CRITICAL]	LINEAR DIAGNOSIS: (((f3f2)*)((f4 ((f1 f4))*)))|((((f3f2)*)f6f2|f5f1((f1f4)*)f6)((ε (f2 f3)* ε)))|(f1(f3((f2f3))*)())|((f5f1(f1((f4f1))*)|f1f1)((f3 ((f2 f3))*)))|(((f3((f2f3))*)f5|(f5f1(f1((f4f1))*)|f1f1)f5f1)((ε (f1 f4)* ε)))|
[CRITICAL]	Execution time|0:00:00.019734
