[DEBUG]	STARTING SPAZIO COMPORTAMENTALE OSSERVABILE
[INFO]	DIMENSION QUEUE:1 ADDED TO QUEUE:(RENAMED:|STATI:10,20|EVENTI:ε)
[INFO]	DIMENSION POSSIBLE TRANSITION:6
[INFO]	POSSIBLE TRANSITION s1 S 11   L op act ε
[INFO]	POSSIBLE TRANSITION s3 S 10   L cl ε f1
[INFO]	POSSIBLE TRANSITION b1 B 21 L op opn ε
[INFO]	POSSIBLE TRANSITION b7 B 21 L cl opn f5
[INFO]	POSSIBLE TRANSITION b3 B 20 L op ε f3
[INFO]	POSSIBLE TRANSITION b5 B 20 L cl nop ε
[INFO]	DIMENSION ALLOWED TRANSITION: 2
[INFO]	ALLOWED TRANSITION s1 S 11   L op act ε
[INFO]	ALLOWED TRANSITION s3 S 10   L cl ε f1
[INFO]	FOUND NEW BEHAVIORAL STATE: (RENAMED:|STATI:11,20|EVENTI:op)
[INFO]	SNAPSHOT|	|DIMENSIONE GRAFO->1	|DIMENSIONE STATI FINALI->0	|DIMENSIONE CODA->1
[INFO]	FOUND NEW BEHAVIORAL STATE: (RENAMED:|STATI:10,20|EVENTI:cl)
[INFO]	SNAPSHOT|	|DIMENSIONE GRAFO->2	|DIMENSIONE STATI FINALI->0	|DIMENSIONE CODA->2
[INFO]	DIMENSION POSSIBLE TRANSITION:6
[INFO]	POSSIBLE TRANSITION s1 S 11   L op act ε
[INFO]	POSSIBLE TRANSITION s3 S 10   L cl ε f1
[INFO]	POSSIBLE TRANSITION b1 B 21 L op opn ε
[INFO]	POSSIBLE TRANSITION b7 B 21 L cl opn f5
[INFO]	POSSIBLE TRANSITION b3 B 20 L op ε f3
[INFO]	POSSIBLE TRANSITION b5 B 20 L cl nop ε
[INFO]	DIMENSION ALLOWED TRANSITION: 0
[INFO]	DIMENSION POSSIBLE TRANSITION:6
[INFO]	POSSIBLE TRANSITION s2 S 10   L cl sby ε
[INFO]	POSSIBLE TRANSITION s4 S 11   L op ε f2
[INFO]	POSSIBLE TRANSITION b1 B 21 L op opn ε
[INFO]	POSSIBLE TRANSITION b7 B 21 L cl opn f5
[INFO]	POSSIBLE TRANSITION b3 B 20 L op ε f3
[INFO]	POSSIBLE TRANSITION b5 B 20 L cl nop ε
[INFO]	DIMENSION ALLOWED TRANSITION: 1
[INFO]	ALLOWED TRANSITION b3 B 20 L op ε f3
[INFO]	FOUND NEW BEHAVIORAL STATE: (RENAMED:|STATI:11,20|EVENTI:ε)
[INFO]	SNAPSHOT|	|DIMENSIONE GRAFO->3	|DIMENSIONE STATI FINALI->0	|DIMENSIONE CODA->1
[INFO]	DIMENSION POSSIBLE TRANSITION:6
[INFO]	POSSIBLE TRANSITION s2 S 10   L cl sby ε
[INFO]	POSSIBLE TRANSITION s4 S 11   L op ε f2
[INFO]	POSSIBLE TRANSITION b1 B 21 L op opn ε
[INFO]	POSSIBLE TRANSITION b7 B 21 L cl opn f5
[INFO]	POSSIBLE TRANSITION b3 B 20 L op ε f3
[INFO]	POSSIBLE TRANSITION b5 B 20 L cl nop ε
[INFO]	DIMENSION ALLOWED TRANSITION: 2
[INFO]	ALLOWED TRANSITION s2 S 10   L cl sby ε
[INFO]	ALLOWED TRANSITION s4 S 11   L op ε f2
[INFO]	FOUND NEW BEHAVIORAL STATE: (RENAMED:|STATI:10,20|EVENTI:cl)
[INFO]	SNAPSHOT|	|DIMENSIONE GRAFO->4	|DIMENSIONE STATI FINALI->0	|DIMENSIONE CODA->1
[INFO]	SNAPSHOT|	|DIMENSIONE GRAFO->5	|DIMENSIONE STATI FINALI->0	|DIMENSIONE CODA->1
[INFO]	DIMENSION POSSIBLE TRANSITION:6
[INFO]	POSSIBLE TRANSITION s1 S 11   L op act ε
[INFO]	POSSIBLE TRANSITION s3 S 10   L cl ε f1
[INFO]	POSSIBLE TRANSITION b1 B 21 L op opn ε
[INFO]	POSSIBLE TRANSITION b7 B 21 L cl opn f5
[INFO]	POSSIBLE TRANSITION b3 B 20 L op ε f3
[INFO]	POSSIBLE TRANSITION b5 B 20 L cl nop ε
[INFO]	DIMENSION ALLOWED TRANSITION: 1
[INFO]	ALLOWED TRANSITION b5 B 20 L cl nop ε
[INFO]	FOUND NEW BEHAVIORAL STATE: (RENAMED:|STATI:10,20|EVENTI:ε)
[INFO]	FOUND NEW FINAL STATE: (RENAMED:|STATI:10,20|EVENTI:ε)
[INFO]	SNAPSHOT|	|DIMENSIONE GRAFO->6	|DIMENSIONE STATI FINALI->1	|DIMENSIONE CODA->1
[INFO]	DIMENSION POSSIBLE TRANSITION:6
[INFO]	POSSIBLE TRANSITION s1 S 11   L op act ε
[INFO]	POSSIBLE TRANSITION s3 S 10   L cl ε f1
[INFO]	POSSIBLE TRANSITION b1 B 21 L op opn ε
[INFO]	POSSIBLE TRANSITION b7 B 21 L cl opn f5
[INFO]	POSSIBLE TRANSITION b3 B 20 L op ε f3
[INFO]	POSSIBLE TRANSITION b5 B 20 L cl nop ε
[INFO]	DIMENSION ALLOWED TRANSITION: 1
[INFO]	ALLOWED TRANSITION s3 S 10   L cl ε f1
[INFO]	FOUND NEW BEHAVIORAL STATE: (RENAMED:|STATI:10,20|EVENTI:cl)
[INFO]	SNAPSHOT|	|DIMENSIONE GRAFO->7	|DIMENSIONE STATI FINALI->1	|DIMENSIONE CODA->1
[INFO]	DIMENSION POSSIBLE TRANSITION:6
[INFO]	POSSIBLE TRANSITION s1 S 11   L op act ε
[INFO]	POSSIBLE TRANSITION s3 S 10   L cl ε f1
[INFO]	POSSIBLE TRANSITION b1 B 21 L op opn ε
[INFO]	POSSIBLE TRANSITION b7 B 21 L cl opn f5
[INFO]	POSSIBLE TRANSITION b3 B 20 L op ε f3
[INFO]	POSSIBLE TRANSITION b5 B 20 L cl nop ε
[INFO]	DIMENSION ALLOWED TRANSITION: 0
[INFO]	FINAL STATES:
(RENAMED:|STATI:10,20|EVENTI:ε)
[INFO]	COMPLETE GRAPH	PARENT_NODE:(RENAMED:|OBS INDEX 0|STATI:10,20|EVENTI:ε)	TRANSITION: s1	LABEL_OBS: act	LABEL_REL: ε	CHILD_NODE: (RENAMED:|OBS INDEX 1|STATI:11,20|EVENTI:op)
PARENT_NODE:(RENAMED:|OBS INDEX 0|STATI:10,20|EVENTI:ε)	TRANSITION: s3	LABEL_OBS: ε	LABEL_REL: f1	CHILD_NODE: (RENAMED:|OBS INDEX 0|STATI:10,20|EVENTI:cl)
PARENT_NODE:(RENAMED:|OBS INDEX 1|STATI:11,20|EVENTI:op)	TRANSITION: b3	LABEL_OBS: ε	LABEL_REL: f3	CHILD_NODE: (RENAMED:|OBS INDEX 1|STATI:11,20|EVENTI:ε)
PARENT_NODE:(RENAMED:|OBS INDEX 1|STATI:11,20|EVENTI:ε)	TRANSITION: s2	LABEL_OBS: sby	LABEL_REL: ε	CHILD_NODE: (RENAMED:|OBS INDEX 2|STATI:10,20|EVENTI:cl)
PARENT_NODE:(RENAMED:|OBS INDEX 1|STATI:11,20|EVENTI:ε)	TRANSITION: s4	LABEL_OBS: ε	LABEL_REL: f2	CHILD_NODE: (RENAMED:|OBS INDEX 1|STATI:11,20|EVENTI:op)
PARENT_NODE:(RENAMED:|OBS INDEX 2|STATI:10,20|EVENTI:cl)	TRANSITION: b5	LABEL_OBS: nop	LABEL_REL: ε	CHILD_NODE: (RENAMED:|OBS INDEX 3|STATI:10,20|EVENTI:ε)
PARENT_NODE:(RENAMED:|OBS INDEX 3|STATI:10,20|EVENTI:ε)	TRANSITION: s3	LABEL_OBS: ε	LABEL_REL: f1	CHILD_NODE: (RENAMED:|OBS INDEX 3|STATI:10,20|EVENTI:cl)

[INFO]	DIMENSIONE GRAFO->7	|DIMENSIONE STATI FINALI->1	|DIMENSIONE CODA->0
[WARNING]	PRUNED GRAPH	PARENT_NODE:(RENAMED:|OBS INDEX 0|STATI:10,20|EVENTI:ε)	TRANSITION: s1	LABEL_OBS: act	LABEL_REL: ε	CHILD_NODE: (RENAMED:|OBS INDEX 1|STATI:11,20|EVENTI:op)
PARENT_NODE:(RENAMED:|OBS INDEX 1|STATI:11,20|EVENTI:op)	TRANSITION: b3	LABEL_OBS: ε	LABEL_REL: f3	CHILD_NODE: (RENAMED:|OBS INDEX 1|STATI:11,20|EVENTI:ε)
PARENT_NODE:(RENAMED:|OBS INDEX 1|STATI:11,20|EVENTI:ε)	TRANSITION: s2	LABEL_OBS: sby	LABEL_REL: ε	CHILD_NODE: (RENAMED:|OBS INDEX 2|STATI:10,20|EVENTI:cl)
PARENT_NODE:(RENAMED:|OBS INDEX 1|STATI:11,20|EVENTI:ε)	TRANSITION: s4	LABEL_OBS: ε	LABEL_REL: f2	CHILD_NODE: (RENAMED:|OBS INDEX 1|STATI:11,20|EVENTI:op)
PARENT_NODE:(RENAMED:|OBS INDEX 2|STATI:10,20|EVENTI:cl)	TRANSITION: b5	LABEL_OBS: nop	LABEL_REL: ε	CHILD_NODE: (RENAMED:|OBS INDEX 3|STATI:10,20|EVENTI:ε)

[WARNING]	RENAMED GRAPH	PARENT_NODE:(RENAMED:0|OBS INDEX 0|STATI:10,20|EVENTI:ε)	TRANSITION: s1	LABEL_OBS: act	LABEL_REL: ε	CHILD_NODE: (RENAMED:1|OBS INDEX 1|STATI:11,20|EVENTI:op)
PARENT_NODE:(RENAMED:1|OBS INDEX 1|STATI:11,20|EVENTI:op)	TRANSITION: b3	LABEL_OBS: ε	LABEL_REL: f3	CHILD_NODE: (RENAMED:2|OBS INDEX 1|STATI:11,20|EVENTI:ε)
PARENT_NODE:(RENAMED:2|OBS INDEX 1|STATI:11,20|EVENTI:ε)	TRANSITION: s2	LABEL_OBS: sby	LABEL_REL: ε	CHILD_NODE: (RENAMED:3|OBS INDEX 2|STATI:10,20|EVENTI:cl)
PARENT_NODE:(RENAMED:2|OBS INDEX 1|STATI:11,20|EVENTI:ε)	TRANSITION: s4	LABEL_OBS: ε	LABEL_REL: f2	CHILD_NODE: (RENAMED:1|OBS INDEX 1|STATI:11,20|EVENTI:op)
PARENT_NODE:(RENAMED:3|OBS INDEX 2|STATI:10,20|EVENTI:cl)	TRANSITION: b5	LABEL_OBS: nop	LABEL_REL: ε	CHILD_NODE: (RENAMED:4|OBS INDEX 3|STATI:10,20|EVENTI:ε)

[CRITICAL]	Execution time|0:00:00.003489
