[INFO]	DIMENSION QUEUE:1 ADDED TO QUEUE:(RENAMED:|STATI:20,30|EVENTI:ε,ε)
[INFO]	DIMENSION POSSIBLE TRANSITION:2
[INFO]	POSSIBLE TRANSITION t2a C2 21 L2 e2 L3 e3 o2 ε
[INFO]	POSSIBLE TRANSITION t3a C3 31   L2 e2 o3 ε
[INFO]	DIMENSION ALLOWED TRANSITION: 1
[INFO]	ALLOWED TRANSITION t3a C3 31   L2 e2 o3 ε
[INFO]	FOUND NEW BEHAVIORAL STATE: (RENAMED:|STATI:20,31|EVENTI:e2,ε)
[INFO]	SNAPSHOT|	|DIMENSIONE GRAFO->1	|DIMENSIONE STATI FINALI->0	|DIMENSIONE CODA->1
[INFO]	DIMENSION POSSIBLE TRANSITION:3
[INFO]	POSSIBLE TRANSITION t2a C2 21 L2 e2 L3 e3 o2 ε
[INFO]	POSSIBLE TRANSITION t3b C3 30 L3 e3 ε ε
[INFO]	POSSIBLE TRANSITION t3c C3 31 L3 e3 ε f
[INFO]	DIMENSION ALLOWED TRANSITION: 1
[INFO]	ALLOWED TRANSITION t2a C2 21 L2 e2 L3 e3 o2 ε
[INFO]	FOUND NEW BEHAVIORAL STATE: (RENAMED:|STATI:21,31|EVENTI:ε,e3)
[INFO]	SNAPSHOT|	|DIMENSIONE GRAFO->2	|DIMENSIONE STATI FINALI->0	|DIMENSIONE CODA->1
[INFO]	DIMENSION POSSIBLE TRANSITION:3
[INFO]	POSSIBLE TRANSITION t2b C2 20   L3 e3 ε r
[INFO]	POSSIBLE TRANSITION t3b C3 30 L3 e3 ε ε
[INFO]	POSSIBLE TRANSITION t3c C3 31 L3 e3 ε f
[INFO]	DIMENSION ALLOWED TRANSITION: 2
[INFO]	ALLOWED TRANSITION t3b C3 30 L3 e3 ε ε
[INFO]	ALLOWED TRANSITION t3c C3 31 L3 e3 ε f
[INFO]	FOUND NEW BEHAVIORAL STATE: (RENAMED:|STATI:21,30|EVENTI:ε,ε)
[INFO]	FOUND NEW FINAL STATE: (RENAMED:|STATI:21,30|EVENTI:ε,ε)
[INFO]	SNAPSHOT|	|DIMENSIONE GRAFO->3	|DIMENSIONE STATI FINALI->1	|DIMENSIONE CODA->1
[INFO]	FOUND NEW BEHAVIORAL STATE: (RENAMED:|STATI:21,31|EVENTI:ε,ε)
[INFO]	FOUND NEW FINAL STATE: (RENAMED:|STATI:21,31|EVENTI:ε,ε)
[INFO]	SNAPSHOT|	|DIMENSIONE GRAFO->4	|DIMENSIONE STATI FINALI->2	|DIMENSIONE CODA->2
[INFO]	DIMENSION POSSIBLE TRANSITION:3
[INFO]	POSSIBLE TRANSITION t2b C2 20   L3 e3 ε r
[INFO]	POSSIBLE TRANSITION t3b C3 30 L3 e3 ε ε
[INFO]	POSSIBLE TRANSITION t3c C3 31 L3 e3 ε f
[INFO]	DIMENSION ALLOWED TRANSITION: 1
[INFO]	ALLOWED TRANSITION t2b C2 20   L3 e3 ε r
[INFO]	FOUND NEW BEHAVIORAL STATE: (RENAMED:|STATI:20,31|EVENTI:ε,e3)
[INFO]	SNAPSHOT|	|DIMENSIONE GRAFO->5	|DIMENSIONE STATI FINALI->2	|DIMENSIONE CODA->2
[INFO]	DIMENSION POSSIBLE TRANSITION:3
[INFO]	POSSIBLE TRANSITION t2a C2 21 L2 e2 L3 e3 o2 ε
[INFO]	POSSIBLE TRANSITION t3b C3 30 L3 e3 ε ε
[INFO]	POSSIBLE TRANSITION t3c C3 31 L3 e3 ε f
[INFO]	DIMENSION ALLOWED TRANSITION: 2
[INFO]	ALLOWED TRANSITION t3b C3 30 L3 e3 ε ε
[INFO]	ALLOWED TRANSITION t3c C3 31 L3 e3 ε f
[INFO]	FOUND NEW BEHAVIORAL STATE: (RENAMED:|STATI:20,30|EVENTI:ε,ε)
[INFO]	FOUND NEW FINAL STATE: (RENAMED:|STATI:20,30|EVENTI:ε,ε)
[INFO]	SNAPSHOT|	|DIMENSIONE GRAFO->6	|DIMENSIONE STATI FINALI->3	|DIMENSIONE CODA->2
[INFO]	FOUND NEW BEHAVIORAL STATE: (RENAMED:|STATI:20,31|EVENTI:ε,ε)
[INFO]	FOUND NEW FINAL STATE: (RENAMED:|STATI:20,31|EVENTI:ε,ε)
[INFO]	SNAPSHOT|	|DIMENSIONE GRAFO->7	|DIMENSIONE STATI FINALI->4	|DIMENSIONE CODA->3
[INFO]	DIMENSION POSSIBLE TRANSITION:3
[INFO]	POSSIBLE TRANSITION t2a C2 21 L2 e2 L3 e3 o2 ε
[INFO]	POSSIBLE TRANSITION t3b C3 30 L3 e3 ε ε
[INFO]	POSSIBLE TRANSITION t3c C3 31 L3 e3 ε f
[INFO]	DIMENSION ALLOWED TRANSITION: 0
[INFO]	DIMENSION POSSIBLE TRANSITION:2
[INFO]	POSSIBLE TRANSITION t2a C2 21 L2 e2 L3 e3 o2 ε
[INFO]	POSSIBLE TRANSITION t3a C3 31   L2 e2 o3 ε
[INFO]	DIMENSION ALLOWED TRANSITION: 0
[INFO]	DIMENSION POSSIBLE TRANSITION:2
[INFO]	POSSIBLE TRANSITION t2b C2 20   L3 e3 ε r
[INFO]	POSSIBLE TRANSITION t3a C3 31   L2 e2 o3 ε
[INFO]	DIMENSION ALLOWED TRANSITION: 1
[INFO]	ALLOWED TRANSITION t2b C2 20   L3 e3 ε r
[INFO]	FOUND NEW BEHAVIORAL STATE: (RENAMED:|STATI:20,30|EVENTI:ε,e3)
[INFO]	SNAPSHOT|	|DIMENSIONE GRAFO->8	|DIMENSIONE STATI FINALI->4	|DIMENSIONE CODA->1
[INFO]	DIMENSION POSSIBLE TRANSITION:2
[INFO]	POSSIBLE TRANSITION t2a C2 21 L2 e2 L3 e3 o2 ε
[INFO]	POSSIBLE TRANSITION t3a C3 31   L2 e2 o3 ε
[INFO]	DIMENSION ALLOWED TRANSITION: 0
[INFO]	FINAL STATES:
(RENAMED:|STATI:21,30|EVENTI:ε,ε)
(RENAMED:|STATI:21,31|EVENTI:ε,ε)
(RENAMED:|STATI:20,30|EVENTI:ε,ε)
(RENAMED:|STATI:20,31|EVENTI:ε,ε)
[INFO]	COMPLETE GRAPH	PARENT_NODE:(RENAMED:|OBS INDEX 0|STATI:20,30|EVENTI:ε,ε)	TRANSITION: t3a	LABEL_OBS: o3	LABEL_REL: ε	CHILD_NODE: (RENAMED:|OBS INDEX 1|STATI:20,31|EVENTI:e2,ε)
PARENT_NODE:(RENAMED:|OBS INDEX 1|STATI:20,31|EVENTI:e2,ε)	TRANSITION: t2a	LABEL_OBS: o2	LABEL_REL: ε	CHILD_NODE: (RENAMED:|OBS INDEX 2|STATI:21,31|EVENTI:ε,e3)
PARENT_NODE:(RENAMED:|OBS INDEX 2|STATI:21,31|EVENTI:ε,e3)	TRANSITION: t3b	LABEL_OBS: ε	LABEL_REL: ε	CHILD_NODE: (RENAMED:|OBS INDEX 2|STATI:21,30|EVENTI:ε,ε)
PARENT_NODE:(RENAMED:|OBS INDEX 2|STATI:21,31|EVENTI:ε,e3)	TRANSITION: t3c	LABEL_OBS: ε	LABEL_REL: f	CHILD_NODE: (RENAMED:|OBS INDEX 2|STATI:21,31|EVENTI:ε,ε)
PARENT_NODE:(RENAMED:|OBS INDEX 2|STATI:21,31|EVENTI:ε,ε)	TRANSITION: t2b	LABEL_OBS: ε	LABEL_REL: r	CHILD_NODE: (RENAMED:|OBS INDEX 2|STATI:20,31|EVENTI:ε,e3)
PARENT_NODE:(RENAMED:|OBS INDEX 2|STATI:20,31|EVENTI:ε,e3)	TRANSITION: t3b	LABEL_OBS: ε	LABEL_REL: ε	CHILD_NODE: (RENAMED:|OBS INDEX 2|STATI:20,30|EVENTI:ε,ε)
PARENT_NODE:(RENAMED:|OBS INDEX 2|STATI:20,31|EVENTI:ε,e3)	TRANSITION: t3c	LABEL_OBS: ε	LABEL_REL: f	CHILD_NODE: (RENAMED:|OBS INDEX 2|STATI:20,31|EVENTI:ε,ε)
PARENT_NODE:(RENAMED:|OBS INDEX 2|STATI:21,30|EVENTI:ε,ε)	TRANSITION: t2b	LABEL_OBS: ε	LABEL_REL: r	CHILD_NODE: (RENAMED:|OBS INDEX 2|STATI:20,30|EVENTI:ε,e3)

[INFO]	DIMENSIONE GRAFO->8	|DIMENSIONE STATI FINALI->4	|DIMENSIONE CODA->0
[WARNING]	PRUNED GRAPH	PARENT_NODE:(RENAMED:|OBS INDEX 0|STATI:20,30|EVENTI:ε,ε)	TRANSITION: t3a	LABEL_OBS: o3	LABEL_REL: ε	CHILD_NODE: (RENAMED:|OBS INDEX 1|STATI:20,31|EVENTI:e2,ε)
PARENT_NODE:(RENAMED:|OBS INDEX 1|STATI:20,31|EVENTI:e2,ε)	TRANSITION: t2a	LABEL_OBS: o2	LABEL_REL: ε	CHILD_NODE: (RENAMED:|OBS INDEX 2|STATI:21,31|EVENTI:ε,e3)
PARENT_NODE:(RENAMED:|OBS INDEX 2|STATI:21,31|EVENTI:ε,e3)	TRANSITION: t3b	LABEL_OBS: ε	LABEL_REL: ε	CHILD_NODE: (RENAMED:|OBS INDEX 2|STATI:21,30|EVENTI:ε,ε)
PARENT_NODE:(RENAMED:|OBS INDEX 2|STATI:21,31|EVENTI:ε,e3)	TRANSITION: t3c	LABEL_OBS: ε	LABEL_REL: f	CHILD_NODE: (RENAMED:|OBS INDEX 2|STATI:21,31|EVENTI:ε,ε)
PARENT_NODE:(RENAMED:|OBS INDEX 2|STATI:21,31|EVENTI:ε,ε)	TRANSITION: t2b	LABEL_OBS: ε	LABEL_REL: r	CHILD_NODE: (RENAMED:|OBS INDEX 2|STATI:20,31|EVENTI:ε,e3)
PARENT_NODE:(RENAMED:|OBS INDEX 2|STATI:20,31|EVENTI:ε,e3)	TRANSITION: t3b	LABEL_OBS: ε	LABEL_REL: ε	CHILD_NODE: (RENAMED:|OBS INDEX 2|STATI:20,30|EVENTI:ε,ε)
PARENT_NODE:(RENAMED:|OBS INDEX 2|STATI:20,31|EVENTI:ε,e3)	TRANSITION: t3c	LABEL_OBS: ε	LABEL_REL: f	CHILD_NODE: (RENAMED:|OBS INDEX 2|STATI:20,31|EVENTI:ε,ε)

[WARNING]	RENAMED GRAPH	PARENT_NODE:(RENAMED:0|OBS INDEX 0|STATI:20,30|EVENTI:ε,ε)	TRANSITION: t3a	LABEL_OBS: o3	LABEL_REL: ε	CHILD_NODE: (RENAMED:1|OBS INDEX 1|STATI:20,31|EVENTI:e2,ε)
PARENT_NODE:(RENAMED:1|OBS INDEX 1|STATI:20,31|EVENTI:e2,ε)	TRANSITION: t2a	LABEL_OBS: o2	LABEL_REL: ε	CHILD_NODE: (RENAMED:2|OBS INDEX 2|STATI:21,31|EVENTI:ε,e3)
PARENT_NODE:(RENAMED:2|OBS INDEX 2|STATI:21,31|EVENTI:ε,e3)	TRANSITION: t3b	LABEL_OBS: ε	LABEL_REL: ε	CHILD_NODE: (RENAMED:5|OBS INDEX 2|STATI:21,30|EVENTI:ε,ε)
PARENT_NODE:(RENAMED:2|OBS INDEX 2|STATI:21,31|EVENTI:ε,e3)	TRANSITION: t3c	LABEL_OBS: ε	LABEL_REL: f	CHILD_NODE: (RENAMED:3|OBS INDEX 2|STATI:21,31|EVENTI:ε,ε)
PARENT_NODE:(RENAMED:3|OBS INDEX 2|STATI:21,31|EVENTI:ε,ε)	TRANSITION: t2b	LABEL_OBS: ε	LABEL_REL: r	CHILD_NODE: (RENAMED:4|OBS INDEX 2|STATI:20,31|EVENTI:ε,e3)
PARENT_NODE:(RENAMED:4|OBS INDEX 2|STATI:20,31|EVENTI:ε,e3)	TRANSITION: t3b	LABEL_OBS: ε	LABEL_REL: ε	CHILD_NODE: (RENAMED:6|OBS INDEX 2|STATI:20,30|EVENTI:ε,ε)
PARENT_NODE:(RENAMED:4|OBS INDEX 2|STATI:20,31|EVENTI:ε,e3)	TRANSITION: t3c	LABEL_OBS: ε	LABEL_REL: f	CHILD_NODE: (RENAMED:7|OBS INDEX 2|STATI:20,31|EVENTI:ε,ε)

[DEBUG]	STARTING DIAGNOSIS_FROM_OBSERVABLE
[INFO]	DIMENSION:12 ORIGINAL SEQUENCE:[('N0', 'ε', 0), (0, 'ε', 1), (1, 'ε', 2), (2, 'ε', 5), (2, 'f', 3), (3, 'r', 4), (4, 'ε', 6), (4, 'f', 7), (5, 'ε', 'NQ'), (3, 'ε', 'NQ'), (6, 'ε', 'NQ'), (7, 'ε', 'NQ')]
[INFO]	DIMENSION:7 NEW SERIES EXECUTED:[('N0', 'ε', 2), (2, 'ε', 'NQ'), (2, 'f', 3), (3, 'r', 4), (4, 'ε', 'NQ'), (4, 'f', 'NQ'), (3, 'ε', 'NQ')]
[INFO]	DIMENSION:6 NEW PARALLEL EXECUTED:[('N0', 'ε', 2), (2, 'ε', 'NQ'), (2, 'f', 3), (3, 'r', 4), (4, '(ε|f)', 'NQ'), (3, 'ε', 'NQ')]
[INFO]	DIMENSION:5 NEW LOOP EXECUTED:[('N0', 'f', 3), (3, 'r', 4), (4, '(ε|f)', 'NQ'), (3, 'ε', 'NQ'), ('N0', 'ε', 'NQ')]
[INFO]	DIMENSION:4 NEW SERIES EXECUTED:[('N0', 'f', 3), ('N0', 'ε', 'NQ'), (3, 'r (ε|f)', 'NQ'), (3, 'ε', 'NQ')]
[INFO]	DIMENSION:3 NEW PARALLEL EXECUTED:[('N0', 'f', 3), ('N0', 'ε', 'NQ'), (3, '(r (ε|f))', 'NQ')]
[INFO]	DIMENSION:3 NEW LOOP EXECUTED:[('N0', 'f', 3), ('N0', 'ε', 'NQ'), (3, '(r (ε|f))', 'NQ')]
[INFO]	DIMENSION:2 NEW SERIES EXECUTED:[('N0', 'f (r (ε|f))', 'NQ'), ('N0', 'ε', 'NQ')]
[INFO]	DIMENSION:1 NEW PARALLEL EXECUTED:[('N0', '(f (r (ε|f)))', 'NQ')]
[INFO]	DIMENSION:1 NEW LOOP EXECUTED:[('N0', '(f (r (ε|f)))', 'NQ')]
[CRITICAL]	Execution time|0:00:00.005337
