[INFO]	DIMENSION QUEUE:1 ADDED TO QUEUE:(RENAMED:|STATI:a0,f0|EVENTI:ε,ε)
[INFO]	DIMENSION POSSIBLE TRANSITION:2
[INFO]	DIMENSION ALLOWED TRANSITION: 2
[INFO]	ALLOWED TRANSITION a_on A a1   ε ε
[INFO]	ALLOWED TRANSITION f_on F f1   ε ε
[INFO]	FOUND NEW BEHAVIORAL STATE: (RENAMED:|STATI:a1,f0|EVENTI:ε,ε)
[INFO]	SNAPSHOT|	|DIMENSIONE GRAFO->1	|DIMENSIONE STATI FINALI->0	|DIMENSIONE CODA->1
[INFO]	FOUND NEW BEHAVIORAL STATE: (RENAMED:|STATI:a0,f1|EVENTI:ε,ε)
[INFO]	SNAPSHOT|	|DIMENSIONE GRAFO->2	|DIMENSIONE STATI FINALI->0	|DIMENSIONE CODA->2
[INFO]	DIMENSION POSSIBLE TRANSITION:5
[INFO]	DIMENSION ALLOWED TRANSITION: 1
[INFO]	ALLOWED TRANSITION a_on A a1   ε ε
[INFO]	FOUND NEW BEHAVIORAL STATE: (RENAMED:|STATI:a1,f1|EVENTI:ε,ε)
[INFO]	SNAPSHOT|	|DIMENSIONE GRAFO->3	|DIMENSIONE STATI FINALI->0	|DIMENSIONE CODA->2
[INFO]	DIMENSION POSSIBLE TRANSITION:7
[INFO]	DIMENSION ALLOWED TRANSITION: 1
[INFO]	ALLOWED TRANSITION a_alert A a2   L2 alert O1 alert
[INFO]	FOUND NEW BEHAVIORAL STATE: (RENAMED:|STATI:a2,f1|EVENTI:ε,alert)
[INFO]	SNAPSHOT|	|DIMENSIONE GRAFO->4	|DIMENSIONE STATI FINALI->0	|DIMENSIONE CODA->2
[INFO]	DIMENSION POSSIBLE TRANSITION:5
[INFO]	DIMENSION ALLOWED TRANSITION: 1
[INFO]	ALLOWED TRANSITION f_manomissione F f2 L2 alert ε stop
[INFO]	FOUND NEW BEHAVIORAL STATE: (RENAMED:|STATI:a2,f2|EVENTI:ε,ε)
[INFO]	FOUND NEW FINAL STATE: (RENAMED:|STATI:a2,f2|EVENTI:ε,ε)
[INFO]	SNAPSHOT|	|DIMENSIONE GRAFO->5	|DIMENSIONE STATI FINALI->1	|DIMENSIONE CODA->2
[INFO]	DIMENSION POSSIBLE TRANSITION:2
[INFO]	DIMENSION ALLOWED TRANSITION: 1
[INFO]	ALLOWED TRANSITION f_ripristino F f3   L1 cr ε ε
[INFO]	FOUND NEW BEHAVIORAL STATE: (RENAMED:|STATI:a2,f3|EVENTI:cr,ε)
[INFO]	SNAPSHOT|	|DIMENSIONE GRAFO->6	|DIMENSIONE STATI FINALI->1	|DIMENSIONE CODA->2
[INFO]	DIMENSION POSSIBLE TRANSITION:2
[INFO]	DIMENSION ALLOWED TRANSITION: 2
[INFO]	ALLOWED TRANSITION a_ripristino A a1 L1 cr ε ε
[INFO]	ALLOWED TRANSITION f_fine_manutenzione F f1   ε restart
[INFO]	FOUND NEW BEHAVIORAL STATE: (RENAMED:|STATI:a1,f3|EVENTI:ε,ε)
[INFO]	FOUND NEW FINAL STATE: (RENAMED:|STATI:a1,f3|EVENTI:ε,ε)
[INFO]	SNAPSHOT|	|DIMENSIONE GRAFO->7	|DIMENSIONE STATI FINALI->2	|DIMENSIONE CODA->2
[INFO]	FOUND NEW BEHAVIORAL STATE: (RENAMED:|STATI:a2,f1|EVENTI:cr,ε)
[INFO]	SNAPSHOT|	|DIMENSIONE GRAFO->8	|DIMENSIONE STATI FINALI->2	|DIMENSIONE CODA->3
[INFO]	DIMENSION POSSIBLE TRANSITION:5
[INFO]	DIMENSION ALLOWED TRANSITION: 1
[INFO]	ALLOWED TRANSITION a_ripristino A a1 L1 cr ε ε
[INFO]	FOUND NEW BEHAVIORAL STATE: (RENAMED:|STATI:a1,f1|EVENTI:ε,ε)
[INFO]	FOUND NEW FINAL STATE: (RENAMED:|STATI:a1,f1|EVENTI:ε,ε)
[INFO]	SNAPSHOT|	|DIMENSIONE GRAFO->9	|DIMENSIONE STATI FINALI->3	|DIMENSIONE CODA->3
[INFO]	DIMENSION POSSIBLE TRANSITION:7
[INFO]	DIMENSION ALLOWED TRANSITION: 0
[INFO]	DIMENSION POSSIBLE TRANSITION:4
[INFO]	DIMENSION ALLOWED TRANSITION: 1
[INFO]	ALLOWED TRANSITION f_fine_manutenzione F f1   ε restart
[INFO]	FOUND NEW BEHAVIORAL STATE: (RENAMED:|STATI:a1,f1|EVENTI:ε,ε)
[INFO]	SNAPSHOT|	|DIMENSIONE GRAFO->10	|DIMENSIONE STATI FINALI->3	|DIMENSIONE CODA->2
[INFO]	DIMENSION POSSIBLE TRANSITION:7
[INFO]	DIMENSION ALLOWED TRANSITION: 0
[INFO]	DIMENSION POSSIBLE TRANSITION:4
[INFO]	DIMENSION ALLOWED TRANSITION: 2
[INFO]	ALLOWED TRANSITION a_alert A a2   L2 alert O1 alert
[INFO]	ALLOWED TRANSITION f_on F f1   ε ε
[INFO]	FOUND NEW BEHAVIORAL STATE: (RENAMED:|STATI:a2,f0|EVENTI:ε,alert)
[INFO]	SNAPSHOT|	|DIMENSIONE GRAFO->11	|DIMENSIONE STATI FINALI->3	|DIMENSIONE CODA->1
[INFO]	SNAPSHOT|	|DIMENSIONE GRAFO->12	|DIMENSIONE STATI FINALI->3	|DIMENSIONE CODA->1
[INFO]	DIMENSION POSSIBLE TRANSITION:2
[INFO]	DIMENSION ALLOWED TRANSITION: 1
[INFO]	ALLOWED TRANSITION f_on F f1   ε ε
[INFO]	SNAPSHOT|	|DIMENSIONE GRAFO->13	|DIMENSIONE STATI FINALI->3	|DIMENSIONE CODA->0
[INFO]	FINAL STATES:
(RENAMED:|STATI:a2,f2|EVENTI:ε,ε)
(RENAMED:|STATI:a1,f3|EVENTI:ε,ε)
(RENAMED:|STATI:a1,f1|EVENTI:ε,ε)
[INFO]	COMPLETE GRAPH	PARENT_NODE:(RENAMED:|OBS INDEX 0|STATI:a0,f0|EVENTI:ε,ε)	TRANSITION: a_on	LABEL_OBS: ε	LABEL_REL: ε	CHILD_NODE: (RENAMED:|OBS INDEX 0|STATI:a1,f0|EVENTI:ε,ε)
PARENT_NODE:(RENAMED:|OBS INDEX 0|STATI:a0,f0|EVENTI:ε,ε)	TRANSITION: f_on	LABEL_OBS: ε	LABEL_REL: ε	CHILD_NODE: (RENAMED:|OBS INDEX 0|STATI:a0,f1|EVENTI:ε,ε)
PARENT_NODE:(RENAMED:|OBS INDEX 0|STATI:a0,f1|EVENTI:ε,ε)	TRANSITION: a_on	LABEL_OBS: ε	LABEL_REL: ε	CHILD_NODE: (RENAMED:|OBS INDEX 0|STATI:a1,f1|EVENTI:ε,ε)
PARENT_NODE:(RENAMED:|OBS INDEX 0|STATI:a1,f1|EVENTI:ε,ε)	TRANSITION: a_alert	LABEL_OBS: O1	LABEL_REL: alert	CHILD_NODE: (RENAMED:|OBS INDEX 1|STATI:a2,f1|EVENTI:ε,alert)
PARENT_NODE:(RENAMED:|OBS INDEX 1|STATI:a2,f1|EVENTI:ε,alert)	TRANSITION: f_manomissione	LABEL_OBS: ε	LABEL_REL: stop	CHILD_NODE: (RENAMED:|OBS INDEX 1|STATI:a2,f2|EVENTI:ε,ε)
PARENT_NODE:(RENAMED:|OBS INDEX 1|STATI:a2,f2|EVENTI:ε,ε)	TRANSITION: f_ripristino	LABEL_OBS: ε	LABEL_REL: ε	CHILD_NODE: (RENAMED:|OBS INDEX 1|STATI:a2,f3|EVENTI:cr,ε)
PARENT_NODE:(RENAMED:|OBS INDEX 1|STATI:a2,f3|EVENTI:cr,ε)	TRANSITION: a_ripristino	LABEL_OBS: ε	LABEL_REL: ε	CHILD_NODE: (RENAMED:|OBS INDEX 1|STATI:a1,f3|EVENTI:ε,ε)
PARENT_NODE:(RENAMED:|OBS INDEX 1|STATI:a2,f3|EVENTI:cr,ε)	TRANSITION: f_fine_manutenzione	LABEL_OBS: ε	LABEL_REL: restart	CHILD_NODE: (RENAMED:|OBS INDEX 1|STATI:a2,f1|EVENTI:cr,ε)
PARENT_NODE:(RENAMED:|OBS INDEX 1|STATI:a2,f1|EVENTI:cr,ε)	TRANSITION: a_ripristino	LABEL_OBS: ε	LABEL_REL: ε	CHILD_NODE: (RENAMED:|OBS INDEX 1|STATI:a1,f1|EVENTI:ε,ε)
PARENT_NODE:(RENAMED:|OBS INDEX 1|STATI:a1,f3|EVENTI:ε,ε)	TRANSITION: f_fine_manutenzione	LABEL_OBS: ε	LABEL_REL: restart	CHILD_NODE: (RENAMED:|OBS INDEX 1|STATI:a1,f1|EVENTI:ε,ε)
PARENT_NODE:(RENAMED:|OBS INDEX 0|STATI:a1,f0|EVENTI:ε,ε)	TRANSITION: a_alert	LABEL_OBS: O1	LABEL_REL: alert	CHILD_NODE: (RENAMED:|OBS INDEX 1|STATI:a2,f0|EVENTI:ε,alert)
PARENT_NODE:(RENAMED:|OBS INDEX 0|STATI:a1,f0|EVENTI:ε,ε)	TRANSITION: f_on	LABEL_OBS: ε	LABEL_REL: ε	CHILD_NODE: (RENAMED:|OBS INDEX 0|STATI:a1,f1|EVENTI:ε,ε)
PARENT_NODE:(RENAMED:|OBS INDEX 1|STATI:a2,f0|EVENTI:ε,alert)	TRANSITION: f_on	LABEL_OBS: ε	LABEL_REL: ε	CHILD_NODE: (RENAMED:|OBS INDEX 1|STATI:a2,f1|EVENTI:ε,alert)

[INFO]	DIMENSIONE GRAFO->13	|DIMENSIONE STATI FINALI->3	|DIMENSIONE CODA->0
[WARNING]	PRUNED GRAPH	PARENT_NODE:(RENAMED:|OBS INDEX 0|STATI:a0,f0|EVENTI:ε,ε)	TRANSITION: a_on	LABEL_OBS: ε	LABEL_REL: ε	CHILD_NODE: (RENAMED:|OBS INDEX 0|STATI:a1,f0|EVENTI:ε,ε)
PARENT_NODE:(RENAMED:|OBS INDEX 0|STATI:a0,f0|EVENTI:ε,ε)	TRANSITION: f_on	LABEL_OBS: ε	LABEL_REL: ε	CHILD_NODE: (RENAMED:|OBS INDEX 0|STATI:a0,f1|EVENTI:ε,ε)
PARENT_NODE:(RENAMED:|OBS INDEX 0|STATI:a0,f1|EVENTI:ε,ε)	TRANSITION: a_on	LABEL_OBS: ε	LABEL_REL: ε	CHILD_NODE: (RENAMED:|OBS INDEX 0|STATI:a1,f1|EVENTI:ε,ε)
PARENT_NODE:(RENAMED:|OBS INDEX 0|STATI:a1,f1|EVENTI:ε,ε)	TRANSITION: a_alert	LABEL_OBS: O1	LABEL_REL: alert	CHILD_NODE: (RENAMED:|OBS INDEX 1|STATI:a2,f1|EVENTI:ε,alert)
PARENT_NODE:(RENAMED:|OBS INDEX 1|STATI:a2,f1|EVENTI:ε,alert)	TRANSITION: f_manomissione	LABEL_OBS: ε	LABEL_REL: stop	CHILD_NODE: (RENAMED:|OBS INDEX 1|STATI:a2,f2|EVENTI:ε,ε)
PARENT_NODE:(RENAMED:|OBS INDEX 1|STATI:a2,f2|EVENTI:ε,ε)	TRANSITION: f_ripristino	LABEL_OBS: ε	LABEL_REL: ε	CHILD_NODE: (RENAMED:|OBS INDEX 1|STATI:a2,f3|EVENTI:cr,ε)
PARENT_NODE:(RENAMED:|OBS INDEX 1|STATI:a2,f3|EVENTI:cr,ε)	TRANSITION: a_ripristino	LABEL_OBS: ε	LABEL_REL: ε	CHILD_NODE: (RENAMED:|OBS INDEX 1|STATI:a1,f3|EVENTI:ε,ε)
PARENT_NODE:(RENAMED:|OBS INDEX 1|STATI:a2,f3|EVENTI:cr,ε)	TRANSITION: f_fine_manutenzione	LABEL_OBS: ε	LABEL_REL: restart	CHILD_NODE: (RENAMED:|OBS INDEX 1|STATI:a2,f1|EVENTI:cr,ε)
PARENT_NODE:(RENAMED:|OBS INDEX 1|STATI:a2,f1|EVENTI:cr,ε)	TRANSITION: a_ripristino	LABEL_OBS: ε	LABEL_REL: ε	CHILD_NODE: (RENAMED:|OBS INDEX 1|STATI:a1,f1|EVENTI:ε,ε)
PARENT_NODE:(RENAMED:|OBS INDEX 1|STATI:a1,f3|EVENTI:ε,ε)	TRANSITION: f_fine_manutenzione	LABEL_OBS: ε	LABEL_REL: restart	CHILD_NODE: (RENAMED:|OBS INDEX 1|STATI:a1,f1|EVENTI:ε,ε)
PARENT_NODE:(RENAMED:|OBS INDEX 0|STATI:a1,f0|EVENTI:ε,ε)	TRANSITION: a_alert	LABEL_OBS: O1	LABEL_REL: alert	CHILD_NODE: (RENAMED:|OBS INDEX 1|STATI:a2,f0|EVENTI:ε,alert)
PARENT_NODE:(RENAMED:|OBS INDEX 0|STATI:a1,f0|EVENTI:ε,ε)	TRANSITION: f_on	LABEL_OBS: ε	LABEL_REL: ε	CHILD_NODE: (RENAMED:|OBS INDEX 0|STATI:a1,f1|EVENTI:ε,ε)
PARENT_NODE:(RENAMED:|OBS INDEX 1|STATI:a2,f0|EVENTI:ε,alert)	TRANSITION: f_on	LABEL_OBS: ε	LABEL_REL: ε	CHILD_NODE: (RENAMED:|OBS INDEX 1|STATI:a2,f1|EVENTI:ε,alert)

[WARNING]	RENAMED GRAPH	PARENT_NODE:(RENAMED:0|OBS INDEX 0|STATI:a0,f0|EVENTI:ε,ε)	TRANSITION: a_on	LABEL_OBS: ε	LABEL_REL: ε	CHILD_NODE: (RENAMED:8|OBS INDEX 0|STATI:a1,f0|EVENTI:ε,ε)
PARENT_NODE:(RENAMED:0|OBS INDEX 0|STATI:a0,f0|EVENTI:ε,ε)	TRANSITION: f_on	LABEL_OBS: ε	LABEL_REL: ε	CHILD_NODE: (RENAMED:1|OBS INDEX 0|STATI:a0,f1|EVENTI:ε,ε)
PARENT_NODE:(RENAMED:1|OBS INDEX 0|STATI:a0,f1|EVENTI:ε,ε)	TRANSITION: a_on	LABEL_OBS: ε	LABEL_REL: ε	CHILD_NODE: (RENAMED:2|OBS INDEX 0|STATI:a1,f1|EVENTI:ε,ε)
PARENT_NODE:(RENAMED:2|OBS INDEX 0|STATI:a1,f1|EVENTI:ε,ε)	TRANSITION: a_alert	LABEL_OBS: O1	LABEL_REL: alert	CHILD_NODE: (RENAMED:3|OBS INDEX 1|STATI:a2,f1|EVENTI:ε,alert)
PARENT_NODE:(RENAMED:3|OBS INDEX 1|STATI:a2,f1|EVENTI:ε,alert)	TRANSITION: f_manomissione	LABEL_OBS: ε	LABEL_REL: stop	CHILD_NODE: (RENAMED:4|OBS INDEX 1|STATI:a2,f2|EVENTI:ε,ε)
PARENT_NODE:(RENAMED:4|OBS INDEX 1|STATI:a2,f2|EVENTI:ε,ε)	TRANSITION: f_ripristino	LABEL_OBS: ε	LABEL_REL: ε	CHILD_NODE: (RENAMED:5|OBS INDEX 1|STATI:a2,f3|EVENTI:cr,ε)
PARENT_NODE:(RENAMED:5|OBS INDEX 1|STATI:a2,f3|EVENTI:cr,ε)	TRANSITION: a_ripristino	LABEL_OBS: ε	LABEL_REL: ε	CHILD_NODE: (RENAMED:7|OBS INDEX 1|STATI:a1,f3|EVENTI:ε,ε)
PARENT_NODE:(RENAMED:5|OBS INDEX 1|STATI:a2,f3|EVENTI:cr,ε)	TRANSITION: f_fine_manutenzione	LABEL_OBS: ε	LABEL_REL: restart	CHILD_NODE: (RENAMED:6|OBS INDEX 1|STATI:a2,f1|EVENTI:cr,ε)
PARENT_NODE:(RENAMED:6|OBS INDEX 1|STATI:a2,f1|EVENTI:cr,ε)	TRANSITION: a_ripristino	LABEL_OBS: ε	LABEL_REL: ε	CHILD_NODE: (RENAMED:10|OBS INDEX 1|STATI:a1,f1|EVENTI:ε,ε)
PARENT_NODE:(RENAMED:7|OBS INDEX 1|STATI:a1,f3|EVENTI:ε,ε)	TRANSITION: f_fine_manutenzione	LABEL_OBS: ε	LABEL_REL: restart	CHILD_NODE: (RENAMED:10|OBS INDEX 1|STATI:a1,f1|EVENTI:ε,ε)
PARENT_NODE:(RENAMED:8|OBS INDEX 0|STATI:a1,f0|EVENTI:ε,ε)	TRANSITION: a_alert	LABEL_OBS: O1	LABEL_REL: alert	CHILD_NODE: (RENAMED:9|OBS INDEX 1|STATI:a2,f0|EVENTI:ε,alert)
PARENT_NODE:(RENAMED:8|OBS INDEX 0|STATI:a1,f0|EVENTI:ε,ε)	TRANSITION: f_on	LABEL_OBS: ε	LABEL_REL: ε	CHILD_NODE: (RENAMED:2|OBS INDEX 0|STATI:a1,f1|EVENTI:ε,ε)
PARENT_NODE:(RENAMED:9|OBS INDEX 1|STATI:a2,f0|EVENTI:ε,alert)	TRANSITION: f_on	LABEL_OBS: ε	LABEL_REL: ε	CHILD_NODE: (RENAMED:3|OBS INDEX 1|STATI:a2,f1|EVENTI:ε,alert)

[DEBUG]	STARTING DIAGNOSIS_FROM_OBSERVABLE
[INFO]	DIMENSION:17 ORIGINAL SEQUENCE:[('N0', 'ε', 0), (0, 'ε', 8), (0, 'ε', 1), (1, 'ε', 2), (2, 'alert', 3), (3, 'stop', 4), (4, 'ε', 5), (5, 'ε', 7), (5, 'restart', 6), (6, 'ε', 10), (7, 'restart', 10), (8, 'alert', 9), (8, 'ε', 2), (9, 'ε', 3), (4, 'ε', 'NQ'), (7, 'ε', 'NQ'), (10, 'ε', 'NQ')]
[INFO]	DIMENSION:14 NEW SERIES EXECUTED:[('N0', 'ε', 0), (0, 'ε', 8), (0, 'ε', 2), (2, 'alert', 3), (3, 'stop', 4), (4, 'ε', 5), (5, 'ε', 7), (5, 'restart', 10), (7, 'restart', 10), (8, 'alert', 3), (8, 'ε', 2), (4, 'ε', 'NQ'), (7, 'ε', 'NQ'), (10, 'ε', 'NQ')]
[INFO]	DIMENSION:14 NEW PARALLEL EXECUTED:[('N0', 'ε', 0), (0, 'ε', 8), (0, 'ε', 2), (2, 'alert', 3), (3, 'stop', 4), (4, 'ε', 5), (5, 'ε', 7), (5, 'restart', 10), (7, 'restart', 10), (8, 'alert', 3), (8, 'ε', 2), (4, 'ε', 'NQ'), (7, 'ε', 'NQ'), (10, 'ε', 'NQ')]
[INFO]	DIMENSION:13 NEW LOOP EXECUTED:[('N0', 'ε', 2), (2, 'alert', 3), (3, 'stop', 4), (4, 'ε', 5), (5, 'ε', 7), (5, 'restart', 10), (7, 'restart', 10), (8, 'alert', 3), (8, 'ε', 2), (4, 'ε', 'NQ'), (7, 'ε', 'NQ'), (10, 'ε', 'NQ'), ('N0', 'ε', 8)]
[INFO]	DIMENSION:13 NEW SERIES EXECUTED:[('N0', 'ε', 2), ('N0', 'ε', 8), (2, 'alert', 3), (3, 'stop', 4), (4, 'ε', 5), (5, 'ε', 7), (5, 'restart', 10), (7, 'restart', 10), (8, 'alert', 3), (8, 'ε', 2), (4, 'ε', 'NQ'), (7, 'ε', 'NQ'), (10, 'ε', 'NQ')]
[INFO]	DIMENSION:13 NEW PARALLEL EXECUTED:[('N0', 'ε', 2), ('N0', 'ε', 8), (2, 'alert', 3), (3, 'stop', 4), (4, 'ε', 5), (5, 'ε', 7), (5, 'restart', 10), (7, 'restart', 10), (8, 'alert', 3), (8, 'ε', 2), (4, 'ε', 'NQ'), (7, 'ε', 'NQ'), (10, 'ε', 'NQ')]
[INFO]	DIMENSION:12 NEW LOOP EXECUTED:[(8, 'alert', 3), ('N0', 'ε', 8), (3, 'stop', 4), (4, 'ε', 5), (5, 'ε', 7), (5, 'restart', 10), (7, 'restart', 10), (8, 'alert', 3), (4, 'ε', 'NQ'), (7, 'ε', 'NQ'), (10, 'ε', 'NQ'), ('N0', 'alert', 3)]
[INFO]	DIMENSION:11 NEW SERIES EXECUTED:[('N0', 'ε', 8), ('N0', 'alert', 3), (8, 'alert', 3), (3, 'stop', 4), (4, 'ε', 5), (5, 'ε', 7), (5, 'restart', 10), (7, 'restart', 10), (4, 'ε', 'NQ'), (7, 'ε', 'NQ'), (10, 'ε', 'NQ')]
[INFO]	DIMENSION:11 NEW PARALLEL EXECUTED:[('N0', 'ε', 8), ('N0', 'alert', 3), (8, 'alert', 3), (3, 'stop', 4), (4, 'ε', 5), (5, 'ε', 7), (5, 'restart', 10), (7, 'restart', 10), (4, 'ε', 'NQ'), (7, 'ε', 'NQ'), (10, 'ε', 'NQ')]
[INFO]	DIMENSION:10 NEW LOOP EXECUTED:[('N0', 'alert', 3), (3, 'stop', 4), (4, 'ε', 5), (5, 'ε', 7), (5, 'restart', 10), (7, 'restart', 10), (4, 'ε', 'NQ'), (7, 'ε', 'NQ'), (10, 'ε', 'NQ'), ('N0', 'alert', 3)]
[INFO]	DIMENSION:9 NEW SERIES EXECUTED:[('N0', 'alert', 3), (3, 'stop', 4), (4, 'ε', 5), (5, 'ε', 7), (5, 'restart', 10), (7, 'restart', 10), (4, 'ε', 'NQ'), (7, 'ε', 'NQ'), (10, 'ε', 'NQ')]
[INFO]	DIMENSION:9 NEW PARALLEL EXECUTED:[('N0', 'alert', 3), (3, 'stop', 4), (4, 'ε', 5), (5, 'ε', 7), (5, 'restart', 10), (7, 'restart', 10), (4, 'ε', 'NQ'), (7, 'ε', 'NQ'), (10, 'ε', 'NQ')]
[INFO]	DIMENSION:8 NEW LOOP EXECUTED:[(4, 'ε', 5), (5, 'ε', 7), (5, 'restart', 10), (7, 'restart', 10), (4, 'ε', 'NQ'), (7, 'ε', 'NQ'), (10, 'ε', 'NQ'), ('N0', '(alert stop)', 4)]
[INFO]	DIMENSION:8 NEW SERIES EXECUTED:[('N0', '(alert stop)', 4), (4, 'ε', 5), (5, 'ε', 7), (5, 'restart', 10), (7, 'restart', 10), (4, 'ε', 'NQ'), (7, 'ε', 'NQ'), (10, 'ε', 'NQ')]
[INFO]	DIMENSION:8 NEW PARALLEL EXECUTED:[('N0', '(alert stop)', 4), (4, 'ε', 5), (5, 'ε', 7), (5, 'restart', 10), (7, 'restart', 10), (4, 'ε', 'NQ'), (7, 'ε', 'NQ'), (10, 'ε', 'NQ')]
[INFO]	DIMENSION:7 NEW LOOP EXECUTED:[('N0', '(alert stop)', 'NQ'), (5, 'ε', 7), (5, 'restart', 10), (7, 'restart', 10), (7, 'ε', 'NQ'), (10, 'ε', 'NQ'), ('N0', '(alert stop)', 5)]
[INFO]	DIMENSION:7 NEW SERIES EXECUTED:[('N0', '(alert stop)', 'NQ'), ('N0', '(alert stop)', 5), (5, 'ε', 7), (5, 'restart', 10), (7, 'restart', 10), (7, 'ε', 'NQ'), (10, 'ε', 'NQ')]
[INFO]	DIMENSION:7 NEW PARALLEL EXECUTED:[('N0', '(alert stop)', 'NQ'), ('N0', '(alert stop)', 5), (5, 'ε', 7), (5, 'restart', 10), (7, 'restart', 10), (7, 'ε', 'NQ'), (10, 'ε', 'NQ')]
[INFO]	DIMENSION:6 NEW LOOP EXECUTED:[('N0', '((alert stop) restart)', 10), ('N0', '(alert stop)', 'NQ'), (7, 'restart', 10), (7, 'ε', 'NQ'), (10, 'ε', 'NQ'), ('N0', '(alert stop)', 7)]
[INFO]	DIMENSION:6 NEW SERIES EXECUTED:[('N0', '((alert stop) restart)', 10), ('N0', '(alert stop)', 'NQ'), ('N0', '(alert stop)', 7), (7, 'restart', 10), (7, 'ε', 'NQ'), (10, 'ε', 'NQ')]
[INFO]	DIMENSION:6 NEW PARALLEL EXECUTED:[('N0', '((alert stop) restart)', 10), ('N0', '(alert stop)', 'NQ'), ('N0', '(alert stop)', 7), (7, 'restart', 10), (7, 'ε', 'NQ'), (10, 'ε', 'NQ')]
[INFO]	DIMENSION:5 NEW LOOP EXECUTED:[('N0', '(alert stop)', 'NQ'), ('N0', '((alert stop) restart)', 10), ('N0', '(alert stop)', 'NQ'), (10, 'ε', 'NQ'), ('N0', '((alert stop) restart)', 10)]
[INFO]	DIMENSION:3 NEW SERIES EXECUTED:[('N0', '(alert stop)', 'NQ'), ('N0', '((alert stop) restart)', 10), (10, 'ε', 'NQ')]
[INFO]	DIMENSION:3 NEW PARALLEL EXECUTED:[('N0', '(alert stop)', 'NQ'), ('N0', '((alert stop) restart)', 10), (10, 'ε', 'NQ')]
[INFO]	DIMENSION:3 NEW LOOP EXECUTED:[('N0', '(alert stop)', 'NQ'), ('N0', '((alert stop) restart)', 10), (10, 'ε', 'NQ')]
[INFO]	DIMENSION:2 NEW SERIES EXECUTED:[('N0', '(alert stop)', 'NQ'), ('N0', '((alert stop) restart)', 'NQ')]
[INFO]	DIMENSION:1 NEW PARALLEL EXECUTED:[('N0', '((alert stop)|((alert stop) restart))', 'NQ')]
[INFO]	DIMENSION:1 NEW LOOP EXECUTED:[('N0', '((alert stop)|((alert stop) restart))', 'NQ')]
[CRITICAL]	Execution time|0:00:00.006555
