[DEBUG]	STARTING SPAZIO COMPORTAMENTALE OSSERVABILE
[INFO]	DIMENSION QUEUE:1 ADDED TO QUEUE:(RENAMED:|STATI:a0,f0|EVENTI:ε,ε)
[INFO]	DIMENSION POSSIBLE TRANSITION:2
[INFO]	DIMENSION ALLOWED TRANSITION: 2
[INFO]	ALLOWED TRANSITION a_on A a1   ε ε
[INFO]	ALLOWED TRANSITION f_on F f1   ε ε
[INFO]	FOUND NEW BEHAVIORAL STATE: (RENAMED:|STATI:a1,f0|EVENTI:ε,ε)
[INFO]	SNAPSHOT|	|DIMENSIONE GRAFO->1	|DIMENSIONE STATI FINALI->0	|DIMENSIONE CODA->1
[INFO]	FOUND NEW BEHAVIORAL STATE: (RENAMED:|STATI:a0,f1|EVENTI:ε,ε)
[INFO]	SNAPSHOT|	|DIMENSIONE GRAFO->2	|DIMENSIONE STATI FINALI->0	|DIMENSIONE CODA->2
[INFO]	DIMENSION POSSIBLE TRANSITION:5
[INFO]	DIMENSION ALLOWED TRANSITION: 1
[INFO]	ALLOWED TRANSITION a_on A a1   ε ε
[INFO]	FOUND NEW BEHAVIORAL STATE: (RENAMED:|STATI:a1,f1|EVENTI:ε,ε)
[INFO]	SNAPSHOT|	|DIMENSIONE GRAFO->3	|DIMENSIONE STATI FINALI->0	|DIMENSIONE CODA->2
[INFO]	DIMENSION POSSIBLE TRANSITION:7
[INFO]	DIMENSION ALLOWED TRANSITION: 1
[INFO]	ALLOWED TRANSITION a_alert A a2   L2 alert O1 alert
[INFO]	FOUND NEW BEHAVIORAL STATE: (RENAMED:|STATI:a2,f1|EVENTI:ε,alert)
[INFO]	SNAPSHOT|	|DIMENSIONE GRAFO->4	|DIMENSIONE STATI FINALI->0	|DIMENSIONE CODA->2
[INFO]	DIMENSION POSSIBLE TRANSITION:5
[INFO]	DIMENSION ALLOWED TRANSITION: 1
[INFO]	ALLOWED TRANSITION f_manomissione F f2 L2 alert ε stop
[INFO]	FOUND NEW BEHAVIORAL STATE: (RENAMED:|STATI:a2,f2|EVENTI:ε,ε)
[INFO]	FOUND NEW FINAL STATE: (RENAMED:|STATI:a2,f2|EVENTI:ε,ε)
[INFO]	SNAPSHOT|	|DIMENSIONE GRAFO->5	|DIMENSIONE STATI FINALI->1	|DIMENSIONE CODA->2
[INFO]	DIMENSION POSSIBLE TRANSITION:2
[INFO]	DIMENSION ALLOWED TRANSITION: 1
[INFO]	ALLOWED TRANSITION f_ripristino F f3   L1 cr ε ε
[INFO]	FOUND NEW BEHAVIORAL STATE: (RENAMED:|STATI:a2,f3|EVENTI:cr,ε)
[INFO]	SNAPSHOT|	|DIMENSIONE GRAFO->6	|DIMENSIONE STATI FINALI->1	|DIMENSIONE CODA->2
[INFO]	DIMENSION POSSIBLE TRANSITION:2
[INFO]	DIMENSION ALLOWED TRANSITION: 2
[INFO]	ALLOWED TRANSITION a_ripristino A a1 L1 cr ε ε
[INFO]	ALLOWED TRANSITION f_fine_manutenzione F f1   ε restart
[INFO]	FOUND NEW BEHAVIORAL STATE: (RENAMED:|STATI:a1,f3|EVENTI:ε,ε)
[INFO]	FOUND NEW FINAL STATE: (RENAMED:|STATI:a1,f3|EVENTI:ε,ε)
[INFO]	SNAPSHOT|	|DIMENSIONE GRAFO->7	|DIMENSIONE STATI FINALI->2	|DIMENSIONE CODA->2
[INFO]	FOUND NEW BEHAVIORAL STATE: (RENAMED:|STATI:a2,f1|EVENTI:cr,ε)
[INFO]	SNAPSHOT|	|DIMENSIONE GRAFO->8	|DIMENSIONE STATI FINALI->2	|DIMENSIONE CODA->3
[INFO]	DIMENSION POSSIBLE TRANSITION:5
[INFO]	DIMENSION ALLOWED TRANSITION: 1
[INFO]	ALLOWED TRANSITION a_ripristino A a1 L1 cr ε ε
[INFO]	FOUND NEW BEHAVIORAL STATE: (RENAMED:|STATI:a1,f1|EVENTI:ε,ε)
[INFO]	FOUND NEW FINAL STATE: (RENAMED:|STATI:a1,f1|EVENTI:ε,ε)
[INFO]	SNAPSHOT|	|DIMENSIONE GRAFO->9	|DIMENSIONE STATI FINALI->3	|DIMENSIONE CODA->3
[INFO]	DIMENSION POSSIBLE TRANSITION:7
[INFO]	DIMENSION ALLOWED TRANSITION: 0
[INFO]	DIMENSION POSSIBLE TRANSITION:4
[INFO]	DIMENSION ALLOWED TRANSITION: 1
[INFO]	ALLOWED TRANSITION f_fine_manutenzione F f1   ε restart
[INFO]	FOUND NEW BEHAVIORAL STATE: (RENAMED:|STATI:a1,f1|EVENTI:ε,ε)
[INFO]	SNAPSHOT|	|DIMENSIONE GRAFO->10	|DIMENSIONE STATI FINALI->3	|DIMENSIONE CODA->2
[INFO]	DIMENSION POSSIBLE TRANSITION:7
[INFO]	DIMENSION ALLOWED TRANSITION: 0
[INFO]	DIMENSION POSSIBLE TRANSITION:4
[INFO]	DIMENSION ALLOWED TRANSITION: 2
[INFO]	ALLOWED TRANSITION a_alert A a2   L2 alert O1 alert
[INFO]	ALLOWED TRANSITION f_on F f1   ε ε
[INFO]	FOUND NEW BEHAVIORAL STATE: (RENAMED:|STATI:a2,f0|EVENTI:ε,alert)
[INFO]	SNAPSHOT|	|DIMENSIONE GRAFO->11	|DIMENSIONE STATI FINALI->3	|DIMENSIONE CODA->1
[INFO]	SNAPSHOT|	|DIMENSIONE GRAFO->12	|DIMENSIONE STATI FINALI->3	|DIMENSIONE CODA->1
[INFO]	DIMENSION POSSIBLE TRANSITION:2
[INFO]	DIMENSION ALLOWED TRANSITION: 1
[INFO]	ALLOWED TRANSITION f_on F f1   ε ε
[INFO]	SNAPSHOT|	|DIMENSIONE GRAFO->13	|DIMENSIONE STATI FINALI->3	|DIMENSIONE CODA->0
[INFO]	FINAL STATES:
(RENAMED:|STATI:a2,f2|EVENTI:ε,ε)
(RENAMED:|STATI:a1,f3|EVENTI:ε,ε)
(RENAMED:|STATI:a1,f1|EVENTI:ε,ε)
[INFO]	COMPLETE GRAPH	PARENT_NODE:(RENAMED:|OBS INDEX 0|STATI:a0,f0|EVENTI:ε,ε)	TRANSITION: a_on	LABEL_OBS: ε	LABEL_REL: ε	CHILD_NODE: (RENAMED:|OBS INDEX 0|STATI:a1,f0|EVENTI:ε,ε)
PARENT_NODE:(RENAMED:|OBS INDEX 0|STATI:a0,f0|EVENTI:ε,ε)	TRANSITION: f_on	LABEL_OBS: ε	LABEL_REL: ε	CHILD_NODE: (RENAMED:|OBS INDEX 0|STATI:a0,f1|EVENTI:ε,ε)
PARENT_NODE:(RENAMED:|OBS INDEX 0|STATI:a0,f1|EVENTI:ε,ε)	TRANSITION: a_on	LABEL_OBS: ε	LABEL_REL: ε	CHILD_NODE: (RENAMED:|OBS INDEX 0|STATI:a1,f1|EVENTI:ε,ε)
PARENT_NODE:(RENAMED:|OBS INDEX 0|STATI:a1,f1|EVENTI:ε,ε)	TRANSITION: a_alert	LABEL_OBS: O1	LABEL_REL: alert	CHILD_NODE: (RENAMED:|OBS INDEX 1|STATI:a2,f1|EVENTI:ε,alert)
PARENT_NODE:(RENAMED:|OBS INDEX 1|STATI:a2,f1|EVENTI:ε,alert)	TRANSITION: f_manomissione	LABEL_OBS: ε	LABEL_REL: stop	CHILD_NODE: (RENAMED:|OBS INDEX 1|STATI:a2,f2|EVENTI:ε,ε)
PARENT_NODE:(RENAMED:|OBS INDEX 1|STATI:a2,f2|EVENTI:ε,ε)	TRANSITION: f_ripristino	LABEL_OBS: ε	LABEL_REL: ε	CHILD_NODE: (RENAMED:|OBS INDEX 1|STATI:a2,f3|EVENTI:cr,ε)
PARENT_NODE:(RENAMED:|OBS INDEX 1|STATI:a2,f3|EVENTI:cr,ε)	TRANSITION: a_ripristino	LABEL_OBS: ε	LABEL_REL: ε	CHILD_NODE: (RENAMED:|OBS INDEX 1|STATI:a1,f3|EVENTI:ε,ε)
PARENT_NODE:(RENAMED:|OBS INDEX 1|STATI:a2,f3|EVENTI:cr,ε)	TRANSITION: f_fine_manutenzione	LABEL_OBS: ε	LABEL_REL: restart	CHILD_NODE: (RENAMED:|OBS INDEX 1|STATI:a2,f1|EVENTI:cr,ε)
PARENT_NODE:(RENAMED:|OBS INDEX 1|STATI:a2,f1|EVENTI:cr,ε)	TRANSITION: a_ripristino	LABEL_OBS: ε	LABEL_REL: ε	CHILD_NODE: (RENAMED:|OBS INDEX 1|STATI:a1,f1|EVENTI:ε,ε)
PARENT_NODE:(RENAMED:|OBS INDEX 1|STATI:a1,f3|EVENTI:ε,ε)	TRANSITION: f_fine_manutenzione	LABEL_OBS: ε	LABEL_REL: restart	CHILD_NODE: (RENAMED:|OBS INDEX 1|STATI:a1,f1|EVENTI:ε,ε)
PARENT_NODE:(RENAMED:|OBS INDEX 0|STATI:a1,f0|EVENTI:ε,ε)	TRANSITION: a_alert	LABEL_OBS: O1	LABEL_REL: alert	CHILD_NODE: (RENAMED:|OBS INDEX 1|STATI:a2,f0|EVENTI:ε,alert)
PARENT_NODE:(RENAMED:|OBS INDEX 0|STATI:a1,f0|EVENTI:ε,ε)	TRANSITION: f_on	LABEL_OBS: ε	LABEL_REL: ε	CHILD_NODE: (RENAMED:|OBS INDEX 0|STATI:a1,f1|EVENTI:ε,ε)
PARENT_NODE:(RENAMED:|OBS INDEX 1|STATI:a2,f0|EVENTI:ε,alert)	TRANSITION: f_on	LABEL_OBS: ε	LABEL_REL: ε	CHILD_NODE: (RENAMED:|OBS INDEX 1|STATI:a2,f1|EVENTI:ε,alert)

[INFO]	DIMENSIONE GRAFO->13	|DIMENSIONE STATI FINALI->3	|DIMENSIONE CODA->0
[WARNING]	PRUNED GRAPH	PARENT_NODE:(RENAMED:|OBS INDEX 0|STATI:a0,f0|EVENTI:ε,ε)	TRANSITION: a_on	LABEL_OBS: ε	LABEL_REL: ε	CHILD_NODE: (RENAMED:|OBS INDEX 0|STATI:a1,f0|EVENTI:ε,ε)
PARENT_NODE:(RENAMED:|OBS INDEX 0|STATI:a0,f0|EVENTI:ε,ε)	TRANSITION: f_on	LABEL_OBS: ε	LABEL_REL: ε	CHILD_NODE: (RENAMED:|OBS INDEX 0|STATI:a0,f1|EVENTI:ε,ε)
PARENT_NODE:(RENAMED:|OBS INDEX 0|STATI:a0,f1|EVENTI:ε,ε)	TRANSITION: a_on	LABEL_OBS: ε	LABEL_REL: ε	CHILD_NODE: (RENAMED:|OBS INDEX 0|STATI:a1,f1|EVENTI:ε,ε)
PARENT_NODE:(RENAMED:|OBS INDEX 0|STATI:a1,f1|EVENTI:ε,ε)	TRANSITION: a_alert	LABEL_OBS: O1	LABEL_REL: alert	CHILD_NODE: (RENAMED:|OBS INDEX 1|STATI:a2,f1|EVENTI:ε,alert)
PARENT_NODE:(RENAMED:|OBS INDEX 1|STATI:a2,f1|EVENTI:ε,alert)	TRANSITION: f_manomissione	LABEL_OBS: ε	LABEL_REL: stop	CHILD_NODE: (RENAMED:|OBS INDEX 1|STATI:a2,f2|EVENTI:ε,ε)
PARENT_NODE:(RENAMED:|OBS INDEX 1|STATI:a2,f2|EVENTI:ε,ε)	TRANSITION: f_ripristino	LABEL_OBS: ε	LABEL_REL: ε	CHILD_NODE: (RENAMED:|OBS INDEX 1|STATI:a2,f3|EVENTI:cr,ε)
PARENT_NODE:(RENAMED:|OBS INDEX 1|STATI:a2,f3|EVENTI:cr,ε)	TRANSITION: a_ripristino	LABEL_OBS: ε	LABEL_REL: ε	CHILD_NODE: (RENAMED:|OBS INDEX 1|STATI:a1,f3|EVENTI:ε,ε)
PARENT_NODE:(RENAMED:|OBS INDEX 1|STATI:a2,f3|EVENTI:cr,ε)	TRANSITION: f_fine_manutenzione	LABEL_OBS: ε	LABEL_REL: restart	CHILD_NODE: (RENAMED:|OBS INDEX 1|STATI:a2,f1|EVENTI:cr,ε)
PARENT_NODE:(RENAMED:|OBS INDEX 1|STATI:a2,f1|EVENTI:cr,ε)	TRANSITION: a_ripristino	LABEL_OBS: ε	LABEL_REL: ε	CHILD_NODE: (RENAMED:|OBS INDEX 1|STATI:a1,f1|EVENTI:ε,ε)
PARENT_NODE:(RENAMED:|OBS INDEX 1|STATI:a1,f3|EVENTI:ε,ε)	TRANSITION: f_fine_manutenzione	LABEL_OBS: ε	LABEL_REL: restart	CHILD_NODE: (RENAMED:|OBS INDEX 1|STATI:a1,f1|EVENTI:ε,ε)
PARENT_NODE:(RENAMED:|OBS INDEX 0|STATI:a1,f0|EVENTI:ε,ε)	TRANSITION: a_alert	LABEL_OBS: O1	LABEL_REL: alert	CHILD_NODE: (RENAMED:|OBS INDEX 1|STATI:a2,f0|EVENTI:ε,alert)
PARENT_NODE:(RENAMED:|OBS INDEX 0|STATI:a1,f0|EVENTI:ε,ε)	TRANSITION: f_on	LABEL_OBS: ε	LABEL_REL: ε	CHILD_NODE: (RENAMED:|OBS INDEX 0|STATI:a1,f1|EVENTI:ε,ε)
PARENT_NODE:(RENAMED:|OBS INDEX 1|STATI:a2,f0|EVENTI:ε,alert)	TRANSITION: f_on	LABEL_OBS: ε	LABEL_REL: ε	CHILD_NODE: (RENAMED:|OBS INDEX 1|STATI:a2,f1|EVENTI:ε,alert)

[WARNING]	RENAMED GRAPH	PARENT_NODE:(RENAMED:0|OBS INDEX 0|STATI:a0,f0|EVENTI:ε,ε)	TRANSITION: a_on	LABEL_OBS: ε	LABEL_REL: ε	CHILD_NODE: (RENAMED:8|OBS INDEX 0|STATI:a1,f0|EVENTI:ε,ε)
PARENT_NODE:(RENAMED:0|OBS INDEX 0|STATI:a0,f0|EVENTI:ε,ε)	TRANSITION: f_on	LABEL_OBS: ε	LABEL_REL: ε	CHILD_NODE: (RENAMED:1|OBS INDEX 0|STATI:a0,f1|EVENTI:ε,ε)
PARENT_NODE:(RENAMED:1|OBS INDEX 0|STATI:a0,f1|EVENTI:ε,ε)	TRANSITION: a_on	LABEL_OBS: ε	LABEL_REL: ε	CHILD_NODE: (RENAMED:2|OBS INDEX 0|STATI:a1,f1|EVENTI:ε,ε)
PARENT_NODE:(RENAMED:2|OBS INDEX 0|STATI:a1,f1|EVENTI:ε,ε)	TRANSITION: a_alert	LABEL_OBS: O1	LABEL_REL: alert	CHILD_NODE: (RENAMED:3|OBS INDEX 1|STATI:a2,f1|EVENTI:ε,alert)
PARENT_NODE:(RENAMED:3|OBS INDEX 1|STATI:a2,f1|EVENTI:ε,alert)	TRANSITION: f_manomissione	LABEL_OBS: ε	LABEL_REL: stop	CHILD_NODE: (RENAMED:4|OBS INDEX 1|STATI:a2,f2|EVENTI:ε,ε)
PARENT_NODE:(RENAMED:4|OBS INDEX 1|STATI:a2,f2|EVENTI:ε,ε)	TRANSITION: f_ripristino	LABEL_OBS: ε	LABEL_REL: ε	CHILD_NODE: (RENAMED:5|OBS INDEX 1|STATI:a2,f3|EVENTI:cr,ε)
PARENT_NODE:(RENAMED:5|OBS INDEX 1|STATI:a2,f3|EVENTI:cr,ε)	TRANSITION: a_ripristino	LABEL_OBS: ε	LABEL_REL: ε	CHILD_NODE: (RENAMED:7|OBS INDEX 1|STATI:a1,f3|EVENTI:ε,ε)
PARENT_NODE:(RENAMED:5|OBS INDEX 1|STATI:a2,f3|EVENTI:cr,ε)	TRANSITION: f_fine_manutenzione	LABEL_OBS: ε	LABEL_REL: restart	CHILD_NODE: (RENAMED:6|OBS INDEX 1|STATI:a2,f1|EVENTI:cr,ε)
PARENT_NODE:(RENAMED:6|OBS INDEX 1|STATI:a2,f1|EVENTI:cr,ε)	TRANSITION: a_ripristino	LABEL_OBS: ε	LABEL_REL: ε	CHILD_NODE: (RENAMED:10|OBS INDEX 1|STATI:a1,f1|EVENTI:ε,ε)
PARENT_NODE:(RENAMED:7|OBS INDEX 1|STATI:a1,f3|EVENTI:ε,ε)	TRANSITION: f_fine_manutenzione	LABEL_OBS: ε	LABEL_REL: restart	CHILD_NODE: (RENAMED:10|OBS INDEX 1|STATI:a1,f1|EVENTI:ε,ε)
PARENT_NODE:(RENAMED:8|OBS INDEX 0|STATI:a1,f0|EVENTI:ε,ε)	TRANSITION: a_alert	LABEL_OBS: O1	LABEL_REL: alert	CHILD_NODE: (RENAMED:9|OBS INDEX 1|STATI:a2,f0|EVENTI:ε,alert)
PARENT_NODE:(RENAMED:8|OBS INDEX 0|STATI:a1,f0|EVENTI:ε,ε)	TRANSITION: f_on	LABEL_OBS: ε	LABEL_REL: ε	CHILD_NODE: (RENAMED:2|OBS INDEX 0|STATI:a1,f1|EVENTI:ε,ε)
PARENT_NODE:(RENAMED:9|OBS INDEX 1|STATI:a2,f0|EVENTI:ε,alert)	TRANSITION: f_on	LABEL_OBS: ε	LABEL_REL: ε	CHILD_NODE: (RENAMED:3|OBS INDEX 1|STATI:a2,f1|EVENTI:ε,alert)

[CRITICAL]	Execution time|0:00:00.004735
