[DEBUG]	STARTING SPAZIO COMPORTAMENTALE
[INFO]	DIMENSION QUEUE:1 ADDED TO QUEUE:(RENAMED:|STATI:a0,f0|EVENTI:ε,ε)
[INFO]	ACTUAL BEHAVIORAL STATE: (RENAMED:|STATI:a0,f0|EVENTI:ε,ε)
[INFO]	DIMENSION POSSIBLE TRANSITION:2
[INFO]	POSSIBLE TRANSITION a_on A a1   ε ε
[INFO]	POSSIBLE TRANSITION f_on F f1   ε ε
[INFO]	DIMENSION ALLOWED TRANSITION: 2
[INFO]	ALLOWED TRANSITION a_on A a1   ε ε
[INFO]	ALLOWED TRANSITION f_on F f1   ε ε
[INFO]	FOUND NEW BEHAVIORAL STATE: (RENAMED:|STATI:a1,f0|EVENTI:ε,ε)
[INFO]	FOUND NEW FINAL STATE: (RENAMED:|STATI:a1,f0|EVENTI:ε,ε)
[INFO]	SNAPSHOT|	|DIMENSIONE GRAFO->1	|DIMENSIONE STATI FINALI->1	|DIMENSIONE CODA->1
[INFO]	FOUND NEW BEHAVIORAL STATE: (RENAMED:|STATI:a0,f1|EVENTI:ε,ε)
[INFO]	FOUND NEW FINAL STATE: (RENAMED:|STATI:a0,f1|EVENTI:ε,ε)
[INFO]	SNAPSHOT|	|DIMENSIONE GRAFO->2	|DIMENSIONE STATI FINALI->2	|DIMENSIONE CODA->2
[INFO]	ACTUAL BEHAVIORAL STATE: (RENAMED:|STATI:a0,f1|EVENTI:ε,ε)
[INFO]	DIMENSION POSSIBLE TRANSITION:5
[INFO]	POSSIBLE TRANSITION a_on A a1   ε ε
[INFO]	POSSIBLE TRANSITION f_off F f0   Of ε
[INFO]	POSSIBLE TRANSITION f_revisione F f3   O3 rev
[INFO]	POSSIBLE TRANSITION f_manomissione F f2 L2 alert ε stop
[INFO]	POSSIBLE TRANSITION f_control F f1   L1 av O2 ε
[INFO]	DIMENSION ALLOWED TRANSITION: 4
[INFO]	ALLOWED TRANSITION a_on A a1   ε ε
[INFO]	ALLOWED TRANSITION f_off F f0   Of ε
[INFO]	ALLOWED TRANSITION f_revisione F f3   O3 rev
[INFO]	ALLOWED TRANSITION f_control F f1   L1 av O2 ε
[INFO]	FOUND NEW BEHAVIORAL STATE: (RENAMED:|STATI:a1,f1|EVENTI:ε,ε)
[INFO]	FOUND NEW FINAL STATE: (RENAMED:|STATI:a1,f1|EVENTI:ε,ε)
[INFO]	SNAPSHOT|	|DIMENSIONE GRAFO->3	|DIMENSIONE STATI FINALI->3	|DIMENSIONE CODA->2
[INFO]	FOUND NEW FINAL STATE: (RENAMED:|STATI:a0,f0|EVENTI:ε,ε)
[INFO]	SNAPSHOT|	|DIMENSIONE GRAFO->4	|DIMENSIONE STATI FINALI->4	|DIMENSIONE CODA->2
[INFO]	FOUND NEW BEHAVIORAL STATE: (RENAMED:|STATI:a0,f3|EVENTI:ε,ε)
[INFO]	FOUND NEW FINAL STATE: (RENAMED:|STATI:a0,f3|EVENTI:ε,ε)
[INFO]	SNAPSHOT|	|DIMENSIONE GRAFO->5	|DIMENSIONE STATI FINALI->5	|DIMENSIONE CODA->3
[INFO]	FOUND NEW BEHAVIORAL STATE: (RENAMED:|STATI:a0,f1|EVENTI:av,ε)
[INFO]	SNAPSHOT|	|DIMENSIONE GRAFO->6	|DIMENSIONE STATI FINALI->5	|DIMENSIONE CODA->4
[INFO]	ACTUAL BEHAVIORAL STATE: (RENAMED:|STATI:a0,f1|EVENTI:av,ε)
[INFO]	DIMENSION POSSIBLE TRANSITION:5
[INFO]	POSSIBLE TRANSITION a_on A a1   ε ε
[INFO]	POSSIBLE TRANSITION f_off F f0   Of ε
[INFO]	POSSIBLE TRANSITION f_revisione F f3   O3 rev
[INFO]	POSSIBLE TRANSITION f_manomissione F f2 L2 alert ε stop
[INFO]	POSSIBLE TRANSITION f_control F f1   L1 av O2 ε
[INFO]	DIMENSION ALLOWED TRANSITION: 3
[INFO]	ALLOWED TRANSITION a_on A a1   ε ε
[INFO]	ALLOWED TRANSITION f_off F f0   Of ε
[INFO]	ALLOWED TRANSITION f_revisione F f3   O3 rev
[INFO]	FOUND NEW BEHAVIORAL STATE: (RENAMED:|STATI:a1,f1|EVENTI:av,ε)
[INFO]	SNAPSHOT|	|DIMENSIONE GRAFO->7	|DIMENSIONE STATI FINALI->5	|DIMENSIONE CODA->4
[INFO]	FOUND NEW BEHAVIORAL STATE: (RENAMED:|STATI:a0,f0|EVENTI:av,ε)
[INFO]	SNAPSHOT|	|DIMENSIONE GRAFO->8	|DIMENSIONE STATI FINALI->5	|DIMENSIONE CODA->5
[INFO]	FOUND NEW BEHAVIORAL STATE: (RENAMED:|STATI:a0,f3|EVENTI:av,ε)
[INFO]	SNAPSHOT|	|DIMENSIONE GRAFO->9	|DIMENSIONE STATI FINALI->5	|DIMENSIONE CODA->6
[INFO]	ACTUAL BEHAVIORAL STATE: (RENAMED:|STATI:a0,f3|EVENTI:av,ε)
[INFO]	DIMENSION POSSIBLE TRANSITION:2
[INFO]	POSSIBLE TRANSITION a_on A a1   ε ε
[INFO]	POSSIBLE TRANSITION f_fine_manutenzione F f1   ε restart
[INFO]	DIMENSION ALLOWED TRANSITION: 2
[INFO]	ALLOWED TRANSITION a_on A a1   ε ε
[INFO]	ALLOWED TRANSITION f_fine_manutenzione F f1   ε restart
[INFO]	FOUND NEW BEHAVIORAL STATE: (RENAMED:|STATI:a1,f3|EVENTI:av,ε)
[INFO]	SNAPSHOT|	|DIMENSIONE GRAFO->10	|DIMENSIONE STATI FINALI->5	|DIMENSIONE CODA->6
[INFO]	SNAPSHOT|	|DIMENSIONE GRAFO->11	|DIMENSIONE STATI FINALI->5	|DIMENSIONE CODA->6
[INFO]	ACTUAL BEHAVIORAL STATE: (RENAMED:|STATI:a1,f3|EVENTI:av,ε)
[INFO]	DIMENSION POSSIBLE TRANSITION:4
[INFO]	POSSIBLE TRANSITION a_off A a0   Oa ε
[INFO]	POSSIBLE TRANSITION a_alert A a2   L2 alert O1 alert
[INFO]	POSSIBLE TRANSITION a_control A a1 L1 av ε ε
[INFO]	POSSIBLE TRANSITION f_fine_manutenzione F f1   ε restart
[INFO]	DIMENSION ALLOWED TRANSITION: 4
[INFO]	ALLOWED TRANSITION a_off A a0   Oa ε
[INFO]	ALLOWED TRANSITION a_alert A a2   L2 alert O1 alert
[INFO]	ALLOWED TRANSITION a_control A a1 L1 av ε ε
[INFO]	ALLOWED TRANSITION f_fine_manutenzione F f1   ε restart
[INFO]	SNAPSHOT|	|DIMENSIONE GRAFO->12	|DIMENSIONE STATI FINALI->5	|DIMENSIONE CODA->5
[INFO]	FOUND NEW BEHAVIORAL STATE: (RENAMED:|STATI:a2,f3|EVENTI:av,alert)
[INFO]	SNAPSHOT|	|DIMENSIONE GRAFO->13	|DIMENSIONE STATI FINALI->5	|DIMENSIONE CODA->6
[INFO]	FOUND NEW BEHAVIORAL STATE: (RENAMED:|STATI:a1,f3|EVENTI:ε,ε)
[INFO]	FOUND NEW FINAL STATE: (RENAMED:|STATI:a1,f3|EVENTI:ε,ε)
[INFO]	SNAPSHOT|	|DIMENSIONE GRAFO->14	|DIMENSIONE STATI FINALI->6	|DIMENSIONE CODA->7
[INFO]	SNAPSHOT|	|DIMENSIONE GRAFO->15	|DIMENSIONE STATI FINALI->6	|DIMENSIONE CODA->7
[INFO]	ACTUAL BEHAVIORAL STATE: (RENAMED:|STATI:a1,f3|EVENTI:ε,ε)
[INFO]	DIMENSION POSSIBLE TRANSITION:4
[INFO]	POSSIBLE TRANSITION a_off A a0   Oa ε
[INFO]	POSSIBLE TRANSITION a_alert A a2   L2 alert O1 alert
[INFO]	POSSIBLE TRANSITION a_control A a1 L1 av ε ε
[INFO]	POSSIBLE TRANSITION f_fine_manutenzione F f1   ε restart
[INFO]	DIMENSION ALLOWED TRANSITION: 3
[INFO]	ALLOWED TRANSITION a_off A a0   Oa ε
[INFO]	ALLOWED TRANSITION a_alert A a2   L2 alert O1 alert
[INFO]	ALLOWED TRANSITION f_fine_manutenzione F f1   ε restart
[INFO]	SNAPSHOT|	|DIMENSIONE GRAFO->16	|DIMENSIONE STATI FINALI->6	|DIMENSIONE CODA->6
[INFO]	FOUND NEW BEHAVIORAL STATE: (RENAMED:|STATI:a2,f3|EVENTI:ε,alert)
[INFO]	SNAPSHOT|	|DIMENSIONE GRAFO->17	|DIMENSIONE STATI FINALI->6	|DIMENSIONE CODA->7
[INFO]	SNAPSHOT|	|DIMENSIONE GRAFO->18	|DIMENSIONE STATI FINALI->6	|DIMENSIONE CODA->7
[INFO]	ACTUAL BEHAVIORAL STATE: (RENAMED:|STATI:a2,f3|EVENTI:ε,alert)
[INFO]	DIMENSION POSSIBLE TRANSITION:2
[INFO]	POSSIBLE TRANSITION a_ripristino A a1 L1 cr ε ε
[INFO]	POSSIBLE TRANSITION f_fine_manutenzione F f1   ε restart
[INFO]	DIMENSION ALLOWED TRANSITION: 1
[INFO]	ALLOWED TRANSITION f_fine_manutenzione F f1   ε restart
[INFO]	FOUND NEW BEHAVIORAL STATE: (RENAMED:|STATI:a2,f1|EVENTI:ε,alert)
[INFO]	SNAPSHOT|	|DIMENSIONE GRAFO->19	|DIMENSIONE STATI FINALI->6	|DIMENSIONE CODA->7
[INFO]	ACTUAL BEHAVIORAL STATE: (RENAMED:|STATI:a2,f1|EVENTI:ε,alert)
[INFO]	DIMENSION POSSIBLE TRANSITION:5
[INFO]	POSSIBLE TRANSITION a_ripristino A a1 L1 cr ε ε
[INFO]	POSSIBLE TRANSITION f_off F f0   Of ε
[INFO]	POSSIBLE TRANSITION f_revisione F f3   O3 rev
[INFO]	POSSIBLE TRANSITION f_manomissione F f2 L2 alert ε stop
[INFO]	POSSIBLE TRANSITION f_control F f1   L1 av O2 ε
[INFO]	DIMENSION ALLOWED TRANSITION: 4
[INFO]	ALLOWED TRANSITION f_off F f0   Of ε
[INFO]	ALLOWED TRANSITION f_revisione F f3   O3 rev
[INFO]	ALLOWED TRANSITION f_manomissione F f2 L2 alert ε stop
[INFO]	ALLOWED TRANSITION f_control F f1   L1 av O2 ε
[INFO]	FOUND NEW BEHAVIORAL STATE: (RENAMED:|STATI:a2,f0|EVENTI:ε,alert)
[INFO]	SNAPSHOT|	|DIMENSIONE GRAFO->20	|DIMENSIONE STATI FINALI->6	|DIMENSIONE CODA->7
[INFO]	SNAPSHOT|	|DIMENSIONE GRAFO->21	|DIMENSIONE STATI FINALI->6	|DIMENSIONE CODA->7
[INFO]	FOUND NEW BEHAVIORAL STATE: (RENAMED:|STATI:a2,f2|EVENTI:ε,ε)
[INFO]	FOUND NEW FINAL STATE: (RENAMED:|STATI:a2,f2|EVENTI:ε,ε)
[INFO]	SNAPSHOT|	|DIMENSIONE GRAFO->22	|DIMENSIONE STATI FINALI->7	|DIMENSIONE CODA->8
[INFO]	FOUND NEW BEHAVIORAL STATE: (RENAMED:|STATI:a2,f1|EVENTI:av,alert)
[INFO]	SNAPSHOT|	|DIMENSIONE GRAFO->23	|DIMENSIONE STATI FINALI->7	|DIMENSIONE CODA->9
[INFO]	ACTUAL BEHAVIORAL STATE: (RENAMED:|STATI:a2,f1|EVENTI:av,alert)
[INFO]	DIMENSION POSSIBLE TRANSITION:5
[INFO]	POSSIBLE TRANSITION a_ripristino A a1 L1 cr ε ε
[INFO]	POSSIBLE TRANSITION f_off F f0   Of ε
[INFO]	POSSIBLE TRANSITION f_revisione F f3   O3 rev
[INFO]	POSSIBLE TRANSITION f_manomissione F f2 L2 alert ε stop
[INFO]	POSSIBLE TRANSITION f_control F f1   L1 av O2 ε
[INFO]	DIMENSION ALLOWED TRANSITION: 3
[INFO]	ALLOWED TRANSITION f_off F f0   Of ε
[INFO]	ALLOWED TRANSITION f_revisione F f3   O3 rev
[INFO]	ALLOWED TRANSITION f_manomissione F f2 L2 alert ε stop
[INFO]	FOUND NEW BEHAVIORAL STATE: (RENAMED:|STATI:a2,f0|EVENTI:av,alert)
[INFO]	SNAPSHOT|	|DIMENSIONE GRAFO->24	|DIMENSIONE STATI FINALI->7	|DIMENSIONE CODA->9
[INFO]	SNAPSHOT|	|DIMENSIONE GRAFO->25	|DIMENSIONE STATI FINALI->7	|DIMENSIONE CODA->9
[INFO]	FOUND NEW BEHAVIORAL STATE: (RENAMED:|STATI:a2,f2|EVENTI:av,ε)
[INFO]	SNAPSHOT|	|DIMENSIONE GRAFO->26	|DIMENSIONE STATI FINALI->7	|DIMENSIONE CODA->10
[INFO]	ACTUAL BEHAVIORAL STATE: (RENAMED:|STATI:a2,f2|EVENTI:av,ε)
[INFO]	DIMENSION POSSIBLE TRANSITION:2
[INFO]	POSSIBLE TRANSITION a_ripristino A a1 L1 cr ε ε
[INFO]	POSSIBLE TRANSITION f_ripristino F f3   L1 cr ε ε
[INFO]	DIMENSION ALLOWED TRANSITION: 0
[INFO]	ACTUAL BEHAVIORAL STATE: (RENAMED:|STATI:a2,f0|EVENTI:av,alert)
[INFO]	DIMENSION POSSIBLE TRANSITION:2
[INFO]	POSSIBLE TRANSITION a_ripristino A a1 L1 cr ε ε
[INFO]	POSSIBLE TRANSITION f_on F f1   ε ε
[INFO]	DIMENSION ALLOWED TRANSITION: 1
[INFO]	ALLOWED TRANSITION f_on F f1   ε ε
[INFO]	SNAPSHOT|	|DIMENSIONE GRAFO->27	|DIMENSIONE STATI FINALI->7	|DIMENSIONE CODA->8
[INFO]	ACTUAL BEHAVIORAL STATE: (RENAMED:|STATI:a2,f2|EVENTI:ε,ε)
[INFO]	DIMENSION POSSIBLE TRANSITION:2
[INFO]	POSSIBLE TRANSITION a_ripristino A a1 L1 cr ε ε
[INFO]	POSSIBLE TRANSITION f_ripristino F f3   L1 cr ε ε
[INFO]	DIMENSION ALLOWED TRANSITION: 1
[INFO]	ALLOWED TRANSITION f_ripristino F f3   L1 cr ε ε
[INFO]	FOUND NEW BEHAVIORAL STATE: (RENAMED:|STATI:a2,f3|EVENTI:cr,ε)
[INFO]	SNAPSHOT|	|DIMENSIONE GRAFO->28	|DIMENSIONE STATI FINALI->7	|DIMENSIONE CODA->8
[INFO]	ACTUAL BEHAVIORAL STATE: (RENAMED:|STATI:a2,f3|EVENTI:cr,ε)
[INFO]	DIMENSION POSSIBLE TRANSITION:2
[INFO]	POSSIBLE TRANSITION a_ripristino A a1 L1 cr ε ε
[INFO]	POSSIBLE TRANSITION f_fine_manutenzione F f1   ε restart
[INFO]	DIMENSION ALLOWED TRANSITION: 2
[INFO]	ALLOWED TRANSITION a_ripristino A a1 L1 cr ε ε
[INFO]	ALLOWED TRANSITION f_fine_manutenzione F f1   ε restart
[INFO]	SNAPSHOT|	|DIMENSIONE GRAFO->29	|DIMENSIONE STATI FINALI->7	|DIMENSIONE CODA->7
[INFO]	FOUND NEW BEHAVIORAL STATE: (RENAMED:|STATI:a2,f1|EVENTI:cr,ε)
[INFO]	SNAPSHOT|	|DIMENSIONE GRAFO->30	|DIMENSIONE STATI FINALI->7	|DIMENSIONE CODA->8
[INFO]	ACTUAL BEHAVIORAL STATE: (RENAMED:|STATI:a2,f1|EVENTI:cr,ε)
[INFO]	DIMENSION POSSIBLE TRANSITION:5
[INFO]	POSSIBLE TRANSITION a_ripristino A a1 L1 cr ε ε
[INFO]	POSSIBLE TRANSITION f_off F f0   Of ε
[INFO]	POSSIBLE TRANSITION f_revisione F f3   O3 rev
[INFO]	POSSIBLE TRANSITION f_manomissione F f2 L2 alert ε stop
[INFO]	POSSIBLE TRANSITION f_control F f1   L1 av O2 ε
[INFO]	DIMENSION ALLOWED TRANSITION: 3
[INFO]	ALLOWED TRANSITION a_ripristino A a1 L1 cr ε ε
[INFO]	ALLOWED TRANSITION f_off F f0   Of ε
[INFO]	ALLOWED TRANSITION f_revisione F f3   O3 rev
[INFO]	SNAPSHOT|	|DIMENSIONE GRAFO->31	|DIMENSIONE STATI FINALI->7	|DIMENSIONE CODA->7
[INFO]	FOUND NEW BEHAVIORAL STATE: (RENAMED:|STATI:a2,f0|EVENTI:cr,ε)
[INFO]	SNAPSHOT|	|DIMENSIONE GRAFO->32	|DIMENSIONE STATI FINALI->7	|DIMENSIONE CODA->8
[INFO]	SNAPSHOT|	|DIMENSIONE GRAFO->33	|DIMENSIONE STATI FINALI->7	|DIMENSIONE CODA->8
[INFO]	ACTUAL BEHAVIORAL STATE: (RENAMED:|STATI:a2,f0|EVENTI:cr,ε)
[INFO]	DIMENSION POSSIBLE TRANSITION:2
[INFO]	POSSIBLE TRANSITION a_ripristino A a1 L1 cr ε ε
[INFO]	POSSIBLE TRANSITION f_on F f1   ε ε
[INFO]	DIMENSION ALLOWED TRANSITION: 2
[INFO]	ALLOWED TRANSITION a_ripristino A a1 L1 cr ε ε
[INFO]	ALLOWED TRANSITION f_on F f1   ε ε
[INFO]	SNAPSHOT|	|DIMENSIONE GRAFO->34	|DIMENSIONE STATI FINALI->7	|DIMENSIONE CODA->7
[INFO]	SNAPSHOT|	|DIMENSIONE GRAFO->35	|DIMENSIONE STATI FINALI->7	|DIMENSIONE CODA->7
[INFO]	ACTUAL BEHAVIORAL STATE: (RENAMED:|STATI:a2,f0|EVENTI:ε,alert)
[INFO]	DIMENSION POSSIBLE TRANSITION:2
[INFO]	POSSIBLE TRANSITION a_ripristino A a1 L1 cr ε ε
[INFO]	POSSIBLE TRANSITION f_on F f1   ε ε
[INFO]	DIMENSION ALLOWED TRANSITION: 1
[INFO]	ALLOWED TRANSITION f_on F f1   ε ε
[INFO]	SNAPSHOT|	|DIMENSIONE GRAFO->36	|DIMENSIONE STATI FINALI->7	|DIMENSIONE CODA->6
[INFO]	ACTUAL BEHAVIORAL STATE: (RENAMED:|STATI:a2,f3|EVENTI:av,alert)
[INFO]	DIMENSION POSSIBLE TRANSITION:2
[INFO]	POSSIBLE TRANSITION a_ripristino A a1 L1 cr ε ε
[INFO]	POSSIBLE TRANSITION f_fine_manutenzione F f1   ε restart
[INFO]	DIMENSION ALLOWED TRANSITION: 1
[INFO]	ALLOWED TRANSITION f_fine_manutenzione F f1   ε restart
[INFO]	SNAPSHOT|	|DIMENSIONE GRAFO->37	|DIMENSIONE STATI FINALI->7	|DIMENSIONE CODA->5
[INFO]	ACTUAL BEHAVIORAL STATE: (RENAMED:|STATI:a0,f0|EVENTI:av,ε)
[INFO]	DIMENSION POSSIBLE TRANSITION:2
[INFO]	POSSIBLE TRANSITION a_on A a1   ε ε
[INFO]	POSSIBLE TRANSITION f_on F f1   ε ε
[INFO]	DIMENSION ALLOWED TRANSITION: 2
[INFO]	ALLOWED TRANSITION a_on A a1   ε ε
[INFO]	ALLOWED TRANSITION f_on F f1   ε ε
[INFO]	FOUND NEW BEHAVIORAL STATE: (RENAMED:|STATI:a1,f0|EVENTI:av,ε)
[INFO]	SNAPSHOT|	|DIMENSIONE GRAFO->38	|DIMENSIONE STATI FINALI->7	|DIMENSIONE CODA->5
[INFO]	SNAPSHOT|	|DIMENSIONE GRAFO->39	|DIMENSIONE STATI FINALI->7	|DIMENSIONE CODA->5
[INFO]	ACTUAL BEHAVIORAL STATE: (RENAMED:|STATI:a1,f0|EVENTI:av,ε)
[INFO]	DIMENSION POSSIBLE TRANSITION:4
[INFO]	POSSIBLE TRANSITION a_off A a0   Oa ε
[INFO]	POSSIBLE TRANSITION a_alert A a2   L2 alert O1 alert
[INFO]	POSSIBLE TRANSITION a_control A a1 L1 av ε ε
[INFO]	POSSIBLE TRANSITION f_on F f1   ε ε
[INFO]	DIMENSION ALLOWED TRANSITION: 4
[INFO]	ALLOWED TRANSITION a_off A a0   Oa ε
[INFO]	ALLOWED TRANSITION a_alert A a2   L2 alert O1 alert
[INFO]	ALLOWED TRANSITION a_control A a1 L1 av ε ε
[INFO]	ALLOWED TRANSITION f_on F f1   ε ε
[INFO]	SNAPSHOT|	|DIMENSIONE GRAFO->40	|DIMENSIONE STATI FINALI->7	|DIMENSIONE CODA->4
[INFO]	SNAPSHOT|	|DIMENSIONE GRAFO->41	|DIMENSIONE STATI FINALI->7	|DIMENSIONE CODA->4
[INFO]	SNAPSHOT|	|DIMENSIONE GRAFO->42	|DIMENSIONE STATI FINALI->7	|DIMENSIONE CODA->4
[INFO]	SNAPSHOT|	|DIMENSIONE GRAFO->43	|DIMENSIONE STATI FINALI->7	|DIMENSIONE CODA->4
[INFO]	ACTUAL BEHAVIORAL STATE: (RENAMED:|STATI:a1,f1|EVENTI:av,ε)
[INFO]	DIMENSION POSSIBLE TRANSITION:7
[INFO]	POSSIBLE TRANSITION a_off A a0   Oa ε
[INFO]	POSSIBLE TRANSITION a_alert A a2   L2 alert O1 alert
[INFO]	POSSIBLE TRANSITION a_control A a1 L1 av ε ε
[INFO]	POSSIBLE TRANSITION f_off F f0   Of ε
[INFO]	POSSIBLE TRANSITION f_revisione F f3   O3 rev
[INFO]	POSSIBLE TRANSITION f_manomissione F f2 L2 alert ε stop
[INFO]	POSSIBLE TRANSITION f_control F f1   L1 av O2 ε
[INFO]	DIMENSION ALLOWED TRANSITION: 5
[INFO]	ALLOWED TRANSITION a_off A a0   Oa ε
[INFO]	ALLOWED TRANSITION a_alert A a2   L2 alert O1 alert
[INFO]	ALLOWED TRANSITION a_control A a1 L1 av ε ε
[INFO]	ALLOWED TRANSITION f_off F f0   Of ε
[INFO]	ALLOWED TRANSITION f_revisione F f3   O3 rev
[INFO]	SNAPSHOT|	|DIMENSIONE GRAFO->44	|DIMENSIONE STATI FINALI->7	|DIMENSIONE CODA->3
[INFO]	SNAPSHOT|	|DIMENSIONE GRAFO->45	|DIMENSIONE STATI FINALI->7	|DIMENSIONE CODA->3
[INFO]	SNAPSHOT|	|DIMENSIONE GRAFO->46	|DIMENSIONE STATI FINALI->7	|DIMENSIONE CODA->3
[INFO]	SNAPSHOT|	|DIMENSIONE GRAFO->47	|DIMENSIONE STATI FINALI->7	|DIMENSIONE CODA->3
[INFO]	SNAPSHOT|	|DIMENSIONE GRAFO->48	|DIMENSIONE STATI FINALI->7	|DIMENSIONE CODA->3
[INFO]	ACTUAL BEHAVIORAL STATE: (RENAMED:|STATI:a0,f3|EVENTI:ε,ε)
[INFO]	DIMENSION POSSIBLE TRANSITION:2
[INFO]	POSSIBLE TRANSITION a_on A a1   ε ε
[INFO]	POSSIBLE TRANSITION f_fine_manutenzione F f1   ε restart
[INFO]	DIMENSION ALLOWED TRANSITION: 2
[INFO]	ALLOWED TRANSITION a_on A a1   ε ε
[INFO]	ALLOWED TRANSITION f_fine_manutenzione F f1   ε restart
[INFO]	SNAPSHOT|	|DIMENSIONE GRAFO->49	|DIMENSIONE STATI FINALI->7	|DIMENSIONE CODA->2
[INFO]	SNAPSHOT|	|DIMENSIONE GRAFO->50	|DIMENSIONE STATI FINALI->7	|DIMENSIONE CODA->2
[INFO]	ACTUAL BEHAVIORAL STATE: (RENAMED:|STATI:a1,f1|EVENTI:ε,ε)
[INFO]	DIMENSION POSSIBLE TRANSITION:7
[INFO]	POSSIBLE TRANSITION a_off A a0   Oa ε
[INFO]	POSSIBLE TRANSITION a_alert A a2   L2 alert O1 alert
[INFO]	POSSIBLE TRANSITION a_control A a1 L1 av ε ε
[INFO]	POSSIBLE TRANSITION f_off F f0   Of ε
[INFO]	POSSIBLE TRANSITION f_revisione F f3   O3 rev
[INFO]	POSSIBLE TRANSITION f_manomissione F f2 L2 alert ε stop
[INFO]	POSSIBLE TRANSITION f_control F f1   L1 av O2 ε
[INFO]	DIMENSION ALLOWED TRANSITION: 5
[INFO]	ALLOWED TRANSITION a_off A a0   Oa ε
[INFO]	ALLOWED TRANSITION a_alert A a2   L2 alert O1 alert
[INFO]	ALLOWED TRANSITION f_off F f0   Of ε
[INFO]	ALLOWED TRANSITION f_revisione F f3   O3 rev
[INFO]	ALLOWED TRANSITION f_control F f1   L1 av O2 ε
[INFO]	SNAPSHOT|	|DIMENSIONE GRAFO->51	|DIMENSIONE STATI FINALI->7	|DIMENSIONE CODA->1
[INFO]	SNAPSHOT|	|DIMENSIONE GRAFO->52	|DIMENSIONE STATI FINALI->7	|DIMENSIONE CODA->1
[INFO]	SNAPSHOT|	|DIMENSIONE GRAFO->53	|DIMENSIONE STATI FINALI->7	|DIMENSIONE CODA->1
[INFO]	SNAPSHOT|	|DIMENSIONE GRAFO->54	|DIMENSIONE STATI FINALI->7	|DIMENSIONE CODA->1
[INFO]	SNAPSHOT|	|DIMENSIONE GRAFO->55	|DIMENSIONE STATI FINALI->7	|DIMENSIONE CODA->1
[INFO]	ACTUAL BEHAVIORAL STATE: (RENAMED:|STATI:a1,f0|EVENTI:ε,ε)
[INFO]	DIMENSION POSSIBLE TRANSITION:4
[INFO]	POSSIBLE TRANSITION a_off A a0   Oa ε
[INFO]	POSSIBLE TRANSITION a_alert A a2   L2 alert O1 alert
[INFO]	POSSIBLE TRANSITION a_control A a1 L1 av ε ε
[INFO]	POSSIBLE TRANSITION f_on F f1   ε ε
[INFO]	DIMENSION ALLOWED TRANSITION: 3
[INFO]	ALLOWED TRANSITION a_off A a0   Oa ε
[INFO]	ALLOWED TRANSITION a_alert A a2   L2 alert O1 alert
[INFO]	ALLOWED TRANSITION f_on F f1   ε ε
[INFO]	SNAPSHOT|	|DIMENSIONE GRAFO->56	|DIMENSIONE STATI FINALI->7	|DIMENSIONE CODA->0
[INFO]	SNAPSHOT|	|DIMENSIONE GRAFO->57	|DIMENSIONE STATI FINALI->7	|DIMENSIONE CODA->0
[INFO]	SNAPSHOT|	|DIMENSIONE GRAFO->58	|DIMENSIONE STATI FINALI->7	|DIMENSIONE CODA->0
[INFO]	FINAL STATES:
(RENAMED:|STATI:a1,f0|EVENTI:ε,ε)
(RENAMED:|STATI:a0,f1|EVENTI:ε,ε)
(RENAMED:|STATI:a1,f1|EVENTI:ε,ε)
(RENAMED:|STATI:a0,f0|EVENTI:ε,ε)
(RENAMED:|STATI:a0,f3|EVENTI:ε,ε)
(RENAMED:|STATI:a1,f3|EVENTI:ε,ε)
(RENAMED:|STATI:a2,f2|EVENTI:ε,ε)
[INFO]	COMPLETE GRAPH	PARENT_NODE:(RENAMED:|OBS INDEX []|STATI:a0,f0|EVENTI:ε,ε)	TRANSITION: a_on	LABEL_OBS: ε	LABEL_REL: ε	CHILD_NODE: (RENAMED:|OBS INDEX []|STATI:a1,f0|EVENTI:ε,ε)
PARENT_NODE:(RENAMED:|OBS INDEX []|STATI:a0,f0|EVENTI:ε,ε)	TRANSITION: f_on	LABEL_OBS: ε	LABEL_REL: ε	CHILD_NODE: (RENAMED:|OBS INDEX []|STATI:a0,f1|EVENTI:ε,ε)
PARENT_NODE:(RENAMED:|OBS INDEX []|STATI:a0,f1|EVENTI:ε,ε)	TRANSITION: a_on	LABEL_OBS: ε	LABEL_REL: ε	CHILD_NODE: (RENAMED:|OBS INDEX []|STATI:a1,f1|EVENTI:ε,ε)
PARENT_NODE:(RENAMED:|OBS INDEX []|STATI:a0,f1|EVENTI:ε,ε)	TRANSITION: f_off	LABEL_OBS: Of	LABEL_REL: ε	CHILD_NODE: (RENAMED:|OBS INDEX []|STATI:a0,f0|EVENTI:ε,ε)
PARENT_NODE:(RENAMED:|OBS INDEX []|STATI:a0,f1|EVENTI:ε,ε)	TRANSITION: f_revisione	LABEL_OBS: O3	LABEL_REL: rev	CHILD_NODE: (RENAMED:|OBS INDEX []|STATI:a0,f3|EVENTI:ε,ε)
PARENT_NODE:(RENAMED:|OBS INDEX []|STATI:a0,f1|EVENTI:ε,ε)	TRANSITION: f_control	LABEL_OBS: O2	LABEL_REL: ε	CHILD_NODE: (RENAMED:|OBS INDEX []|STATI:a0,f1|EVENTI:av,ε)
PARENT_NODE:(RENAMED:|OBS INDEX []|STATI:a0,f1|EVENTI:av,ε)	TRANSITION: a_on	LABEL_OBS: ε	LABEL_REL: ε	CHILD_NODE: (RENAMED:|OBS INDEX []|STATI:a1,f1|EVENTI:av,ε)
PARENT_NODE:(RENAMED:|OBS INDEX []|STATI:a0,f1|EVENTI:av,ε)	TRANSITION: f_off	LABEL_OBS: Of	LABEL_REL: ε	CHILD_NODE: (RENAMED:|OBS INDEX []|STATI:a0,f0|EVENTI:av,ε)
PARENT_NODE:(RENAMED:|OBS INDEX []|STATI:a0,f1|EVENTI:av,ε)	TRANSITION: f_revisione	LABEL_OBS: O3	LABEL_REL: rev	CHILD_NODE: (RENAMED:|OBS INDEX []|STATI:a0,f3|EVENTI:av,ε)
PARENT_NODE:(RENAMED:|OBS INDEX []|STATI:a0,f3|EVENTI:av,ε)	TRANSITION: a_on	LABEL_OBS: ε	LABEL_REL: ε	CHILD_NODE: (RENAMED:|OBS INDEX []|STATI:a1,f3|EVENTI:av,ε)
PARENT_NODE:(RENAMED:|OBS INDEX []|STATI:a0,f3|EVENTI:av,ε)	TRANSITION: f_fine_manutenzione	LABEL_OBS: ε	LABEL_REL: restart	CHILD_NODE: (RENAMED:|OBS INDEX []|STATI:a0,f1|EVENTI:av,ε)
PARENT_NODE:(RENAMED:|OBS INDEX []|STATI:a1,f3|EVENTI:av,ε)	TRANSITION: a_off	LABEL_OBS: Oa	LABEL_REL: ε	CHILD_NODE: (RENAMED:|OBS INDEX []|STATI:a0,f3|EVENTI:av,ε)
PARENT_NODE:(RENAMED:|OBS INDEX []|STATI:a1,f3|EVENTI:av,ε)	TRANSITION: a_alert	LABEL_OBS: O1	LABEL_REL: alert	CHILD_NODE: (RENAMED:|OBS INDEX []|STATI:a2,f3|EVENTI:av,alert)
PARENT_NODE:(RENAMED:|OBS INDEX []|STATI:a1,f3|EVENTI:av,ε)	TRANSITION: a_control	LABEL_OBS: ε	LABEL_REL: ε	CHILD_NODE: (RENAMED:|OBS INDEX []|STATI:a1,f3|EVENTI:ε,ε)
PARENT_NODE:(RENAMED:|OBS INDEX []|STATI:a1,f3|EVENTI:av,ε)	TRANSITION: f_fine_manutenzione	LABEL_OBS: ε	LABEL_REL: restart	CHILD_NODE: (RENAMED:|OBS INDEX []|STATI:a1,f1|EVENTI:av,ε)
PARENT_NODE:(RENAMED:|OBS INDEX []|STATI:a1,f3|EVENTI:ε,ε)	TRANSITION: a_off	LABEL_OBS: Oa	LABEL_REL: ε	CHILD_NODE: (RENAMED:|OBS INDEX []|STATI:a0,f3|EVENTI:ε,ε)
PARENT_NODE:(RENAMED:|OBS INDEX []|STATI:a1,f3|EVENTI:ε,ε)	TRANSITION: a_alert	LABEL_OBS: O1	LABEL_REL: alert	CHILD_NODE: (RENAMED:|OBS INDEX []|STATI:a2,f3|EVENTI:ε,alert)
PARENT_NODE:(RENAMED:|OBS INDEX []|STATI:a1,f3|EVENTI:ε,ε)	TRANSITION: f_fine_manutenzione	LABEL_OBS: ε	LABEL_REL: restart	CHILD_NODE: (RENAMED:|OBS INDEX []|STATI:a1,f1|EVENTI:ε,ε)
PARENT_NODE:(RENAMED:|OBS INDEX []|STATI:a2,f3|EVENTI:ε,alert)	TRANSITION: f_fine_manutenzione	LABEL_OBS: ε	LABEL_REL: restart	CHILD_NODE: (RENAMED:|OBS INDEX []|STATI:a2,f1|EVENTI:ε,alert)
PARENT_NODE:(RENAMED:|OBS INDEX []|STATI:a2,f1|EVENTI:ε,alert)	TRANSITION: f_off	LABEL_OBS: Of	LABEL_REL: ε	CHILD_NODE: (RENAMED:|OBS INDEX []|STATI:a2,f0|EVENTI:ε,alert)
PARENT_NODE:(RENAMED:|OBS INDEX []|STATI:a2,f1|EVENTI:ε,alert)	TRANSITION: f_revisione	LABEL_OBS: O3	LABEL_REL: rev	CHILD_NODE: (RENAMED:|OBS INDEX []|STATI:a2,f3|EVENTI:ε,alert)
PARENT_NODE:(RENAMED:|OBS INDEX []|STATI:a2,f1|EVENTI:ε,alert)	TRANSITION: f_manomissione	LABEL_OBS: ε	LABEL_REL: stop	CHILD_NODE: (RENAMED:|OBS INDEX []|STATI:a2,f2|EVENTI:ε,ε)
PARENT_NODE:(RENAMED:|OBS INDEX []|STATI:a2,f1|EVENTI:ε,alert)	TRANSITION: f_control	LABEL_OBS: O2	LABEL_REL: ε	CHILD_NODE: (RENAMED:|OBS INDEX []|STATI:a2,f1|EVENTI:av,alert)
PARENT_NODE:(RENAMED:|OBS INDEX []|STATI:a2,f1|EVENTI:av,alert)	TRANSITION: f_off	LABEL_OBS: Of	LABEL_REL: ε	CHILD_NODE: (RENAMED:|OBS INDEX []|STATI:a2,f0|EVENTI:av,alert)
PARENT_NODE:(RENAMED:|OBS INDEX []|STATI:a2,f1|EVENTI:av,alert)	TRANSITION: f_revisione	LABEL_OBS: O3	LABEL_REL: rev	CHILD_NODE: (RENAMED:|OBS INDEX []|STATI:a2,f3|EVENTI:av,alert)
PARENT_NODE:(RENAMED:|OBS INDEX []|STATI:a2,f1|EVENTI:av,alert)	TRANSITION: f_manomissione	LABEL_OBS: ε	LABEL_REL: stop	CHILD_NODE: (RENAMED:|OBS INDEX []|STATI:a2,f2|EVENTI:av,ε)
PARENT_NODE:(RENAMED:|OBS INDEX []|STATI:a2,f0|EVENTI:av,alert)	TRANSITION: f_on	LABEL_OBS: ε	LABEL_REL: ε	CHILD_NODE: (RENAMED:|OBS INDEX []|STATI:a2,f1|EVENTI:av,alert)
PARENT_NODE:(RENAMED:|OBS INDEX []|STATI:a2,f2|EVENTI:ε,ε)	TRANSITION: f_ripristino	LABEL_OBS: ε	LABEL_REL: ε	CHILD_NODE: (RENAMED:|OBS INDEX []|STATI:a2,f3|EVENTI:cr,ε)
PARENT_NODE:(RENAMED:|OBS INDEX []|STATI:a2,f3|EVENTI:cr,ε)	TRANSITION: a_ripristino	LABEL_OBS: ε	LABEL_REL: ε	CHILD_NODE: (RENAMED:|OBS INDEX []|STATI:a1,f3|EVENTI:ε,ε)
PARENT_NODE:(RENAMED:|OBS INDEX []|STATI:a2,f3|EVENTI:cr,ε)	TRANSITION: f_fine_manutenzione	LABEL_OBS: ε	LABEL_REL: restart	CHILD_NODE: (RENAMED:|OBS INDEX []|STATI:a2,f1|EVENTI:cr,ε)
PARENT_NODE:(RENAMED:|OBS INDEX []|STATI:a2,f1|EVENTI:cr,ε)	TRANSITION: a_ripristino	LABEL_OBS: ε	LABEL_REL: ε	CHILD_NODE: (RENAMED:|OBS INDEX []|STATI:a1,f1|EVENTI:ε,ε)
PARENT_NODE:(RENAMED:|OBS INDEX []|STATI:a2,f1|EVENTI:cr,ε)	TRANSITION: f_off	LABEL_OBS: Of	LABEL_REL: ε	CHILD_NODE: (RENAMED:|OBS INDEX []|STATI:a2,f0|EVENTI:cr,ε)
PARENT_NODE:(RENAMED:|OBS INDEX []|STATI:a2,f1|EVENTI:cr,ε)	TRANSITION: f_revisione	LABEL_OBS: O3	LABEL_REL: rev	CHILD_NODE: (RENAMED:|OBS INDEX []|STATI:a2,f3|EVENTI:cr,ε)
PARENT_NODE:(RENAMED:|OBS INDEX []|STATI:a2,f0|EVENTI:cr,ε)	TRANSITION: a_ripristino	LABEL_OBS: ε	LABEL_REL: ε	CHILD_NODE: (RENAMED:|OBS INDEX []|STATI:a1,f0|EVENTI:ε,ε)
PARENT_NODE:(RENAMED:|OBS INDEX []|STATI:a2,f0|EVENTI:cr,ε)	TRANSITION: f_on	LABEL_OBS: ε	LABEL_REL: ε	CHILD_NODE: (RENAMED:|OBS INDEX []|STATI:a2,f1|EVENTI:cr,ε)
PARENT_NODE:(RENAMED:|OBS INDEX []|STATI:a2,f0|EVENTI:ε,alert)	TRANSITION: f_on	LABEL_OBS: ε	LABEL_REL: ε	CHILD_NODE: (RENAMED:|OBS INDEX []|STATI:a2,f1|EVENTI:ε,alert)
PARENT_NODE:(RENAMED:|OBS INDEX []|STATI:a2,f3|EVENTI:av,alert)	TRANSITION: f_fine_manutenzione	LABEL_OBS: ε	LABEL_REL: restart	CHILD_NODE: (RENAMED:|OBS INDEX []|STATI:a2,f1|EVENTI:av,alert)
PARENT_NODE:(RENAMED:|OBS INDEX []|STATI:a0,f0|EVENTI:av,ε)	TRANSITION: a_on	LABEL_OBS: ε	LABEL_REL: ε	CHILD_NODE: (RENAMED:|OBS INDEX []|STATI:a1,f0|EVENTI:av,ε)
PARENT_NODE:(RENAMED:|OBS INDEX []|STATI:a0,f0|EVENTI:av,ε)	TRANSITION: f_on	LABEL_OBS: ε	LABEL_REL: ε	CHILD_NODE: (RENAMED:|OBS INDEX []|STATI:a0,f1|EVENTI:av,ε)
PARENT_NODE:(RENAMED:|OBS INDEX []|STATI:a1,f0|EVENTI:av,ε)	TRANSITION: a_off	LABEL_OBS: Oa	LABEL_REL: ε	CHILD_NODE: (RENAMED:|OBS INDEX []|STATI:a0,f0|EVENTI:av,ε)
PARENT_NODE:(RENAMED:|OBS INDEX []|STATI:a1,f0|EVENTI:av,ε)	TRANSITION: a_alert	LABEL_OBS: O1	LABEL_REL: alert	CHILD_NODE: (RENAMED:|OBS INDEX []|STATI:a2,f0|EVENTI:av,alert)
PARENT_NODE:(RENAMED:|OBS INDEX []|STATI:a1,f0|EVENTI:av,ε)	TRANSITION: a_control	LABEL_OBS: ε	LABEL_REL: ε	CHILD_NODE: (RENAMED:|OBS INDEX []|STATI:a1,f0|EVENTI:ε,ε)
PARENT_NODE:(RENAMED:|OBS INDEX []|STATI:a1,f0|EVENTI:av,ε)	TRANSITION: f_on	LABEL_OBS: ε	LABEL_REL: ε	CHILD_NODE: (RENAMED:|OBS INDEX []|STATI:a1,f1|EVENTI:av,ε)
PARENT_NODE:(RENAMED:|OBS INDEX []|STATI:a1,f1|EVENTI:av,ε)	TRANSITION: a_off	LABEL_OBS: Oa	LABEL_REL: ε	CHILD_NODE: (RENAMED:|OBS INDEX []|STATI:a0,f1|EVENTI:av,ε)
PARENT_NODE:(RENAMED:|OBS INDEX []|STATI:a1,f1|EVENTI:av,ε)	TRANSITION: a_alert	LABEL_OBS: O1	LABEL_REL: alert	CHILD_NODE: (RENAMED:|OBS INDEX []|STATI:a2,f1|EVENTI:av,alert)
PARENT_NODE:(RENAMED:|OBS INDEX []|STATI:a1,f1|EVENTI:av,ε)	TRANSITION: a_control	LABEL_OBS: ε	LABEL_REL: ε	CHILD_NODE: (RENAMED:|OBS INDEX []|STATI:a1,f1|EVENTI:ε,ε)
PARENT_NODE:(RENAMED:|OBS INDEX []|STATI:a1,f1|EVENTI:av,ε)	TRANSITION: f_off	LABEL_OBS: Of	LABEL_REL: ε	CHILD_NODE: (RENAMED:|OBS INDEX []|STATI:a1,f0|EVENTI:av,ε)
PARENT_NODE:(RENAMED:|OBS INDEX []|STATI:a1,f1|EVENTI:av,ε)	TRANSITION: f_revisione	LABEL_OBS: O3	LABEL_REL: rev	CHILD_NODE: (RENAMED:|OBS INDEX []|STATI:a1,f3|EVENTI:av,ε)
PARENT_NODE:(RENAMED:|OBS INDEX []|STATI:a0,f3|EVENTI:ε,ε)	TRANSITION: a_on	LABEL_OBS: ε	LABEL_REL: ε	CHILD_NODE: (RENAMED:|OBS INDEX []|STATI:a1,f3|EVENTI:ε,ε)
PARENT_NODE:(RENAMED:|OBS INDEX []|STATI:a0,f3|EVENTI:ε,ε)	TRANSITION: f_fine_manutenzione	LABEL_OBS: ε	LABEL_REL: restart	CHILD_NODE: (RENAMED:|OBS INDEX []|STATI:a0,f1|EVENTI:ε,ε)
PARENT_NODE:(RENAMED:|OBS INDEX []|STATI:a1,f1|EVENTI:ε,ε)	TRANSITION: a_off	LABEL_OBS: Oa	LABEL_REL: ε	CHILD_NODE: (RENAMED:|OBS INDEX []|STATI:a0,f1|EVENTI:ε,ε)
PARENT_NODE:(RENAMED:|OBS INDEX []|STATI:a1,f1|EVENTI:ε,ε)	TRANSITION: a_alert	LABEL_OBS: O1	LABEL_REL: alert	CHILD_NODE: (RENAMED:|OBS INDEX []|STATI:a2,f1|EVENTI:ε,alert)
PARENT_NODE:(RENAMED:|OBS INDEX []|STATI:a1,f1|EVENTI:ε,ε)	TRANSITION: f_off	LABEL_OBS: Of	LABEL_REL: ε	CHILD_NODE: (RENAMED:|OBS INDEX []|STATI:a1,f0|EVENTI:ε,ε)
PARENT_NODE:(RENAMED:|OBS INDEX []|STATI:a1,f1|EVENTI:ε,ε)	TRANSITION: f_revisione	LABEL_OBS: O3	LABEL_REL: rev	CHILD_NODE: (RENAMED:|OBS INDEX []|STATI:a1,f3|EVENTI:ε,ε)
PARENT_NODE:(RENAMED:|OBS INDEX []|STATI:a1,f1|EVENTI:ε,ε)	TRANSITION: f_control	LABEL_OBS: O2	LABEL_REL: ε	CHILD_NODE: (RENAMED:|OBS INDEX []|STATI:a1,f1|EVENTI:av,ε)
PARENT_NODE:(RENAMED:|OBS INDEX []|STATI:a1,f0|EVENTI:ε,ε)	TRANSITION: a_off	LABEL_OBS: Oa	LABEL_REL: ε	CHILD_NODE: (RENAMED:|OBS INDEX []|STATI:a0,f0|EVENTI:ε,ε)
PARENT_NODE:(RENAMED:|OBS INDEX []|STATI:a1,f0|EVENTI:ε,ε)	TRANSITION: a_alert	LABEL_OBS: O1	LABEL_REL: alert	CHILD_NODE: (RENAMED:|OBS INDEX []|STATI:a2,f0|EVENTI:ε,alert)
PARENT_NODE:(RENAMED:|OBS INDEX []|STATI:a1,f0|EVENTI:ε,ε)	TRANSITION: f_on	LABEL_OBS: ε	LABEL_REL: ε	CHILD_NODE: (RENAMED:|OBS INDEX []|STATI:a1,f1|EVENTI:ε,ε)

[INFO]	DIMENSIONE GRAFO->58	|DIMENSIONE STATI FINALI->7	|DIMENSIONE CODA->0
[WARNING]	PRUNED GRAPH	PARENT_NODE:(RENAMED:|OBS INDEX []|STATI:a0,f0|EVENTI:ε,ε)	TRANSITION: a_on	LABEL_OBS: ε	LABEL_REL: ε	CHILD_NODE: (RENAMED:|OBS INDEX []|STATI:a1,f0|EVENTI:ε,ε)
PARENT_NODE:(RENAMED:|OBS INDEX []|STATI:a0,f0|EVENTI:ε,ε)	TRANSITION: f_on	LABEL_OBS: ε	LABEL_REL: ε	CHILD_NODE: (RENAMED:|OBS INDEX []|STATI:a0,f1|EVENTI:ε,ε)
PARENT_NODE:(RENAMED:|OBS INDEX []|STATI:a0,f1|EVENTI:ε,ε)	TRANSITION: a_on	LABEL_OBS: ε	LABEL_REL: ε	CHILD_NODE: (RENAMED:|OBS INDEX []|STATI:a1,f1|EVENTI:ε,ε)
PARENT_NODE:(RENAMED:|OBS INDEX []|STATI:a0,f1|EVENTI:ε,ε)	TRANSITION: f_off	LABEL_OBS: Of	LABEL_REL: ε	CHILD_NODE: (RENAMED:|OBS INDEX []|STATI:a0,f0|EVENTI:ε,ε)
PARENT_NODE:(RENAMED:|OBS INDEX []|STATI:a0,f1|EVENTI:ε,ε)	TRANSITION: f_revisione	LABEL_OBS: O3	LABEL_REL: rev	CHILD_NODE: (RENAMED:|OBS INDEX []|STATI:a0,f3|EVENTI:ε,ε)
PARENT_NODE:(RENAMED:|OBS INDEX []|STATI:a0,f1|EVENTI:ε,ε)	TRANSITION: f_control	LABEL_OBS: O2	LABEL_REL: ε	CHILD_NODE: (RENAMED:|OBS INDEX []|STATI:a0,f1|EVENTI:av,ε)
PARENT_NODE:(RENAMED:|OBS INDEX []|STATI:a0,f1|EVENTI:av,ε)	TRANSITION: a_on	LABEL_OBS: ε	LABEL_REL: ε	CHILD_NODE: (RENAMED:|OBS INDEX []|STATI:a1,f1|EVENTI:av,ε)
PARENT_NODE:(RENAMED:|OBS INDEX []|STATI:a0,f1|EVENTI:av,ε)	TRANSITION: f_off	LABEL_OBS: Of	LABEL_REL: ε	CHILD_NODE: (RENAMED:|OBS INDEX []|STATI:a0,f0|EVENTI:av,ε)
PARENT_NODE:(RENAMED:|OBS INDEX []|STATI:a0,f1|EVENTI:av,ε)	TRANSITION: f_revisione	LABEL_OBS: O3	LABEL_REL: rev	CHILD_NODE: (RENAMED:|OBS INDEX []|STATI:a0,f3|EVENTI:av,ε)
PARENT_NODE:(RENAMED:|OBS INDEX []|STATI:a0,f3|EVENTI:av,ε)	TRANSITION: a_on	LABEL_OBS: ε	LABEL_REL: ε	CHILD_NODE: (RENAMED:|OBS INDEX []|STATI:a1,f3|EVENTI:av,ε)
PARENT_NODE:(RENAMED:|OBS INDEX []|STATI:a0,f3|EVENTI:av,ε)	TRANSITION: f_fine_manutenzione	LABEL_OBS: ε	LABEL_REL: restart	CHILD_NODE: (RENAMED:|OBS INDEX []|STATI:a0,f1|EVENTI:av,ε)
PARENT_NODE:(RENAMED:|OBS INDEX []|STATI:a1,f3|EVENTI:av,ε)	TRANSITION: a_off	LABEL_OBS: Oa	LABEL_REL: ε	CHILD_NODE: (RENAMED:|OBS INDEX []|STATI:a0,f3|EVENTI:av,ε)
PARENT_NODE:(RENAMED:|OBS INDEX []|STATI:a1,f3|EVENTI:av,ε)	TRANSITION: a_alert	LABEL_OBS: O1	LABEL_REL: alert	CHILD_NODE: (RENAMED:|OBS INDEX []|STATI:a2,f3|EVENTI:av,alert)
PARENT_NODE:(RENAMED:|OBS INDEX []|STATI:a1,f3|EVENTI:av,ε)	TRANSITION: a_control	LABEL_OBS: ε	LABEL_REL: ε	CHILD_NODE: (RENAMED:|OBS INDEX []|STATI:a1,f3|EVENTI:ε,ε)
PARENT_NODE:(RENAMED:|OBS INDEX []|STATI:a1,f3|EVENTI:av,ε)	TRANSITION: f_fine_manutenzione	LABEL_OBS: ε	LABEL_REL: restart	CHILD_NODE: (RENAMED:|OBS INDEX []|STATI:a1,f1|EVENTI:av,ε)
PARENT_NODE:(RENAMED:|OBS INDEX []|STATI:a1,f3|EVENTI:ε,ε)	TRANSITION: a_off	LABEL_OBS: Oa	LABEL_REL: ε	CHILD_NODE: (RENAMED:|OBS INDEX []|STATI:a0,f3|EVENTI:ε,ε)
PARENT_NODE:(RENAMED:|OBS INDEX []|STATI:a1,f3|EVENTI:ε,ε)	TRANSITION: a_alert	LABEL_OBS: O1	LABEL_REL: alert	CHILD_NODE: (RENAMED:|OBS INDEX []|STATI:a2,f3|EVENTI:ε,alert)
PARENT_NODE:(RENAMED:|OBS INDEX []|STATI:a1,f3|EVENTI:ε,ε)	TRANSITION: f_fine_manutenzione	LABEL_OBS: ε	LABEL_REL: restart	CHILD_NODE: (RENAMED:|OBS INDEX []|STATI:a1,f1|EVENTI:ε,ε)
PARENT_NODE:(RENAMED:|OBS INDEX []|STATI:a2,f3|EVENTI:ε,alert)	TRANSITION: f_fine_manutenzione	LABEL_OBS: ε	LABEL_REL: restart	CHILD_NODE: (RENAMED:|OBS INDEX []|STATI:a2,f1|EVENTI:ε,alert)
PARENT_NODE:(RENAMED:|OBS INDEX []|STATI:a2,f1|EVENTI:ε,alert)	TRANSITION: f_off	LABEL_OBS: Of	LABEL_REL: ε	CHILD_NODE: (RENAMED:|OBS INDEX []|STATI:a2,f0|EVENTI:ε,alert)
PARENT_NODE:(RENAMED:|OBS INDEX []|STATI:a2,f1|EVENTI:ε,alert)	TRANSITION: f_revisione	LABEL_OBS: O3	LABEL_REL: rev	CHILD_NODE: (RENAMED:|OBS INDEX []|STATI:a2,f3|EVENTI:ε,alert)
PARENT_NODE:(RENAMED:|OBS INDEX []|STATI:a2,f1|EVENTI:ε,alert)	TRANSITION: f_manomissione	LABEL_OBS: ε	LABEL_REL: stop	CHILD_NODE: (RENAMED:|OBS INDEX []|STATI:a2,f2|EVENTI:ε,ε)
PARENT_NODE:(RENAMED:|OBS INDEX []|STATI:a2,f1|EVENTI:ε,alert)	TRANSITION: f_control	LABEL_OBS: O2	LABEL_REL: ε	CHILD_NODE: (RENAMED:|OBS INDEX []|STATI:a2,f1|EVENTI:av,alert)
PARENT_NODE:(RENAMED:|OBS INDEX []|STATI:a2,f1|EVENTI:av,alert)	TRANSITION: f_off	LABEL_OBS: Of	LABEL_REL: ε	CHILD_NODE: (RENAMED:|OBS INDEX []|STATI:a2,f0|EVENTI:av,alert)
PARENT_NODE:(RENAMED:|OBS INDEX []|STATI:a2,f1|EVENTI:av,alert)	TRANSITION: f_revisione	LABEL_OBS: O3	LABEL_REL: rev	CHILD_NODE: (RENAMED:|OBS INDEX []|STATI:a2,f3|EVENTI:av,alert)
PARENT_NODE:(RENAMED:|OBS INDEX []|STATI:a2,f0|EVENTI:av,alert)	TRANSITION: f_on	LABEL_OBS: ε	LABEL_REL: ε	CHILD_NODE: (RENAMED:|OBS INDEX []|STATI:a2,f1|EVENTI:av,alert)
PARENT_NODE:(RENAMED:|OBS INDEX []|STATI:a2,f2|EVENTI:ε,ε)	TRANSITION: f_ripristino	LABEL_OBS: ε	LABEL_REL: ε	CHILD_NODE: (RENAMED:|OBS INDEX []|STATI:a2,f3|EVENTI:cr,ε)
PARENT_NODE:(RENAMED:|OBS INDEX []|STATI:a2,f3|EVENTI:cr,ε)	TRANSITION: a_ripristino	LABEL_OBS: ε	LABEL_REL: ε	CHILD_NODE: (RENAMED:|OBS INDEX []|STATI:a1,f3|EVENTI:ε,ε)
PARENT_NODE:(RENAMED:|OBS INDEX []|STATI:a2,f3|EVENTI:cr,ε)	TRANSITION: f_fine_manutenzione	LABEL_OBS: ε	LABEL_REL: restart	CHILD_NODE: (RENAMED:|OBS INDEX []|STATI:a2,f1|EVENTI:cr,ε)
PARENT_NODE:(RENAMED:|OBS INDEX []|STATI:a2,f1|EVENTI:cr,ε)	TRANSITION: a_ripristino	LABEL_OBS: ε	LABEL_REL: ε	CHILD_NODE: (RENAMED:|OBS INDEX []|STATI:a1,f1|EVENTI:ε,ε)
PARENT_NODE:(RENAMED:|OBS INDEX []|STATI:a2,f1|EVENTI:cr,ε)	TRANSITION: f_off	LABEL_OBS: Of	LABEL_REL: ε	CHILD_NODE: (RENAMED:|OBS INDEX []|STATI:a2,f0|EVENTI:cr,ε)
PARENT_NODE:(RENAMED:|OBS INDEX []|STATI:a2,f1|EVENTI:cr,ε)	TRANSITION: f_revisione	LABEL_OBS: O3	LABEL_REL: rev	CHILD_NODE: (RENAMED:|OBS INDEX []|STATI:a2,f3|EVENTI:cr,ε)
PARENT_NODE:(RENAMED:|OBS INDEX []|STATI:a2,f0|EVENTI:cr,ε)	TRANSITION: a_ripristino	LABEL_OBS: ε	LABEL_REL: ε	CHILD_NODE: (RENAMED:|OBS INDEX []|STATI:a1,f0|EVENTI:ε,ε)
PARENT_NODE:(RENAMED:|OBS INDEX []|STATI:a2,f0|EVENTI:cr,ε)	TRANSITION: f_on	LABEL_OBS: ε	LABEL_REL: ε	CHILD_NODE: (RENAMED:|OBS INDEX []|STATI:a2,f1|EVENTI:cr,ε)
PARENT_NODE:(RENAMED:|OBS INDEX []|STATI:a2,f0|EVENTI:ε,alert)	TRANSITION: f_on	LABEL_OBS: ε	LABEL_REL: ε	CHILD_NODE: (RENAMED:|OBS INDEX []|STATI:a2,f1|EVENTI:ε,alert)
PARENT_NODE:(RENAMED:|OBS INDEX []|STATI:a2,f3|EVENTI:av,alert)	TRANSITION: f_fine_manutenzione	LABEL_OBS: ε	LABEL_REL: restart	CHILD_NODE: (RENAMED:|OBS INDEX []|STATI:a2,f1|EVENTI:av,alert)
PARENT_NODE:(RENAMED:|OBS INDEX []|STATI:a0,f0|EVENTI:av,ε)	TRANSITION: a_on	LABEL_OBS: ε	LABEL_REL: ε	CHILD_NODE: (RENAMED:|OBS INDEX []|STATI:a1,f0|EVENTI:av,ε)
PARENT_NODE:(RENAMED:|OBS INDEX []|STATI:a0,f0|EVENTI:av,ε)	TRANSITION: f_on	LABEL_OBS: ε	LABEL_REL: ε	CHILD_NODE: (RENAMED:|OBS INDEX []|STATI:a0,f1|EVENTI:av,ε)
PARENT_NODE:(RENAMED:|OBS INDEX []|STATI:a1,f0|EVENTI:av,ε)	TRANSITION: a_off	LABEL_OBS: Oa	LABEL_REL: ε	CHILD_NODE: (RENAMED:|OBS INDEX []|STATI:a0,f0|EVENTI:av,ε)
PARENT_NODE:(RENAMED:|OBS INDEX []|STATI:a1,f0|EVENTI:av,ε)	TRANSITION: a_alert	LABEL_OBS: O1	LABEL_REL: alert	CHILD_NODE: (RENAMED:|OBS INDEX []|STATI:a2,f0|EVENTI:av,alert)
PARENT_NODE:(RENAMED:|OBS INDEX []|STATI:a1,f0|EVENTI:av,ε)	TRANSITION: a_control	LABEL_OBS: ε	LABEL_REL: ε	CHILD_NODE: (RENAMED:|OBS INDEX []|STATI:a1,f0|EVENTI:ε,ε)
PARENT_NODE:(RENAMED:|OBS INDEX []|STATI:a1,f0|EVENTI:av,ε)	TRANSITION: f_on	LABEL_OBS: ε	LABEL_REL: ε	CHILD_NODE: (RENAMED:|OBS INDEX []|STATI:a1,f1|EVENTI:av,ε)
PARENT_NODE:(RENAMED:|OBS INDEX []|STATI:a1,f1|EVENTI:av,ε)	TRANSITION: a_off	LABEL_OBS: Oa	LABEL_REL: ε	CHILD_NODE: (RENAMED:|OBS INDEX []|STATI:a0,f1|EVENTI:av,ε)
PARENT_NODE:(RENAMED:|OBS INDEX []|STATI:a1,f1|EVENTI:av,ε)	TRANSITION: a_alert	LABEL_OBS: O1	LABEL_REL: alert	CHILD_NODE: (RENAMED:|OBS INDEX []|STATI:a2,f1|EVENTI:av,alert)
PARENT_NODE:(RENAMED:|OBS INDEX []|STATI:a1,f1|EVENTI:av,ε)	TRANSITION: a_control	LABEL_OBS: ε	LABEL_REL: ε	CHILD_NODE: (RENAMED:|OBS INDEX []|STATI:a1,f1|EVENTI:ε,ε)
PARENT_NODE:(RENAMED:|OBS INDEX []|STATI:a1,f1|EVENTI:av,ε)	TRANSITION: f_off	LABEL_OBS: Of	LABEL_REL: ε	CHILD_NODE: (RENAMED:|OBS INDEX []|STATI:a1,f0|EVENTI:av,ε)
PARENT_NODE:(RENAMED:|OBS INDEX []|STATI:a1,f1|EVENTI:av,ε)	TRANSITION: f_revisione	LABEL_OBS: O3	LABEL_REL: rev	CHILD_NODE: (RENAMED:|OBS INDEX []|STATI:a1,f3|EVENTI:av,ε)
PARENT_NODE:(RENAMED:|OBS INDEX []|STATI:a0,f3|EVENTI:ε,ε)	TRANSITION: a_on	LABEL_OBS: ε	LABEL_REL: ε	CHILD_NODE: (RENAMED:|OBS INDEX []|STATI:a1,f3|EVENTI:ε,ε)
PARENT_NODE:(RENAMED:|OBS INDEX []|STATI:a0,f3|EVENTI:ε,ε)	TRANSITION: f_fine_manutenzione	LABEL_OBS: ε	LABEL_REL: restart	CHILD_NODE: (RENAMED:|OBS INDEX []|STATI:a0,f1|EVENTI:ε,ε)
PARENT_NODE:(RENAMED:|OBS INDEX []|STATI:a1,f1|EVENTI:ε,ε)	TRANSITION: a_off	LABEL_OBS: Oa	LABEL_REL: ε	CHILD_NODE: (RENAMED:|OBS INDEX []|STATI:a0,f1|EVENTI:ε,ε)
PARENT_NODE:(RENAMED:|OBS INDEX []|STATI:a1,f1|EVENTI:ε,ε)	TRANSITION: a_alert	LABEL_OBS: O1	LABEL_REL: alert	CHILD_NODE: (RENAMED:|OBS INDEX []|STATI:a2,f1|EVENTI:ε,alert)
PARENT_NODE:(RENAMED:|OBS INDEX []|STATI:a1,f1|EVENTI:ε,ε)	TRANSITION: f_off	LABEL_OBS: Of	LABEL_REL: ε	CHILD_NODE: (RENAMED:|OBS INDEX []|STATI:a1,f0|EVENTI:ε,ε)
PARENT_NODE:(RENAMED:|OBS INDEX []|STATI:a1,f1|EVENTI:ε,ε)	TRANSITION: f_revisione	LABEL_OBS: O3	LABEL_REL: rev	CHILD_NODE: (RENAMED:|OBS INDEX []|STATI:a1,f3|EVENTI:ε,ε)
PARENT_NODE:(RENAMED:|OBS INDEX []|STATI:a1,f1|EVENTI:ε,ε)	TRANSITION: f_control	LABEL_OBS: O2	LABEL_REL: ε	CHILD_NODE: (RENAMED:|OBS INDEX []|STATI:a1,f1|EVENTI:av,ε)
PARENT_NODE:(RENAMED:|OBS INDEX []|STATI:a1,f0|EVENTI:ε,ε)	TRANSITION: a_off	LABEL_OBS: Oa	LABEL_REL: ε	CHILD_NODE: (RENAMED:|OBS INDEX []|STATI:a0,f0|EVENTI:ε,ε)
PARENT_NODE:(RENAMED:|OBS INDEX []|STATI:a1,f0|EVENTI:ε,ε)	TRANSITION: a_alert	LABEL_OBS: O1	LABEL_REL: alert	CHILD_NODE: (RENAMED:|OBS INDEX []|STATI:a2,f0|EVENTI:ε,alert)
PARENT_NODE:(RENAMED:|OBS INDEX []|STATI:a1,f0|EVENTI:ε,ε)	TRANSITION: f_on	LABEL_OBS: ε	LABEL_REL: ε	CHILD_NODE: (RENAMED:|OBS INDEX []|STATI:a1,f1|EVENTI:ε,ε)

[WARNING]	RENAMED GRAPH	PARENT_NODE:(RENAMED:0|OBS INDEX []|STATI:a0,f0|EVENTI:ε,ε)	TRANSITION: a_on	LABEL_OBS: ε	LABEL_REL: ε	CHILD_NODE: (RENAMED:21|OBS INDEX []|STATI:a1,f0|EVENTI:ε,ε)
PARENT_NODE:(RENAMED:0|OBS INDEX []|STATI:a0,f0|EVENTI:ε,ε)	TRANSITION: f_on	LABEL_OBS: ε	LABEL_REL: ε	CHILD_NODE: (RENAMED:1|OBS INDEX []|STATI:a0,f1|EVENTI:ε,ε)
PARENT_NODE:(RENAMED:1|OBS INDEX []|STATI:a0,f1|EVENTI:ε,ε)	TRANSITION: a_on	LABEL_OBS: ε	LABEL_REL: ε	CHILD_NODE: (RENAMED:20|OBS INDEX []|STATI:a1,f1|EVENTI:ε,ε)
PARENT_NODE:(RENAMED:1|OBS INDEX []|STATI:a0,f1|EVENTI:ε,ε)	TRANSITION: f_off	LABEL_OBS: Of	LABEL_REL: ε	CHILD_NODE: (RENAMED:0|OBS INDEX []|STATI:a0,f0|EVENTI:ε,ε)
PARENT_NODE:(RENAMED:1|OBS INDEX []|STATI:a0,f1|EVENTI:ε,ε)	TRANSITION: f_revisione	LABEL_OBS: O3	LABEL_REL: rev	CHILD_NODE: (RENAMED:19|OBS INDEX []|STATI:a0,f3|EVENTI:ε,ε)
PARENT_NODE:(RENAMED:1|OBS INDEX []|STATI:a0,f1|EVENTI:ε,ε)	TRANSITION: f_control	LABEL_OBS: O2	LABEL_REL: ε	CHILD_NODE: (RENAMED:2|OBS INDEX []|STATI:a0,f1|EVENTI:av,ε)
PARENT_NODE:(RENAMED:2|OBS INDEX []|STATI:a0,f1|EVENTI:av,ε)	TRANSITION: a_on	LABEL_OBS: ε	LABEL_REL: ε	CHILD_NODE: (RENAMED:18|OBS INDEX []|STATI:a1,f1|EVENTI:av,ε)
PARENT_NODE:(RENAMED:2|OBS INDEX []|STATI:a0,f1|EVENTI:av,ε)	TRANSITION: f_off	LABEL_OBS: Of	LABEL_REL: ε	CHILD_NODE: (RENAMED:16|OBS INDEX []|STATI:a0,f0|EVENTI:av,ε)
PARENT_NODE:(RENAMED:2|OBS INDEX []|STATI:a0,f1|EVENTI:av,ε)	TRANSITION: f_revisione	LABEL_OBS: O3	LABEL_REL: rev	CHILD_NODE: (RENAMED:3|OBS INDEX []|STATI:a0,f3|EVENTI:av,ε)
PARENT_NODE:(RENAMED:3|OBS INDEX []|STATI:a0,f3|EVENTI:av,ε)	TRANSITION: a_on	LABEL_OBS: ε	LABEL_REL: ε	CHILD_NODE: (RENAMED:4|OBS INDEX []|STATI:a1,f3|EVENTI:av,ε)
PARENT_NODE:(RENAMED:3|OBS INDEX []|STATI:a0,f3|EVENTI:av,ε)	TRANSITION: f_fine_manutenzione	LABEL_OBS: ε	LABEL_REL: restart	CHILD_NODE: (RENAMED:2|OBS INDEX []|STATI:a0,f1|EVENTI:av,ε)
PARENT_NODE:(RENAMED:4|OBS INDEX []|STATI:a1,f3|EVENTI:av,ε)	TRANSITION: a_off	LABEL_OBS: Oa	LABEL_REL: ε	CHILD_NODE: (RENAMED:3|OBS INDEX []|STATI:a0,f3|EVENTI:av,ε)
PARENT_NODE:(RENAMED:4|OBS INDEX []|STATI:a1,f3|EVENTI:av,ε)	TRANSITION: a_alert	LABEL_OBS: O1	LABEL_REL: alert	CHILD_NODE: (RENAMED:15|OBS INDEX []|STATI:a2,f3|EVENTI:av,alert)
PARENT_NODE:(RENAMED:4|OBS INDEX []|STATI:a1,f3|EVENTI:av,ε)	TRANSITION: a_control	LABEL_OBS: ε	LABEL_REL: ε	CHILD_NODE: (RENAMED:5|OBS INDEX []|STATI:a1,f3|EVENTI:ε,ε)
PARENT_NODE:(RENAMED:4|OBS INDEX []|STATI:a1,f3|EVENTI:av,ε)	TRANSITION: f_fine_manutenzione	LABEL_OBS: ε	LABEL_REL: restart	CHILD_NODE: (RENAMED:18|OBS INDEX []|STATI:a1,f1|EVENTI:av,ε)
PARENT_NODE:(RENAMED:5|OBS INDEX []|STATI:a1,f3|EVENTI:ε,ε)	TRANSITION: a_off	LABEL_OBS: Oa	LABEL_REL: ε	CHILD_NODE: (RENAMED:19|OBS INDEX []|STATI:a0,f3|EVENTI:ε,ε)
PARENT_NODE:(RENAMED:5|OBS INDEX []|STATI:a1,f3|EVENTI:ε,ε)	TRANSITION: a_alert	LABEL_OBS: O1	LABEL_REL: alert	CHILD_NODE: (RENAMED:6|OBS INDEX []|STATI:a2,f3|EVENTI:ε,alert)
PARENT_NODE:(RENAMED:5|OBS INDEX []|STATI:a1,f3|EVENTI:ε,ε)	TRANSITION: f_fine_manutenzione	LABEL_OBS: ε	LABEL_REL: restart	CHILD_NODE: (RENAMED:20|OBS INDEX []|STATI:a1,f1|EVENTI:ε,ε)
PARENT_NODE:(RENAMED:6|OBS INDEX []|STATI:a2,f3|EVENTI:ε,alert)	TRANSITION: f_fine_manutenzione	LABEL_OBS: ε	LABEL_REL: restart	CHILD_NODE: (RENAMED:7|OBS INDEX []|STATI:a2,f1|EVENTI:ε,alert)
PARENT_NODE:(RENAMED:7|OBS INDEX []|STATI:a2,f1|EVENTI:ε,alert)	TRANSITION: f_off	LABEL_OBS: Of	LABEL_REL: ε	CHILD_NODE: (RENAMED:14|OBS INDEX []|STATI:a2,f0|EVENTI:ε,alert)
PARENT_NODE:(RENAMED:7|OBS INDEX []|STATI:a2,f1|EVENTI:ε,alert)	TRANSITION: f_revisione	LABEL_OBS: O3	LABEL_REL: rev	CHILD_NODE: (RENAMED:6|OBS INDEX []|STATI:a2,f3|EVENTI:ε,alert)
PARENT_NODE:(RENAMED:7|OBS INDEX []|STATI:a2,f1|EVENTI:ε,alert)	TRANSITION: f_manomissione	LABEL_OBS: ε	LABEL_REL: stop	CHILD_NODE: (RENAMED:10|OBS INDEX []|STATI:a2,f2|EVENTI:ε,ε)
PARENT_NODE:(RENAMED:7|OBS INDEX []|STATI:a2,f1|EVENTI:ε,alert)	TRANSITION: f_control	LABEL_OBS: O2	LABEL_REL: ε	CHILD_NODE: (RENAMED:8|OBS INDEX []|STATI:a2,f1|EVENTI:av,alert)
PARENT_NODE:(RENAMED:8|OBS INDEX []|STATI:a2,f1|EVENTI:av,alert)	TRANSITION: f_off	LABEL_OBS: Of	LABEL_REL: ε	CHILD_NODE: (RENAMED:9|OBS INDEX []|STATI:a2,f0|EVENTI:av,alert)
PARENT_NODE:(RENAMED:8|OBS INDEX []|STATI:a2,f1|EVENTI:av,alert)	TRANSITION: f_revisione	LABEL_OBS: O3	LABEL_REL: rev	CHILD_NODE: (RENAMED:15|OBS INDEX []|STATI:a2,f3|EVENTI:av,alert)
PARENT_NODE:(RENAMED:9|OBS INDEX []|STATI:a2,f0|EVENTI:av,alert)	TRANSITION: f_on	LABEL_OBS: ε	LABEL_REL: ε	CHILD_NODE: (RENAMED:8|OBS INDEX []|STATI:a2,f1|EVENTI:av,alert)
PARENT_NODE:(RENAMED:10|OBS INDEX []|STATI:a2,f2|EVENTI:ε,ε)	TRANSITION: f_ripristino	LABEL_OBS: ε	LABEL_REL: ε	CHILD_NODE: (RENAMED:11|OBS INDEX []|STATI:a2,f3|EVENTI:cr,ε)
PARENT_NODE:(RENAMED:11|OBS INDEX []|STATI:a2,f3|EVENTI:cr,ε)	TRANSITION: a_ripristino	LABEL_OBS: ε	LABEL_REL: ε	CHILD_NODE: (RENAMED:5|OBS INDEX []|STATI:a1,f3|EVENTI:ε,ε)
PARENT_NODE:(RENAMED:11|OBS INDEX []|STATI:a2,f3|EVENTI:cr,ε)	TRANSITION: f_fine_manutenzione	LABEL_OBS: ε	LABEL_REL: restart	CHILD_NODE: (RENAMED:12|OBS INDEX []|STATI:a2,f1|EVENTI:cr,ε)
PARENT_NODE:(RENAMED:12|OBS INDEX []|STATI:a2,f1|EVENTI:cr,ε)	TRANSITION: a_ripristino	LABEL_OBS: ε	LABEL_REL: ε	CHILD_NODE: (RENAMED:20|OBS INDEX []|STATI:a1,f1|EVENTI:ε,ε)
PARENT_NODE:(RENAMED:12|OBS INDEX []|STATI:a2,f1|EVENTI:cr,ε)	TRANSITION: f_off	LABEL_OBS: Of	LABEL_REL: ε	CHILD_NODE: (RENAMED:13|OBS INDEX []|STATI:a2,f0|EVENTI:cr,ε)
PARENT_NODE:(RENAMED:12|OBS INDEX []|STATI:a2,f1|EVENTI:cr,ε)	TRANSITION: f_revisione	LABEL_OBS: O3	LABEL_REL: rev	CHILD_NODE: (RENAMED:11|OBS INDEX []|STATI:a2,f3|EVENTI:cr,ε)
PARENT_NODE:(RENAMED:13|OBS INDEX []|STATI:a2,f0|EVENTI:cr,ε)	TRANSITION: a_ripristino	LABEL_OBS: ε	LABEL_REL: ε	CHILD_NODE: (RENAMED:21|OBS INDEX []|STATI:a1,f0|EVENTI:ε,ε)
PARENT_NODE:(RENAMED:13|OBS INDEX []|STATI:a2,f0|EVENTI:cr,ε)	TRANSITION: f_on	LABEL_OBS: ε	LABEL_REL: ε	CHILD_NODE: (RENAMED:12|OBS INDEX []|STATI:a2,f1|EVENTI:cr,ε)
PARENT_NODE:(RENAMED:14|OBS INDEX []|STATI:a2,f0|EVENTI:ε,alert)	TRANSITION: f_on	LABEL_OBS: ε	LABEL_REL: ε	CHILD_NODE: (RENAMED:7|OBS INDEX []|STATI:a2,f1|EVENTI:ε,alert)
PARENT_NODE:(RENAMED:15|OBS INDEX []|STATI:a2,f3|EVENTI:av,alert)	TRANSITION: f_fine_manutenzione	LABEL_OBS: ε	LABEL_REL: restart	CHILD_NODE: (RENAMED:8|OBS INDEX []|STATI:a2,f1|EVENTI:av,alert)
PARENT_NODE:(RENAMED:16|OBS INDEX []|STATI:a0,f0|EVENTI:av,ε)	TRANSITION: a_on	LABEL_OBS: ε	LABEL_REL: ε	CHILD_NODE: (RENAMED:17|OBS INDEX []|STATI:a1,f0|EVENTI:av,ε)
PARENT_NODE:(RENAMED:16|OBS INDEX []|STATI:a0,f0|EVENTI:av,ε)	TRANSITION: f_on	LABEL_OBS: ε	LABEL_REL: ε	CHILD_NODE: (RENAMED:2|OBS INDEX []|STATI:a0,f1|EVENTI:av,ε)
PARENT_NODE:(RENAMED:17|OBS INDEX []|STATI:a1,f0|EVENTI:av,ε)	TRANSITION: a_off	LABEL_OBS: Oa	LABEL_REL: ε	CHILD_NODE: (RENAMED:16|OBS INDEX []|STATI:a0,f0|EVENTI:av,ε)
PARENT_NODE:(RENAMED:17|OBS INDEX []|STATI:a1,f0|EVENTI:av,ε)	TRANSITION: a_alert	LABEL_OBS: O1	LABEL_REL: alert	CHILD_NODE: (RENAMED:9|OBS INDEX []|STATI:a2,f0|EVENTI:av,alert)
PARENT_NODE:(RENAMED:17|OBS INDEX []|STATI:a1,f0|EVENTI:av,ε)	TRANSITION: a_control	LABEL_OBS: ε	LABEL_REL: ε	CHILD_NODE: (RENAMED:21|OBS INDEX []|STATI:a1,f0|EVENTI:ε,ε)
PARENT_NODE:(RENAMED:17|OBS INDEX []|STATI:a1,f0|EVENTI:av,ε)	TRANSITION: f_on	LABEL_OBS: ε	LABEL_REL: ε	CHILD_NODE: (RENAMED:18|OBS INDEX []|STATI:a1,f1|EVENTI:av,ε)
PARENT_NODE:(RENAMED:18|OBS INDEX []|STATI:a1,f1|EVENTI:av,ε)	TRANSITION: a_off	LABEL_OBS: Oa	LABEL_REL: ε	CHILD_NODE: (RENAMED:2|OBS INDEX []|STATI:a0,f1|EVENTI:av,ε)
PARENT_NODE:(RENAMED:18|OBS INDEX []|STATI:a1,f1|EVENTI:av,ε)	TRANSITION: a_alert	LABEL_OBS: O1	LABEL_REL: alert	CHILD_NODE: (RENAMED:8|OBS INDEX []|STATI:a2,f1|EVENTI:av,alert)
PARENT_NODE:(RENAMED:18|OBS INDEX []|STATI:a1,f1|EVENTI:av,ε)	TRANSITION: a_control	LABEL_OBS: ε	LABEL_REL: ε	CHILD_NODE: (RENAMED:20|OBS INDEX []|STATI:a1,f1|EVENTI:ε,ε)
PARENT_NODE:(RENAMED:18|OBS INDEX []|STATI:a1,f1|EVENTI:av,ε)	TRANSITION: f_off	LABEL_OBS: Of	LABEL_REL: ε	CHILD_NODE: (RENAMED:17|OBS INDEX []|STATI:a1,f0|EVENTI:av,ε)
PARENT_NODE:(RENAMED:18|OBS INDEX []|STATI:a1,f1|EVENTI:av,ε)	TRANSITION: f_revisione	LABEL_OBS: O3	LABEL_REL: rev	CHILD_NODE: (RENAMED:4|OBS INDEX []|STATI:a1,f3|EVENTI:av,ε)
PARENT_NODE:(RENAMED:19|OBS INDEX []|STATI:a0,f3|EVENTI:ε,ε)	TRANSITION: a_on	LABEL_OBS: ε	LABEL_REL: ε	CHILD_NODE: (RENAMED:5|OBS INDEX []|STATI:a1,f3|EVENTI:ε,ε)
PARENT_NODE:(RENAMED:19|OBS INDEX []|STATI:a0,f3|EVENTI:ε,ε)	TRANSITION: f_fine_manutenzione	LABEL_OBS: ε	LABEL_REL: restart	CHILD_NODE: (RENAMED:1|OBS INDEX []|STATI:a0,f1|EVENTI:ε,ε)
PARENT_NODE:(RENAMED:20|OBS INDEX []|STATI:a1,f1|EVENTI:ε,ε)	TRANSITION: a_off	LABEL_OBS: Oa	LABEL_REL: ε	CHILD_NODE: (RENAMED:1|OBS INDEX []|STATI:a0,f1|EVENTI:ε,ε)
PARENT_NODE:(RENAMED:20|OBS INDEX []|STATI:a1,f1|EVENTI:ε,ε)	TRANSITION: a_alert	LABEL_OBS: O1	LABEL_REL: alert	CHILD_NODE: (RENAMED:7|OBS INDEX []|STATI:a2,f1|EVENTI:ε,alert)
PARENT_NODE:(RENAMED:20|OBS INDEX []|STATI:a1,f1|EVENTI:ε,ε)	TRANSITION: f_off	LABEL_OBS: Of	LABEL_REL: ε	CHILD_NODE: (RENAMED:21|OBS INDEX []|STATI:a1,f0|EVENTI:ε,ε)
PARENT_NODE:(RENAMED:20|OBS INDEX []|STATI:a1,f1|EVENTI:ε,ε)	TRANSITION: f_revisione	LABEL_OBS: O3	LABEL_REL: rev	CHILD_NODE: (RENAMED:5|OBS INDEX []|STATI:a1,f3|EVENTI:ε,ε)
PARENT_NODE:(RENAMED:20|OBS INDEX []|STATI:a1,f1|EVENTI:ε,ε)	TRANSITION: f_control	LABEL_OBS: O2	LABEL_REL: ε	CHILD_NODE: (RENAMED:18|OBS INDEX []|STATI:a1,f1|EVENTI:av,ε)
PARENT_NODE:(RENAMED:21|OBS INDEX []|STATI:a1,f0|EVENTI:ε,ε)	TRANSITION: a_off	LABEL_OBS: Oa	LABEL_REL: ε	CHILD_NODE: (RENAMED:0|OBS INDEX []|STATI:a0,f0|EVENTI:ε,ε)
PARENT_NODE:(RENAMED:21|OBS INDEX []|STATI:a1,f0|EVENTI:ε,ε)	TRANSITION: a_alert	LABEL_OBS: O1	LABEL_REL: alert	CHILD_NODE: (RENAMED:14|OBS INDEX []|STATI:a2,f0|EVENTI:ε,alert)
PARENT_NODE:(RENAMED:21|OBS INDEX []|STATI:a1,f0|EVENTI:ε,ε)	TRANSITION: f_on	LABEL_OBS: ε	LABEL_REL: ε	CHILD_NODE: (RENAMED:20|OBS INDEX []|STATI:a1,f1|EVENTI:ε,ε)

[CRITICAL]	Execution time|0:00:00.039729
