[DEBUG]	STARTING GENERATE_DIAGNOSTIC_GRAPH
[CRITICAL]	SILENT_PARENT 0 DELTA: ε|ε|ε	TRANSITION a_off OBSERVABLE: Oa RELEVANT: ε	SILENT_CHILD 0
[CRITICAL]	SILENT_PARENT 0 DELTA: ε|ε|ε	TRANSITION a_alert OBSERVABLE: O1 RELEVANT: alert	SILENT_CHILD 7
[CRITICAL]	SILENT_PARENT 0 DELTA: ε|ε|ε	TRANSITION a_off OBSERVABLE: Oa RELEVANT: ε	SILENT_CHILD 14
[CRITICAL]	SILENT_PARENT 0 DELTA: ε|ε|ε	TRANSITION a_alert OBSERVABLE: O1 RELEVANT: alert	SILENT_CHILD 15
[CRITICAL]	SILENT_PARENT 0 DELTA: ε|ε|ε	TRANSITION f_off OBSERVABLE: Of RELEVANT: ε	SILENT_CHILD 16
[CRITICAL]	SILENT_PARENT 0 DELTA: ε|ε|ε	TRANSITION f_revisione OBSERVABLE: O3 RELEVANT: rev	SILENT_CHILD 17
[CRITICAL]	SILENT_PARENT 0 DELTA: ε|ε|ε	TRANSITION f_control OBSERVABLE: O2 RELEVANT: ε	SILENT_CHILD 18
[CRITICAL]	SILENT_PARENT 0 DELTA: ε|ε|ε	TRANSITION f_off OBSERVABLE: Of RELEVANT: ε	SILENT_CHILD 0
[CRITICAL]	SILENT_PARENT 0 DELTA: ε|ε|ε	TRANSITION f_revisione OBSERVABLE: O3 RELEVANT: rev	SILENT_CHILD 1
[CRITICAL]	SILENT_PARENT 0 DELTA: ε|ε|ε	TRANSITION f_control OBSERVABLE: O2 RELEVANT: ε	SILENT_CHILD 2
[CRITICAL]	SILENT_PARENT 1 DELTA: ε|(ε restart|restart)|ε restart	TRANSITION a_off OBSERVABLE: Oa RELEVANT: ε	SILENT_CHILD 1
[CRITICAL]	SILENT_PARENT 1 DELTA: ε|(ε restart|restart)|ε restart	TRANSITION a_alert OBSERVABLE: O1 RELEVANT: alert	SILENT_CHILD 6
[CRITICAL]	SILENT_PARENT 1 DELTA: ε|(ε restart|restart)|ε restart	TRANSITION a_off OBSERVABLE: Oa RELEVANT: ( restart|restart)	SILENT_CHILD 14
[CRITICAL]	SILENT_PARENT 1 DELTA: ε|(ε restart|restart)|ε restart	TRANSITION a_alert OBSERVABLE: O1 RELEVANT: alert ( restart|restart)	SILENT_CHILD 15
[CRITICAL]	SILENT_PARENT 1 DELTA: ε|(ε restart|restart)|ε restart	TRANSITION f_off OBSERVABLE: Of RELEVANT: ( restart|restart)	SILENT_CHILD 16
[CRITICAL]	SILENT_PARENT 1 DELTA: ε|(ε restart|restart)|ε restart	TRANSITION f_revisione OBSERVABLE: O3 RELEVANT: rev ( restart|restart)	SILENT_CHILD 17
[CRITICAL]	SILENT_PARENT 1 DELTA: ε|(ε restart|restart)|ε restart	TRANSITION f_control OBSERVABLE: O2 RELEVANT: ( restart|restart)	SILENT_CHILD 18
[CRITICAL]	SILENT_PARENT 1 DELTA: ε|(ε restart|restart)|ε restart	TRANSITION f_off OBSERVABLE: Of RELEVANT: restart	SILENT_CHILD 0
[CRITICAL]	SILENT_PARENT 1 DELTA: ε|(ε restart|restart)|ε restart	TRANSITION f_revisione OBSERVABLE: O3 RELEVANT: rev  restart	SILENT_CHILD 1
[CRITICAL]	SILENT_PARENT 1 DELTA: ε|(ε restart|restart)|ε restart	TRANSITION f_control OBSERVABLE: O2 RELEVANT: restart	SILENT_CHILD 2
[CRITICAL]	SILENT_PARENT 2 DELTA: ε	TRANSITION a_off OBSERVABLE: Oa RELEVANT: ε	SILENT_CHILD 2
[CRITICAL]	SILENT_PARENT 2 DELTA: ε	TRANSITION a_alert OBSERVABLE: O1 RELEVANT: alert	SILENT_CHILD 8
[CRITICAL]	SILENT_PARENT 2 DELTA: ε	TRANSITION f_off OBSERVABLE: Of RELEVANT: ε	SILENT_CHILD 12
[CRITICAL]	SILENT_PARENT 2 DELTA: ε	TRANSITION f_revisione OBSERVABLE: O3 RELEVANT: rev	SILENT_CHILD 13
[CRITICAL]	SILENT_PARENT 2 DELTA: ε	TRANSITION a_off OBSERVABLE: Oa RELEVANT: ε	SILENT_CHILD 14
[CRITICAL]	SILENT_PARENT 2 DELTA: ε	TRANSITION a_alert OBSERVABLE: O1 RELEVANT: alert	SILENT_CHILD 15
[CRITICAL]	SILENT_PARENT 2 DELTA: ε	TRANSITION f_off OBSERVABLE: Of RELEVANT: ε	SILENT_CHILD 16
[CRITICAL]	SILENT_PARENT 2 DELTA: ε	TRANSITION f_revisione OBSERVABLE: O3 RELEVANT: rev	SILENT_CHILD 17
[CRITICAL]	SILENT_PARENT 2 DELTA: ε	TRANSITION f_control OBSERVABLE: O2 RELEVANT: ε	SILENT_CHILD 18
[CRITICAL]	SILENT_PARENT 2 DELTA: ε	TRANSITION f_off OBSERVABLE: Of RELEVANT: ε	SILENT_CHILD 3
[CRITICAL]	SILENT_PARENT 2 DELTA: ε	TRANSITION f_revisione OBSERVABLE: O3 RELEVANT: rev	SILENT_CHILD 4
[CRITICAL]	SILENT_PARENT 3 DELTA: ε|ε	TRANSITION a_off OBSERVABLE: Oa RELEVANT: ε	SILENT_CHILD 3
[CRITICAL]	SILENT_PARENT 3 DELTA: ε|ε	TRANSITION a_alert OBSERVABLE: O1 RELEVANT: alert	SILENT_CHILD 9
[CRITICAL]	SILENT_PARENT 3 DELTA: ε|ε	TRANSITION a_off OBSERVABLE: Oa RELEVANT: ε	SILENT_CHILD 0
[CRITICAL]	SILENT_PARENT 3 DELTA: ε|ε	TRANSITION a_alert OBSERVABLE: O1 RELEVANT: alert	SILENT_CHILD 7
[CRITICAL]	SILENT_PARENT 3 DELTA: ε|ε	TRANSITION a_off OBSERVABLE: Oa RELEVANT: ε	SILENT_CHILD 14
[CRITICAL]	SILENT_PARENT 3 DELTA: ε|ε	TRANSITION a_alert OBSERVABLE: O1 RELEVANT: alert	SILENT_CHILD 15
[CRITICAL]	SILENT_PARENT 3 DELTA: ε|ε	TRANSITION f_off OBSERVABLE: Of RELEVANT: ε	SILENT_CHILD 16
[CRITICAL]	SILENT_PARENT 3 DELTA: ε|ε	TRANSITION f_revisione OBSERVABLE: O3 RELEVANT: rev	SILENT_CHILD 17
[CRITICAL]	SILENT_PARENT 3 DELTA: ε|ε	TRANSITION f_control OBSERVABLE: O2 RELEVANT: ε	SILENT_CHILD 18
[CRITICAL]	SILENT_PARENT 3 DELTA: ε|ε	TRANSITION a_off OBSERVABLE: Oa RELEVANT: ε	SILENT_CHILD 2
[CRITICAL]	SILENT_PARENT 3 DELTA: ε|ε	TRANSITION a_alert OBSERVABLE: O1 RELEVANT: alert	SILENT_CHILD 8
[CRITICAL]	SILENT_PARENT 3 DELTA: ε|ε	TRANSITION f_off OBSERVABLE: Of RELEVANT: ε	SILENT_CHILD 12
[CRITICAL]	SILENT_PARENT 3 DELTA: ε|ε	TRANSITION f_revisione OBSERVABLE: O3 RELEVANT: rev	SILENT_CHILD 13
[CRITICAL]	SILENT_PARENT 3 DELTA: ε|ε	TRANSITION f_off OBSERVABLE: Of RELEVANT: ε	SILENT_CHILD 3
[CRITICAL]	SILENT_PARENT 3 DELTA: ε|ε	TRANSITION f_revisione OBSERVABLE: O3 RELEVANT: rev	SILENT_CHILD 4
[CRITICAL]	SILENT_PARENT 4 DELTA: ε|(ε restart|restart)	TRANSITION a_off OBSERVABLE: Oa RELEVANT: ε	SILENT_CHILD 4
[CRITICAL]	SILENT_PARENT 4 DELTA: ε|(ε restart|restart)	TRANSITION a_alert OBSERVABLE: O1 RELEVANT: alert	SILENT_CHILD 5
[CRITICAL]	SILENT_PARENT 4 DELTA: ε|(ε restart|restart)	TRANSITION a_off OBSERVABLE: Oa RELEVANT: ε	SILENT_CHILD 1
[CRITICAL]	SILENT_PARENT 4 DELTA: ε|(ε restart|restart)	TRANSITION a_alert OBSERVABLE: O1 RELEVANT: alert	SILENT_CHILD 6
[CRITICAL]	SILENT_PARENT 4 DELTA: ε|(ε restart|restart)	TRANSITION a_off OBSERVABLE: Oa RELEVANT: ( restart|restart)	SILENT_CHILD 14
[CRITICAL]	SILENT_PARENT 4 DELTA: ε|(ε restart|restart)	TRANSITION a_alert OBSERVABLE: O1 RELEVANT: alert ( restart|restart)	SILENT_CHILD 15
[CRITICAL]	SILENT_PARENT 4 DELTA: ε|(ε restart|restart)	TRANSITION f_off OBSERVABLE: Of RELEVANT: ( restart|restart)	SILENT_CHILD 16
[CRITICAL]	SILENT_PARENT 4 DELTA: ε|(ε restart|restart)	TRANSITION f_revisione OBSERVABLE: O3 RELEVANT: rev ( restart|restart)	SILENT_CHILD 17
[CRITICAL]	SILENT_PARENT 4 DELTA: ε|(ε restart|restart)	TRANSITION f_control OBSERVABLE: O2 RELEVANT: ( restart|restart)	SILENT_CHILD 18
[CRITICAL]	SILENT_PARENT 4 DELTA: ε|(ε restart|restart)	TRANSITION a_off OBSERVABLE: Oa RELEVANT: ( restart|restart)	SILENT_CHILD 2
[CRITICAL]	SILENT_PARENT 4 DELTA: ε|(ε restart|restart)	TRANSITION a_alert OBSERVABLE: O1 RELEVANT: alert ( restart|restart)	SILENT_CHILD 8
[CRITICAL]	SILENT_PARENT 4 DELTA: ε|(ε restart|restart)	TRANSITION f_off OBSERVABLE: Of RELEVANT: ( restart|restart)	SILENT_CHILD 12
[CRITICAL]	SILENT_PARENT 4 DELTA: ε|(ε restart|restart)	TRANSITION f_revisione OBSERVABLE: O3 RELEVANT: rev ( restart|restart)	SILENT_CHILD 13
[CRITICAL]	SILENT_PARENT 4 DELTA: ε|(ε restart|restart)	TRANSITION f_off OBSERVABLE: Of RELEVANT: restart	SILENT_CHILD 3
[CRITICAL]	SILENT_PARENT 4 DELTA: ε|(ε restart|restart)	TRANSITION f_revisione OBSERVABLE: O3 RELEVANT: rev  restart	SILENT_CHILD 4
[CRITICAL]	SILENT_PARENT 5 DELTA: 	TRANSITION f_off OBSERVABLE: Of RELEVANT: restart	SILENT_CHILD 9
[CRITICAL]	SILENT_PARENT 5 DELTA: 	TRANSITION f_revisione OBSERVABLE: O3 RELEVANT: rev  restart	SILENT_CHILD 5
[CRITICAL]	SILENT_PARENT 6 DELTA: ε restart stop|ε restart stop|(ε restart stop (ε restart|restart))	TRANSITION f_off OBSERVABLE: Of RELEVANT: restart	SILENT_CHILD 7
[CRITICAL]	SILENT_PARENT 6 DELTA: ε restart stop|ε restart stop|(ε restart stop (ε restart|restart))	TRANSITION f_revisione OBSERVABLE: O3 RELEVANT: rev  restart	SILENT_CHILD 6
[CRITICAL]	SILENT_PARENT 6 DELTA: ε restart stop|ε restart stop|(ε restart stop (ε restart|restart))	TRANSITION f_control OBSERVABLE: O2 RELEVANT: restart	SILENT_CHILD 8
[CRITICAL]	SILENT_PARENT 6 DELTA: ε restart stop|ε restart stop|(ε restart stop (ε restart|restart))	TRANSITION a_off OBSERVABLE: Oa RELEVANT: restart stop	SILENT_CHILD 1
[CRITICAL]	SILENT_PARENT 6 DELTA: ε restart stop|ε restart stop|(ε restart stop (ε restart|restart))	TRANSITION a_alert OBSERVABLE: O1 RELEVANT: alert  restart stop	SILENT_CHILD 6
[CRITICAL]	SILENT_PARENT 6 DELTA: ε restart stop|ε restart stop|(ε restart stop (ε restart|restart))	TRANSITION a_off OBSERVABLE: Oa RELEVANT: ( restart stop ( restart|restart))	SILENT_CHILD 14
[CRITICAL]	SILENT_PARENT 6 DELTA: ε restart stop|ε restart stop|(ε restart stop (ε restart|restart))	TRANSITION a_alert OBSERVABLE: O1 RELEVANT: alert ( restart stop ( restart|restart))	SILENT_CHILD 15
[CRITICAL]	SILENT_PARENT 6 DELTA: ε restart stop|ε restart stop|(ε restart stop (ε restart|restart))	TRANSITION f_off OBSERVABLE: Of RELEVANT: ( restart stop ( restart|restart))	SILENT_CHILD 16
[CRITICAL]	SILENT_PARENT 6 DELTA: ε restart stop|ε restart stop|(ε restart stop (ε restart|restart))	TRANSITION f_revisione OBSERVABLE: O3 RELEVANT: rev ( restart stop ( restart|restart))	SILENT_CHILD 17
[CRITICAL]	SILENT_PARENT 6 DELTA: ε restart stop|ε restart stop|(ε restart stop (ε restart|restart))	TRANSITION f_control OBSERVABLE: O2 RELEVANT: ( restart stop ( restart|restart))	SILENT_CHILD 18
[CRITICAL]	SILENT_PARENT 6 DELTA: ε restart stop|ε restart stop|(ε restart stop (ε restart|restart))	TRANSITION f_off OBSERVABLE: Of RELEVANT: restart stop restart	SILENT_CHILD 10
[CRITICAL]	SILENT_PARENT 6 DELTA: ε restart stop|ε restart stop|(ε restart stop (ε restart|restart))	TRANSITION f_revisione OBSERVABLE: O3 RELEVANT: rev  restart stop restart	SILENT_CHILD 11
[CRITICAL]	SILENT_PARENT 7 DELTA: ε stop|ε stop|(ε stop (ε restart|restart))	TRANSITION f_off OBSERVABLE: Of RELEVANT: ε	SILENT_CHILD 7
[CRITICAL]	SILENT_PARENT 7 DELTA: ε stop|ε stop|(ε stop (ε restart|restart))	TRANSITION f_revisione OBSERVABLE: O3 RELEVANT: rev	SILENT_CHILD 6
[CRITICAL]	SILENT_PARENT 7 DELTA: ε stop|ε stop|(ε stop (ε restart|restart))	TRANSITION f_control OBSERVABLE: O2 RELEVANT: ε	SILENT_CHILD 8
[CRITICAL]	SILENT_PARENT 7 DELTA: ε stop|ε stop|(ε stop (ε restart|restart))	TRANSITION a_off OBSERVABLE: Oa RELEVANT: stop	SILENT_CHILD 1
[CRITICAL]	SILENT_PARENT 7 DELTA: ε stop|ε stop|(ε stop (ε restart|restart))	TRANSITION a_alert OBSERVABLE: O1 RELEVANT: alert  stop	SILENT_CHILD 6
[CRITICAL]	SILENT_PARENT 7 DELTA: ε stop|ε stop|(ε stop (ε restart|restart))	TRANSITION a_off OBSERVABLE: Oa RELEVANT: ( stop ( restart|restart))	SILENT_CHILD 14
[CRITICAL]	SILENT_PARENT 7 DELTA: ε stop|ε stop|(ε stop (ε restart|restart))	TRANSITION a_alert OBSERVABLE: O1 RELEVANT: alert ( stop ( restart|restart))	SILENT_CHILD 15
[CRITICAL]	SILENT_PARENT 7 DELTA: ε stop|ε stop|(ε stop (ε restart|restart))	TRANSITION f_off OBSERVABLE: Of RELEVANT: ( stop ( restart|restart))	SILENT_CHILD 16
[CRITICAL]	SILENT_PARENT 7 DELTA: ε stop|ε stop|(ε stop (ε restart|restart))	TRANSITION f_revisione OBSERVABLE: O3 RELEVANT: rev ( stop ( restart|restart))	SILENT_CHILD 17
[CRITICAL]	SILENT_PARENT 7 DELTA: ε stop|ε stop|(ε stop (ε restart|restart))	TRANSITION f_control OBSERVABLE: O2 RELEVANT: ( stop ( restart|restart))	SILENT_CHILD 18
[CRITICAL]	SILENT_PARENT 7 DELTA: ε stop|ε stop|(ε stop (ε restart|restart))	TRANSITION f_off OBSERVABLE: Of RELEVANT: stop restart	SILENT_CHILD 10
[CRITICAL]	SILENT_PARENT 7 DELTA: ε stop|ε stop|(ε stop (ε restart|restart))	TRANSITION f_revisione OBSERVABLE: O3 RELEVANT: rev  stop restart	SILENT_CHILD 11
[CRITICAL]	SILENT_PARENT 8 DELTA: 	TRANSITION f_off OBSERVABLE: Of RELEVANT: ε	SILENT_CHILD 9
[CRITICAL]	SILENT_PARENT 8 DELTA: 	TRANSITION f_revisione OBSERVABLE: O3 RELEVANT: rev	SILENT_CHILD 5
[CRITICAL]	SILENT_PARENT 9 DELTA: 	TRANSITION f_off OBSERVABLE: Of RELEVANT: ε	SILENT_CHILD 9
[CRITICAL]	SILENT_PARENT 9 DELTA: 	TRANSITION f_revisione OBSERVABLE: O3 RELEVANT: rev	SILENT_CHILD 5
[CRITICAL]	SILENT_PARENT 10 DELTA: ε|ε	TRANSITION a_off OBSERVABLE: Oa RELEVANT: ε	SILENT_CHILD 0
[CRITICAL]	SILENT_PARENT 10 DELTA: ε|ε	TRANSITION a_alert OBSERVABLE: O1 RELEVANT: alert	SILENT_CHILD 7
[CRITICAL]	SILENT_PARENT 10 DELTA: ε|ε	TRANSITION a_off OBSERVABLE: Oa RELEVANT: ε	SILENT_CHILD 14
[CRITICAL]	SILENT_PARENT 10 DELTA: ε|ε	TRANSITION a_alert OBSERVABLE: O1 RELEVANT: alert	SILENT_CHILD 15
[CRITICAL]	SILENT_PARENT 10 DELTA: ε|ε	TRANSITION f_off OBSERVABLE: Of RELEVANT: ε	SILENT_CHILD 16
[CRITICAL]	SILENT_PARENT 10 DELTA: ε|ε	TRANSITION f_revisione OBSERVABLE: O3 RELEVANT: rev	SILENT_CHILD 17
[CRITICAL]	SILENT_PARENT 10 DELTA: ε|ε	TRANSITION f_control OBSERVABLE: O2 RELEVANT: ε	SILENT_CHILD 18
[CRITICAL]	SILENT_PARENT 10 DELTA: ε|ε	TRANSITION f_off OBSERVABLE: Of RELEVANT: ε	SILENT_CHILD 10
[CRITICAL]	SILENT_PARENT 10 DELTA: ε|ε	TRANSITION f_revisione OBSERVABLE: O3 RELEVANT: rev	SILENT_CHILD 11
[CRITICAL]	SILENT_PARENT 11 DELTA: ε|(ε restart|restart)	TRANSITION a_off OBSERVABLE: Oa RELEVANT: ε	SILENT_CHILD 1
[CRITICAL]	SILENT_PARENT 11 DELTA: ε|(ε restart|restart)	TRANSITION a_alert OBSERVABLE: O1 RELEVANT: alert	SILENT_CHILD 6
[CRITICAL]	SILENT_PARENT 11 DELTA: ε|(ε restart|restart)	TRANSITION a_off OBSERVABLE: Oa RELEVANT: ( restart|restart)	SILENT_CHILD 14
[CRITICAL]	SILENT_PARENT 11 DELTA: ε|(ε restart|restart)	TRANSITION a_alert OBSERVABLE: O1 RELEVANT: alert ( restart|restart)	SILENT_CHILD 15
[CRITICAL]	SILENT_PARENT 11 DELTA: ε|(ε restart|restart)	TRANSITION f_off OBSERVABLE: Of RELEVANT: ( restart|restart)	SILENT_CHILD 16
[CRITICAL]	SILENT_PARENT 11 DELTA: ε|(ε restart|restart)	TRANSITION f_revisione OBSERVABLE: O3 RELEVANT: rev ( restart|restart)	SILENT_CHILD 17
[CRITICAL]	SILENT_PARENT 11 DELTA: ε|(ε restart|restart)	TRANSITION f_control OBSERVABLE: O2 RELEVANT: ( restart|restart)	SILENT_CHILD 18
[CRITICAL]	SILENT_PARENT 11 DELTA: ε|(ε restart|restart)	TRANSITION f_off OBSERVABLE: Of RELEVANT: restart	SILENT_CHILD 10
[CRITICAL]	SILENT_PARENT 11 DELTA: ε|(ε restart|restart)	TRANSITION f_revisione OBSERVABLE: O3 RELEVANT: rev  restart	SILENT_CHILD 11
[CRITICAL]	SILENT_PARENT 12 DELTA: ε|ε	TRANSITION a_off OBSERVABLE: Oa RELEVANT: ε	SILENT_CHILD 3
[CRITICAL]	SILENT_PARENT 12 DELTA: ε|ε	TRANSITION a_alert OBSERVABLE: O1 RELEVANT: alert	SILENT_CHILD 9
[CRITICAL]	SILENT_PARENT 12 DELTA: ε|ε	TRANSITION a_off OBSERVABLE: Oa RELEVANT: ε	SILENT_CHILD 0
[CRITICAL]	SILENT_PARENT 12 DELTA: ε|ε	TRANSITION a_alert OBSERVABLE: O1 RELEVANT: alert	SILENT_CHILD 7
[CRITICAL]	SILENT_PARENT 12 DELTA: ε|ε	TRANSITION a_off OBSERVABLE: Oa RELEVANT: ε	SILENT_CHILD 14
[CRITICAL]	SILENT_PARENT 12 DELTA: ε|ε	TRANSITION a_alert OBSERVABLE: O1 RELEVANT: alert	SILENT_CHILD 15
[CRITICAL]	SILENT_PARENT 12 DELTA: ε|ε	TRANSITION f_off OBSERVABLE: Of RELEVANT: ε	SILENT_CHILD 16
[CRITICAL]	SILENT_PARENT 12 DELTA: ε|ε	TRANSITION f_revisione OBSERVABLE: O3 RELEVANT: rev	SILENT_CHILD 17
[CRITICAL]	SILENT_PARENT 12 DELTA: ε|ε	TRANSITION f_control OBSERVABLE: O2 RELEVANT: ε	SILENT_CHILD 18
[CRITICAL]	SILENT_PARENT 12 DELTA: ε|ε	TRANSITION a_off OBSERVABLE: Oa RELEVANT: ε	SILENT_CHILD 2
[CRITICAL]	SILENT_PARENT 12 DELTA: ε|ε	TRANSITION a_alert OBSERVABLE: O1 RELEVANT: alert	SILENT_CHILD 8
[CRITICAL]	SILENT_PARENT 12 DELTA: ε|ε	TRANSITION f_off OBSERVABLE: Of RELEVANT: ε	SILENT_CHILD 12
[CRITICAL]	SILENT_PARENT 12 DELTA: ε|ε	TRANSITION f_revisione OBSERVABLE: O3 RELEVANT: rev	SILENT_CHILD 13
[CRITICAL]	SILENT_PARENT 13 DELTA: ε|(ε restart|restart)	TRANSITION a_off OBSERVABLE: Oa RELEVANT: ε	SILENT_CHILD 4
[CRITICAL]	SILENT_PARENT 13 DELTA: ε|(ε restart|restart)	TRANSITION a_alert OBSERVABLE: O1 RELEVANT: alert	SILENT_CHILD 5
[CRITICAL]	SILENT_PARENT 13 DELTA: ε|(ε restart|restart)	TRANSITION a_off OBSERVABLE: Oa RELEVANT: ε	SILENT_CHILD 1
[CRITICAL]	SILENT_PARENT 13 DELTA: ε|(ε restart|restart)	TRANSITION a_alert OBSERVABLE: O1 RELEVANT: alert	SILENT_CHILD 6
[CRITICAL]	SILENT_PARENT 13 DELTA: ε|(ε restart|restart)	TRANSITION a_off OBSERVABLE: Oa RELEVANT: ( restart|restart)	SILENT_CHILD 14
[CRITICAL]	SILENT_PARENT 13 DELTA: ε|(ε restart|restart)	TRANSITION a_alert OBSERVABLE: O1 RELEVANT: alert ( restart|restart)	SILENT_CHILD 15
[CRITICAL]	SILENT_PARENT 13 DELTA: ε|(ε restart|restart)	TRANSITION f_off OBSERVABLE: Of RELEVANT: ( restart|restart)	SILENT_CHILD 16
[CRITICAL]	SILENT_PARENT 13 DELTA: ε|(ε restart|restart)	TRANSITION f_revisione OBSERVABLE: O3 RELEVANT: rev ( restart|restart)	SILENT_CHILD 17
[CRITICAL]	SILENT_PARENT 13 DELTA: ε|(ε restart|restart)	TRANSITION f_control OBSERVABLE: O2 RELEVANT: ( restart|restart)	SILENT_CHILD 18
[CRITICAL]	SILENT_PARENT 13 DELTA: ε|(ε restart|restart)	TRANSITION a_off OBSERVABLE: Oa RELEVANT: restart	SILENT_CHILD 2
[CRITICAL]	SILENT_PARENT 13 DELTA: ε|(ε restart|restart)	TRANSITION a_alert OBSERVABLE: O1 RELEVANT: alert  restart	SILENT_CHILD 8
[CRITICAL]	SILENT_PARENT 13 DELTA: ε|(ε restart|restart)	TRANSITION f_off OBSERVABLE: Of RELEVANT: restart	SILENT_CHILD 12
[CRITICAL]	SILENT_PARENT 13 DELTA: ε|(ε restart|restart)	TRANSITION f_revisione OBSERVABLE: O3 RELEVANT: rev  restart	SILENT_CHILD 13
[CRITICAL]	SILENT_PARENT 14 DELTA: ε	TRANSITION a_off OBSERVABLE: Oa RELEVANT: ε	SILENT_CHILD 14
[CRITICAL]	SILENT_PARENT 14 DELTA: ε	TRANSITION a_alert OBSERVABLE: O1 RELEVANT: alert	SILENT_CHILD 15
[CRITICAL]	SILENT_PARENT 14 DELTA: ε	TRANSITION f_off OBSERVABLE: Of RELEVANT: ε	SILENT_CHILD 16
[CRITICAL]	SILENT_PARENT 14 DELTA: ε	TRANSITION f_revisione OBSERVABLE: O3 RELEVANT: rev	SILENT_CHILD 17
[CRITICAL]	SILENT_PARENT 14 DELTA: ε	TRANSITION f_control OBSERVABLE: O2 RELEVANT: ε	SILENT_CHILD 18
[CRITICAL]	SILENT_PARENT 14 DELTA: ε	TRANSITION f_off OBSERVABLE: Of RELEVANT: ε	SILENT_CHILD 0
[CRITICAL]	SILENT_PARENT 14 DELTA: ε	TRANSITION f_revisione OBSERVABLE: O3 RELEVANT: rev	SILENT_CHILD 1
[CRITICAL]	SILENT_PARENT 14 DELTA: ε	TRANSITION f_control OBSERVABLE: O2 RELEVANT: ε	SILENT_CHILD 2
[CRITICAL]	SILENT_PARENT 15 DELTA: ε stop|ε stop|(ε stop (ε restart|restart))	TRANSITION f_off OBSERVABLE: Of RELEVANT: ε	SILENT_CHILD 7
[CRITICAL]	SILENT_PARENT 15 DELTA: ε stop|ε stop|(ε stop (ε restart|restart))	TRANSITION f_revisione OBSERVABLE: O3 RELEVANT: rev	SILENT_CHILD 6
[CRITICAL]	SILENT_PARENT 15 DELTA: ε stop|ε stop|(ε stop (ε restart|restart))	TRANSITION f_control OBSERVABLE: O2 RELEVANT: ε	SILENT_CHILD 8
[CRITICAL]	SILENT_PARENT 15 DELTA: ε stop|ε stop|(ε stop (ε restart|restart))	TRANSITION a_off OBSERVABLE: Oa RELEVANT: stop	SILENT_CHILD 1
[CRITICAL]	SILENT_PARENT 15 DELTA: ε stop|ε stop|(ε stop (ε restart|restart))	TRANSITION a_alert OBSERVABLE: O1 RELEVANT: alert  stop	SILENT_CHILD 6
[CRITICAL]	SILENT_PARENT 15 DELTA: ε stop|ε stop|(ε stop (ε restart|restart))	TRANSITION a_off OBSERVABLE: Oa RELEVANT: ( stop ( restart|restart))	SILENT_CHILD 14
[CRITICAL]	SILENT_PARENT 15 DELTA: ε stop|ε stop|(ε stop (ε restart|restart))	TRANSITION a_alert OBSERVABLE: O1 RELEVANT: alert ( stop ( restart|restart))	SILENT_CHILD 15
[CRITICAL]	SILENT_PARENT 15 DELTA: ε stop|ε stop|(ε stop (ε restart|restart))	TRANSITION f_off OBSERVABLE: Of RELEVANT: ( stop ( restart|restart))	SILENT_CHILD 16
[CRITICAL]	SILENT_PARENT 15 DELTA: ε stop|ε stop|(ε stop (ε restart|restart))	TRANSITION f_revisione OBSERVABLE: O3 RELEVANT: rev ( stop ( restart|restart))	SILENT_CHILD 17
[CRITICAL]	SILENT_PARENT 15 DELTA: ε stop|ε stop|(ε stop (ε restart|restart))	TRANSITION f_control OBSERVABLE: O2 RELEVANT: ( stop ( restart|restart))	SILENT_CHILD 18
[CRITICAL]	SILENT_PARENT 15 DELTA: ε stop|ε stop|(ε stop (ε restart|restart))	TRANSITION f_off OBSERVABLE: Of RELEVANT: stop restart	SILENT_CHILD 10
[CRITICAL]	SILENT_PARENT 15 DELTA: ε stop|ε stop|(ε stop (ε restart|restart))	TRANSITION f_revisione OBSERVABLE: O3 RELEVANT: rev  stop restart	SILENT_CHILD 11
[CRITICAL]	SILENT_PARENT 16 DELTA: ε	TRANSITION a_off OBSERVABLE: Oa RELEVANT: ε	SILENT_CHILD 0
[CRITICAL]	SILENT_PARENT 16 DELTA: ε	TRANSITION a_alert OBSERVABLE: O1 RELEVANT: alert	SILENT_CHILD 7
[CRITICAL]	SILENT_PARENT 16 DELTA: ε	TRANSITION a_off OBSERVABLE: Oa RELEVANT: ε	SILENT_CHILD 14
[CRITICAL]	SILENT_PARENT 16 DELTA: ε	TRANSITION a_alert OBSERVABLE: O1 RELEVANT: alert	SILENT_CHILD 15
[CRITICAL]	SILENT_PARENT 16 DELTA: ε	TRANSITION f_off OBSERVABLE: Of RELEVANT: ε	SILENT_CHILD 16
[CRITICAL]	SILENT_PARENT 16 DELTA: ε	TRANSITION f_revisione OBSERVABLE: O3 RELEVANT: rev	SILENT_CHILD 17
[CRITICAL]	SILENT_PARENT 16 DELTA: ε	TRANSITION f_control OBSERVABLE: O2 RELEVANT: ε	SILENT_CHILD 18
[CRITICAL]	SILENT_PARENT 17 DELTA: ε restart	TRANSITION a_off OBSERVABLE: Oa RELEVANT: ε	SILENT_CHILD 1
[CRITICAL]	SILENT_PARENT 17 DELTA: ε restart	TRANSITION a_alert OBSERVABLE: O1 RELEVANT: alert	SILENT_CHILD 6
[CRITICAL]	SILENT_PARENT 17 DELTA: ε restart	TRANSITION a_off OBSERVABLE: Oa RELEVANT: restart	SILENT_CHILD 14
[CRITICAL]	SILENT_PARENT 17 DELTA: ε restart	TRANSITION a_alert OBSERVABLE: O1 RELEVANT: alert  restart	SILENT_CHILD 15
[CRITICAL]	SILENT_PARENT 17 DELTA: ε restart	TRANSITION f_off OBSERVABLE: Of RELEVANT: restart	SILENT_CHILD 16
[CRITICAL]	SILENT_PARENT 17 DELTA: ε restart	TRANSITION f_revisione OBSERVABLE: O3 RELEVANT: rev  restart	SILENT_CHILD 17
[CRITICAL]	SILENT_PARENT 17 DELTA: ε restart	TRANSITION f_control OBSERVABLE: O2 RELEVANT: restart	SILENT_CHILD 18
[CRITICAL]	SILENT_PARENT 18 DELTA: ε	TRANSITION a_off OBSERVABLE: Oa RELEVANT: ε	SILENT_CHILD 2
[CRITICAL]	SILENT_PARENT 18 DELTA: ε	TRANSITION a_alert OBSERVABLE: O1 RELEVANT: alert	SILENT_CHILD 8
[CRITICAL]	SILENT_PARENT 18 DELTA: ε	TRANSITION f_off OBSERVABLE: Of RELEVANT: ε	SILENT_CHILD 12
[CRITICAL]	SILENT_PARENT 18 DELTA: ε	TRANSITION f_revisione OBSERVABLE: O3 RELEVANT: rev	SILENT_CHILD 13
[CRITICAL]	SILENT_PARENT 18 DELTA: ε	TRANSITION a_off OBSERVABLE: Oa RELEVANT: ε	SILENT_CHILD 14
[CRITICAL]	SILENT_PARENT 18 DELTA: ε	TRANSITION a_alert OBSERVABLE: O1 RELEVANT: alert	SILENT_CHILD 15
[CRITICAL]	SILENT_PARENT 18 DELTA: ε	TRANSITION f_off OBSERVABLE: Of RELEVANT: ε	SILENT_CHILD 16
[CRITICAL]	SILENT_PARENT 18 DELTA: ε	TRANSITION f_revisione OBSERVABLE: O3 RELEVANT: rev	SILENT_CHILD 17
[CRITICAL]	SILENT_PARENT 18 DELTA: ε	TRANSITION f_control OBSERVABLE: O2 RELEVANT: ε	SILENT_CHILD 18
[CRITICAL]	Execution time|0:00:00.010229
