[WARNING]	STARTING GENERATE_CLOSURE_SPACE
[INFO]	SILENT SPACE 	:0DELTA
[INFO]	EXIT TRANSICTIONS-> PARENT:(RENAMED:0|STATI:20,30|EVENTI:ε,ε)	TRANSICTION:t3a C3 31   L2 e2 o3 ε	CHILD:(RENAMED:1|STATI:20,31|EVENTI:e2,ε)
[INFO]	SILENT SPACE 	:1DELTA
[INFO]	EXIT TRANSICTIONS-> PARENT:(RENAMED:1|STATI:20,31|EVENTI:e2,ε)	TRANSICTION:t2a C2 21 L2 e2 L3 e3 o2 ε	CHILD:(RENAMED:2|STATI:21,31|EVENTI:ε,e3)
[INFO]	DIMENSION:1 NEW SERIES EXECUTED:[('N0', 'ε', 'NQ')]
[INFO]	DIMENSION:1 NEW PARALLEL EXECUTED:[('N0', 'ε', 'NQ')]
[INFO]	DIMENSION:1 NEW LOOP EXECUTED:[('N0', 'ε', 'NQ')]
[INFO]	DIMENSION:1 NEW SERIES EXECUTED:[('N0', 'ε f', 'NQ')]
[INFO]	DIMENSION:1 NEW PARALLEL EXECUTED:[('N0', 'ε f', 'NQ')]
[INFO]	DIMENSION:1 NEW LOOP EXECUTED:[('N0', 'ε f', 'NQ')]
[INFO]	DIMENSION:1 NEW SERIES EXECUTED:[('N0', 'ε f r', 'NQ')]
[INFO]	DIMENSION:1 NEW PARALLEL EXECUTED:[('N0', 'ε f r', 'NQ')]
[INFO]	DIMENSION:1 NEW LOOP EXECUTED:[('N0', 'ε f r', 'NQ')]
[INFO]	DIMENSION:1 NEW SERIES EXECUTED:[('N0', 'ε f r f', 'NQ')]
[INFO]	DIMENSION:1 NEW PARALLEL EXECUTED:[('N0', 'ε f r f', 'NQ')]
[INFO]	DIMENSION:1 NEW LOOP EXECUTED:[('N0', 'ε f r f', 'NQ')]
[INFO]	DIMENSION:1 NEW SERIES EXECUTED:[('N0', 'ε r', 'NQ')]
[INFO]	DIMENSION:1 NEW PARALLEL EXECUTED:[('N0', 'ε r', 'NQ')]
[INFO]	DIMENSION:1 NEW LOOP EXECUTED:[('N0', 'ε r', 'NQ')]
[INFO]	DIMENSION:1 NEW SERIES EXECUTED:[('N0', 'ε', 'NQ')]
[INFO]	DIMENSION:1 NEW PARALLEL EXECUTED:[('N0', 'ε', 'NQ')]
[INFO]	DIMENSION:1 NEW LOOP EXECUTED:[('N0', 'ε', 'NQ')]
[INFO]	DIMENSION:1 NEW SERIES EXECUTED:[('N0', 'ε f r', 'NQ')]
[INFO]	DIMENSION:1 NEW PARALLEL EXECUTED:[('N0', 'ε f r', 'NQ')]
[INFO]	DIMENSION:1 NEW LOOP EXECUTED:[('N0', 'ε f r', 'NQ')]
[INFO]	SILENT SPACE 	:2DELTAε|ε f|ε f r|ε f r f
[INFO]	EXIT TRANSICTIONS-> PARENT:(RENAMED:11|STATI:20,30|EVENTI:ε,e3)	TRANSICTION:t3a C3 31   L2 e2 o3 r	CHILD:(RENAMED:7|STATI:20,31|EVENTI:e2,e3)
[INFO]	EXIT TRANSICTIONS-> PARENT:(RENAMED:5|STATI:21,30|EVENTI:ε,ε)	TRANSICTION:t3a C3 31   L2 e2 o3 ε	CHILD:(RENAMED:6|STATI:21,31|EVENTI:e2,ε)
[INFO]	EXIT TRANSICTIONS-> PARENT:(RENAMED:0|STATI:20,30|EVENTI:ε,ε)	TRANSICTION:t3a C3 31   L2 e2 o3 f r	CHILD:(RENAMED:1|STATI:20,31|EVENTI:e2,ε)
[INFO]	DIMENSION:1 NEW SERIES EXECUTED:[('N0', 'ε r', 'NQ')]
[INFO]	DIMENSION:1 NEW PARALLEL EXECUTED:[('N0', 'ε r', 'NQ')]
[INFO]	DIMENSION:1 NEW LOOP EXECUTED:[('N0', 'ε r', 'NQ')]
[INFO]	DIMENSION:1 NEW SERIES EXECUTED:[('N0', 'ε r f', 'NQ')]
[INFO]	DIMENSION:1 NEW PARALLEL EXECUTED:[('N0', 'ε r f', 'NQ')]
[INFO]	DIMENSION:1 NEW LOOP EXECUTED:[('N0', 'ε r f', 'NQ')]
[INFO]	SILENT SPACE 	:3DELTA
[INFO]	EXIT TRANSICTIONS-> PARENT:(RENAMED:8|STATI:20,30|EVENTI:e2,ε)	TRANSICTION:t2a C2 21 L2 e2 L3 e3 o2 r	CHILD:(RENAMED:9|STATI:21,30|EVENTI:ε,e3)
[INFO]	EXIT TRANSICTIONS-> PARENT:(RENAMED:1|STATI:20,31|EVENTI:e2,ε)	TRANSICTION:t2a C2 21 L2 e2 L3 e3 o2 r f	CHILD:(RENAMED:2|STATI:21,31|EVENTI:ε,e3)
[INFO]	SILENT SPACE 	:4DELTA
[INFO]	EXIT TRANSICTIONS-> PARENT:(RENAMED:9|STATI:21,30|EVENTI:ε,e3)	TRANSICTION:t3a C3 31   L2 e2 o3 ε	CHILD:(RENAMED:10|STATI:21,31|EVENTI:e2,e3)
[INFO]	DIMENSION:1 NEW SERIES EXECUTED:[('N0', 'ε f r', 'NQ')]
[INFO]	DIMENSION:1 NEW PARALLEL EXECUTED:[('N0', 'ε f r', 'NQ')]
[INFO]	DIMENSION:1 NEW LOOP EXECUTED:[('N0', 'ε f r', 'NQ')]
[INFO]	DIMENSION:1 NEW SERIES EXECUTED:[('N0', 'ε f r f', 'NQ')]
[INFO]	DIMENSION:1 NEW PARALLEL EXECUTED:[('N0', 'ε f r f', 'NQ')]
[INFO]	DIMENSION:1 NEW LOOP EXECUTED:[('N0', 'ε f r f', 'NQ')]
[INFO]	SILENT SPACE 	:5DELTA
[INFO]	EXIT TRANSICTIONS-> PARENT:(RENAMED:8|STATI:20,30|EVENTI:e2,ε)	TRANSICTION:t2a C2 21 L2 e2 L3 e3 o2 f r	CHILD:(RENAMED:9|STATI:21,30|EVENTI:ε,e3)
[INFO]	EXIT TRANSICTIONS-> PARENT:(RENAMED:1|STATI:20,31|EVENTI:e2,ε)	TRANSICTION:t2a C2 21 L2 e2 L3 e3 o2 f r f	CHILD:(RENAMED:2|STATI:21,31|EVENTI:ε,e3)
[INFO]	DIMENSION:1 NEW SERIES EXECUTED:[('N0', 'ε', 'NQ')]
[INFO]	DIMENSION:1 NEW PARALLEL EXECUTED:[('N0', 'ε', 'NQ')]
[INFO]	DIMENSION:1 NEW LOOP EXECUTED:[('N0', 'ε', 'NQ')]
[INFO]	DIMENSION:1 NEW SERIES EXECUTED:[('N0', 'ε f', 'NQ')]
[INFO]	DIMENSION:1 NEW PARALLEL EXECUTED:[('N0', 'ε f', 'NQ')]
[INFO]	DIMENSION:1 NEW LOOP EXECUTED:[('N0', 'ε f', 'NQ')]
[INFO]	SILENT SPACE 	:6DELTA
[INFO]	EXIT TRANSICTIONS-> PARENT:(RENAMED:8|STATI:20,30|EVENTI:e2,ε)	TRANSICTION:t2a C2 21 L2 e2 L3 e3 o2 ε	CHILD:(RENAMED:9|STATI:21,30|EVENTI:ε,e3)
[INFO]	EXIT TRANSICTIONS-> PARENT:(RENAMED:1|STATI:20,31|EVENTI:e2,ε)	TRANSICTION:t2a C2 21 L2 e2 L3 e3 o2 f	CHILD:(RENAMED:2|STATI:21,31|EVENTI:ε,e3)
[WARNING]	STARTING GENERATE_DIAGNOSTIC_GRAPH
[CRITICAL]	SILENT_PARENT 0 DELTA: 	TRANSITION t3a OBSERVABLE: o3 RELEVANT: ε	SILENT_CHILD 1
[CRITICAL]	SILENT_PARENT 1 DELTA: 	TRANSITION t2a OBSERVABLE: o2 RELEVANT: ε	SILENT_CHILD 2
[CRITICAL]	SILENT_PARENT 2 DELTA: ε|ε f|ε f r|ε f r f	TRANSITION t3a OBSERVABLE: o3 RELEVANT: r	SILENT_CHILD 6
[CRITICAL]	SILENT_PARENT 2 DELTA: ε|ε f|ε f r|ε f r f	TRANSITION t3a OBSERVABLE: o3 RELEVANT: ε	SILENT_CHILD 3
[CRITICAL]	SILENT_PARENT 2 DELTA: ε|ε f|ε f r|ε f r f	TRANSITION t3a OBSERVABLE: o3 RELEVANT: f r	SILENT_CHILD 1
[CRITICAL]	SILENT_PARENT 3 DELTA: 	TRANSITION t2a OBSERVABLE: o2 RELEVANT: r	SILENT_CHILD 4
[CRITICAL]	SILENT_PARENT 3 DELTA: 	TRANSITION t2a OBSERVABLE: o2 RELEVANT: r f	SILENT_CHILD 2
[CRITICAL]	SILENT_PARENT 4 DELTA: 	TRANSITION t3a OBSERVABLE: o3 RELEVANT: ε	SILENT_CHILD 5
[CRITICAL]	SILENT_PARENT 5 DELTA: 	TRANSITION t2a OBSERVABLE: o2 RELEVANT: f r	SILENT_CHILD 4
[CRITICAL]	SILENT_PARENT 5 DELTA: 	TRANSITION t2a OBSERVABLE: o2 RELEVANT: f r f	SILENT_CHILD 2
[CRITICAL]	SILENT_PARENT 6 DELTA: 	TRANSITION t2a OBSERVABLE: o2 RELEVANT: ε	SILENT_CHILD 4
[CRITICAL]	SILENT_PARENT 6 DELTA: 	TRANSITION t2a OBSERVABLE: o2 RELEVANT: f	SILENT_CHILD 2
