[DEBUG]	STARTING SPAZIO COMPORTAMENTALE OSSERVABILE
[INFO]	DIMENSION QUEUE:1 ADDED TO QUEUE:(RENAMED:|STATI:10,20,30|EVENTI:ε,ε,ε)
[INFO]	DIMENSION POSSIBLE TRANSITION:4
[INFO]	POSSIBLE TRANSITION t1a C1 11 L1 e1 ε ε
[INFO]	POSSIBLE TRANSITION t1c C1 11   ε f1
[INFO]	POSSIBLE TRANSITION t2a C2 21   L1 e1 L2 e3 o1 ε
[INFO]	POSSIBLE TRANSITION t3a C3 31   L3 e2 ε ε
[INFO]	DIMENSION ALLOWED TRANSITION: 3
[INFO]	ALLOWED TRANSITION t2a C2 21   L1 e1 L2 e3 o1 ε
[INFO]	ALLOWED TRANSITION t2a C2 21   L1 e1 L2 e3 o1 ε
[INFO]	ALLOWED TRANSITION t3a C3 31   L3 e2 ε ε
[INFO]	FOUND NEW BEHAVIORAL STATE: (RENAMED:|STATI:10,21,30|EVENTI:e1,e3,ε)
[INFO]	SNAPSHOT|	|DIMENSIONE GRAFO->1	|DIMENSIONE STATI FINALI->0	|DIMENSIONE CODA->1
[INFO]	SNAPSHOT|	|DIMENSIONE GRAFO->1	|DIMENSIONE STATI FINALI->0	|DIMENSIONE CODA->1
[INFO]	FOUND NEW BEHAVIORAL STATE: (RENAMED:|STATI:10,20,31|EVENTI:ε,ε,e2)
[INFO]	SNAPSHOT|	|DIMENSIONE GRAFO->2	|DIMENSIONE STATI FINALI->0	|DIMENSIONE CODA->2
[INFO]	DIMENSION POSSIBLE TRANSITION:5
[INFO]	POSSIBLE TRANSITION t1a C1 11 L1 e1 ε ε
[INFO]	POSSIBLE TRANSITION t1c C1 11   ε f1
[INFO]	POSSIBLE TRANSITION t2a C2 21   L1 e1 L2 e3 o1 ε
[INFO]	POSSIBLE TRANSITION t3b C3 30 L2 e3 ε ε
[INFO]	POSSIBLE TRANSITION t3c C3 31 L2 e3 ε f3
[INFO]	DIMENSION ALLOWED TRANSITION: 2
[INFO]	ALLOWED TRANSITION t2a C2 21   L1 e1 L2 e3 o1 ε
[INFO]	ALLOWED TRANSITION t2a C2 21   L1 e1 L2 e3 o1 ε
[INFO]	FOUND NEW BEHAVIORAL STATE: (RENAMED:|STATI:10,21,31|EVENTI:e1,e3,e2)
[INFO]	SNAPSHOT|	|DIMENSIONE GRAFO->3	|DIMENSIONE STATI FINALI->0	|DIMENSIONE CODA->2
[INFO]	SNAPSHOT|	|DIMENSIONE GRAFO->3	|DIMENSIONE STATI FINALI->0	|DIMENSIONE CODA->2
[INFO]	DIMENSION POSSIBLE TRANSITION:5
[INFO]	POSSIBLE TRANSITION t1a C1 11 L1 e1 ε ε
[INFO]	POSSIBLE TRANSITION t1c C1 11   ε f1
[INFO]	POSSIBLE TRANSITION t2b C2 20   L1 e1 o2 ε
[INFO]	POSSIBLE TRANSITION t3b C3 30 L2 e3 ε ε
[INFO]	POSSIBLE TRANSITION t3c C3 31 L2 e3 ε f3
[INFO]	DIMENSION ALLOWED TRANSITION: 3
[INFO]	ALLOWED TRANSITION t1a C1 11 L1 e1 ε ε
[INFO]	ALLOWED TRANSITION t3b C3 30 L2 e3 ε ε
[INFO]	ALLOWED TRANSITION t3c C3 31 L2 e3 ε f3
[INFO]	FOUND NEW BEHAVIORAL STATE: (RENAMED:|STATI:11,21,31|EVENTI:ε,e3,e2)
[INFO]	SNAPSHOT|	|DIMENSIONE GRAFO->4	|DIMENSIONE STATI FINALI->0	|DIMENSIONE CODA->2
[INFO]	FOUND NEW BEHAVIORAL STATE: (RENAMED:|STATI:10,21,30|EVENTI:e1,ε,e2)
[INFO]	SNAPSHOT|	|DIMENSIONE GRAFO->5	|DIMENSIONE STATI FINALI->0	|DIMENSIONE CODA->3
[INFO]	FOUND NEW BEHAVIORAL STATE: (RENAMED:|STATI:10,21,31|EVENTI:e1,ε,e2)
[INFO]	SNAPSHOT|	|DIMENSIONE GRAFO->6	|DIMENSIONE STATI FINALI->0	|DIMENSIONE CODA->4
[INFO]	DIMENSION POSSIBLE TRANSITION:5
[INFO]	POSSIBLE TRANSITION t1a C1 11 L1 e1 ε ε
[INFO]	POSSIBLE TRANSITION t1c C1 11   ε f1
[INFO]	POSSIBLE TRANSITION t2b C2 20   L1 e1 o2 ε
[INFO]	POSSIBLE TRANSITION t3b C3 30 L2 e3 ε ε
[INFO]	POSSIBLE TRANSITION t3c C3 31 L2 e3 ε f3
[INFO]	DIMENSION ALLOWED TRANSITION: 1
[INFO]	ALLOWED TRANSITION t1a C1 11 L1 e1 ε ε
[INFO]	FOUND NEW BEHAVIORAL STATE: (RENAMED:|STATI:11,21,31|EVENTI:ε,ε,e2)
[INFO]	SNAPSHOT|	|DIMENSIONE GRAFO->7	|DIMENSIONE STATI FINALI->0	|DIMENSIONE CODA->4
[INFO]	DIMENSION POSSIBLE TRANSITION:4
[INFO]	POSSIBLE TRANSITION t1b C1 10 L3 e2 ε ε
[INFO]	POSSIBLE TRANSITION t2b C2 20   L1 e1 o2 ε
[INFO]	POSSIBLE TRANSITION t3b C3 30 L2 e3 ε ε
[INFO]	POSSIBLE TRANSITION t3c C3 31 L2 e3 ε f3
[INFO]	DIMENSION ALLOWED TRANSITION: 1
[INFO]	ALLOWED TRANSITION t1b C1 10 L3 e2 ε ε
[INFO]	FOUND NEW BEHAVIORAL STATE: (RENAMED:|STATI:10,21,31|EVENTI:ε,ε,ε)
[INFO]	FOUND NEW FINAL STATE: (RENAMED:|STATI:10,21,31|EVENTI:ε,ε,ε)
[INFO]	SNAPSHOT|	|DIMENSIONE GRAFO->8	|DIMENSIONE STATI FINALI->1	|DIMENSIONE CODA->4
[INFO]	DIMENSION POSSIBLE TRANSITION:5
[INFO]	POSSIBLE TRANSITION t1a C1 11 L1 e1 ε ε
[INFO]	POSSIBLE TRANSITION t1c C1 11   ε f1
[INFO]	POSSIBLE TRANSITION t2b C2 20   L1 e1 o2 ε
[INFO]	POSSIBLE TRANSITION t3b C3 30 L2 e3 ε ε
[INFO]	POSSIBLE TRANSITION t3c C3 31 L2 e3 ε f3
[INFO]	DIMENSION ALLOWED TRANSITION: 0
[INFO]	DIMENSION POSSIBLE TRANSITION:4
[INFO]	POSSIBLE TRANSITION t1a C1 11 L1 e1 ε ε
[INFO]	POSSIBLE TRANSITION t1c C1 11   ε f1
[INFO]	POSSIBLE TRANSITION t2b C2 20   L1 e1 o2 ε
[INFO]	POSSIBLE TRANSITION t3a C3 31   L3 e2 ε ε
[INFO]	DIMENSION ALLOWED TRANSITION: 1
[INFO]	ALLOWED TRANSITION t1a C1 11 L1 e1 ε ε
[INFO]	FOUND NEW BEHAVIORAL STATE: (RENAMED:|STATI:11,21,30|EVENTI:ε,ε,e2)
[INFO]	SNAPSHOT|	|DIMENSIONE GRAFO->9	|DIMENSIONE STATI FINALI->1	|DIMENSIONE CODA->3
[INFO]	DIMENSION POSSIBLE TRANSITION:3
[INFO]	POSSIBLE TRANSITION t1b C1 10 L3 e2 ε ε
[INFO]	POSSIBLE TRANSITION t2b C2 20   L1 e1 o2 ε
[INFO]	POSSIBLE TRANSITION t3a C3 31   L3 e2 ε ε
[INFO]	DIMENSION ALLOWED TRANSITION: 1
[INFO]	ALLOWED TRANSITION t1b C1 10 L3 e2 ε ε
[INFO]	FOUND NEW BEHAVIORAL STATE: (RENAMED:|STATI:10,21,30|EVENTI:ε,ε,ε)
[INFO]	FOUND NEW FINAL STATE: (RENAMED:|STATI:10,21,30|EVENTI:ε,ε,ε)
[INFO]	SNAPSHOT|	|DIMENSIONE GRAFO->10	|DIMENSIONE STATI FINALI->2	|DIMENSIONE CODA->3
[INFO]	DIMENSION POSSIBLE TRANSITION:4
[INFO]	POSSIBLE TRANSITION t1a C1 11 L1 e1 ε ε
[INFO]	POSSIBLE TRANSITION t1c C1 11   ε f1
[INFO]	POSSIBLE TRANSITION t2b C2 20   L1 e1 o2 ε
[INFO]	POSSIBLE TRANSITION t3a C3 31   L3 e2 ε ε
[INFO]	DIMENSION ALLOWED TRANSITION: 1
[INFO]	ALLOWED TRANSITION t3a C3 31   L3 e2 ε ε
[INFO]	FOUND NEW BEHAVIORAL STATE: (RENAMED:|STATI:10,21,31|EVENTI:ε,ε,e2)
[INFO]	SNAPSHOT|	|DIMENSIONE GRAFO->11	|DIMENSIONE STATI FINALI->2	|DIMENSIONE CODA->3
[INFO]	DIMENSION POSSIBLE TRANSITION:5
[INFO]	POSSIBLE TRANSITION t1a C1 11 L1 e1 ε ε
[INFO]	POSSIBLE TRANSITION t1c C1 11   ε f1
[INFO]	POSSIBLE TRANSITION t2b C2 20   L1 e1 o2 ε
[INFO]	POSSIBLE TRANSITION t3b C3 30 L2 e3 ε ε
[INFO]	POSSIBLE TRANSITION t3c C3 31 L2 e3 ε f3
[INFO]	DIMENSION ALLOWED TRANSITION: 0
[INFO]	DIMENSION POSSIBLE TRANSITION:4
[INFO]	POSSIBLE TRANSITION t1b C1 10 L3 e2 ε ε
[INFO]	POSSIBLE TRANSITION t2b C2 20   L1 e1 o2 ε
[INFO]	POSSIBLE TRANSITION t3b C3 30 L2 e3 ε ε
[INFO]	POSSIBLE TRANSITION t3c C3 31 L2 e3 ε f3
[INFO]	DIMENSION ALLOWED TRANSITION: 3
[INFO]	ALLOWED TRANSITION t1b C1 10 L3 e2 ε ε
[INFO]	ALLOWED TRANSITION t3b C3 30 L2 e3 ε ε
[INFO]	ALLOWED TRANSITION t3c C3 31 L2 e3 ε f3
[INFO]	FOUND NEW BEHAVIORAL STATE: (RENAMED:|STATI:10,21,31|EVENTI:ε,e3,ε)
[INFO]	SNAPSHOT|	|DIMENSIONE GRAFO->12	|DIMENSIONE STATI FINALI->2	|DIMENSIONE CODA->2
[INFO]	SNAPSHOT|	|DIMENSIONE GRAFO->13	|DIMENSIONE STATI FINALI->2	|DIMENSIONE CODA->2
[INFO]	SNAPSHOT|	|DIMENSIONE GRAFO->14	|DIMENSIONE STATI FINALI->2	|DIMENSIONE CODA->2
[INFO]	DIMENSION POSSIBLE TRANSITION:5
[INFO]	POSSIBLE TRANSITION t1a C1 11 L1 e1 ε ε
[INFO]	POSSIBLE TRANSITION t1c C1 11   ε f1
[INFO]	POSSIBLE TRANSITION t2b C2 20   L1 e1 o2 ε
[INFO]	POSSIBLE TRANSITION t3b C3 30 L2 e3 ε ε
[INFO]	POSSIBLE TRANSITION t3c C3 31 L2 e3 ε f3
[INFO]	DIMENSION ALLOWED TRANSITION: 2
[INFO]	ALLOWED TRANSITION t3b C3 30 L2 e3 ε ε
[INFO]	ALLOWED TRANSITION t3c C3 31 L2 e3 ε f3
[INFO]	SNAPSHOT|	|DIMENSIONE GRAFO->15	|DIMENSIONE STATI FINALI->2	|DIMENSIONE CODA->1
[INFO]	FOUND NEW BEHAVIORAL STATE: (RENAMED:|STATI:10,21,31|EVENTI:ε,ε,ε)
[INFO]	SNAPSHOT|	|DIMENSIONE GRAFO->16	|DIMENSIONE STATI FINALI->2	|DIMENSIONE CODA->2
[INFO]	DIMENSION POSSIBLE TRANSITION:5
[INFO]	POSSIBLE TRANSITION t1a C1 11 L1 e1 ε ε
[INFO]	POSSIBLE TRANSITION t1c C1 11   ε f1
[INFO]	POSSIBLE TRANSITION t2b C2 20   L1 e1 o2 ε
[INFO]	POSSIBLE TRANSITION t3b C3 30 L2 e3 ε ε
[INFO]	POSSIBLE TRANSITION t3c C3 31 L2 e3 ε f3
[INFO]	DIMENSION ALLOWED TRANSITION: 0
[INFO]	DIMENSION POSSIBLE TRANSITION:4
[INFO]	POSSIBLE TRANSITION t1a C1 11 L1 e1 ε ε
[INFO]	POSSIBLE TRANSITION t1c C1 11   ε f1
[INFO]	POSSIBLE TRANSITION t2b C2 20   L1 e1 o2 ε
[INFO]	POSSIBLE TRANSITION t3a C3 31   L3 e2 ε ε
[INFO]	DIMENSION ALLOWED TRANSITION: 2
[INFO]	ALLOWED TRANSITION t1a C1 11 L1 e1 ε ε
[INFO]	ALLOWED TRANSITION t3a C3 31   L3 e2 ε ε
[INFO]	FOUND NEW BEHAVIORAL STATE: (RENAMED:|STATI:11,21,30|EVENTI:ε,e3,ε)
[INFO]	SNAPSHOT|	|DIMENSIONE GRAFO->17	|DIMENSIONE STATI FINALI->2	|DIMENSIONE CODA->1
[INFO]	SNAPSHOT|	|DIMENSIONE GRAFO->18	|DIMENSIONE STATI FINALI->2	|DIMENSIONE CODA->1
[INFO]	DIMENSION POSSIBLE TRANSITION:3
[INFO]	POSSIBLE TRANSITION t1b C1 10 L3 e2 ε ε
[INFO]	POSSIBLE TRANSITION t2b C2 20   L1 e1 o2 ε
[INFO]	POSSIBLE TRANSITION t3a C3 31   L3 e2 ε ε
[INFO]	DIMENSION ALLOWED TRANSITION: 1
[INFO]	ALLOWED TRANSITION t3a C3 31   L3 e2 ε ε
[INFO]	SNAPSHOT|	|DIMENSIONE GRAFO->19	|DIMENSIONE STATI FINALI->2	|DIMENSIONE CODA->0
[INFO]	FINAL STATES:
(RENAMED:|STATI:10,21,31|EVENTI:ε,ε,ε)
(RENAMED:|STATI:10,21,30|EVENTI:ε,ε,ε)
[INFO]	COMPLETE GRAPH	PARENT_NODE:(RENAMED:|OBS INDEX 0|STATI:10,20,30|EVENTI:ε,ε,ε)	TRANSITION: t2a	LABEL_OBS: o1	LABEL_REL: ε	CHILD_NODE: (RENAMED:|OBS INDEX 1|STATI:10,21,30|EVENTI:e1,e3,ε)
PARENT_NODE:(RENAMED:|OBS INDEX 0|STATI:10,20,30|EVENTI:ε,ε,ε)	TRANSITION: t3a	LABEL_OBS: ε	LABEL_REL: ε	CHILD_NODE: (RENAMED:|OBS INDEX 0|STATI:10,20,31|EVENTI:ε,ε,e2)
PARENT_NODE:(RENAMED:|OBS INDEX 0|STATI:10,20,31|EVENTI:ε,ε,e2)	TRANSITION: t2a	LABEL_OBS: o1	LABEL_REL: ε	CHILD_NODE: (RENAMED:|OBS INDEX 1|STATI:10,21,31|EVENTI:e1,e3,e2)
PARENT_NODE:(RENAMED:|OBS INDEX 1|STATI:10,21,31|EVENTI:e1,e3,e2)	TRANSITION: t1a	LABEL_OBS: ε	LABEL_REL: ε	CHILD_NODE: (RENAMED:|OBS INDEX 1|STATI:11,21,31|EVENTI:ε,e3,e2)
PARENT_NODE:(RENAMED:|OBS INDEX 1|STATI:10,21,31|EVENTI:e1,e3,e2)	TRANSITION: t3b	LABEL_OBS: ε	LABEL_REL: ε	CHILD_NODE: (RENAMED:|OBS INDEX 1|STATI:10,21,30|EVENTI:e1,ε,e2)
PARENT_NODE:(RENAMED:|OBS INDEX 1|STATI:10,21,31|EVENTI:e1,e3,e2)	TRANSITION: t3c	LABEL_OBS: ε	LABEL_REL: f3	CHILD_NODE: (RENAMED:|OBS INDEX 1|STATI:10,21,31|EVENTI:e1,ε,e2)
PARENT_NODE:(RENAMED:|OBS INDEX 1|STATI:10,21,31|EVENTI:e1,ε,e2)	TRANSITION: t1a	LABEL_OBS: ε	LABEL_REL: ε	CHILD_NODE: (RENAMED:|OBS INDEX 1|STATI:11,21,31|EVENTI:ε,ε,e2)
PARENT_NODE:(RENAMED:|OBS INDEX 1|STATI:11,21,31|EVENTI:ε,ε,e2)	TRANSITION: t1b	LABEL_OBS: ε	LABEL_REL: ε	CHILD_NODE: (RENAMED:|OBS INDEX 1|STATI:10,21,31|EVENTI:ε,ε,ε)
PARENT_NODE:(RENAMED:|OBS INDEX 1|STATI:10,21,30|EVENTI:e1,ε,e2)	TRANSITION: t1a	LABEL_OBS: ε	LABEL_REL: ε	CHILD_NODE: (RENAMED:|OBS INDEX 1|STATI:11,21,30|EVENTI:ε,ε,e2)
PARENT_NODE:(RENAMED:|OBS INDEX 1|STATI:11,21,30|EVENTI:ε,ε,e2)	TRANSITION: t1b	LABEL_OBS: ε	LABEL_REL: ε	CHILD_NODE: (RENAMED:|OBS INDEX 1|STATI:10,21,30|EVENTI:ε,ε,ε)
PARENT_NODE:(RENAMED:|OBS INDEX 1|STATI:10,21,30|EVENTI:ε,ε,ε)	TRANSITION: t3a	LABEL_OBS: ε	LABEL_REL: ε	CHILD_NODE: (RENAMED:|OBS INDEX 1|STATI:10,21,31|EVENTI:ε,ε,e2)
PARENT_NODE:(RENAMED:|OBS INDEX 1|STATI:11,21,31|EVENTI:ε,e3,e2)	TRANSITION: t1b	LABEL_OBS: ε	LABEL_REL: ε	CHILD_NODE: (RENAMED:|OBS INDEX 1|STATI:10,21,31|EVENTI:ε,e3,ε)
PARENT_NODE:(RENAMED:|OBS INDEX 1|STATI:11,21,31|EVENTI:ε,e3,e2)	TRANSITION: t3b	LABEL_OBS: ε	LABEL_REL: ε	CHILD_NODE: (RENAMED:|OBS INDEX 1|STATI:11,21,30|EVENTI:ε,ε,e2)
PARENT_NODE:(RENAMED:|OBS INDEX 1|STATI:11,21,31|EVENTI:ε,e3,e2)	TRANSITION: t3c	LABEL_OBS: ε	LABEL_REL: f3	CHILD_NODE: (RENAMED:|OBS INDEX 1|STATI:11,21,31|EVENTI:ε,ε,e2)
PARENT_NODE:(RENAMED:|OBS INDEX 1|STATI:10,21,31|EVENTI:ε,e3,ε)	TRANSITION: t3b	LABEL_OBS: ε	LABEL_REL: ε	CHILD_NODE: (RENAMED:|OBS INDEX 1|STATI:10,21,30|EVENTI:ε,ε,ε)
PARENT_NODE:(RENAMED:|OBS INDEX 1|STATI:10,21,31|EVENTI:ε,e3,ε)	TRANSITION: t3c	LABEL_OBS: ε	LABEL_REL: f3	CHILD_NODE: (RENAMED:|OBS INDEX 1|STATI:10,21,31|EVENTI:ε,ε,ε)
PARENT_NODE:(RENAMED:|OBS INDEX 1|STATI:10,21,30|EVENTI:e1,e3,ε)	TRANSITION: t1a	LABEL_OBS: ε	LABEL_REL: ε	CHILD_NODE: (RENAMED:|OBS INDEX 1|STATI:11,21,30|EVENTI:ε,e3,ε)
PARENT_NODE:(RENAMED:|OBS INDEX 1|STATI:10,21,30|EVENTI:e1,e3,ε)	TRANSITION: t3a	LABEL_OBS: ε	LABEL_REL: ε	CHILD_NODE: (RENAMED:|OBS INDEX 1|STATI:10,21,31|EVENTI:e1,e3,e2)
PARENT_NODE:(RENAMED:|OBS INDEX 1|STATI:11,21,30|EVENTI:ε,e3,ε)	TRANSITION: t3a	LABEL_OBS: ε	LABEL_REL: ε	CHILD_NODE: (RENAMED:|OBS INDEX 1|STATI:11,21,31|EVENTI:ε,e3,e2)

[INFO]	DIMENSIONE GRAFO->19	|DIMENSIONE STATI FINALI->2	|DIMENSIONE CODA->0
[WARNING]	PRUNED GRAPH	PARENT_NODE:(RENAMED:|OBS INDEX 0|STATI:10,20,30|EVENTI:ε,ε,ε)	TRANSITION: t2a	LABEL_OBS: o1	LABEL_REL: ε	CHILD_NODE: (RENAMED:|OBS INDEX 1|STATI:10,21,30|EVENTI:e1,e3,ε)
PARENT_NODE:(RENAMED:|OBS INDEX 0|STATI:10,20,30|EVENTI:ε,ε,ε)	TRANSITION: t3a	LABEL_OBS: ε	LABEL_REL: ε	CHILD_NODE: (RENAMED:|OBS INDEX 0|STATI:10,20,31|EVENTI:ε,ε,e2)
PARENT_NODE:(RENAMED:|OBS INDEX 0|STATI:10,20,31|EVENTI:ε,ε,e2)	TRANSITION: t2a	LABEL_OBS: o1	LABEL_REL: ε	CHILD_NODE: (RENAMED:|OBS INDEX 1|STATI:10,21,31|EVENTI:e1,e3,e2)
PARENT_NODE:(RENAMED:|OBS INDEX 1|STATI:10,21,31|EVENTI:e1,e3,e2)	TRANSITION: t1a	LABEL_OBS: ε	LABEL_REL: ε	CHILD_NODE: (RENAMED:|OBS INDEX 1|STATI:11,21,31|EVENTI:ε,e3,e2)
PARENT_NODE:(RENAMED:|OBS INDEX 1|STATI:10,21,31|EVENTI:e1,e3,e2)	TRANSITION: t3b	LABEL_OBS: ε	LABEL_REL: ε	CHILD_NODE: (RENAMED:|OBS INDEX 1|STATI:10,21,30|EVENTI:e1,ε,e2)
PARENT_NODE:(RENAMED:|OBS INDEX 1|STATI:10,21,31|EVENTI:e1,e3,e2)	TRANSITION: t3c	LABEL_OBS: ε	LABEL_REL: f3	CHILD_NODE: (RENAMED:|OBS INDEX 1|STATI:10,21,31|EVENTI:e1,ε,e2)
PARENT_NODE:(RENAMED:|OBS INDEX 1|STATI:10,21,31|EVENTI:e1,ε,e2)	TRANSITION: t1a	LABEL_OBS: ε	LABEL_REL: ε	CHILD_NODE: (RENAMED:|OBS INDEX 1|STATI:11,21,31|EVENTI:ε,ε,e2)
PARENT_NODE:(RENAMED:|OBS INDEX 1|STATI:11,21,31|EVENTI:ε,ε,e2)	TRANSITION: t1b	LABEL_OBS: ε	LABEL_REL: ε	CHILD_NODE: (RENAMED:|OBS INDEX 1|STATI:10,21,31|EVENTI:ε,ε,ε)
PARENT_NODE:(RENAMED:|OBS INDEX 1|STATI:10,21,30|EVENTI:e1,ε,e2)	TRANSITION: t1a	LABEL_OBS: ε	LABEL_REL: ε	CHILD_NODE: (RENAMED:|OBS INDEX 1|STATI:11,21,30|EVENTI:ε,ε,e2)
PARENT_NODE:(RENAMED:|OBS INDEX 1|STATI:11,21,30|EVENTI:ε,ε,e2)	TRANSITION: t1b	LABEL_OBS: ε	LABEL_REL: ε	CHILD_NODE: (RENAMED:|OBS INDEX 1|STATI:10,21,30|EVENTI:ε,ε,ε)
PARENT_NODE:(RENAMED:|OBS INDEX 1|STATI:11,21,31|EVENTI:ε,e3,e2)	TRANSITION: t1b	LABEL_OBS: ε	LABEL_REL: ε	CHILD_NODE: (RENAMED:|OBS INDEX 1|STATI:10,21,31|EVENTI:ε,e3,ε)
PARENT_NODE:(RENAMED:|OBS INDEX 1|STATI:11,21,31|EVENTI:ε,e3,e2)	TRANSITION: t3b	LABEL_OBS: ε	LABEL_REL: ε	CHILD_NODE: (RENAMED:|OBS INDEX 1|STATI:11,21,30|EVENTI:ε,ε,e2)
PARENT_NODE:(RENAMED:|OBS INDEX 1|STATI:11,21,31|EVENTI:ε,e3,e2)	TRANSITION: t3c	LABEL_OBS: ε	LABEL_REL: f3	CHILD_NODE: (RENAMED:|OBS INDEX 1|STATI:11,21,31|EVENTI:ε,ε,e2)
PARENT_NODE:(RENAMED:|OBS INDEX 1|STATI:10,21,31|EVENTI:ε,e3,ε)	TRANSITION: t3b	LABEL_OBS: ε	LABEL_REL: ε	CHILD_NODE: (RENAMED:|OBS INDEX 1|STATI:10,21,30|EVENTI:ε,ε,ε)
PARENT_NODE:(RENAMED:|OBS INDEX 1|STATI:10,21,31|EVENTI:ε,e3,ε)	TRANSITION: t3c	LABEL_OBS: ε	LABEL_REL: f3	CHILD_NODE: (RENAMED:|OBS INDEX 1|STATI:10,21,31|EVENTI:ε,ε,ε)
PARENT_NODE:(RENAMED:|OBS INDEX 1|STATI:10,21,30|EVENTI:e1,e3,ε)	TRANSITION: t1a	LABEL_OBS: ε	LABEL_REL: ε	CHILD_NODE: (RENAMED:|OBS INDEX 1|STATI:11,21,30|EVENTI:ε,e3,ε)
PARENT_NODE:(RENAMED:|OBS INDEX 1|STATI:10,21,30|EVENTI:e1,e3,ε)	TRANSITION: t3a	LABEL_OBS: ε	LABEL_REL: ε	CHILD_NODE: (RENAMED:|OBS INDEX 1|STATI:10,21,31|EVENTI:e1,e3,e2)
PARENT_NODE:(RENAMED:|OBS INDEX 1|STATI:11,21,30|EVENTI:ε,e3,ε)	TRANSITION: t3a	LABEL_OBS: ε	LABEL_REL: ε	CHILD_NODE: (RENAMED:|OBS INDEX 1|STATI:11,21,31|EVENTI:ε,e3,e2)

[WARNING]	RENAMED GRAPH	PARENT_NODE:(RENAMED:0|OBS INDEX 0|STATI:10,20,30|EVENTI:ε,ε,ε)	TRANSITION: t2a	LABEL_OBS: o1	LABEL_REL: ε	CHILD_NODE: (RENAMED:9|OBS INDEX 1|STATI:10,21,30|EVENTI:e1,e3,ε)
PARENT_NODE:(RENAMED:0|OBS INDEX 0|STATI:10,20,30|EVENTI:ε,ε,ε)	TRANSITION: t3a	LABEL_OBS: ε	LABEL_REL: ε	CHILD_NODE: (RENAMED:1|OBS INDEX 0|STATI:10,20,31|EVENTI:ε,ε,e2)
PARENT_NODE:(RENAMED:1|OBS INDEX 0|STATI:10,20,31|EVENTI:ε,ε,e2)	TRANSITION: t2a	LABEL_OBS: o1	LABEL_REL: ε	CHILD_NODE: (RENAMED:2|OBS INDEX 1|STATI:10,21,31|EVENTI:e1,e3,e2)
PARENT_NODE:(RENAMED:2|OBS INDEX 1|STATI:10,21,31|EVENTI:e1,e3,e2)	TRANSITION: t1a	LABEL_OBS: ε	LABEL_REL: ε	CHILD_NODE: (RENAMED:7|OBS INDEX 1|STATI:11,21,31|EVENTI:ε,e3,e2)
PARENT_NODE:(RENAMED:2|OBS INDEX 1|STATI:10,21,31|EVENTI:e1,e3,e2)	TRANSITION: t3b	LABEL_OBS: ε	LABEL_REL: ε	CHILD_NODE: (RENAMED:5|OBS INDEX 1|STATI:10,21,30|EVENTI:e1,ε,e2)
PARENT_NODE:(RENAMED:2|OBS INDEX 1|STATI:10,21,31|EVENTI:e1,e3,e2)	TRANSITION: t3c	LABEL_OBS: ε	LABEL_REL: f3	CHILD_NODE: (RENAMED:3|OBS INDEX 1|STATI:10,21,31|EVENTI:e1,ε,e2)
PARENT_NODE:(RENAMED:3|OBS INDEX 1|STATI:10,21,31|EVENTI:e1,ε,e2)	TRANSITION: t1a	LABEL_OBS: ε	LABEL_REL: ε	CHILD_NODE: (RENAMED:4|OBS INDEX 1|STATI:11,21,31|EVENTI:ε,ε,e2)
PARENT_NODE:(RENAMED:4|OBS INDEX 1|STATI:11,21,31|EVENTI:ε,ε,e2)	TRANSITION: t1b	LABEL_OBS: ε	LABEL_REL: ε	CHILD_NODE: (RENAMED:11|OBS INDEX 1|STATI:10,21,31|EVENTI:ε,ε,ε)
PARENT_NODE:(RENAMED:5|OBS INDEX 1|STATI:10,21,30|EVENTI:e1,ε,e2)	TRANSITION: t1a	LABEL_OBS: ε	LABEL_REL: ε	CHILD_NODE: (RENAMED:6|OBS INDEX 1|STATI:11,21,30|EVENTI:ε,ε,e2)
PARENT_NODE:(RENAMED:6|OBS INDEX 1|STATI:11,21,30|EVENTI:ε,ε,e2)	TRANSITION: t1b	LABEL_OBS: ε	LABEL_REL: ε	CHILD_NODE: (RENAMED:12|OBS INDEX 1|STATI:10,21,30|EVENTI:ε,ε,ε)
PARENT_NODE:(RENAMED:7|OBS INDEX 1|STATI:11,21,31|EVENTI:ε,e3,e2)	TRANSITION: t1b	LABEL_OBS: ε	LABEL_REL: ε	CHILD_NODE: (RENAMED:8|OBS INDEX 1|STATI:10,21,31|EVENTI:ε,e3,ε)
PARENT_NODE:(RENAMED:7|OBS INDEX 1|STATI:11,21,31|EVENTI:ε,e3,e2)	TRANSITION: t3b	LABEL_OBS: ε	LABEL_REL: ε	CHILD_NODE: (RENAMED:6|OBS INDEX 1|STATI:11,21,30|EVENTI:ε,ε,e2)
PARENT_NODE:(RENAMED:7|OBS INDEX 1|STATI:11,21,31|EVENTI:ε,e3,e2)	TRANSITION: t3c	LABEL_OBS: ε	LABEL_REL: f3	CHILD_NODE: (RENAMED:4|OBS INDEX 1|STATI:11,21,31|EVENTI:ε,ε,e2)
PARENT_NODE:(RENAMED:8|OBS INDEX 1|STATI:10,21,31|EVENTI:ε,e3,ε)	TRANSITION: t3b	LABEL_OBS: ε	LABEL_REL: ε	CHILD_NODE: (RENAMED:12|OBS INDEX 1|STATI:10,21,30|EVENTI:ε,ε,ε)
PARENT_NODE:(RENAMED:8|OBS INDEX 1|STATI:10,21,31|EVENTI:ε,e3,ε)	TRANSITION: t3c	LABEL_OBS: ε	LABEL_REL: f3	CHILD_NODE: (RENAMED:11|OBS INDEX 1|STATI:10,21,31|EVENTI:ε,ε,ε)
PARENT_NODE:(RENAMED:9|OBS INDEX 1|STATI:10,21,30|EVENTI:e1,e3,ε)	TRANSITION: t1a	LABEL_OBS: ε	LABEL_REL: ε	CHILD_NODE: (RENAMED:10|OBS INDEX 1|STATI:11,21,30|EVENTI:ε,e3,ε)
PARENT_NODE:(RENAMED:9|OBS INDEX 1|STATI:10,21,30|EVENTI:e1,e3,ε)	TRANSITION: t3a	LABEL_OBS: ε	LABEL_REL: ε	CHILD_NODE: (RENAMED:2|OBS INDEX 1|STATI:10,21,31|EVENTI:e1,e3,e2)
PARENT_NODE:(RENAMED:10|OBS INDEX 1|STATI:11,21,30|EVENTI:ε,e3,ε)	TRANSITION: t3a	LABEL_OBS: ε	LABEL_REL: ε	CHILD_NODE: (RENAMED:7|OBS INDEX 1|STATI:11,21,31|EVENTI:ε,e3,e2)

[CRITICAL]	Execution time|0:00:00.011326
