[DEBUG]	STARTING SPAZIO COMPORTAMENTALE
[INFO]	DIMENSION QUEUE:1 ADDED TO QUEUE:(RENAMED:|STATI:10,20,30|EVENTI:ε,ε,ε)
[INFO]	ACTUAL BEHAVIORAL STATE: (RENAMED:|STATI:10,20,30|EVENTI:ε,ε,ε)
[INFO]	DIMENSION POSSIBLE TRANSITION:4
[INFO]	POSSIBLE TRANSITION t1a C1 11 L1 e1 ε ε
[INFO]	POSSIBLE TRANSITION t1c C1 11   ε f1
[INFO]	POSSIBLE TRANSITION t2a C2 21   L1 e1 L2 e3 o1 ε
[INFO]	POSSIBLE TRANSITION t3a C3 31   L3 e2 ε ε
[INFO]	DIMENSION ALLOWED TRANSITION: 3
[INFO]	ALLOWED TRANSITION t2a C2 21   L1 e1 L2 e3 o1 ε
[INFO]	ALLOWED TRANSITION t2a C2 21   L1 e1 L2 e3 o1 ε
[INFO]	ALLOWED TRANSITION t3a C3 31   L3 e2 ε ε
[INFO]	FOUND NEW BEHAVIORAL STATE: (RENAMED:|STATI:10,21,30|EVENTI:e1,e3,ε)
[INFO]	SNAPSHOT|	|DIMENSIONE GRAFO->1	|DIMENSIONE STATI FINALI->0	|DIMENSIONE CODA->1
[INFO]	SNAPSHOT|	|DIMENSIONE GRAFO->2	|DIMENSIONE STATI FINALI->0	|DIMENSIONE CODA->1
[INFO]	FOUND NEW BEHAVIORAL STATE: (RENAMED:|STATI:10,20,31|EVENTI:ε,ε,e2)
[INFO]	SNAPSHOT|	|DIMENSIONE GRAFO->3	|DIMENSIONE STATI FINALI->0	|DIMENSIONE CODA->2
[INFO]	ACTUAL BEHAVIORAL STATE: (RENAMED:|STATI:10,20,31|EVENTI:ε,ε,e2)
[INFO]	DIMENSION POSSIBLE TRANSITION:5
[INFO]	POSSIBLE TRANSITION t1a C1 11 L1 e1 ε ε
[INFO]	POSSIBLE TRANSITION t1c C1 11   ε f1
[INFO]	POSSIBLE TRANSITION t2a C2 21   L1 e1 L2 e3 o1 ε
[INFO]	POSSIBLE TRANSITION t3b C3 30 L2 e3 ε ε
[INFO]	POSSIBLE TRANSITION t3c C3 31 L2 e3 ε f3
[INFO]	DIMENSION ALLOWED TRANSITION: 2
[INFO]	ALLOWED TRANSITION t2a C2 21   L1 e1 L2 e3 o1 ε
[INFO]	ALLOWED TRANSITION t2a C2 21   L1 e1 L2 e3 o1 ε
[INFO]	FOUND NEW BEHAVIORAL STATE: (RENAMED:|STATI:10,21,31|EVENTI:e1,e3,e2)
[INFO]	SNAPSHOT|	|DIMENSIONE GRAFO->4	|DIMENSIONE STATI FINALI->0	|DIMENSIONE CODA->2
[INFO]	SNAPSHOT|	|DIMENSIONE GRAFO->5	|DIMENSIONE STATI FINALI->0	|DIMENSIONE CODA->2
[INFO]	ACTUAL BEHAVIORAL STATE: (RENAMED:|STATI:10,21,31|EVENTI:e1,e3,e2)
[INFO]	DIMENSION POSSIBLE TRANSITION:5
[INFO]	POSSIBLE TRANSITION t1a C1 11 L1 e1 ε ε
[INFO]	POSSIBLE TRANSITION t1c C1 11   ε f1
[INFO]	POSSIBLE TRANSITION t2b C2 20   L1 e1 o2 ε
[INFO]	POSSIBLE TRANSITION t3b C3 30 L2 e3 ε ε
[INFO]	POSSIBLE TRANSITION t3c C3 31 L2 e3 ε f3
[INFO]	DIMENSION ALLOWED TRANSITION: 3
[INFO]	ALLOWED TRANSITION t1a C1 11 L1 e1 ε ε
[INFO]	ALLOWED TRANSITION t3b C3 30 L2 e3 ε ε
[INFO]	ALLOWED TRANSITION t3c C3 31 L2 e3 ε f3
[INFO]	FOUND NEW BEHAVIORAL STATE: (RENAMED:|STATI:11,21,31|EVENTI:ε,e3,e2)
[INFO]	SNAPSHOT|	|DIMENSIONE GRAFO->6	|DIMENSIONE STATI FINALI->0	|DIMENSIONE CODA->2
[INFO]	FOUND NEW BEHAVIORAL STATE: (RENAMED:|STATI:10,21,30|EVENTI:e1,ε,e2)
[INFO]	SNAPSHOT|	|DIMENSIONE GRAFO->7	|DIMENSIONE STATI FINALI->0	|DIMENSIONE CODA->3
[INFO]	FOUND NEW BEHAVIORAL STATE: (RENAMED:|STATI:10,21,31|EVENTI:e1,ε,e2)
[INFO]	SNAPSHOT|	|DIMENSIONE GRAFO->8	|DIMENSIONE STATI FINALI->0	|DIMENSIONE CODA->4
[INFO]	ACTUAL BEHAVIORAL STATE: (RENAMED:|STATI:10,21,31|EVENTI:e1,ε,e2)
[INFO]	DIMENSION POSSIBLE TRANSITION:5
[INFO]	POSSIBLE TRANSITION t1a C1 11 L1 e1 ε ε
[INFO]	POSSIBLE TRANSITION t1c C1 11   ε f1
[INFO]	POSSIBLE TRANSITION t2b C2 20   L1 e1 o2 ε
[INFO]	POSSIBLE TRANSITION t3b C3 30 L2 e3 ε ε
[INFO]	POSSIBLE TRANSITION t3c C3 31 L2 e3 ε f3
[INFO]	DIMENSION ALLOWED TRANSITION: 1
[INFO]	ALLOWED TRANSITION t1a C1 11 L1 e1 ε ε
[INFO]	FOUND NEW BEHAVIORAL STATE: (RENAMED:|STATI:11,21,31|EVENTI:ε,ε,e2)
[INFO]	SNAPSHOT|	|DIMENSIONE GRAFO->9	|DIMENSIONE STATI FINALI->0	|DIMENSIONE CODA->4
[INFO]	ACTUAL BEHAVIORAL STATE: (RENAMED:|STATI:11,21,31|EVENTI:ε,ε,e2)
[INFO]	DIMENSION POSSIBLE TRANSITION:4
[INFO]	POSSIBLE TRANSITION t1b C1 10 L3 e2 ε ε
[INFO]	POSSIBLE TRANSITION t2b C2 20   L1 e1 o2 ε
[INFO]	POSSIBLE TRANSITION t3b C3 30 L2 e3 ε ε
[INFO]	POSSIBLE TRANSITION t3c C3 31 L2 e3 ε f3
[INFO]	DIMENSION ALLOWED TRANSITION: 2
[INFO]	ALLOWED TRANSITION t1b C1 10 L3 e2 ε ε
[INFO]	ALLOWED TRANSITION t2b C2 20   L1 e1 o2 ε
[INFO]	FOUND NEW BEHAVIORAL STATE: (RENAMED:|STATI:10,21,31|EVENTI:ε,ε,ε)
[INFO]	FOUND NEW FINAL STATE: (RENAMED:|STATI:10,21,31|EVENTI:ε,ε,ε)
[INFO]	SNAPSHOT|	|DIMENSIONE GRAFO->10	|DIMENSIONE STATI FINALI->1	|DIMENSIONE CODA->4
[INFO]	FOUND NEW BEHAVIORAL STATE: (RENAMED:|STATI:11,20,31|EVENTI:e1,ε,e2)
[INFO]	SNAPSHOT|	|DIMENSIONE GRAFO->11	|DIMENSIONE STATI FINALI->1	|DIMENSIONE CODA->5
[INFO]	ACTUAL BEHAVIORAL STATE: (RENAMED:|STATI:11,20,31|EVENTI:e1,ε,e2)
[INFO]	DIMENSION POSSIBLE TRANSITION:4
[INFO]	POSSIBLE TRANSITION t1b C1 10 L3 e2 ε ε
[INFO]	POSSIBLE TRANSITION t2a C2 21   L1 e1 L2 e3 o1 ε
[INFO]	POSSIBLE TRANSITION t3b C3 30 L2 e3 ε ε
[INFO]	POSSIBLE TRANSITION t3c C3 31 L2 e3 ε f3
[INFO]	DIMENSION ALLOWED TRANSITION: 2
[INFO]	ALLOWED TRANSITION t1b C1 10 L3 e2 ε ε
[INFO]	ALLOWED TRANSITION t2a C2 21   L1 e1 L2 e3 o1 ε
[INFO]	FOUND NEW BEHAVIORAL STATE: (RENAMED:|STATI:10,20,31|EVENTI:e1,ε,ε)
[INFO]	SNAPSHOT|	|DIMENSIONE GRAFO->12	|DIMENSIONE STATI FINALI->1	|DIMENSIONE CODA->5
[INFO]	FOUND NEW BEHAVIORAL STATE: (RENAMED:|STATI:11,21,31|EVENTI:e1,e3,e2)
[INFO]	SNAPSHOT|	|DIMENSIONE GRAFO->13	|DIMENSIONE STATI FINALI->1	|DIMENSIONE CODA->6
[INFO]	ACTUAL BEHAVIORAL STATE: (RENAMED:|STATI:11,21,31|EVENTI:e1,e3,e2)
[INFO]	DIMENSION POSSIBLE TRANSITION:4
[INFO]	POSSIBLE TRANSITION t1b C1 10 L3 e2 ε ε
[INFO]	POSSIBLE TRANSITION t2b C2 20   L1 e1 o2 ε
[INFO]	POSSIBLE TRANSITION t3b C3 30 L2 e3 ε ε
[INFO]	POSSIBLE TRANSITION t3c C3 31 L2 e3 ε f3
[INFO]	DIMENSION ALLOWED TRANSITION: 3
[INFO]	ALLOWED TRANSITION t1b C1 10 L3 e2 ε ε
[INFO]	ALLOWED TRANSITION t3b C3 30 L2 e3 ε ε
[INFO]	ALLOWED TRANSITION t3c C3 31 L2 e3 ε f3
[INFO]	FOUND NEW BEHAVIORAL STATE: (RENAMED:|STATI:10,21,31|EVENTI:e1,e3,ε)
[INFO]	SNAPSHOT|	|DIMENSIONE GRAFO->14	|DIMENSIONE STATI FINALI->1	|DIMENSIONE CODA->6
[INFO]	FOUND NEW BEHAVIORAL STATE: (RENAMED:|STATI:11,21,30|EVENTI:e1,ε,e2)
[INFO]	SNAPSHOT|	|DIMENSIONE GRAFO->15	|DIMENSIONE STATI FINALI->1	|DIMENSIONE CODA->7
[INFO]	FOUND NEW BEHAVIORAL STATE: (RENAMED:|STATI:11,21,31|EVENTI:e1,ε,e2)
[INFO]	SNAPSHOT|	|DIMENSIONE GRAFO->16	|DIMENSIONE STATI FINALI->1	|DIMENSIONE CODA->8
[INFO]	ACTUAL BEHAVIORAL STATE: (RENAMED:|STATI:11,21,31|EVENTI:e1,ε,e2)
[INFO]	DIMENSION POSSIBLE TRANSITION:4
[INFO]	POSSIBLE TRANSITION t1b C1 10 L3 e2 ε ε
[INFO]	POSSIBLE TRANSITION t2b C2 20   L1 e1 o2 ε
[INFO]	POSSIBLE TRANSITION t3b C3 30 L2 e3 ε ε
[INFO]	POSSIBLE TRANSITION t3c C3 31 L2 e3 ε f3
[INFO]	DIMENSION ALLOWED TRANSITION: 1
[INFO]	ALLOWED TRANSITION t1b C1 10 L3 e2 ε ε
[INFO]	FOUND NEW BEHAVIORAL STATE: (RENAMED:|STATI:10,21,31|EVENTI:e1,ε,ε)
[INFO]	SNAPSHOT|	|DIMENSIONE GRAFO->17	|DIMENSIONE STATI FINALI->1	|DIMENSIONE CODA->8
[INFO]	ACTUAL BEHAVIORAL STATE: (RENAMED:|STATI:10,21,31|EVENTI:e1,ε,ε)
[INFO]	DIMENSION POSSIBLE TRANSITION:5
[INFO]	POSSIBLE TRANSITION t1a C1 11 L1 e1 ε ε
[INFO]	POSSIBLE TRANSITION t1c C1 11   ε f1
[INFO]	POSSIBLE TRANSITION t2b C2 20   L1 e1 o2 ε
[INFO]	POSSIBLE TRANSITION t3b C3 30 L2 e3 ε ε
[INFO]	POSSIBLE TRANSITION t3c C3 31 L2 e3 ε f3
[INFO]	DIMENSION ALLOWED TRANSITION: 1
[INFO]	ALLOWED TRANSITION t1a C1 11 L1 e1 ε ε
[INFO]	FOUND NEW BEHAVIORAL STATE: (RENAMED:|STATI:11,21,31|EVENTI:ε,ε,ε)
[INFO]	FOUND NEW FINAL STATE: (RENAMED:|STATI:11,21,31|EVENTI:ε,ε,ε)
[INFO]	SNAPSHOT|	|DIMENSIONE GRAFO->18	|DIMENSIONE STATI FINALI->2	|DIMENSIONE CODA->8
[INFO]	ACTUAL BEHAVIORAL STATE: (RENAMED:|STATI:11,21,31|EVENTI:ε,ε,ε)
[INFO]	DIMENSION POSSIBLE TRANSITION:4
[INFO]	POSSIBLE TRANSITION t1b C1 10 L3 e2 ε ε
[INFO]	POSSIBLE TRANSITION t2b C2 20   L1 e1 o2 ε
[INFO]	POSSIBLE TRANSITION t3b C3 30 L2 e3 ε ε
[INFO]	POSSIBLE TRANSITION t3c C3 31 L2 e3 ε f3
[INFO]	DIMENSION ALLOWED TRANSITION: 1
[INFO]	ALLOWED TRANSITION t2b C2 20   L1 e1 o2 ε
[INFO]	FOUND NEW BEHAVIORAL STATE: (RENAMED:|STATI:11,20,31|EVENTI:e1,ε,ε)
[INFO]	SNAPSHOT|	|DIMENSIONE GRAFO->19	|DIMENSIONE STATI FINALI->2	|DIMENSIONE CODA->8
[INFO]	ACTUAL BEHAVIORAL STATE: (RENAMED:|STATI:11,20,31|EVENTI:e1,ε,ε)
[INFO]	DIMENSION POSSIBLE TRANSITION:4
[INFO]	POSSIBLE TRANSITION t1b C1 10 L3 e2 ε ε
[INFO]	POSSIBLE TRANSITION t2a C2 21   L1 e1 L2 e3 o1 ε
[INFO]	POSSIBLE TRANSITION t3b C3 30 L2 e3 ε ε
[INFO]	POSSIBLE TRANSITION t3c C3 31 L2 e3 ε f3
[INFO]	DIMENSION ALLOWED TRANSITION: 1
[INFO]	ALLOWED TRANSITION t2a C2 21   L1 e1 L2 e3 o1 ε
[INFO]	FOUND NEW BEHAVIORAL STATE: (RENAMED:|STATI:11,21,31|EVENTI:e1,e3,ε)
[INFO]	SNAPSHOT|	|DIMENSIONE GRAFO->20	|DIMENSIONE STATI FINALI->2	|DIMENSIONE CODA->8
[INFO]	ACTUAL BEHAVIORAL STATE: (RENAMED:|STATI:11,21,31|EVENTI:e1,e3,ε)
[INFO]	DIMENSION POSSIBLE TRANSITION:4
[INFO]	POSSIBLE TRANSITION t1b C1 10 L3 e2 ε ε
[INFO]	POSSIBLE TRANSITION t2b C2 20   L1 e1 o2 ε
[INFO]	POSSIBLE TRANSITION t3b C3 30 L2 e3 ε ε
[INFO]	POSSIBLE TRANSITION t3c C3 31 L2 e3 ε f3
[INFO]	DIMENSION ALLOWED TRANSITION: 2
[INFO]	ALLOWED TRANSITION t3b C3 30 L2 e3 ε ε
[INFO]	ALLOWED TRANSITION t3c C3 31 L2 e3 ε f3
[INFO]	FOUND NEW BEHAVIORAL STATE: (RENAMED:|STATI:11,21,30|EVENTI:e1,ε,ε)
[INFO]	SNAPSHOT|	|DIMENSIONE GRAFO->21	|DIMENSIONE STATI FINALI->2	|DIMENSIONE CODA->8
[INFO]	FOUND NEW BEHAVIORAL STATE: (RENAMED:|STATI:11,21,31|EVENTI:e1,ε,ε)
[INFO]	SNAPSHOT|	|DIMENSIONE GRAFO->22	|DIMENSIONE STATI FINALI->2	|DIMENSIONE CODA->9
[INFO]	ACTUAL BEHAVIORAL STATE: (RENAMED:|STATI:11,21,31|EVENTI:e1,ε,ε)
[INFO]	DIMENSION POSSIBLE TRANSITION:4
[INFO]	POSSIBLE TRANSITION t1b C1 10 L3 e2 ε ε
[INFO]	POSSIBLE TRANSITION t2b C2 20   L1 e1 o2 ε
[INFO]	POSSIBLE TRANSITION t3b C3 30 L2 e3 ε ε
[INFO]	POSSIBLE TRANSITION t3c C3 31 L2 e3 ε f3
[INFO]	DIMENSION ALLOWED TRANSITION: 0
[INFO]	ACTUAL BEHAVIORAL STATE: (RENAMED:|STATI:11,21,30|EVENTI:e1,ε,ε)
[INFO]	DIMENSION POSSIBLE TRANSITION:3
[INFO]	POSSIBLE TRANSITION t1b C1 10 L3 e2 ε ε
[INFO]	POSSIBLE TRANSITION t2b C2 20   L1 e1 o2 ε
[INFO]	POSSIBLE TRANSITION t3a C3 31   L3 e2 ε ε
[INFO]	DIMENSION ALLOWED TRANSITION: 1
[INFO]	ALLOWED TRANSITION t3a C3 31   L3 e2 ε ε
[INFO]	SNAPSHOT|	|DIMENSIONE GRAFO->23	|DIMENSIONE STATI FINALI->2	|DIMENSIONE CODA->7
[INFO]	ACTUAL BEHAVIORAL STATE: (RENAMED:|STATI:11,21,30|EVENTI:e1,ε,e2)
[INFO]	DIMENSION POSSIBLE TRANSITION:3
[INFO]	POSSIBLE TRANSITION t1b C1 10 L3 e2 ε ε
[INFO]	POSSIBLE TRANSITION t2b C2 20   L1 e1 o2 ε
[INFO]	POSSIBLE TRANSITION t3a C3 31   L3 e2 ε ε
[INFO]	DIMENSION ALLOWED TRANSITION: 1
[INFO]	ALLOWED TRANSITION t1b C1 10 L3 e2 ε ε
[INFO]	FOUND NEW BEHAVIORAL STATE: (RENAMED:|STATI:10,21,30|EVENTI:e1,ε,ε)
[INFO]	SNAPSHOT|	|DIMENSIONE GRAFO->24	|DIMENSIONE STATI FINALI->2	|DIMENSIONE CODA->7
[INFO]	ACTUAL BEHAVIORAL STATE: (RENAMED:|STATI:10,21,30|EVENTI:e1,ε,ε)
[INFO]	DIMENSION POSSIBLE TRANSITION:4
[INFO]	POSSIBLE TRANSITION t1a C1 11 L1 e1 ε ε
[INFO]	POSSIBLE TRANSITION t1c C1 11   ε f1
[INFO]	POSSIBLE TRANSITION t2b C2 20   L1 e1 o2 ε
[INFO]	POSSIBLE TRANSITION t3a C3 31   L3 e2 ε ε
[INFO]	DIMENSION ALLOWED TRANSITION: 2
[INFO]	ALLOWED TRANSITION t1a C1 11 L1 e1 ε ε
[INFO]	ALLOWED TRANSITION t3a C3 31   L3 e2 ε ε
[INFO]	FOUND NEW BEHAVIORAL STATE: (RENAMED:|STATI:11,21,30|EVENTI:ε,ε,ε)
[INFO]	FOUND NEW FINAL STATE: (RENAMED:|STATI:11,21,30|EVENTI:ε,ε,ε)
[INFO]	SNAPSHOT|	|DIMENSIONE GRAFO->25	|DIMENSIONE STATI FINALI->3	|DIMENSIONE CODA->7
[INFO]	SNAPSHOT|	|DIMENSIONE GRAFO->26	|DIMENSIONE STATI FINALI->3	|DIMENSIONE CODA->7
[INFO]	ACTUAL BEHAVIORAL STATE: (RENAMED:|STATI:11,21,30|EVENTI:ε,ε,ε)
[INFO]	DIMENSION POSSIBLE TRANSITION:3
[INFO]	POSSIBLE TRANSITION t1b C1 10 L3 e2 ε ε
[INFO]	POSSIBLE TRANSITION t2b C2 20   L1 e1 o2 ε
[INFO]	POSSIBLE TRANSITION t3a C3 31   L3 e2 ε ε
[INFO]	DIMENSION ALLOWED TRANSITION: 2
[INFO]	ALLOWED TRANSITION t2b C2 20   L1 e1 o2 ε
[INFO]	ALLOWED TRANSITION t3a C3 31   L3 e2 ε ε
[INFO]	FOUND NEW BEHAVIORAL STATE: (RENAMED:|STATI:11,20,30|EVENTI:e1,ε,ε)
[INFO]	SNAPSHOT|	|DIMENSIONE GRAFO->27	|DIMENSIONE STATI FINALI->3	|DIMENSIONE CODA->7
[INFO]	SNAPSHOT|	|DIMENSIONE GRAFO->28	|DIMENSIONE STATI FINALI->3	|DIMENSIONE CODA->7
[INFO]	ACTUAL BEHAVIORAL STATE: (RENAMED:|STATI:11,20,30|EVENTI:e1,ε,ε)
[INFO]	DIMENSION POSSIBLE TRANSITION:3
[INFO]	POSSIBLE TRANSITION t1b C1 10 L3 e2 ε ε
[INFO]	POSSIBLE TRANSITION t2a C2 21   L1 e1 L2 e3 o1 ε
[INFO]	POSSIBLE TRANSITION t3a C3 31   L3 e2 ε ε
[INFO]	DIMENSION ALLOWED TRANSITION: 2
[INFO]	ALLOWED TRANSITION t2a C2 21   L1 e1 L2 e3 o1 ε
[INFO]	ALLOWED TRANSITION t3a C3 31   L3 e2 ε ε
[INFO]	FOUND NEW BEHAVIORAL STATE: (RENAMED:|STATI:11,21,30|EVENTI:e1,e3,ε)
[INFO]	SNAPSHOT|	|DIMENSIONE GRAFO->29	|DIMENSIONE STATI FINALI->3	|DIMENSIONE CODA->7
[INFO]	SNAPSHOT|	|DIMENSIONE GRAFO->30	|DIMENSIONE STATI FINALI->3	|DIMENSIONE CODA->7
[INFO]	ACTUAL BEHAVIORAL STATE: (RENAMED:|STATI:11,21,30|EVENTI:e1,e3,ε)
[INFO]	DIMENSION POSSIBLE TRANSITION:3
[INFO]	POSSIBLE TRANSITION t1b C1 10 L3 e2 ε ε
[INFO]	POSSIBLE TRANSITION t2b C2 20   L1 e1 o2 ε
[INFO]	POSSIBLE TRANSITION t3a C3 31   L3 e2 ε ε
[INFO]	DIMENSION ALLOWED TRANSITION: 1
[INFO]	ALLOWED TRANSITION t3a C3 31   L3 e2 ε ε
[INFO]	SNAPSHOT|	|DIMENSIONE GRAFO->31	|DIMENSIONE STATI FINALI->3	|DIMENSIONE CODA->6
[INFO]	ACTUAL BEHAVIORAL STATE: (RENAMED:|STATI:10,21,31|EVENTI:e1,e3,ε)
[INFO]	DIMENSION POSSIBLE TRANSITION:5
[INFO]	POSSIBLE TRANSITION t1a C1 11 L1 e1 ε ε
[INFO]	POSSIBLE TRANSITION t1c C1 11   ε f1
[INFO]	POSSIBLE TRANSITION t2b C2 20   L1 e1 o2 ε
[INFO]	POSSIBLE TRANSITION t3b C3 30 L2 e3 ε ε
[INFO]	POSSIBLE TRANSITION t3c C3 31 L2 e3 ε f3
[INFO]	DIMENSION ALLOWED TRANSITION: 3
[INFO]	ALLOWED TRANSITION t1a C1 11 L1 e1 ε ε
[INFO]	ALLOWED TRANSITION t3b C3 30 L2 e3 ε ε
[INFO]	ALLOWED TRANSITION t3c C3 31 L2 e3 ε f3
[INFO]	FOUND NEW BEHAVIORAL STATE: (RENAMED:|STATI:11,21,31|EVENTI:ε,e3,ε)
[INFO]	SNAPSHOT|	|DIMENSIONE GRAFO->32	|DIMENSIONE STATI FINALI->3	|DIMENSIONE CODA->6
[INFO]	SNAPSHOT|	|DIMENSIONE GRAFO->33	|DIMENSIONE STATI FINALI->3	|DIMENSIONE CODA->6
[INFO]	SNAPSHOT|	|DIMENSIONE GRAFO->34	|DIMENSIONE STATI FINALI->3	|DIMENSIONE CODA->6
[INFO]	ACTUAL BEHAVIORAL STATE: (RENAMED:|STATI:11,21,31|EVENTI:ε,e3,ε)
[INFO]	DIMENSION POSSIBLE TRANSITION:4
[INFO]	POSSIBLE TRANSITION t1b C1 10 L3 e2 ε ε
[INFO]	POSSIBLE TRANSITION t2b C2 20   L1 e1 o2 ε
[INFO]	POSSIBLE TRANSITION t3b C3 30 L2 e3 ε ε
[INFO]	POSSIBLE TRANSITION t3c C3 31 L2 e3 ε f3
[INFO]	DIMENSION ALLOWED TRANSITION: 3
[INFO]	ALLOWED TRANSITION t2b C2 20   L1 e1 o2 ε
[INFO]	ALLOWED TRANSITION t3b C3 30 L2 e3 ε ε
[INFO]	ALLOWED TRANSITION t3c C3 31 L2 e3 ε f3
[INFO]	FOUND NEW BEHAVIORAL STATE: (RENAMED:|STATI:11,20,31|EVENTI:e1,e3,ε)
[INFO]	SNAPSHOT|	|DIMENSIONE GRAFO->35	|DIMENSIONE STATI FINALI->3	|DIMENSIONE CODA->6
[INFO]	SNAPSHOT|	|DIMENSIONE GRAFO->36	|DIMENSIONE STATI FINALI->3	|DIMENSIONE CODA->6
[INFO]	SNAPSHOT|	|DIMENSIONE GRAFO->37	|DIMENSIONE STATI FINALI->3	|DIMENSIONE CODA->6
[INFO]	ACTUAL BEHAVIORAL STATE: (RENAMED:|STATI:11,20,31|EVENTI:e1,e3,ε)
[INFO]	DIMENSION POSSIBLE TRANSITION:4
[INFO]	POSSIBLE TRANSITION t1b C1 10 L3 e2 ε ε
[INFO]	POSSIBLE TRANSITION t2a C2 21   L1 e1 L2 e3 o1 ε
[INFO]	POSSIBLE TRANSITION t3b C3 30 L2 e3 ε ε
[INFO]	POSSIBLE TRANSITION t3c C3 31 L2 e3 ε f3
[INFO]	DIMENSION ALLOWED TRANSITION: 2
[INFO]	ALLOWED TRANSITION t3b C3 30 L2 e3 ε ε
[INFO]	ALLOWED TRANSITION t3c C3 31 L2 e3 ε f3
[INFO]	SNAPSHOT|	|DIMENSIONE GRAFO->38	|DIMENSIONE STATI FINALI->3	|DIMENSIONE CODA->5
[INFO]	SNAPSHOT|	|DIMENSIONE GRAFO->39	|DIMENSIONE STATI FINALI->3	|DIMENSIONE CODA->5
[INFO]	ACTUAL BEHAVIORAL STATE: (RENAMED:|STATI:10,20,31|EVENTI:e1,ε,ε)
[INFO]	DIMENSION POSSIBLE TRANSITION:5
[INFO]	POSSIBLE TRANSITION t1a C1 11 L1 e1 ε ε
[INFO]	POSSIBLE TRANSITION t1c C1 11   ε f1
[INFO]	POSSIBLE TRANSITION t2a C2 21   L1 e1 L2 e3 o1 ε
[INFO]	POSSIBLE TRANSITION t3b C3 30 L2 e3 ε ε
[INFO]	POSSIBLE TRANSITION t3c C3 31 L2 e3 ε f3
[INFO]	DIMENSION ALLOWED TRANSITION: 2
[INFO]	ALLOWED TRANSITION t1a C1 11 L1 e1 ε ε
[INFO]	ALLOWED TRANSITION t2a C2 21   L1 e1 L2 e3 o1 ε
[INFO]	FOUND NEW BEHAVIORAL STATE: (RENAMED:|STATI:11,20,31|EVENTI:ε,ε,ε)
[INFO]	FOUND NEW FINAL STATE: (RENAMED:|STATI:11,20,31|EVENTI:ε,ε,ε)
[INFO]	SNAPSHOT|	|DIMENSIONE GRAFO->40	|DIMENSIONE STATI FINALI->4	|DIMENSIONE CODA->5
[INFO]	SNAPSHOT|	|DIMENSIONE GRAFO->41	|DIMENSIONE STATI FINALI->4	|DIMENSIONE CODA->5
[INFO]	ACTUAL BEHAVIORAL STATE: (RENAMED:|STATI:11,20,31|EVENTI:ε,ε,ε)
[INFO]	DIMENSION POSSIBLE TRANSITION:4
[INFO]	POSSIBLE TRANSITION t1b C1 10 L3 e2 ε ε
[INFO]	POSSIBLE TRANSITION t2a C2 21   L1 e1 L2 e3 o1 ε
[INFO]	POSSIBLE TRANSITION t3b C3 30 L2 e3 ε ε
[INFO]	POSSIBLE TRANSITION t3c C3 31 L2 e3 ε f3
[INFO]	DIMENSION ALLOWED TRANSITION: 2
[INFO]	ALLOWED TRANSITION t2a C2 21   L1 e1 L2 e3 o1 ε
[INFO]	ALLOWED TRANSITION t2a C2 21   L1 e1 L2 e3 o1 ε
[INFO]	SNAPSHOT|	|DIMENSIONE GRAFO->42	|DIMENSIONE STATI FINALI->4	|DIMENSIONE CODA->4
[INFO]	SNAPSHOT|	|DIMENSIONE GRAFO->43	|DIMENSIONE STATI FINALI->4	|DIMENSIONE CODA->4
[INFO]	ACTUAL BEHAVIORAL STATE: (RENAMED:|STATI:10,21,31|EVENTI:ε,ε,ε)
[INFO]	DIMENSION POSSIBLE TRANSITION:5
[INFO]	POSSIBLE TRANSITION t1a C1 11 L1 e1 ε ε
[INFO]	POSSIBLE TRANSITION t1c C1 11   ε f1
[INFO]	POSSIBLE TRANSITION t2b C2 20   L1 e1 o2 ε
[INFO]	POSSIBLE TRANSITION t3b C3 30 L2 e3 ε ε
[INFO]	POSSIBLE TRANSITION t3c C3 31 L2 e3 ε f3
[INFO]	DIMENSION ALLOWED TRANSITION: 1
[INFO]	ALLOWED TRANSITION t2b C2 20   L1 e1 o2 ε
[INFO]	SNAPSHOT|	|DIMENSIONE GRAFO->44	|DIMENSIONE STATI FINALI->4	|DIMENSIONE CODA->3
[INFO]	ACTUAL BEHAVIORAL STATE: (RENAMED:|STATI:10,21,30|EVENTI:e1,ε,e2)
[INFO]	DIMENSION POSSIBLE TRANSITION:4
[INFO]	POSSIBLE TRANSITION t1a C1 11 L1 e1 ε ε
[INFO]	POSSIBLE TRANSITION t1c C1 11   ε f1
[INFO]	POSSIBLE TRANSITION t2b C2 20   L1 e1 o2 ε
[INFO]	POSSIBLE TRANSITION t3a C3 31   L3 e2 ε ε
[INFO]	DIMENSION ALLOWED TRANSITION: 1
[INFO]	ALLOWED TRANSITION t1a C1 11 L1 e1 ε ε
[INFO]	FOUND NEW BEHAVIORAL STATE: (RENAMED:|STATI:11,21,30|EVENTI:ε,ε,e2)
[INFO]	SNAPSHOT|	|DIMENSIONE GRAFO->45	|DIMENSIONE STATI FINALI->4	|DIMENSIONE CODA->3
[INFO]	ACTUAL BEHAVIORAL STATE: (RENAMED:|STATI:11,21,30|EVENTI:ε,ε,e2)
[INFO]	DIMENSION POSSIBLE TRANSITION:3
[INFO]	POSSIBLE TRANSITION t1b C1 10 L3 e2 ε ε
[INFO]	POSSIBLE TRANSITION t2b C2 20   L1 e1 o2 ε
[INFO]	POSSIBLE TRANSITION t3a C3 31   L3 e2 ε ε
[INFO]	DIMENSION ALLOWED TRANSITION: 2
[INFO]	ALLOWED TRANSITION t1b C1 10 L3 e2 ε ε
[INFO]	ALLOWED TRANSITION t2b C2 20   L1 e1 o2 ε
[INFO]	FOUND NEW BEHAVIORAL STATE: (RENAMED:|STATI:10,21,30|EVENTI:ε,ε,ε)
[INFO]	FOUND NEW FINAL STATE: (RENAMED:|STATI:10,21,30|EVENTI:ε,ε,ε)
[INFO]	SNAPSHOT|	|DIMENSIONE GRAFO->46	|DIMENSIONE STATI FINALI->5	|DIMENSIONE CODA->3
[INFO]	FOUND NEW BEHAVIORAL STATE: (RENAMED:|STATI:11,20,30|EVENTI:e1,ε,e2)
[INFO]	SNAPSHOT|	|DIMENSIONE GRAFO->47	|DIMENSIONE STATI FINALI->5	|DIMENSIONE CODA->4
[INFO]	ACTUAL BEHAVIORAL STATE: (RENAMED:|STATI:11,20,30|EVENTI:e1,ε,e2)
[INFO]	DIMENSION POSSIBLE TRANSITION:3
[INFO]	POSSIBLE TRANSITION t1b C1 10 L3 e2 ε ε
[INFO]	POSSIBLE TRANSITION t2a C2 21   L1 e1 L2 e3 o1 ε
[INFO]	POSSIBLE TRANSITION t3a C3 31   L3 e2 ε ε
[INFO]	DIMENSION ALLOWED TRANSITION: 2
[INFO]	ALLOWED TRANSITION t1b C1 10 L3 e2 ε ε
[INFO]	ALLOWED TRANSITION t2a C2 21   L1 e1 L2 e3 o1 ε
[INFO]	FOUND NEW BEHAVIORAL STATE: (RENAMED:|STATI:10,20,30|EVENTI:e1,ε,ε)
[INFO]	SNAPSHOT|	|DIMENSIONE GRAFO->48	|DIMENSIONE STATI FINALI->5	|DIMENSIONE CODA->4
[INFO]	FOUND NEW BEHAVIORAL STATE: (RENAMED:|STATI:11,21,30|EVENTI:e1,e3,e2)
[INFO]	SNAPSHOT|	|DIMENSIONE GRAFO->49	|DIMENSIONE STATI FINALI->5	|DIMENSIONE CODA->5
[INFO]	ACTUAL BEHAVIORAL STATE: (RENAMED:|STATI:11,21,30|EVENTI:e1,e3,e2)
[INFO]	DIMENSION POSSIBLE TRANSITION:3
[INFO]	POSSIBLE TRANSITION t1b C1 10 L3 e2 ε ε
[INFO]	POSSIBLE TRANSITION t2b C2 20   L1 e1 o2 ε
[INFO]	POSSIBLE TRANSITION t3a C3 31   L3 e2 ε ε
[INFO]	DIMENSION ALLOWED TRANSITION: 1
[INFO]	ALLOWED TRANSITION t1b C1 10 L3 e2 ε ε
[INFO]	SNAPSHOT|	|DIMENSIONE GRAFO->50	|DIMENSIONE STATI FINALI->5	|DIMENSIONE CODA->4
[INFO]	ACTUAL BEHAVIORAL STATE: (RENAMED:|STATI:10,20,30|EVENTI:e1,ε,ε)
[INFO]	DIMENSION POSSIBLE TRANSITION:4
[INFO]	POSSIBLE TRANSITION t1a C1 11 L1 e1 ε ε
[INFO]	POSSIBLE TRANSITION t1c C1 11   ε f1
[INFO]	POSSIBLE TRANSITION t2a C2 21   L1 e1 L2 e3 o1 ε
[INFO]	POSSIBLE TRANSITION t3a C3 31   L3 e2 ε ε
[INFO]	DIMENSION ALLOWED TRANSITION: 3
[INFO]	ALLOWED TRANSITION t1a C1 11 L1 e1 ε ε
[INFO]	ALLOWED TRANSITION t2a C2 21   L1 e1 L2 e3 o1 ε
[INFO]	ALLOWED TRANSITION t3a C3 31   L3 e2 ε ε
[INFO]	FOUND NEW BEHAVIORAL STATE: (RENAMED:|STATI:11,20,30|EVENTI:ε,ε,ε)
[INFO]	FOUND NEW FINAL STATE: (RENAMED:|STATI:11,20,30|EVENTI:ε,ε,ε)
[INFO]	SNAPSHOT|	|DIMENSIONE GRAFO->51	|DIMENSIONE STATI FINALI->6	|DIMENSIONE CODA->4
[INFO]	SNAPSHOT|	|DIMENSIONE GRAFO->52	|DIMENSIONE STATI FINALI->6	|DIMENSIONE CODA->4
[INFO]	FOUND NEW BEHAVIORAL STATE: (RENAMED:|STATI:10,20,31|EVENTI:e1,ε,e2)
[INFO]	SNAPSHOT|	|DIMENSIONE GRAFO->53	|DIMENSIONE STATI FINALI->6	|DIMENSIONE CODA->5
[INFO]	ACTUAL BEHAVIORAL STATE: (RENAMED:|STATI:10,20,31|EVENTI:e1,ε,e2)
[INFO]	DIMENSION POSSIBLE TRANSITION:5
[INFO]	POSSIBLE TRANSITION t1a C1 11 L1 e1 ε ε
[INFO]	POSSIBLE TRANSITION t1c C1 11   ε f1
[INFO]	POSSIBLE TRANSITION t2a C2 21   L1 e1 L2 e3 o1 ε
[INFO]	POSSIBLE TRANSITION t3b C3 30 L2 e3 ε ε
[INFO]	POSSIBLE TRANSITION t3c C3 31 L2 e3 ε f3
[INFO]	DIMENSION ALLOWED TRANSITION: 2
[INFO]	ALLOWED TRANSITION t1a C1 11 L1 e1 ε ε
[INFO]	ALLOWED TRANSITION t2a C2 21   L1 e1 L2 e3 o1 ε
[INFO]	FOUND NEW BEHAVIORAL STATE: (RENAMED:|STATI:11,20,31|EVENTI:ε,ε,e2)
[INFO]	SNAPSHOT|	|DIMENSIONE GRAFO->54	|DIMENSIONE STATI FINALI->6	|DIMENSIONE CODA->5
[INFO]	SNAPSHOT|	|DIMENSIONE GRAFO->55	|DIMENSIONE STATI FINALI->6	|DIMENSIONE CODA->5
[INFO]	ACTUAL BEHAVIORAL STATE: (RENAMED:|STATI:11,20,31|EVENTI:ε,ε,e2)
[INFO]	DIMENSION POSSIBLE TRANSITION:4
[INFO]	POSSIBLE TRANSITION t1b C1 10 L3 e2 ε ε
[INFO]	POSSIBLE TRANSITION t2a C2 21   L1 e1 L2 e3 o1 ε
[INFO]	POSSIBLE TRANSITION t3b C3 30 L2 e3 ε ε
[INFO]	POSSIBLE TRANSITION t3c C3 31 L2 e3 ε f3
[INFO]	DIMENSION ALLOWED TRANSITION: 3
[INFO]	ALLOWED TRANSITION t1b C1 10 L3 e2 ε ε
[INFO]	ALLOWED TRANSITION t2a C2 21   L1 e1 L2 e3 o1 ε
[INFO]	ALLOWED TRANSITION t2a C2 21   L1 e1 L2 e3 o1 ε
[INFO]	FOUND NEW BEHAVIORAL STATE: (RENAMED:|STATI:10,20,31|EVENTI:ε,ε,ε)
[INFO]	FOUND NEW FINAL STATE: (RENAMED:|STATI:10,20,31|EVENTI:ε,ε,ε)
[INFO]	SNAPSHOT|	|DIMENSIONE GRAFO->56	|DIMENSIONE STATI FINALI->7	|DIMENSIONE CODA->5
[INFO]	SNAPSHOT|	|DIMENSIONE GRAFO->57	|DIMENSIONE STATI FINALI->7	|DIMENSIONE CODA->5
[INFO]	SNAPSHOT|	|DIMENSIONE GRAFO->58	|DIMENSIONE STATI FINALI->7	|DIMENSIONE CODA->5
[INFO]	ACTUAL BEHAVIORAL STATE: (RENAMED:|STATI:10,20,31|EVENTI:ε,ε,ε)
[INFO]	DIMENSION POSSIBLE TRANSITION:5
[INFO]	POSSIBLE TRANSITION t1a C1 11 L1 e1 ε ε
[INFO]	POSSIBLE TRANSITION t1c C1 11   ε f1
[INFO]	POSSIBLE TRANSITION t2a C2 21   L1 e1 L2 e3 o1 ε
[INFO]	POSSIBLE TRANSITION t3b C3 30 L2 e3 ε ε
[INFO]	POSSIBLE TRANSITION t3c C3 31 L2 e3 ε f3
[INFO]	DIMENSION ALLOWED TRANSITION: 2
[INFO]	ALLOWED TRANSITION t2a C2 21   L1 e1 L2 e3 o1 ε
[INFO]	ALLOWED TRANSITION t2a C2 21   L1 e1 L2 e3 o1 ε
[INFO]	SNAPSHOT|	|DIMENSIONE GRAFO->59	|DIMENSIONE STATI FINALI->7	|DIMENSIONE CODA->4
[INFO]	SNAPSHOT|	|DIMENSIONE GRAFO->60	|DIMENSIONE STATI FINALI->7	|DIMENSIONE CODA->4
[INFO]	ACTUAL BEHAVIORAL STATE: (RENAMED:|STATI:11,20,30|EVENTI:ε,ε,ε)
[INFO]	DIMENSION POSSIBLE TRANSITION:3
[INFO]	POSSIBLE TRANSITION t1b C1 10 L3 e2 ε ε
[INFO]	POSSIBLE TRANSITION t2a C2 21   L1 e1 L2 e3 o1 ε
[INFO]	POSSIBLE TRANSITION t3a C3 31   L3 e2 ε ε
[INFO]	DIMENSION ALLOWED TRANSITION: 3
[INFO]	ALLOWED TRANSITION t2a C2 21   L1 e1 L2 e3 o1 ε
[INFO]	ALLOWED TRANSITION t2a C2 21   L1 e1 L2 e3 o1 ε
[INFO]	ALLOWED TRANSITION t3a C3 31   L3 e2 ε ε
[INFO]	SNAPSHOT|	|DIMENSIONE GRAFO->61	|DIMENSIONE STATI FINALI->7	|DIMENSIONE CODA->3
[INFO]	SNAPSHOT|	|DIMENSIONE GRAFO->62	|DIMENSIONE STATI FINALI->7	|DIMENSIONE CODA->3
[INFO]	SNAPSHOT|	|DIMENSIONE GRAFO->63	|DIMENSIONE STATI FINALI->7	|DIMENSIONE CODA->3
[INFO]	ACTUAL BEHAVIORAL STATE: (RENAMED:|STATI:10,21,30|EVENTI:ε,ε,ε)
[INFO]	DIMENSION POSSIBLE TRANSITION:4
[INFO]	POSSIBLE TRANSITION t1a C1 11 L1 e1 ε ε
[INFO]	POSSIBLE TRANSITION t1c C1 11   ε f1
[INFO]	POSSIBLE TRANSITION t2b C2 20   L1 e1 o2 ε
[INFO]	POSSIBLE TRANSITION t3a C3 31   L3 e2 ε ε
[INFO]	DIMENSION ALLOWED TRANSITION: 2
[INFO]	ALLOWED TRANSITION t2b C2 20   L1 e1 o2 ε
[INFO]	ALLOWED TRANSITION t3a C3 31   L3 e2 ε ε
[INFO]	SNAPSHOT|	|DIMENSIONE GRAFO->64	|DIMENSIONE STATI FINALI->7	|DIMENSIONE CODA->2
[INFO]	FOUND NEW BEHAVIORAL STATE: (RENAMED:|STATI:10,21,31|EVENTI:ε,ε,e2)
[INFO]	SNAPSHOT|	|DIMENSIONE GRAFO->65	|DIMENSIONE STATI FINALI->7	|DIMENSIONE CODA->3
[INFO]	ACTUAL BEHAVIORAL STATE: (RENAMED:|STATI:10,21,31|EVENTI:ε,ε,e2)
[INFO]	DIMENSION POSSIBLE TRANSITION:5
[INFO]	POSSIBLE TRANSITION t1a C1 11 L1 e1 ε ε
[INFO]	POSSIBLE TRANSITION t1c C1 11   ε f1
[INFO]	POSSIBLE TRANSITION t2b C2 20   L1 e1 o2 ε
[INFO]	POSSIBLE TRANSITION t3b C3 30 L2 e3 ε ε
[INFO]	POSSIBLE TRANSITION t3c C3 31 L2 e3 ε f3
[INFO]	DIMENSION ALLOWED TRANSITION: 1
[INFO]	ALLOWED TRANSITION t2b C2 20   L1 e1 o2 ε
[INFO]	SNAPSHOT|	|DIMENSIONE GRAFO->66	|DIMENSIONE STATI FINALI->7	|DIMENSIONE CODA->2
[INFO]	ACTUAL BEHAVIORAL STATE: (RENAMED:|STATI:11,21,31|EVENTI:ε,e3,e2)
[INFO]	DIMENSION POSSIBLE TRANSITION:4
[INFO]	POSSIBLE TRANSITION t1b C1 10 L3 e2 ε ε
[INFO]	POSSIBLE TRANSITION t2b C2 20   L1 e1 o2 ε
[INFO]	POSSIBLE TRANSITION t3b C3 30 L2 e3 ε ε
[INFO]	POSSIBLE TRANSITION t3c C3 31 L2 e3 ε f3
[INFO]	DIMENSION ALLOWED TRANSITION: 4
[INFO]	ALLOWED TRANSITION t1b C1 10 L3 e2 ε ε
[INFO]	ALLOWED TRANSITION t2b C2 20   L1 e1 o2 ε
[INFO]	ALLOWED TRANSITION t3b C3 30 L2 e3 ε ε
[INFO]	ALLOWED TRANSITION t3c C3 31 L2 e3 ε f3
[INFO]	FOUND NEW BEHAVIORAL STATE: (RENAMED:|STATI:10,21,31|EVENTI:ε,e3,ε)
[INFO]	SNAPSHOT|	|DIMENSIONE GRAFO->67	|DIMENSIONE STATI FINALI->7	|DIMENSIONE CODA->2
[INFO]	FOUND NEW BEHAVIORAL STATE: (RENAMED:|STATI:11,20,31|EVENTI:e1,e3,e2)
[INFO]	SNAPSHOT|	|DIMENSIONE GRAFO->68	|DIMENSIONE STATI FINALI->7	|DIMENSIONE CODA->3
[INFO]	SNAPSHOT|	|DIMENSIONE GRAFO->69	|DIMENSIONE STATI FINALI->7	|DIMENSIONE CODA->3
[INFO]	SNAPSHOT|	|DIMENSIONE GRAFO->70	|DIMENSIONE STATI FINALI->7	|DIMENSIONE CODA->3
[INFO]	ACTUAL BEHAVIORAL STATE: (RENAMED:|STATI:11,20,31|EVENTI:e1,e3,e2)
[INFO]	DIMENSION POSSIBLE TRANSITION:4
[INFO]	POSSIBLE TRANSITION t1b C1 10 L3 e2 ε ε
[INFO]	POSSIBLE TRANSITION t2a C2 21   L1 e1 L2 e3 o1 ε
[INFO]	POSSIBLE TRANSITION t3b C3 30 L2 e3 ε ε
[INFO]	POSSIBLE TRANSITION t3c C3 31 L2 e3 ε f3
[INFO]	DIMENSION ALLOWED TRANSITION: 3
[INFO]	ALLOWED TRANSITION t1b C1 10 L3 e2 ε ε
[INFO]	ALLOWED TRANSITION t3b C3 30 L2 e3 ε ε
[INFO]	ALLOWED TRANSITION t3c C3 31 L2 e3 ε f3
[INFO]	FOUND NEW BEHAVIORAL STATE: (RENAMED:|STATI:10,20,31|EVENTI:e1,e3,ε)
[INFO]	SNAPSHOT|	|DIMENSIONE GRAFO->71	|DIMENSIONE STATI FINALI->7	|DIMENSIONE CODA->3
[INFO]	SNAPSHOT|	|DIMENSIONE GRAFO->72	|DIMENSIONE STATI FINALI->7	|DIMENSIONE CODA->3
[INFO]	SNAPSHOT|	|DIMENSIONE GRAFO->73	|DIMENSIONE STATI FINALI->7	|DIMENSIONE CODA->3
[INFO]	ACTUAL BEHAVIORAL STATE: (RENAMED:|STATI:10,20,31|EVENTI:e1,e3,ε)
[INFO]	DIMENSION POSSIBLE TRANSITION:5
[INFO]	POSSIBLE TRANSITION t1a C1 11 L1 e1 ε ε
[INFO]	POSSIBLE TRANSITION t1c C1 11   ε f1
[INFO]	POSSIBLE TRANSITION t2a C2 21   L1 e1 L2 e3 o1 ε
[INFO]	POSSIBLE TRANSITION t3b C3 30 L2 e3 ε ε
[INFO]	POSSIBLE TRANSITION t3c C3 31 L2 e3 ε f3
[INFO]	DIMENSION ALLOWED TRANSITION: 3
[INFO]	ALLOWED TRANSITION t1a C1 11 L1 e1 ε ε
[INFO]	ALLOWED TRANSITION t3b C3 30 L2 e3 ε ε
[INFO]	ALLOWED TRANSITION t3c C3 31 L2 e3 ε f3
[INFO]	FOUND NEW BEHAVIORAL STATE: (RENAMED:|STATI:11,20,31|EVENTI:ε,e3,ε)
[INFO]	SNAPSHOT|	|DIMENSIONE GRAFO->74	|DIMENSIONE STATI FINALI->7	|DIMENSIONE CODA->3
[INFO]	SNAPSHOT|	|DIMENSIONE GRAFO->75	|DIMENSIONE STATI FINALI->7	|DIMENSIONE CODA->3
[INFO]	SNAPSHOT|	|DIMENSIONE GRAFO->76	|DIMENSIONE STATI FINALI->7	|DIMENSIONE CODA->3
[INFO]	ACTUAL BEHAVIORAL STATE: (RENAMED:|STATI:11,20,31|EVENTI:ε,e3,ε)
[INFO]	DIMENSION POSSIBLE TRANSITION:4
[INFO]	POSSIBLE TRANSITION t1b C1 10 L3 e2 ε ε
[INFO]	POSSIBLE TRANSITION t2a C2 21   L1 e1 L2 e3 o1 ε
[INFO]	POSSIBLE TRANSITION t3b C3 30 L2 e3 ε ε
[INFO]	POSSIBLE TRANSITION t3c C3 31 L2 e3 ε f3
[INFO]	DIMENSION ALLOWED TRANSITION: 3
[INFO]	ALLOWED TRANSITION t2a C2 21   L1 e1 L2 e3 o1 ε
[INFO]	ALLOWED TRANSITION t3b C3 30 L2 e3 ε ε
[INFO]	ALLOWED TRANSITION t3c C3 31 L2 e3 ε f3
[INFO]	SNAPSHOT|	|DIMENSIONE GRAFO->77	|DIMENSIONE STATI FINALI->7	|DIMENSIONE CODA->2
[INFO]	SNAPSHOT|	|DIMENSIONE GRAFO->78	|DIMENSIONE STATI FINALI->7	|DIMENSIONE CODA->2
[INFO]	SNAPSHOT|	|DIMENSIONE GRAFO->79	|DIMENSIONE STATI FINALI->7	|DIMENSIONE CODA->2
[INFO]	ACTUAL BEHAVIORAL STATE: (RENAMED:|STATI:10,21,31|EVENTI:ε,e3,ε)
[INFO]	DIMENSION POSSIBLE TRANSITION:5
[INFO]	POSSIBLE TRANSITION t1a C1 11 L1 e1 ε ε
[INFO]	POSSIBLE TRANSITION t1c C1 11   ε f1
[INFO]	POSSIBLE TRANSITION t2b C2 20   L1 e1 o2 ε
[INFO]	POSSIBLE TRANSITION t3b C3 30 L2 e3 ε ε
[INFO]	POSSIBLE TRANSITION t3c C3 31 L2 e3 ε f3
[INFO]	DIMENSION ALLOWED TRANSITION: 3
[INFO]	ALLOWED TRANSITION t2b C2 20   L1 e1 o2 ε
[INFO]	ALLOWED TRANSITION t3b C3 30 L2 e3 ε ε
[INFO]	ALLOWED TRANSITION t3c C3 31 L2 e3 ε f3
[INFO]	SNAPSHOT|	|DIMENSIONE GRAFO->80	|DIMENSIONE STATI FINALI->7	|DIMENSIONE CODA->1
[INFO]	SNAPSHOT|	|DIMENSIONE GRAFO->81	|DIMENSIONE STATI FINALI->7	|DIMENSIONE CODA->1
[INFO]	SNAPSHOT|	|DIMENSIONE GRAFO->82	|DIMENSIONE STATI FINALI->7	|DIMENSIONE CODA->1
[INFO]	ACTUAL BEHAVIORAL STATE: (RENAMED:|STATI:10,21,30|EVENTI:e1,e3,ε)
[INFO]	DIMENSION POSSIBLE TRANSITION:4
[INFO]	POSSIBLE TRANSITION t1a C1 11 L1 e1 ε ε
[INFO]	POSSIBLE TRANSITION t1c C1 11   ε f1
[INFO]	POSSIBLE TRANSITION t2b C2 20   L1 e1 o2 ε
[INFO]	POSSIBLE TRANSITION t3a C3 31   L3 e2 ε ε
[INFO]	DIMENSION ALLOWED TRANSITION: 2
[INFO]	ALLOWED TRANSITION t1a C1 11 L1 e1 ε ε
[INFO]	ALLOWED TRANSITION t3a C3 31   L3 e2 ε ε
[INFO]	FOUND NEW BEHAVIORAL STATE: (RENAMED:|STATI:11,21,30|EVENTI:ε,e3,ε)
[INFO]	SNAPSHOT|	|DIMENSIONE GRAFO->83	|DIMENSIONE STATI FINALI->7	|DIMENSIONE CODA->1
[INFO]	SNAPSHOT|	|DIMENSIONE GRAFO->84	|DIMENSIONE STATI FINALI->7	|DIMENSIONE CODA->1
[INFO]	ACTUAL BEHAVIORAL STATE: (RENAMED:|STATI:11,21,30|EVENTI:ε,e3,ε)
[INFO]	DIMENSION POSSIBLE TRANSITION:3
[INFO]	POSSIBLE TRANSITION t1b C1 10 L3 e2 ε ε
[INFO]	POSSIBLE TRANSITION t2b C2 20   L1 e1 o2 ε
[INFO]	POSSIBLE TRANSITION t3a C3 31   L3 e2 ε ε
[INFO]	DIMENSION ALLOWED TRANSITION: 2
[INFO]	ALLOWED TRANSITION t2b C2 20   L1 e1 o2 ε
[INFO]	ALLOWED TRANSITION t3a C3 31   L3 e2 ε ε
[INFO]	FOUND NEW BEHAVIORAL STATE: (RENAMED:|STATI:11,20,30|EVENTI:e1,e3,ε)
[INFO]	SNAPSHOT|	|DIMENSIONE GRAFO->85	|DIMENSIONE STATI FINALI->7	|DIMENSIONE CODA->1
[INFO]	SNAPSHOT|	|DIMENSIONE GRAFO->86	|DIMENSIONE STATI FINALI->7	|DIMENSIONE CODA->1
[INFO]	ACTUAL BEHAVIORAL STATE: (RENAMED:|STATI:11,20,30|EVENTI:e1,e3,ε)
[INFO]	DIMENSION POSSIBLE TRANSITION:3
[INFO]	POSSIBLE TRANSITION t1b C1 10 L3 e2 ε ε
[INFO]	POSSIBLE TRANSITION t2a C2 21   L1 e1 L2 e3 o1 ε
[INFO]	POSSIBLE TRANSITION t3a C3 31   L3 e2 ε ε
[INFO]	DIMENSION ALLOWED TRANSITION: 1
[INFO]	ALLOWED TRANSITION t3a C3 31   L3 e2 ε ε
[INFO]	SNAPSHOT|	|DIMENSIONE GRAFO->87	|DIMENSIONE STATI FINALI->7	|DIMENSIONE CODA->0
[INFO]	FINAL STATES:
(RENAMED:|STATI:10,21,31|EVENTI:ε,ε,ε)
(RENAMED:|STATI:11,21,31|EVENTI:ε,ε,ε)
(RENAMED:|STATI:11,21,30|EVENTI:ε,ε,ε)
(RENAMED:|STATI:11,20,31|EVENTI:ε,ε,ε)
(RENAMED:|STATI:10,21,30|EVENTI:ε,ε,ε)
(RENAMED:|STATI:11,20,30|EVENTI:ε,ε,ε)
(RENAMED:|STATI:10,20,31|EVENTI:ε,ε,ε)
[INFO]	COMPLETE GRAPH	PARENT_NODE:(RENAMED:|OBS INDEX []|STATI:10,20,30|EVENTI:ε,ε,ε)	TRANSITION: t2a	LABEL_OBS: o1	LABEL_REL: ε	CHILD_NODE: (RENAMED:|OBS INDEX []|STATI:10,21,30|EVENTI:e1,e3,ε)
PARENT_NODE:(RENAMED:|OBS INDEX []|STATI:10,20,30|EVENTI:ε,ε,ε)	TRANSITION: t2a	LABEL_OBS: o1	LABEL_REL: ε	CHILD_NODE: (RENAMED:|OBS INDEX []|STATI:10,21,30|EVENTI:e1,e3,ε)
PARENT_NODE:(RENAMED:|OBS INDEX []|STATI:10,20,30|EVENTI:ε,ε,ε)	TRANSITION: t3a	LABEL_OBS: ε	LABEL_REL: ε	CHILD_NODE: (RENAMED:|OBS INDEX []|STATI:10,20,31|EVENTI:ε,ε,e2)
PARENT_NODE:(RENAMED:|OBS INDEX []|STATI:10,20,31|EVENTI:ε,ε,e2)	TRANSITION: t2a	LABEL_OBS: o1	LABEL_REL: ε	CHILD_NODE: (RENAMED:|OBS INDEX []|STATI:10,21,31|EVENTI:e1,e3,e2)
PARENT_NODE:(RENAMED:|OBS INDEX []|STATI:10,20,31|EVENTI:ε,ε,e2)	TRANSITION: t2a	LABEL_OBS: o1	LABEL_REL: ε	CHILD_NODE: (RENAMED:|OBS INDEX []|STATI:10,21,31|EVENTI:e1,e3,e2)
PARENT_NODE:(RENAMED:|OBS INDEX []|STATI:10,21,31|EVENTI:e1,e3,e2)	TRANSITION: t1a	LABEL_OBS: ε	LABEL_REL: ε	CHILD_NODE: (RENAMED:|OBS INDEX []|STATI:11,21,31|EVENTI:ε,e3,e2)
PARENT_NODE:(RENAMED:|OBS INDEX []|STATI:10,21,31|EVENTI:e1,e3,e2)	TRANSITION: t3b	LABEL_OBS: ε	LABEL_REL: ε	CHILD_NODE: (RENAMED:|OBS INDEX []|STATI:10,21,30|EVENTI:e1,ε,e2)
PARENT_NODE:(RENAMED:|OBS INDEX []|STATI:10,21,31|EVENTI:e1,e3,e2)	TRANSITION: t3c	LABEL_OBS: ε	LABEL_REL: f3	CHILD_NODE: (RENAMED:|OBS INDEX []|STATI:10,21,31|EVENTI:e1,ε,e2)
PARENT_NODE:(RENAMED:|OBS INDEX []|STATI:10,21,31|EVENTI:e1,ε,e2)	TRANSITION: t1a	LABEL_OBS: ε	LABEL_REL: ε	CHILD_NODE: (RENAMED:|OBS INDEX []|STATI:11,21,31|EVENTI:ε,ε,e2)
PARENT_NODE:(RENAMED:|OBS INDEX []|STATI:11,21,31|EVENTI:ε,ε,e2)	TRANSITION: t1b	LABEL_OBS: ε	LABEL_REL: ε	CHILD_NODE: (RENAMED:|OBS INDEX []|STATI:10,21,31|EVENTI:ε,ε,ε)
PARENT_NODE:(RENAMED:|OBS INDEX []|STATI:11,21,31|EVENTI:ε,ε,e2)	TRANSITION: t2b	LABEL_OBS: o2	LABEL_REL: ε	CHILD_NODE: (RENAMED:|OBS INDEX []|STATI:11,20,31|EVENTI:e1,ε,e2)
PARENT_NODE:(RENAMED:|OBS INDEX []|STATI:11,20,31|EVENTI:e1,ε,e2)	TRANSITION: t1b	LABEL_OBS: ε	LABEL_REL: ε	CHILD_NODE: (RENAMED:|OBS INDEX []|STATI:10,20,31|EVENTI:e1,ε,ε)
PARENT_NODE:(RENAMED:|OBS INDEX []|STATI:11,20,31|EVENTI:e1,ε,e2)	TRANSITION: t2a	LABEL_OBS: o1	LABEL_REL: ε	CHILD_NODE: (RENAMED:|OBS INDEX []|STATI:11,21,31|EVENTI:e1,e3,e2)
PARENT_NODE:(RENAMED:|OBS INDEX []|STATI:11,21,31|EVENTI:e1,e3,e2)	TRANSITION: t1b	LABEL_OBS: ε	LABEL_REL: ε	CHILD_NODE: (RENAMED:|OBS INDEX []|STATI:10,21,31|EVENTI:e1,e3,ε)
PARENT_NODE:(RENAMED:|OBS INDEX []|STATI:11,21,31|EVENTI:e1,e3,e2)	TRANSITION: t3b	LABEL_OBS: ε	LABEL_REL: ε	CHILD_NODE: (RENAMED:|OBS INDEX []|STATI:11,21,30|EVENTI:e1,ε,e2)
PARENT_NODE:(RENAMED:|OBS INDEX []|STATI:11,21,31|EVENTI:e1,e3,e2)	TRANSITION: t3c	LABEL_OBS: ε	LABEL_REL: f3	CHILD_NODE: (RENAMED:|OBS INDEX []|STATI:11,21,31|EVENTI:e1,ε,e2)
PARENT_NODE:(RENAMED:|OBS INDEX []|STATI:11,21,31|EVENTI:e1,ε,e2)	TRANSITION: t1b	LABEL_OBS: ε	LABEL_REL: ε	CHILD_NODE: (RENAMED:|OBS INDEX []|STATI:10,21,31|EVENTI:e1,ε,ε)
PARENT_NODE:(RENAMED:|OBS INDEX []|STATI:10,21,31|EVENTI:e1,ε,ε)	TRANSITION: t1a	LABEL_OBS: ε	LABEL_REL: ε	CHILD_NODE: (RENAMED:|OBS INDEX []|STATI:11,21,31|EVENTI:ε,ε,ε)
PARENT_NODE:(RENAMED:|OBS INDEX []|STATI:11,21,31|EVENTI:ε,ε,ε)	TRANSITION: t2b	LABEL_OBS: o2	LABEL_REL: ε	CHILD_NODE: (RENAMED:|OBS INDEX []|STATI:11,20,31|EVENTI:e1,ε,ε)
PARENT_NODE:(RENAMED:|OBS INDEX []|STATI:11,20,31|EVENTI:e1,ε,ε)	TRANSITION: t2a	LABEL_OBS: o1	LABEL_REL: ε	CHILD_NODE: (RENAMED:|OBS INDEX []|STATI:11,21,31|EVENTI:e1,e3,ε)
PARENT_NODE:(RENAMED:|OBS INDEX []|STATI:11,21,31|EVENTI:e1,e3,ε)	TRANSITION: t3b	LABEL_OBS: ε	LABEL_REL: ε	CHILD_NODE: (RENAMED:|OBS INDEX []|STATI:11,21,30|EVENTI:e1,ε,ε)
PARENT_NODE:(RENAMED:|OBS INDEX []|STATI:11,21,31|EVENTI:e1,e3,ε)	TRANSITION: t3c	LABEL_OBS: ε	LABEL_REL: f3	CHILD_NODE: (RENAMED:|OBS INDEX []|STATI:11,21,31|EVENTI:e1,ε,ε)
PARENT_NODE:(RENAMED:|OBS INDEX []|STATI:11,21,30|EVENTI:e1,ε,ε)	TRANSITION: t3a	LABEL_OBS: ε	LABEL_REL: ε	CHILD_NODE: (RENAMED:|OBS INDEX []|STATI:11,21,31|EVENTI:e1,ε,e2)
PARENT_NODE:(RENAMED:|OBS INDEX []|STATI:11,21,30|EVENTI:e1,ε,e2)	TRANSITION: t1b	LABEL_OBS: ε	LABEL_REL: ε	CHILD_NODE: (RENAMED:|OBS INDEX []|STATI:10,21,30|EVENTI:e1,ε,ε)
PARENT_NODE:(RENAMED:|OBS INDEX []|STATI:10,21,30|EVENTI:e1,ε,ε)	TRANSITION: t1a	LABEL_OBS: ε	LABEL_REL: ε	CHILD_NODE: (RENAMED:|OBS INDEX []|STATI:11,21,30|EVENTI:ε,ε,ε)
PARENT_NODE:(RENAMED:|OBS INDEX []|STATI:10,21,30|EVENTI:e1,ε,ε)	TRANSITION: t3a	LABEL_OBS: ε	LABEL_REL: ε	CHILD_NODE: (RENAMED:|OBS INDEX []|STATI:10,21,31|EVENTI:e1,ε,e2)
PARENT_NODE:(RENAMED:|OBS INDEX []|STATI:11,21,30|EVENTI:ε,ε,ε)	TRANSITION: t2b	LABEL_OBS: o2	LABEL_REL: ε	CHILD_NODE: (RENAMED:|OBS INDEX []|STATI:11,20,30|EVENTI:e1,ε,ε)
PARENT_NODE:(RENAMED:|OBS INDEX []|STATI:11,21,30|EVENTI:ε,ε,ε)	TRANSITION: t3a	LABEL_OBS: ε	LABEL_REL: ε	CHILD_NODE: (RENAMED:|OBS INDEX []|STATI:11,21,31|EVENTI:ε,ε,e2)
PARENT_NODE:(RENAMED:|OBS INDEX []|STATI:11,20,30|EVENTI:e1,ε,ε)	TRANSITION: t2a	LABEL_OBS: o1	LABEL_REL: ε	CHILD_NODE: (RENAMED:|OBS INDEX []|STATI:11,21,30|EVENTI:e1,e3,ε)
PARENT_NODE:(RENAMED:|OBS INDEX []|STATI:11,20,30|EVENTI:e1,ε,ε)	TRANSITION: t3a	LABEL_OBS: ε	LABEL_REL: ε	CHILD_NODE: (RENAMED:|OBS INDEX []|STATI:11,20,31|EVENTI:e1,ε,e2)
PARENT_NODE:(RENAMED:|OBS INDEX []|STATI:11,21,30|EVENTI:e1,e3,ε)	TRANSITION: t3a	LABEL_OBS: ε	LABEL_REL: ε	CHILD_NODE: (RENAMED:|OBS INDEX []|STATI:11,21,31|EVENTI:e1,e3,e2)
PARENT_NODE:(RENAMED:|OBS INDEX []|STATI:10,21,31|EVENTI:e1,e3,ε)	TRANSITION: t1a	LABEL_OBS: ε	LABEL_REL: ε	CHILD_NODE: (RENAMED:|OBS INDEX []|STATI:11,21,31|EVENTI:ε,e3,ε)
PARENT_NODE:(RENAMED:|OBS INDEX []|STATI:10,21,31|EVENTI:e1,e3,ε)	TRANSITION: t3b	LABEL_OBS: ε	LABEL_REL: ε	CHILD_NODE: (RENAMED:|OBS INDEX []|STATI:10,21,30|EVENTI:e1,ε,ε)
PARENT_NODE:(RENAMED:|OBS INDEX []|STATI:10,21,31|EVENTI:e1,e3,ε)	TRANSITION: t3c	LABEL_OBS: ε	LABEL_REL: f3	CHILD_NODE: (RENAMED:|OBS INDEX []|STATI:10,21,31|EVENTI:e1,ε,ε)
PARENT_NODE:(RENAMED:|OBS INDEX []|STATI:11,21,31|EVENTI:ε,e3,ε)	TRANSITION: t2b	LABEL_OBS: o2	LABEL_REL: ε	CHILD_NODE: (RENAMED:|OBS INDEX []|STATI:11,20,31|EVENTI:e1,e3,ε)
PARENT_NODE:(RENAMED:|OBS INDEX []|STATI:11,21,31|EVENTI:ε,e3,ε)	TRANSITION: t3b	LABEL_OBS: ε	LABEL_REL: ε	CHILD_NODE: (RENAMED:|OBS INDEX []|STATI:11,21,30|EVENTI:ε,ε,ε)
PARENT_NODE:(RENAMED:|OBS INDEX []|STATI:11,21,31|EVENTI:ε,e3,ε)	TRANSITION: t3c	LABEL_OBS: ε	LABEL_REL: f3	CHILD_NODE: (RENAMED:|OBS INDEX []|STATI:11,21,31|EVENTI:ε,ε,ε)
PARENT_NODE:(RENAMED:|OBS INDEX []|STATI:11,20,31|EVENTI:e1,e3,ε)	TRANSITION: t3b	LABEL_OBS: ε	LABEL_REL: ε	CHILD_NODE: (RENAMED:|OBS INDEX []|STATI:11,20,30|EVENTI:e1,ε,ε)
PARENT_NODE:(RENAMED:|OBS INDEX []|STATI:11,20,31|EVENTI:e1,e3,ε)	TRANSITION: t3c	LABEL_OBS: ε	LABEL_REL: f3	CHILD_NODE: (RENAMED:|OBS INDEX []|STATI:11,20,31|EVENTI:e1,ε,ε)
PARENT_NODE:(RENAMED:|OBS INDEX []|STATI:10,20,31|EVENTI:e1,ε,ε)	TRANSITION: t1a	LABEL_OBS: ε	LABEL_REL: ε	CHILD_NODE: (RENAMED:|OBS INDEX []|STATI:11,20,31|EVENTI:ε,ε,ε)
PARENT_NODE:(RENAMED:|OBS INDEX []|STATI:10,20,31|EVENTI:e1,ε,ε)	TRANSITION: t2a	LABEL_OBS: o1	LABEL_REL: ε	CHILD_NODE: (RENAMED:|OBS INDEX []|STATI:10,21,31|EVENTI:e1,e3,ε)
PARENT_NODE:(RENAMED:|OBS INDEX []|STATI:11,20,31|EVENTI:ε,ε,ε)	TRANSITION: t2a	LABEL_OBS: o1	LABEL_REL: ε	CHILD_NODE: (RENAMED:|OBS INDEX []|STATI:11,21,31|EVENTI:e1,e3,ε)
PARENT_NODE:(RENAMED:|OBS INDEX []|STATI:11,20,31|EVENTI:ε,ε,ε)	TRANSITION: t2a	LABEL_OBS: o1	LABEL_REL: ε	CHILD_NODE: (RENAMED:|OBS INDEX []|STATI:11,21,31|EVENTI:e1,e3,ε)
PARENT_NODE:(RENAMED:|OBS INDEX []|STATI:10,21,31|EVENTI:ε,ε,ε)	TRANSITION: t2b	LABEL_OBS: o2	LABEL_REL: ε	CHILD_NODE: (RENAMED:|OBS INDEX []|STATI:10,20,31|EVENTI:e1,ε,ε)
PARENT_NODE:(RENAMED:|OBS INDEX []|STATI:10,21,30|EVENTI:e1,ε,e2)	TRANSITION: t1a	LABEL_OBS: ε	LABEL_REL: ε	CHILD_NODE: (RENAMED:|OBS INDEX []|STATI:11,21,30|EVENTI:ε,ε,e2)
PARENT_NODE:(RENAMED:|OBS INDEX []|STATI:11,21,30|EVENTI:ε,ε,e2)	TRANSITION: t1b	LABEL_OBS: ε	LABEL_REL: ε	CHILD_NODE: (RENAMED:|OBS INDEX []|STATI:10,21,30|EVENTI:ε,ε,ε)
PARENT_NODE:(RENAMED:|OBS INDEX []|STATI:11,21,30|EVENTI:ε,ε,e2)	TRANSITION: t2b	LABEL_OBS: o2	LABEL_REL: ε	CHILD_NODE: (RENAMED:|OBS INDEX []|STATI:11,20,30|EVENTI:e1,ε,e2)
PARENT_NODE:(RENAMED:|OBS INDEX []|STATI:11,20,30|EVENTI:e1,ε,e2)	TRANSITION: t1b	LABEL_OBS: ε	LABEL_REL: ε	CHILD_NODE: (RENAMED:|OBS INDEX []|STATI:10,20,30|EVENTI:e1,ε,ε)
PARENT_NODE:(RENAMED:|OBS INDEX []|STATI:11,20,30|EVENTI:e1,ε,e2)	TRANSITION: t2a	LABEL_OBS: o1	LABEL_REL: ε	CHILD_NODE: (RENAMED:|OBS INDEX []|STATI:11,21,30|EVENTI:e1,e3,e2)
PARENT_NODE:(RENAMED:|OBS INDEX []|STATI:11,21,30|EVENTI:e1,e3,e2)	TRANSITION: t1b	LABEL_OBS: ε	LABEL_REL: ε	CHILD_NODE: (RENAMED:|OBS INDEX []|STATI:10,21,30|EVENTI:e1,e3,ε)
PARENT_NODE:(RENAMED:|OBS INDEX []|STATI:10,20,30|EVENTI:e1,ε,ε)	TRANSITION: t1a	LABEL_OBS: ε	LABEL_REL: ε	CHILD_NODE: (RENAMED:|OBS INDEX []|STATI:11,20,30|EVENTI:ε,ε,ε)
PARENT_NODE:(RENAMED:|OBS INDEX []|STATI:10,20,30|EVENTI:e1,ε,ε)	TRANSITION: t2a	LABEL_OBS: o1	LABEL_REL: ε	CHILD_NODE: (RENAMED:|OBS INDEX []|STATI:10,21,30|EVENTI:e1,e3,ε)
PARENT_NODE:(RENAMED:|OBS INDEX []|STATI:10,20,30|EVENTI:e1,ε,ε)	TRANSITION: t3a	LABEL_OBS: ε	LABEL_REL: ε	CHILD_NODE: (RENAMED:|OBS INDEX []|STATI:10,20,31|EVENTI:e1,ε,e2)
PARENT_NODE:(RENAMED:|OBS INDEX []|STATI:10,20,31|EVENTI:e1,ε,e2)	TRANSITION: t1a	LABEL_OBS: ε	LABEL_REL: ε	CHILD_NODE: (RENAMED:|OBS INDEX []|STATI:11,20,31|EVENTI:ε,ε,e2)
PARENT_NODE:(RENAMED:|OBS INDEX []|STATI:10,20,31|EVENTI:e1,ε,e2)	TRANSITION: t2a	LABEL_OBS: o1	LABEL_REL: ε	CHILD_NODE: (RENAMED:|OBS INDEX []|STATI:10,21,31|EVENTI:e1,e3,e2)
PARENT_NODE:(RENAMED:|OBS INDEX []|STATI:11,20,31|EVENTI:ε,ε,e2)	TRANSITION: t1b	LABEL_OBS: ε	LABEL_REL: ε	CHILD_NODE: (RENAMED:|OBS INDEX []|STATI:10,20,31|EVENTI:ε,ε,ε)
PARENT_NODE:(RENAMED:|OBS INDEX []|STATI:11,20,31|EVENTI:ε,ε,e2)	TRANSITION: t2a	LABEL_OBS: o1	LABEL_REL: ε	CHILD_NODE: (RENAMED:|OBS INDEX []|STATI:11,21,31|EVENTI:e1,e3,e2)
PARENT_NODE:(RENAMED:|OBS INDEX []|STATI:11,20,31|EVENTI:ε,ε,e2)	TRANSITION: t2a	LABEL_OBS: o1	LABEL_REL: ε	CHILD_NODE: (RENAMED:|OBS INDEX []|STATI:11,21,31|EVENTI:e1,e3,e2)
PARENT_NODE:(RENAMED:|OBS INDEX []|STATI:10,20,31|EVENTI:ε,ε,ε)	TRANSITION: t2a	LABEL_OBS: o1	LABEL_REL: ε	CHILD_NODE: (RENAMED:|OBS INDEX []|STATI:10,21,31|EVENTI:e1,e3,ε)
PARENT_NODE:(RENAMED:|OBS INDEX []|STATI:10,20,31|EVENTI:ε,ε,ε)	TRANSITION: t2a	LABEL_OBS: o1	LABEL_REL: ε	CHILD_NODE: (RENAMED:|OBS INDEX []|STATI:10,21,31|EVENTI:e1,e3,ε)
PARENT_NODE:(RENAMED:|OBS INDEX []|STATI:11,20,30|EVENTI:ε,ε,ε)	TRANSITION: t2a	LABEL_OBS: o1	LABEL_REL: ε	CHILD_NODE: (RENAMED:|OBS INDEX []|STATI:11,21,30|EVENTI:e1,e3,ε)
PARENT_NODE:(RENAMED:|OBS INDEX []|STATI:11,20,30|EVENTI:ε,ε,ε)	TRANSITION: t2a	LABEL_OBS: o1	LABEL_REL: ε	CHILD_NODE: (RENAMED:|OBS INDEX []|STATI:11,21,30|EVENTI:e1,e3,ε)
PARENT_NODE:(RENAMED:|OBS INDEX []|STATI:11,20,30|EVENTI:ε,ε,ε)	TRANSITION: t3a	LABEL_OBS: ε	LABEL_REL: ε	CHILD_NODE: (RENAMED:|OBS INDEX []|STATI:11,20,31|EVENTI:ε,ε,e2)
PARENT_NODE:(RENAMED:|OBS INDEX []|STATI:10,21,30|EVENTI:ε,ε,ε)	TRANSITION: t2b	LABEL_OBS: o2	LABEL_REL: ε	CHILD_NODE: (RENAMED:|OBS INDEX []|STATI:10,20,30|EVENTI:e1,ε,ε)
PARENT_NODE:(RENAMED:|OBS INDEX []|STATI:10,21,30|EVENTI:ε,ε,ε)	TRANSITION: t3a	LABEL_OBS: ε	LABEL_REL: ε	CHILD_NODE: (RENAMED:|OBS INDEX []|STATI:10,21,31|EVENTI:ε,ε,e2)
PARENT_NODE:(RENAMED:|OBS INDEX []|STATI:10,21,31|EVENTI:ε,ε,e2)	TRANSITION: t2b	LABEL_OBS: o2	LABEL_REL: ε	CHILD_NODE: (RENAMED:|OBS INDEX []|STATI:10,20,31|EVENTI:e1,ε,e2)
PARENT_NODE:(RENAMED:|OBS INDEX []|STATI:11,21,31|EVENTI:ε,e3,e2)	TRANSITION: t1b	LABEL_OBS: ε	LABEL_REL: ε	CHILD_NODE: (RENAMED:|OBS INDEX []|STATI:10,21,31|EVENTI:ε,e3,ε)
PARENT_NODE:(RENAMED:|OBS INDEX []|STATI:11,21,31|EVENTI:ε,e3,e2)	TRANSITION: t2b	LABEL_OBS: o2	LABEL_REL: ε	CHILD_NODE: (RENAMED:|OBS INDEX []|STATI:11,20,31|EVENTI:e1,e3,e2)
PARENT_NODE:(RENAMED:|OBS INDEX []|STATI:11,21,31|EVENTI:ε,e3,e2)	TRANSITION: t3b	LABEL_OBS: ε	LABEL_REL: ε	CHILD_NODE: (RENAMED:|OBS INDEX []|STATI:11,21,30|EVENTI:ε,ε,e2)
PARENT_NODE:(RENAMED:|OBS INDEX []|STATI:11,21,31|EVENTI:ε,e3,e2)	TRANSITION: t3c	LABEL_OBS: ε	LABEL_REL: f3	CHILD_NODE: (RENAMED:|OBS INDEX []|STATI:11,21,31|EVENTI:ε,ε,e2)
PARENT_NODE:(RENAMED:|OBS INDEX []|STATI:11,20,31|EVENTI:e1,e3,e2)	TRANSITION: t1b	LABEL_OBS: ε	LABEL_REL: ε	CHILD_NODE: (RENAMED:|OBS INDEX []|STATI:10,20,31|EVENTI:e1,e3,ε)
PARENT_NODE:(RENAMED:|OBS INDEX []|STATI:11,20,31|EVENTI:e1,e3,e2)	TRANSITION: t3b	LABEL_OBS: ε	LABEL_REL: ε	CHILD_NODE: (RENAMED:|OBS INDEX []|STATI:11,20,30|EVENTI:e1,ε,e2)
PARENT_NODE:(RENAMED:|OBS INDEX []|STATI:11,20,31|EVENTI:e1,e3,e2)	TRANSITION: t3c	LABEL_OBS: ε	LABEL_REL: f3	CHILD_NODE: (RENAMED:|OBS INDEX []|STATI:11,20,31|EVENTI:e1,ε,e2)
PARENT_NODE:(RENAMED:|OBS INDEX []|STATI:10,20,31|EVENTI:e1,e3,ε)	TRANSITION: t1a	LABEL_OBS: ε	LABEL_REL: ε	CHILD_NODE: (RENAMED:|OBS INDEX []|STATI:11,20,31|EVENTI:ε,e3,ε)
PARENT_NODE:(RENAMED:|OBS INDEX []|STATI:10,20,31|EVENTI:e1,e3,ε)	TRANSITION: t3b	LABEL_OBS: ε	LABEL_REL: ε	CHILD_NODE: (RENAMED:|OBS INDEX []|STATI:10,20,30|EVENTI:e1,ε,ε)
PARENT_NODE:(RENAMED:|OBS INDEX []|STATI:10,20,31|EVENTI:e1,e3,ε)	TRANSITION: t3c	LABEL_OBS: ε	LABEL_REL: f3	CHILD_NODE: (RENAMED:|OBS INDEX []|STATI:10,20,31|EVENTI:e1,ε,ε)
PARENT_NODE:(RENAMED:|OBS INDEX []|STATI:11,20,31|EVENTI:ε,e3,ε)	TRANSITION: t2a	LABEL_OBS: o1	LABEL_REL: ε	CHILD_NODE: (RENAMED:|OBS INDEX []|STATI:11,21,31|EVENTI:e1,e3,ε)
PARENT_NODE:(RENAMED:|OBS INDEX []|STATI:11,20,31|EVENTI:ε,e3,ε)	TRANSITION: t3b	LABEL_OBS: ε	LABEL_REL: ε	CHILD_NODE: (RENAMED:|OBS INDEX []|STATI:11,20,30|EVENTI:ε,ε,ε)
PARENT_NODE:(RENAMED:|OBS INDEX []|STATI:11,20,31|EVENTI:ε,e3,ε)	TRANSITION: t3c	LABEL_OBS: ε	LABEL_REL: f3	CHILD_NODE: (RENAMED:|OBS INDEX []|STATI:11,20,31|EVENTI:ε,ε,ε)
PARENT_NODE:(RENAMED:|OBS INDEX []|STATI:10,21,31|EVENTI:ε,e3,ε)	TRANSITION: t2b	LABEL_OBS: o2	LABEL_REL: ε	CHILD_NODE: (RENAMED:|OBS INDEX []|STATI:10,20,31|EVENTI:e1,e3,ε)
PARENT_NODE:(RENAMED:|OBS INDEX []|STATI:10,21,31|EVENTI:ε,e3,ε)	TRANSITION: t3b	LABEL_OBS: ε	LABEL_REL: ε	CHILD_NODE: (RENAMED:|OBS INDEX []|STATI:10,21,30|EVENTI:ε,ε,ε)
PARENT_NODE:(RENAMED:|OBS INDEX []|STATI:10,21,31|EVENTI:ε,e3,ε)	TRANSITION: t3c	LABEL_OBS: ε	LABEL_REL: f3	CHILD_NODE: (RENAMED:|OBS INDEX []|STATI:10,21,31|EVENTI:ε,ε,ε)
PARENT_NODE:(RENAMED:|OBS INDEX []|STATI:10,21,30|EVENTI:e1,e3,ε)	TRANSITION: t1a	LABEL_OBS: ε	LABEL_REL: ε	CHILD_NODE: (RENAMED:|OBS INDEX []|STATI:11,21,30|EVENTI:ε,e3,ε)
PARENT_NODE:(RENAMED:|OBS INDEX []|STATI:10,21,30|EVENTI:e1,e3,ε)	TRANSITION: t3a	LABEL_OBS: ε	LABEL_REL: ε	CHILD_NODE: (RENAMED:|OBS INDEX []|STATI:10,21,31|EVENTI:e1,e3,e2)
PARENT_NODE:(RENAMED:|OBS INDEX []|STATI:11,21,30|EVENTI:ε,e3,ε)	TRANSITION: t2b	LABEL_OBS: o2	LABEL_REL: ε	CHILD_NODE: (RENAMED:|OBS INDEX []|STATI:11,20,30|EVENTI:e1,e3,ε)
PARENT_NODE:(RENAMED:|OBS INDEX []|STATI:11,21,30|EVENTI:ε,e3,ε)	TRANSITION: t3a	LABEL_OBS: ε	LABEL_REL: ε	CHILD_NODE: (RENAMED:|OBS INDEX []|STATI:11,21,31|EVENTI:ε,e3,e2)
PARENT_NODE:(RENAMED:|OBS INDEX []|STATI:11,20,30|EVENTI:e1,e3,ε)	TRANSITION: t3a	LABEL_OBS: ε	LABEL_REL: ε	CHILD_NODE: (RENAMED:|OBS INDEX []|STATI:11,20,31|EVENTI:e1,e3,e2)

[INFO]	DIMENSIONE GRAFO->87	|DIMENSIONE STATI FINALI->7	|DIMENSIONE CODA->0
[WARNING]	PRUNED GRAPH	PARENT_NODE:(RENAMED:|OBS INDEX []|STATI:10,20,30|EVENTI:ε,ε,ε)	TRANSITION: t2a	LABEL_OBS: o1	LABEL_REL: ε	CHILD_NODE: (RENAMED:|OBS INDEX []|STATI:10,21,30|EVENTI:e1,e3,ε)
PARENT_NODE:(RENAMED:|OBS INDEX []|STATI:10,20,30|EVENTI:ε,ε,ε)	TRANSITION: t2a	LABEL_OBS: o1	LABEL_REL: ε	CHILD_NODE: (RENAMED:|OBS INDEX []|STATI:10,21,30|EVENTI:e1,e3,ε)
PARENT_NODE:(RENAMED:|OBS INDEX []|STATI:10,20,30|EVENTI:ε,ε,ε)	TRANSITION: t3a	LABEL_OBS: ε	LABEL_REL: ε	CHILD_NODE: (RENAMED:|OBS INDEX []|STATI:10,20,31|EVENTI:ε,ε,e2)
PARENT_NODE:(RENAMED:|OBS INDEX []|STATI:10,20,31|EVENTI:ε,ε,e2)	TRANSITION: t2a	LABEL_OBS: o1	LABEL_REL: ε	CHILD_NODE: (RENAMED:|OBS INDEX []|STATI:10,21,31|EVENTI:e1,e3,e2)
PARENT_NODE:(RENAMED:|OBS INDEX []|STATI:10,20,31|EVENTI:ε,ε,e2)	TRANSITION: t2a	LABEL_OBS: o1	LABEL_REL: ε	CHILD_NODE: (RENAMED:|OBS INDEX []|STATI:10,21,31|EVENTI:e1,e3,e2)
PARENT_NODE:(RENAMED:|OBS INDEX []|STATI:10,21,31|EVENTI:e1,e3,e2)	TRANSITION: t1a	LABEL_OBS: ε	LABEL_REL: ε	CHILD_NODE: (RENAMED:|OBS INDEX []|STATI:11,21,31|EVENTI:ε,e3,e2)
PARENT_NODE:(RENAMED:|OBS INDEX []|STATI:10,21,31|EVENTI:e1,e3,e2)	TRANSITION: t3b	LABEL_OBS: ε	LABEL_REL: ε	CHILD_NODE: (RENAMED:|OBS INDEX []|STATI:10,21,30|EVENTI:e1,ε,e2)
PARENT_NODE:(RENAMED:|OBS INDEX []|STATI:10,21,31|EVENTI:e1,e3,e2)	TRANSITION: t3c	LABEL_OBS: ε	LABEL_REL: f3	CHILD_NODE: (RENAMED:|OBS INDEX []|STATI:10,21,31|EVENTI:e1,ε,e2)
PARENT_NODE:(RENAMED:|OBS INDEX []|STATI:10,21,31|EVENTI:e1,ε,e2)	TRANSITION: t1a	LABEL_OBS: ε	LABEL_REL: ε	CHILD_NODE: (RENAMED:|OBS INDEX []|STATI:11,21,31|EVENTI:ε,ε,e2)
PARENT_NODE:(RENAMED:|OBS INDEX []|STATI:11,21,31|EVENTI:ε,ε,e2)	TRANSITION: t1b	LABEL_OBS: ε	LABEL_REL: ε	CHILD_NODE: (RENAMED:|OBS INDEX []|STATI:10,21,31|EVENTI:ε,ε,ε)
PARENT_NODE:(RENAMED:|OBS INDEX []|STATI:11,21,31|EVENTI:ε,ε,e2)	TRANSITION: t2b	LABEL_OBS: o2	LABEL_REL: ε	CHILD_NODE: (RENAMED:|OBS INDEX []|STATI:11,20,31|EVENTI:e1,ε,e2)
PARENT_NODE:(RENAMED:|OBS INDEX []|STATI:11,20,31|EVENTI:e1,ε,e2)	TRANSITION: t1b	LABEL_OBS: ε	LABEL_REL: ε	CHILD_NODE: (RENAMED:|OBS INDEX []|STATI:10,20,31|EVENTI:e1,ε,ε)
PARENT_NODE:(RENAMED:|OBS INDEX []|STATI:11,20,31|EVENTI:e1,ε,e2)	TRANSITION: t2a	LABEL_OBS: o1	LABEL_REL: ε	CHILD_NODE: (RENAMED:|OBS INDEX []|STATI:11,21,31|EVENTI:e1,e3,e2)
PARENT_NODE:(RENAMED:|OBS INDEX []|STATI:11,21,31|EVENTI:e1,e3,e2)	TRANSITION: t1b	LABEL_OBS: ε	LABEL_REL: ε	CHILD_NODE: (RENAMED:|OBS INDEX []|STATI:10,21,31|EVENTI:e1,e3,ε)
PARENT_NODE:(RENAMED:|OBS INDEX []|STATI:11,21,31|EVENTI:e1,e3,e2)	TRANSITION: t3b	LABEL_OBS: ε	LABEL_REL: ε	CHILD_NODE: (RENAMED:|OBS INDEX []|STATI:11,21,30|EVENTI:e1,ε,e2)
PARENT_NODE:(RENAMED:|OBS INDEX []|STATI:11,21,31|EVENTI:e1,e3,e2)	TRANSITION: t3c	LABEL_OBS: ε	LABEL_REL: f3	CHILD_NODE: (RENAMED:|OBS INDEX []|STATI:11,21,31|EVENTI:e1,ε,e2)
PARENT_NODE:(RENAMED:|OBS INDEX []|STATI:11,21,31|EVENTI:e1,ε,e2)	TRANSITION: t1b	LABEL_OBS: ε	LABEL_REL: ε	CHILD_NODE: (RENAMED:|OBS INDEX []|STATI:10,21,31|EVENTI:e1,ε,ε)
PARENT_NODE:(RENAMED:|OBS INDEX []|STATI:10,21,31|EVENTI:e1,ε,ε)	TRANSITION: t1a	LABEL_OBS: ε	LABEL_REL: ε	CHILD_NODE: (RENAMED:|OBS INDEX []|STATI:11,21,31|EVENTI:ε,ε,ε)
PARENT_NODE:(RENAMED:|OBS INDEX []|STATI:11,21,31|EVENTI:ε,ε,ε)	TRANSITION: t2b	LABEL_OBS: o2	LABEL_REL: ε	CHILD_NODE: (RENAMED:|OBS INDEX []|STATI:11,20,31|EVENTI:e1,ε,ε)
PARENT_NODE:(RENAMED:|OBS INDEX []|STATI:11,20,31|EVENTI:e1,ε,ε)	TRANSITION: t2a	LABEL_OBS: o1	LABEL_REL: ε	CHILD_NODE: (RENAMED:|OBS INDEX []|STATI:11,21,31|EVENTI:e1,e3,ε)
PARENT_NODE:(RENAMED:|OBS INDEX []|STATI:11,21,31|EVENTI:e1,e3,ε)	TRANSITION: t3b	LABEL_OBS: ε	LABEL_REL: ε	CHILD_NODE: (RENAMED:|OBS INDEX []|STATI:11,21,30|EVENTI:e1,ε,ε)
PARENT_NODE:(RENAMED:|OBS INDEX []|STATI:11,21,30|EVENTI:e1,ε,ε)	TRANSITION: t3a	LABEL_OBS: ε	LABEL_REL: ε	CHILD_NODE: (RENAMED:|OBS INDEX []|STATI:11,21,31|EVENTI:e1,ε,e2)
PARENT_NODE:(RENAMED:|OBS INDEX []|STATI:11,21,30|EVENTI:e1,ε,e2)	TRANSITION: t1b	LABEL_OBS: ε	LABEL_REL: ε	CHILD_NODE: (RENAMED:|OBS INDEX []|STATI:10,21,30|EVENTI:e1,ε,ε)
PARENT_NODE:(RENAMED:|OBS INDEX []|STATI:10,21,30|EVENTI:e1,ε,ε)	TRANSITION: t1a	LABEL_OBS: ε	LABEL_REL: ε	CHILD_NODE: (RENAMED:|OBS INDEX []|STATI:11,21,30|EVENTI:ε,ε,ε)
PARENT_NODE:(RENAMED:|OBS INDEX []|STATI:10,21,30|EVENTI:e1,ε,ε)	TRANSITION: t3a	LABEL_OBS: ε	LABEL_REL: ε	CHILD_NODE: (RENAMED:|OBS INDEX []|STATI:10,21,31|EVENTI:e1,ε,e2)
PARENT_NODE:(RENAMED:|OBS INDEX []|STATI:11,21,30|EVENTI:ε,ε,ε)	TRANSITION: t2b	LABEL_OBS: o2	LABEL_REL: ε	CHILD_NODE: (RENAMED:|OBS INDEX []|STATI:11,20,30|EVENTI:e1,ε,ε)
PARENT_NODE:(RENAMED:|OBS INDEX []|STATI:11,21,30|EVENTI:ε,ε,ε)	TRANSITION: t3a	LABEL_OBS: ε	LABEL_REL: ε	CHILD_NODE: (RENAMED:|OBS INDEX []|STATI:11,21,31|EVENTI:ε,ε,e2)
PARENT_NODE:(RENAMED:|OBS INDEX []|STATI:11,20,30|EVENTI:e1,ε,ε)	TRANSITION: t2a	LABEL_OBS: o1	LABEL_REL: ε	CHILD_NODE: (RENAMED:|OBS INDEX []|STATI:11,21,30|EVENTI:e1,e3,ε)
PARENT_NODE:(RENAMED:|OBS INDEX []|STATI:11,20,30|EVENTI:e1,ε,ε)	TRANSITION: t3a	LABEL_OBS: ε	LABEL_REL: ε	CHILD_NODE: (RENAMED:|OBS INDEX []|STATI:11,20,31|EVENTI:e1,ε,e2)
PARENT_NODE:(RENAMED:|OBS INDEX []|STATI:11,21,30|EVENTI:e1,e3,ε)	TRANSITION: t3a	LABEL_OBS: ε	LABEL_REL: ε	CHILD_NODE: (RENAMED:|OBS INDEX []|STATI:11,21,31|EVENTI:e1,e3,e2)
PARENT_NODE:(RENAMED:|OBS INDEX []|STATI:10,21,31|EVENTI:e1,e3,ε)	TRANSITION: t1a	LABEL_OBS: ε	LABEL_REL: ε	CHILD_NODE: (RENAMED:|OBS INDEX []|STATI:11,21,31|EVENTI:ε,e3,ε)
PARENT_NODE:(RENAMED:|OBS INDEX []|STATI:10,21,31|EVENTI:e1,e3,ε)	TRANSITION: t3b	LABEL_OBS: ε	LABEL_REL: ε	CHILD_NODE: (RENAMED:|OBS INDEX []|STATI:10,21,30|EVENTI:e1,ε,ε)
PARENT_NODE:(RENAMED:|OBS INDEX []|STATI:10,21,31|EVENTI:e1,e3,ε)	TRANSITION: t3c	LABEL_OBS: ε	LABEL_REL: f3	CHILD_NODE: (RENAMED:|OBS INDEX []|STATI:10,21,31|EVENTI:e1,ε,ε)
PARENT_NODE:(RENAMED:|OBS INDEX []|STATI:11,21,31|EVENTI:ε,e3,ε)	TRANSITION: t2b	LABEL_OBS: o2	LABEL_REL: ε	CHILD_NODE: (RENAMED:|OBS INDEX []|STATI:11,20,31|EVENTI:e1,e3,ε)
PARENT_NODE:(RENAMED:|OBS INDEX []|STATI:11,21,31|EVENTI:ε,e3,ε)	TRANSITION: t3b	LABEL_OBS: ε	LABEL_REL: ε	CHILD_NODE: (RENAMED:|OBS INDEX []|STATI:11,21,30|EVENTI:ε,ε,ε)
PARENT_NODE:(RENAMED:|OBS INDEX []|STATI:11,21,31|EVENTI:ε,e3,ε)	TRANSITION: t3c	LABEL_OBS: ε	LABEL_REL: f3	CHILD_NODE: (RENAMED:|OBS INDEX []|STATI:11,21,31|EVENTI:ε,ε,ε)
PARENT_NODE:(RENAMED:|OBS INDEX []|STATI:11,20,31|EVENTI:e1,e3,ε)	TRANSITION: t3b	LABEL_OBS: ε	LABEL_REL: ε	CHILD_NODE: (RENAMED:|OBS INDEX []|STATI:11,20,30|EVENTI:e1,ε,ε)
PARENT_NODE:(RENAMED:|OBS INDEX []|STATI:11,20,31|EVENTI:e1,e3,ε)	TRANSITION: t3c	LABEL_OBS: ε	LABEL_REL: f3	CHILD_NODE: (RENAMED:|OBS INDEX []|STATI:11,20,31|EVENTI:e1,ε,ε)
PARENT_NODE:(RENAMED:|OBS INDEX []|STATI:10,20,31|EVENTI:e1,ε,ε)	TRANSITION: t1a	LABEL_OBS: ε	LABEL_REL: ε	CHILD_NODE: (RENAMED:|OBS INDEX []|STATI:11,20,31|EVENTI:ε,ε,ε)
PARENT_NODE:(RENAMED:|OBS INDEX []|STATI:10,20,31|EVENTI:e1,ε,ε)	TRANSITION: t2a	LABEL_OBS: o1	LABEL_REL: ε	CHILD_NODE: (RENAMED:|OBS INDEX []|STATI:10,21,31|EVENTI:e1,e3,ε)
PARENT_NODE:(RENAMED:|OBS INDEX []|STATI:11,20,31|EVENTI:ε,ε,ε)	TRANSITION: t2a	LABEL_OBS: o1	LABEL_REL: ε	CHILD_NODE: (RENAMED:|OBS INDEX []|STATI:11,21,31|EVENTI:e1,e3,ε)
PARENT_NODE:(RENAMED:|OBS INDEX []|STATI:11,20,31|EVENTI:ε,ε,ε)	TRANSITION: t2a	LABEL_OBS: o1	LABEL_REL: ε	CHILD_NODE: (RENAMED:|OBS INDEX []|STATI:11,21,31|EVENTI:e1,e3,ε)
PARENT_NODE:(RENAMED:|OBS INDEX []|STATI:10,21,31|EVENTI:ε,ε,ε)	TRANSITION: t2b	LABEL_OBS: o2	LABEL_REL: ε	CHILD_NODE: (RENAMED:|OBS INDEX []|STATI:10,20,31|EVENTI:e1,ε,ε)
PARENT_NODE:(RENAMED:|OBS INDEX []|STATI:10,21,30|EVENTI:e1,ε,e2)	TRANSITION: t1a	LABEL_OBS: ε	LABEL_REL: ε	CHILD_NODE: (RENAMED:|OBS INDEX []|STATI:11,21,30|EVENTI:ε,ε,e2)
PARENT_NODE:(RENAMED:|OBS INDEX []|STATI:11,21,30|EVENTI:ε,ε,e2)	TRANSITION: t1b	LABEL_OBS: ε	LABEL_REL: ε	CHILD_NODE: (RENAMED:|OBS INDEX []|STATI:10,21,30|EVENTI:ε,ε,ε)
PARENT_NODE:(RENAMED:|OBS INDEX []|STATI:11,21,30|EVENTI:ε,ε,e2)	TRANSITION: t2b	LABEL_OBS: o2	LABEL_REL: ε	CHILD_NODE: (RENAMED:|OBS INDEX []|STATI:11,20,30|EVENTI:e1,ε,e2)
PARENT_NODE:(RENAMED:|OBS INDEX []|STATI:11,20,30|EVENTI:e1,ε,e2)	TRANSITION: t1b	LABEL_OBS: ε	LABEL_REL: ε	CHILD_NODE: (RENAMED:|OBS INDEX []|STATI:10,20,30|EVENTI:e1,ε,ε)
PARENT_NODE:(RENAMED:|OBS INDEX []|STATI:11,20,30|EVENTI:e1,ε,e2)	TRANSITION: t2a	LABEL_OBS: o1	LABEL_REL: ε	CHILD_NODE: (RENAMED:|OBS INDEX []|STATI:11,21,30|EVENTI:e1,e3,e2)
PARENT_NODE:(RENAMED:|OBS INDEX []|STATI:11,21,30|EVENTI:e1,e3,e2)	TRANSITION: t1b	LABEL_OBS: ε	LABEL_REL: ε	CHILD_NODE: (RENAMED:|OBS INDEX []|STATI:10,21,30|EVENTI:e1,e3,ε)
PARENT_NODE:(RENAMED:|OBS INDEX []|STATI:10,20,30|EVENTI:e1,ε,ε)	TRANSITION: t1a	LABEL_OBS: ε	LABEL_REL: ε	CHILD_NODE: (RENAMED:|OBS INDEX []|STATI:11,20,30|EVENTI:ε,ε,ε)
PARENT_NODE:(RENAMED:|OBS INDEX []|STATI:10,20,30|EVENTI:e1,ε,ε)	TRANSITION: t2a	LABEL_OBS: o1	LABEL_REL: ε	CHILD_NODE: (RENAMED:|OBS INDEX []|STATI:10,21,30|EVENTI:e1,e3,ε)
PARENT_NODE:(RENAMED:|OBS INDEX []|STATI:10,20,30|EVENTI:e1,ε,ε)	TRANSITION: t3a	LABEL_OBS: ε	LABEL_REL: ε	CHILD_NODE: (RENAMED:|OBS INDEX []|STATI:10,20,31|EVENTI:e1,ε,e2)
PARENT_NODE:(RENAMED:|OBS INDEX []|STATI:10,20,31|EVENTI:e1,ε,e2)	TRANSITION: t1a	LABEL_OBS: ε	LABEL_REL: ε	CHILD_NODE: (RENAMED:|OBS INDEX []|STATI:11,20,31|EVENTI:ε,ε,e2)
PARENT_NODE:(RENAMED:|OBS INDEX []|STATI:10,20,31|EVENTI:e1,ε,e2)	TRANSITION: t2a	LABEL_OBS: o1	LABEL_REL: ε	CHILD_NODE: (RENAMED:|OBS INDEX []|STATI:10,21,31|EVENTI:e1,e3,e2)
PARENT_NODE:(RENAMED:|OBS INDEX []|STATI:11,20,31|EVENTI:ε,ε,e2)	TRANSITION: t1b	LABEL_OBS: ε	LABEL_REL: ε	CHILD_NODE: (RENAMED:|OBS INDEX []|STATI:10,20,31|EVENTI:ε,ε,ε)
PARENT_NODE:(RENAMED:|OBS INDEX []|STATI:11,20,31|EVENTI:ε,ε,e2)	TRANSITION: t2a	LABEL_OBS: o1	LABEL_REL: ε	CHILD_NODE: (RENAMED:|OBS INDEX []|STATI:11,21,31|EVENTI:e1,e3,e2)
PARENT_NODE:(RENAMED:|OBS INDEX []|STATI:11,20,31|EVENTI:ε,ε,e2)	TRANSITION: t2a	LABEL_OBS: o1	LABEL_REL: ε	CHILD_NODE: (RENAMED:|OBS INDEX []|STATI:11,21,31|EVENTI:e1,e3,e2)
PARENT_NODE:(RENAMED:|OBS INDEX []|STATI:10,20,31|EVENTI:ε,ε,ε)	TRANSITION: t2a	LABEL_OBS: o1	LABEL_REL: ε	CHILD_NODE: (RENAMED:|OBS INDEX []|STATI:10,21,31|EVENTI:e1,e3,ε)
PARENT_NODE:(RENAMED:|OBS INDEX []|STATI:10,20,31|EVENTI:ε,ε,ε)	TRANSITION: t2a	LABEL_OBS: o1	LABEL_REL: ε	CHILD_NODE: (RENAMED:|OBS INDEX []|STATI:10,21,31|EVENTI:e1,e3,ε)
PARENT_NODE:(RENAMED:|OBS INDEX []|STATI:11,20,30|EVENTI:ε,ε,ε)	TRANSITION: t2a	LABEL_OBS: o1	LABEL_REL: ε	CHILD_NODE: (RENAMED:|OBS INDEX []|STATI:11,21,30|EVENTI:e1,e3,ε)
PARENT_NODE:(RENAMED:|OBS INDEX []|STATI:11,20,30|EVENTI:ε,ε,ε)	TRANSITION: t2a	LABEL_OBS: o1	LABEL_REL: ε	CHILD_NODE: (RENAMED:|OBS INDEX []|STATI:11,21,30|EVENTI:e1,e3,ε)
PARENT_NODE:(RENAMED:|OBS INDEX []|STATI:11,20,30|EVENTI:ε,ε,ε)	TRANSITION: t3a	LABEL_OBS: ε	LABEL_REL: ε	CHILD_NODE: (RENAMED:|OBS INDEX []|STATI:11,20,31|EVENTI:ε,ε,e2)
PARENT_NODE:(RENAMED:|OBS INDEX []|STATI:10,21,30|EVENTI:ε,ε,ε)	TRANSITION: t2b	LABEL_OBS: o2	LABEL_REL: ε	CHILD_NODE: (RENAMED:|OBS INDEX []|STATI:10,20,30|EVENTI:e1,ε,ε)
PARENT_NODE:(RENAMED:|OBS INDEX []|STATI:10,21,30|EVENTI:ε,ε,ε)	TRANSITION: t3a	LABEL_OBS: ε	LABEL_REL: ε	CHILD_NODE: (RENAMED:|OBS INDEX []|STATI:10,21,31|EVENTI:ε,ε,e2)
PARENT_NODE:(RENAMED:|OBS INDEX []|STATI:10,21,31|EVENTI:ε,ε,e2)	TRANSITION: t2b	LABEL_OBS: o2	LABEL_REL: ε	CHILD_NODE: (RENAMED:|OBS INDEX []|STATI:10,20,31|EVENTI:e1,ε,e2)
PARENT_NODE:(RENAMED:|OBS INDEX []|STATI:11,21,31|EVENTI:ε,e3,e2)	TRANSITION: t1b	LABEL_OBS: ε	LABEL_REL: ε	CHILD_NODE: (RENAMED:|OBS INDEX []|STATI:10,21,31|EVENTI:ε,e3,ε)
PARENT_NODE:(RENAMED:|OBS INDEX []|STATI:11,21,31|EVENTI:ε,e3,e2)	TRANSITION: t2b	LABEL_OBS: o2	LABEL_REL: ε	CHILD_NODE: (RENAMED:|OBS INDEX []|STATI:11,20,31|EVENTI:e1,e3,e2)
PARENT_NODE:(RENAMED:|OBS INDEX []|STATI:11,21,31|EVENTI:ε,e3,e2)	TRANSITION: t3b	LABEL_OBS: ε	LABEL_REL: ε	CHILD_NODE: (RENAMED:|OBS INDEX []|STATI:11,21,30|EVENTI:ε,ε,e2)
PARENT_NODE:(RENAMED:|OBS INDEX []|STATI:11,21,31|EVENTI:ε,e3,e2)	TRANSITION: t3c	LABEL_OBS: ε	LABEL_REL: f3	CHILD_NODE: (RENAMED:|OBS INDEX []|STATI:11,21,31|EVENTI:ε,ε,e2)
PARENT_NODE:(RENAMED:|OBS INDEX []|STATI:11,20,31|EVENTI:e1,e3,e2)	TRANSITION: t1b	LABEL_OBS: ε	LABEL_REL: ε	CHILD_NODE: (RENAMED:|OBS INDEX []|STATI:10,20,31|EVENTI:e1,e3,ε)
PARENT_NODE:(RENAMED:|OBS INDEX []|STATI:11,20,31|EVENTI:e1,e3,e2)	TRANSITION: t3b	LABEL_OBS: ε	LABEL_REL: ε	CHILD_NODE: (RENAMED:|OBS INDEX []|STATI:11,20,30|EVENTI:e1,ε,e2)
PARENT_NODE:(RENAMED:|OBS INDEX []|STATI:11,20,31|EVENTI:e1,e3,e2)	TRANSITION: t3c	LABEL_OBS: ε	LABEL_REL: f3	CHILD_NODE: (RENAMED:|OBS INDEX []|STATI:11,20,31|EVENTI:e1,ε,e2)
PARENT_NODE:(RENAMED:|OBS INDEX []|STATI:10,20,31|EVENTI:e1,e3,ε)	TRANSITION: t1a	LABEL_OBS: ε	LABEL_REL: ε	CHILD_NODE: (RENAMED:|OBS INDEX []|STATI:11,20,31|EVENTI:ε,e3,ε)
PARENT_NODE:(RENAMED:|OBS INDEX []|STATI:10,20,31|EVENTI:e1,e3,ε)	TRANSITION: t3b	LABEL_OBS: ε	LABEL_REL: ε	CHILD_NODE: (RENAMED:|OBS INDEX []|STATI:10,20,30|EVENTI:e1,ε,ε)
PARENT_NODE:(RENAMED:|OBS INDEX []|STATI:10,20,31|EVENTI:e1,e3,ε)	TRANSITION: t3c	LABEL_OBS: ε	LABEL_REL: f3	CHILD_NODE: (RENAMED:|OBS INDEX []|STATI:10,20,31|EVENTI:e1,ε,ε)
PARENT_NODE:(RENAMED:|OBS INDEX []|STATI:11,20,31|EVENTI:ε,e3,ε)	TRANSITION: t2a	LABEL_OBS: o1	LABEL_REL: ε	CHILD_NODE: (RENAMED:|OBS INDEX []|STATI:11,21,31|EVENTI:e1,e3,ε)
PARENT_NODE:(RENAMED:|OBS INDEX []|STATI:11,20,31|EVENTI:ε,e3,ε)	TRANSITION: t3b	LABEL_OBS: ε	LABEL_REL: ε	CHILD_NODE: (RENAMED:|OBS INDEX []|STATI:11,20,30|EVENTI:ε,ε,ε)
PARENT_NODE:(RENAMED:|OBS INDEX []|STATI:11,20,31|EVENTI:ε,e3,ε)	TRANSITION: t3c	LABEL_OBS: ε	LABEL_REL: f3	CHILD_NODE: (RENAMED:|OBS INDEX []|STATI:11,20,31|EVENTI:ε,ε,ε)
PARENT_NODE:(RENAMED:|OBS INDEX []|STATI:10,21,31|EVENTI:ε,e3,ε)	TRANSITION: t2b	LABEL_OBS: o2	LABEL_REL: ε	CHILD_NODE: (RENAMED:|OBS INDEX []|STATI:10,20,31|EVENTI:e1,e3,ε)
PARENT_NODE:(RENAMED:|OBS INDEX []|STATI:10,21,31|EVENTI:ε,e3,ε)	TRANSITION: t3b	LABEL_OBS: ε	LABEL_REL: ε	CHILD_NODE: (RENAMED:|OBS INDEX []|STATI:10,21,30|EVENTI:ε,ε,ε)
PARENT_NODE:(RENAMED:|OBS INDEX []|STATI:10,21,31|EVENTI:ε,e3,ε)	TRANSITION: t3c	LABEL_OBS: ε	LABEL_REL: f3	CHILD_NODE: (RENAMED:|OBS INDEX []|STATI:10,21,31|EVENTI:ε,ε,ε)
PARENT_NODE:(RENAMED:|OBS INDEX []|STATI:10,21,30|EVENTI:e1,e3,ε)	TRANSITION: t1a	LABEL_OBS: ε	LABEL_REL: ε	CHILD_NODE: (RENAMED:|OBS INDEX []|STATI:11,21,30|EVENTI:ε,e3,ε)
PARENT_NODE:(RENAMED:|OBS INDEX []|STATI:10,21,30|EVENTI:e1,e3,ε)	TRANSITION: t3a	LABEL_OBS: ε	LABEL_REL: ε	CHILD_NODE: (RENAMED:|OBS INDEX []|STATI:10,21,31|EVENTI:e1,e3,e2)
PARENT_NODE:(RENAMED:|OBS INDEX []|STATI:11,21,30|EVENTI:ε,e3,ε)	TRANSITION: t2b	LABEL_OBS: o2	LABEL_REL: ε	CHILD_NODE: (RENAMED:|OBS INDEX []|STATI:11,20,30|EVENTI:e1,e3,ε)
PARENT_NODE:(RENAMED:|OBS INDEX []|STATI:11,21,30|EVENTI:ε,e3,ε)	TRANSITION: t3a	LABEL_OBS: ε	LABEL_REL: ε	CHILD_NODE: (RENAMED:|OBS INDEX []|STATI:11,21,31|EVENTI:ε,e3,e2)
PARENT_NODE:(RENAMED:|OBS INDEX []|STATI:11,20,30|EVENTI:e1,e3,ε)	TRANSITION: t3a	LABEL_OBS: ε	LABEL_REL: ε	CHILD_NODE: (RENAMED:|OBS INDEX []|STATI:11,20,31|EVENTI:e1,e3,e2)

[WARNING]	RENAMED GRAPH	PARENT_NODE:(RENAMED:0|OBS INDEX []|STATI:10,20,30|EVENTI:ε,ε,ε)	TRANSITION: t2a	LABEL_OBS: o1	LABEL_REL: ε	CHILD_NODE: (RENAMED:40|OBS INDEX []|STATI:10,21,30|EVENTI:e1,e3,ε)
PARENT_NODE:(RENAMED:0|OBS INDEX []|STATI:10,20,30|EVENTI:ε,ε,ε)	TRANSITION: t2a	LABEL_OBS: o1	LABEL_REL: ε	CHILD_NODE: (RENAMED:40|OBS INDEX []|STATI:10,21,30|EVENTI:e1,e3,ε)
PARENT_NODE:(RENAMED:0|OBS INDEX []|STATI:10,20,30|EVENTI:ε,ε,ε)	TRANSITION: t3a	LABEL_OBS: ε	LABEL_REL: ε	CHILD_NODE: (RENAMED:1|OBS INDEX []|STATI:10,20,31|EVENTI:ε,ε,e2)
PARENT_NODE:(RENAMED:1|OBS INDEX []|STATI:10,20,31|EVENTI:ε,ε,e2)	TRANSITION: t2a	LABEL_OBS: o1	LABEL_REL: ε	CHILD_NODE: (RENAMED:2|OBS INDEX []|STATI:10,21,31|EVENTI:e1,e3,e2)
PARENT_NODE:(RENAMED:1|OBS INDEX []|STATI:10,20,31|EVENTI:ε,ε,e2)	TRANSITION: t2a	LABEL_OBS: o1	LABEL_REL: ε	CHILD_NODE: (RENAMED:2|OBS INDEX []|STATI:10,21,31|EVENTI:e1,e3,e2)
PARENT_NODE:(RENAMED:2|OBS INDEX []|STATI:10,21,31|EVENTI:e1,e3,e2)	TRANSITION: t1a	LABEL_OBS: ε	LABEL_REL: ε	CHILD_NODE: (RENAMED:35|OBS INDEX []|STATI:11,21,31|EVENTI:ε,e3,e2)
PARENT_NODE:(RENAMED:2|OBS INDEX []|STATI:10,21,31|EVENTI:e1,e3,e2)	TRANSITION: t3b	LABEL_OBS: ε	LABEL_REL: ε	CHILD_NODE: (RENAMED:24|OBS INDEX []|STATI:10,21,30|EVENTI:e1,ε,e2)
PARENT_NODE:(RENAMED:2|OBS INDEX []|STATI:10,21,31|EVENTI:e1,e3,e2)	TRANSITION: t3c	LABEL_OBS: ε	LABEL_REL: f3	CHILD_NODE: (RENAMED:3|OBS INDEX []|STATI:10,21,31|EVENTI:e1,ε,e2)
PARENT_NODE:(RENAMED:3|OBS INDEX []|STATI:10,21,31|EVENTI:e1,ε,e2)	TRANSITION: t1a	LABEL_OBS: ε	LABEL_REL: ε	CHILD_NODE: (RENAMED:4|OBS INDEX []|STATI:11,21,31|EVENTI:ε,ε,e2)
PARENT_NODE:(RENAMED:4|OBS INDEX []|STATI:11,21,31|EVENTI:ε,ε,e2)	TRANSITION: t1b	LABEL_OBS: ε	LABEL_REL: ε	CHILD_NODE: (RENAMED:23|OBS INDEX []|STATI:10,21,31|EVENTI:ε,ε,ε)
PARENT_NODE:(RENAMED:4|OBS INDEX []|STATI:11,21,31|EVENTI:ε,ε,e2)	TRANSITION: t2b	LABEL_OBS: o2	LABEL_REL: ε	CHILD_NODE: (RENAMED:5|OBS INDEX []|STATI:11,20,31|EVENTI:e1,ε,e2)
PARENT_NODE:(RENAMED:5|OBS INDEX []|STATI:11,20,31|EVENTI:e1,ε,e2)	TRANSITION: t1b	LABEL_OBS: ε	LABEL_REL: ε	CHILD_NODE: (RENAMED:21|OBS INDEX []|STATI:10,20,31|EVENTI:e1,ε,ε)
PARENT_NODE:(RENAMED:5|OBS INDEX []|STATI:11,20,31|EVENTI:e1,ε,e2)	TRANSITION: t2a	LABEL_OBS: o1	LABEL_REL: ε	CHILD_NODE: (RENAMED:6|OBS INDEX []|STATI:11,21,31|EVENTI:e1,e3,e2)
PARENT_NODE:(RENAMED:6|OBS INDEX []|STATI:11,21,31|EVENTI:e1,e3,e2)	TRANSITION: t1b	LABEL_OBS: ε	LABEL_REL: ε	CHILD_NODE: (RENAMED:18|OBS INDEX []|STATI:10,21,31|EVENTI:e1,e3,ε)
PARENT_NODE:(RENAMED:6|OBS INDEX []|STATI:11,21,31|EVENTI:e1,e3,e2)	TRANSITION: t3b	LABEL_OBS: ε	LABEL_REL: ε	CHILD_NODE: (RENAMED:13|OBS INDEX []|STATI:11,21,30|EVENTI:e1,ε,e2)
PARENT_NODE:(RENAMED:6|OBS INDEX []|STATI:11,21,31|EVENTI:e1,e3,e2)	TRANSITION: t3c	LABEL_OBS: ε	LABEL_REL: f3	CHILD_NODE: (RENAMED:7|OBS INDEX []|STATI:11,21,31|EVENTI:e1,ε,e2)
PARENT_NODE:(RENAMED:7|OBS INDEX []|STATI:11,21,31|EVENTI:e1,ε,e2)	TRANSITION: t1b	LABEL_OBS: ε	LABEL_REL: ε	CHILD_NODE: (RENAMED:8|OBS INDEX []|STATI:10,21,31|EVENTI:e1,ε,ε)
PARENT_NODE:(RENAMED:8|OBS INDEX []|STATI:10,21,31|EVENTI:e1,ε,ε)	TRANSITION: t1a	LABEL_OBS: ε	LABEL_REL: ε	CHILD_NODE: (RENAMED:9|OBS INDEX []|STATI:11,21,31|EVENTI:ε,ε,ε)
PARENT_NODE:(RENAMED:9|OBS INDEX []|STATI:11,21,31|EVENTI:ε,ε,ε)	TRANSITION: t2b	LABEL_OBS: o2	LABEL_REL: ε	CHILD_NODE: (RENAMED:10|OBS INDEX []|STATI:11,20,31|EVENTI:e1,ε,ε)
PARENT_NODE:(RENAMED:10|OBS INDEX []|STATI:11,20,31|EVENTI:e1,ε,ε)	TRANSITION: t2a	LABEL_OBS: o1	LABEL_REL: ε	CHILD_NODE: (RENAMED:11|OBS INDEX []|STATI:11,21,31|EVENTI:e1,e3,ε)
PARENT_NODE:(RENAMED:11|OBS INDEX []|STATI:11,21,31|EVENTI:e1,e3,ε)	TRANSITION: t3b	LABEL_OBS: ε	LABEL_REL: ε	CHILD_NODE: (RENAMED:12|OBS INDEX []|STATI:11,21,30|EVENTI:e1,ε,ε)
PARENT_NODE:(RENAMED:12|OBS INDEX []|STATI:11,21,30|EVENTI:e1,ε,ε)	TRANSITION: t3a	LABEL_OBS: ε	LABEL_REL: ε	CHILD_NODE: (RENAMED:7|OBS INDEX []|STATI:11,21,31|EVENTI:e1,ε,e2)
PARENT_NODE:(RENAMED:13|OBS INDEX []|STATI:11,21,30|EVENTI:e1,ε,e2)	TRANSITION: t1b	LABEL_OBS: ε	LABEL_REL: ε	CHILD_NODE: (RENAMED:14|OBS INDEX []|STATI:10,21,30|EVENTI:e1,ε,ε)
PARENT_NODE:(RENAMED:14|OBS INDEX []|STATI:10,21,30|EVENTI:e1,ε,ε)	TRANSITION: t1a	LABEL_OBS: ε	LABEL_REL: ε	CHILD_NODE: (RENAMED:15|OBS INDEX []|STATI:11,21,30|EVENTI:ε,ε,ε)
PARENT_NODE:(RENAMED:14|OBS INDEX []|STATI:10,21,30|EVENTI:e1,ε,ε)	TRANSITION: t3a	LABEL_OBS: ε	LABEL_REL: ε	CHILD_NODE: (RENAMED:3|OBS INDEX []|STATI:10,21,31|EVENTI:e1,ε,e2)
PARENT_NODE:(RENAMED:15|OBS INDEX []|STATI:11,21,30|EVENTI:ε,ε,ε)	TRANSITION: t2b	LABEL_OBS: o2	LABEL_REL: ε	CHILD_NODE: (RENAMED:16|OBS INDEX []|STATI:11,20,30|EVENTI:e1,ε,ε)
PARENT_NODE:(RENAMED:15|OBS INDEX []|STATI:11,21,30|EVENTI:ε,ε,ε)	TRANSITION: t3a	LABEL_OBS: ε	LABEL_REL: ε	CHILD_NODE: (RENAMED:4|OBS INDEX []|STATI:11,21,31|EVENTI:ε,ε,e2)
PARENT_NODE:(RENAMED:16|OBS INDEX []|STATI:11,20,30|EVENTI:e1,ε,ε)	TRANSITION: t2a	LABEL_OBS: o1	LABEL_REL: ε	CHILD_NODE: (RENAMED:17|OBS INDEX []|STATI:11,21,30|EVENTI:e1,e3,ε)
PARENT_NODE:(RENAMED:16|OBS INDEX []|STATI:11,20,30|EVENTI:e1,ε,ε)	TRANSITION: t3a	LABEL_OBS: ε	LABEL_REL: ε	CHILD_NODE: (RENAMED:5|OBS INDEX []|STATI:11,20,31|EVENTI:e1,ε,e2)
PARENT_NODE:(RENAMED:17|OBS INDEX []|STATI:11,21,30|EVENTI:e1,e3,ε)	TRANSITION: t3a	LABEL_OBS: ε	LABEL_REL: ε	CHILD_NODE: (RENAMED:6|OBS INDEX []|STATI:11,21,31|EVENTI:e1,e3,e2)
PARENT_NODE:(RENAMED:18|OBS INDEX []|STATI:10,21,31|EVENTI:e1,e3,ε)	TRANSITION: t1a	LABEL_OBS: ε	LABEL_REL: ε	CHILD_NODE: (RENAMED:19|OBS INDEX []|STATI:11,21,31|EVENTI:ε,e3,ε)
PARENT_NODE:(RENAMED:18|OBS INDEX []|STATI:10,21,31|EVENTI:e1,e3,ε)	TRANSITION: t3b	LABEL_OBS: ε	LABEL_REL: ε	CHILD_NODE: (RENAMED:14|OBS INDEX []|STATI:10,21,30|EVENTI:e1,ε,ε)
PARENT_NODE:(RENAMED:18|OBS INDEX []|STATI:10,21,31|EVENTI:e1,e3,ε)	TRANSITION: t3c	LABEL_OBS: ε	LABEL_REL: f3	CHILD_NODE: (RENAMED:8|OBS INDEX []|STATI:10,21,31|EVENTI:e1,ε,ε)
PARENT_NODE:(RENAMED:19|OBS INDEX []|STATI:11,21,31|EVENTI:ε,e3,ε)	TRANSITION: t2b	LABEL_OBS: o2	LABEL_REL: ε	CHILD_NODE: (RENAMED:20|OBS INDEX []|STATI:11,20,31|EVENTI:e1,e3,ε)
PARENT_NODE:(RENAMED:19|OBS INDEX []|STATI:11,21,31|EVENTI:ε,e3,ε)	TRANSITION: t3b	LABEL_OBS: ε	LABEL_REL: ε	CHILD_NODE: (RENAMED:15|OBS INDEX []|STATI:11,21,30|EVENTI:ε,ε,ε)
PARENT_NODE:(RENAMED:19|OBS INDEX []|STATI:11,21,31|EVENTI:ε,e3,ε)	TRANSITION: t3c	LABEL_OBS: ε	LABEL_REL: f3	CHILD_NODE: (RENAMED:9|OBS INDEX []|STATI:11,21,31|EVENTI:ε,ε,ε)
PARENT_NODE:(RENAMED:20|OBS INDEX []|STATI:11,20,31|EVENTI:e1,e3,ε)	TRANSITION: t3b	LABEL_OBS: ε	LABEL_REL: ε	CHILD_NODE: (RENAMED:16|OBS INDEX []|STATI:11,20,30|EVENTI:e1,ε,ε)
PARENT_NODE:(RENAMED:20|OBS INDEX []|STATI:11,20,31|EVENTI:e1,e3,ε)	TRANSITION: t3c	LABEL_OBS: ε	LABEL_REL: f3	CHILD_NODE: (RENAMED:10|OBS INDEX []|STATI:11,20,31|EVENTI:e1,ε,ε)
PARENT_NODE:(RENAMED:21|OBS INDEX []|STATI:10,20,31|EVENTI:e1,ε,ε)	TRANSITION: t1a	LABEL_OBS: ε	LABEL_REL: ε	CHILD_NODE: (RENAMED:22|OBS INDEX []|STATI:11,20,31|EVENTI:ε,ε,ε)
PARENT_NODE:(RENAMED:21|OBS INDEX []|STATI:10,20,31|EVENTI:e1,ε,ε)	TRANSITION: t2a	LABEL_OBS: o1	LABEL_REL: ε	CHILD_NODE: (RENAMED:18|OBS INDEX []|STATI:10,21,31|EVENTI:e1,e3,ε)
PARENT_NODE:(RENAMED:22|OBS INDEX []|STATI:11,20,31|EVENTI:ε,ε,ε)	TRANSITION: t2a	LABEL_OBS: o1	LABEL_REL: ε	CHILD_NODE: (RENAMED:11|OBS INDEX []|STATI:11,21,31|EVENTI:e1,e3,ε)
PARENT_NODE:(RENAMED:22|OBS INDEX []|STATI:11,20,31|EVENTI:ε,ε,ε)	TRANSITION: t2a	LABEL_OBS: o1	LABEL_REL: ε	CHILD_NODE: (RENAMED:11|OBS INDEX []|STATI:11,21,31|EVENTI:e1,e3,ε)
PARENT_NODE:(RENAMED:23|OBS INDEX []|STATI:10,21,31|EVENTI:ε,ε,ε)	TRANSITION: t2b	LABEL_OBS: o2	LABEL_REL: ε	CHILD_NODE: (RENAMED:21|OBS INDEX []|STATI:10,20,31|EVENTI:e1,ε,ε)
PARENT_NODE:(RENAMED:24|OBS INDEX []|STATI:10,21,30|EVENTI:e1,ε,e2)	TRANSITION: t1a	LABEL_OBS: ε	LABEL_REL: ε	CHILD_NODE: (RENAMED:25|OBS INDEX []|STATI:11,21,30|EVENTI:ε,ε,e2)
PARENT_NODE:(RENAMED:25|OBS INDEX []|STATI:11,21,30|EVENTI:ε,ε,e2)	TRANSITION: t1b	LABEL_OBS: ε	LABEL_REL: ε	CHILD_NODE: (RENAMED:33|OBS INDEX []|STATI:10,21,30|EVENTI:ε,ε,ε)
PARENT_NODE:(RENAMED:25|OBS INDEX []|STATI:11,21,30|EVENTI:ε,ε,e2)	TRANSITION: t2b	LABEL_OBS: o2	LABEL_REL: ε	CHILD_NODE: (RENAMED:26|OBS INDEX []|STATI:11,20,30|EVENTI:e1,ε,e2)
PARENT_NODE:(RENAMED:26|OBS INDEX []|STATI:11,20,30|EVENTI:e1,ε,e2)	TRANSITION: t1b	LABEL_OBS: ε	LABEL_REL: ε	CHILD_NODE: (RENAMED:28|OBS INDEX []|STATI:10,20,30|EVENTI:e1,ε,ε)
PARENT_NODE:(RENAMED:26|OBS INDEX []|STATI:11,20,30|EVENTI:e1,ε,e2)	TRANSITION: t2a	LABEL_OBS: o1	LABEL_REL: ε	CHILD_NODE: (RENAMED:27|OBS INDEX []|STATI:11,21,30|EVENTI:e1,e3,e2)
PARENT_NODE:(RENAMED:27|OBS INDEX []|STATI:11,21,30|EVENTI:e1,e3,e2)	TRANSITION: t1b	LABEL_OBS: ε	LABEL_REL: ε	CHILD_NODE: (RENAMED:40|OBS INDEX []|STATI:10,21,30|EVENTI:e1,e3,ε)
PARENT_NODE:(RENAMED:28|OBS INDEX []|STATI:10,20,30|EVENTI:e1,ε,ε)	TRANSITION: t1a	LABEL_OBS: ε	LABEL_REL: ε	CHILD_NODE: (RENAMED:32|OBS INDEX []|STATI:11,20,30|EVENTI:ε,ε,ε)
PARENT_NODE:(RENAMED:28|OBS INDEX []|STATI:10,20,30|EVENTI:e1,ε,ε)	TRANSITION: t2a	LABEL_OBS: o1	LABEL_REL: ε	CHILD_NODE: (RENAMED:40|OBS INDEX []|STATI:10,21,30|EVENTI:e1,e3,ε)
PARENT_NODE:(RENAMED:28|OBS INDEX []|STATI:10,20,30|EVENTI:e1,ε,ε)	TRANSITION: t3a	LABEL_OBS: ε	LABEL_REL: ε	CHILD_NODE: (RENAMED:29|OBS INDEX []|STATI:10,20,31|EVENTI:e1,ε,e2)
PARENT_NODE:(RENAMED:29|OBS INDEX []|STATI:10,20,31|EVENTI:e1,ε,e2)	TRANSITION: t1a	LABEL_OBS: ε	LABEL_REL: ε	CHILD_NODE: (RENAMED:30|OBS INDEX []|STATI:11,20,31|EVENTI:ε,ε,e2)
PARENT_NODE:(RENAMED:29|OBS INDEX []|STATI:10,20,31|EVENTI:e1,ε,e2)	TRANSITION: t2a	LABEL_OBS: o1	LABEL_REL: ε	CHILD_NODE: (RENAMED:2|OBS INDEX []|STATI:10,21,31|EVENTI:e1,e3,e2)
PARENT_NODE:(RENAMED:30|OBS INDEX []|STATI:11,20,31|EVENTI:ε,ε,e2)	TRANSITION: t1b	LABEL_OBS: ε	LABEL_REL: ε	CHILD_NODE: (RENAMED:31|OBS INDEX []|STATI:10,20,31|EVENTI:ε,ε,ε)
PARENT_NODE:(RENAMED:30|OBS INDEX []|STATI:11,20,31|EVENTI:ε,ε,e2)	TRANSITION: t2a	LABEL_OBS: o1	LABEL_REL: ε	CHILD_NODE: (RENAMED:6|OBS INDEX []|STATI:11,21,31|EVENTI:e1,e3,e2)
PARENT_NODE:(RENAMED:30|OBS INDEX []|STATI:11,20,31|EVENTI:ε,ε,e2)	TRANSITION: t2a	LABEL_OBS: o1	LABEL_REL: ε	CHILD_NODE: (RENAMED:6|OBS INDEX []|STATI:11,21,31|EVENTI:e1,e3,e2)
PARENT_NODE:(RENAMED:31|OBS INDEX []|STATI:10,20,31|EVENTI:ε,ε,ε)	TRANSITION: t2a	LABEL_OBS: o1	LABEL_REL: ε	CHILD_NODE: (RENAMED:18|OBS INDEX []|STATI:10,21,31|EVENTI:e1,e3,ε)
PARENT_NODE:(RENAMED:31|OBS INDEX []|STATI:10,20,31|EVENTI:ε,ε,ε)	TRANSITION: t2a	LABEL_OBS: o1	LABEL_REL: ε	CHILD_NODE: (RENAMED:18|OBS INDEX []|STATI:10,21,31|EVENTI:e1,e3,ε)
PARENT_NODE:(RENAMED:32|OBS INDEX []|STATI:11,20,30|EVENTI:ε,ε,ε)	TRANSITION: t2a	LABEL_OBS: o1	LABEL_REL: ε	CHILD_NODE: (RENAMED:17|OBS INDEX []|STATI:11,21,30|EVENTI:e1,e3,ε)
PARENT_NODE:(RENAMED:32|OBS INDEX []|STATI:11,20,30|EVENTI:ε,ε,ε)	TRANSITION: t2a	LABEL_OBS: o1	LABEL_REL: ε	CHILD_NODE: (RENAMED:17|OBS INDEX []|STATI:11,21,30|EVENTI:e1,e3,ε)
PARENT_NODE:(RENAMED:32|OBS INDEX []|STATI:11,20,30|EVENTI:ε,ε,ε)	TRANSITION: t3a	LABEL_OBS: ε	LABEL_REL: ε	CHILD_NODE: (RENAMED:30|OBS INDEX []|STATI:11,20,31|EVENTI:ε,ε,e2)
PARENT_NODE:(RENAMED:33|OBS INDEX []|STATI:10,21,30|EVENTI:ε,ε,ε)	TRANSITION: t2b	LABEL_OBS: o2	LABEL_REL: ε	CHILD_NODE: (RENAMED:28|OBS INDEX []|STATI:10,20,30|EVENTI:e1,ε,ε)
PARENT_NODE:(RENAMED:33|OBS INDEX []|STATI:10,21,30|EVENTI:ε,ε,ε)	TRANSITION: t3a	LABEL_OBS: ε	LABEL_REL: ε	CHILD_NODE: (RENAMED:34|OBS INDEX []|STATI:10,21,31|EVENTI:ε,ε,e2)
PARENT_NODE:(RENAMED:34|OBS INDEX []|STATI:10,21,31|EVENTI:ε,ε,e2)	TRANSITION: t2b	LABEL_OBS: o2	LABEL_REL: ε	CHILD_NODE: (RENAMED:29|OBS INDEX []|STATI:10,20,31|EVENTI:e1,ε,e2)
PARENT_NODE:(RENAMED:35|OBS INDEX []|STATI:11,21,31|EVENTI:ε,e3,e2)	TRANSITION: t1b	LABEL_OBS: ε	LABEL_REL: ε	CHILD_NODE: (RENAMED:39|OBS INDEX []|STATI:10,21,31|EVENTI:ε,e3,ε)
PARENT_NODE:(RENAMED:35|OBS INDEX []|STATI:11,21,31|EVENTI:ε,e3,e2)	TRANSITION: t2b	LABEL_OBS: o2	LABEL_REL: ε	CHILD_NODE: (RENAMED:36|OBS INDEX []|STATI:11,20,31|EVENTI:e1,e3,e2)
PARENT_NODE:(RENAMED:35|OBS INDEX []|STATI:11,21,31|EVENTI:ε,e3,e2)	TRANSITION: t3b	LABEL_OBS: ε	LABEL_REL: ε	CHILD_NODE: (RENAMED:25|OBS INDEX []|STATI:11,21,30|EVENTI:ε,ε,e2)
PARENT_NODE:(RENAMED:35|OBS INDEX []|STATI:11,21,31|EVENTI:ε,e3,e2)	TRANSITION: t3c	LABEL_OBS: ε	LABEL_REL: f3	CHILD_NODE: (RENAMED:4|OBS INDEX []|STATI:11,21,31|EVENTI:ε,ε,e2)
PARENT_NODE:(RENAMED:36|OBS INDEX []|STATI:11,20,31|EVENTI:e1,e3,e2)	TRANSITION: t1b	LABEL_OBS: ε	LABEL_REL: ε	CHILD_NODE: (RENAMED:37|OBS INDEX []|STATI:10,20,31|EVENTI:e1,e3,ε)
PARENT_NODE:(RENAMED:36|OBS INDEX []|STATI:11,20,31|EVENTI:e1,e3,e2)	TRANSITION: t3b	LABEL_OBS: ε	LABEL_REL: ε	CHILD_NODE: (RENAMED:26|OBS INDEX []|STATI:11,20,30|EVENTI:e1,ε,e2)
PARENT_NODE:(RENAMED:36|OBS INDEX []|STATI:11,20,31|EVENTI:e1,e3,e2)	TRANSITION: t3c	LABEL_OBS: ε	LABEL_REL: f3	CHILD_NODE: (RENAMED:5|OBS INDEX []|STATI:11,20,31|EVENTI:e1,ε,e2)
PARENT_NODE:(RENAMED:37|OBS INDEX []|STATI:10,20,31|EVENTI:e1,e3,ε)	TRANSITION: t1a	LABEL_OBS: ε	LABEL_REL: ε	CHILD_NODE: (RENAMED:38|OBS INDEX []|STATI:11,20,31|EVENTI:ε,e3,ε)
PARENT_NODE:(RENAMED:37|OBS INDEX []|STATI:10,20,31|EVENTI:e1,e3,ε)	TRANSITION: t3b	LABEL_OBS: ε	LABEL_REL: ε	CHILD_NODE: (RENAMED:28|OBS INDEX []|STATI:10,20,30|EVENTI:e1,ε,ε)
PARENT_NODE:(RENAMED:37|OBS INDEX []|STATI:10,20,31|EVENTI:e1,e3,ε)	TRANSITION: t3c	LABEL_OBS: ε	LABEL_REL: f3	CHILD_NODE: (RENAMED:21|OBS INDEX []|STATI:10,20,31|EVENTI:e1,ε,ε)
PARENT_NODE:(RENAMED:38|OBS INDEX []|STATI:11,20,31|EVENTI:ε,e3,ε)	TRANSITION: t2a	LABEL_OBS: o1	LABEL_REL: ε	CHILD_NODE: (RENAMED:11|OBS INDEX []|STATI:11,21,31|EVENTI:e1,e3,ε)
PARENT_NODE:(RENAMED:38|OBS INDEX []|STATI:11,20,31|EVENTI:ε,e3,ε)	TRANSITION: t3b	LABEL_OBS: ε	LABEL_REL: ε	CHILD_NODE: (RENAMED:32|OBS INDEX []|STATI:11,20,30|EVENTI:ε,ε,ε)
PARENT_NODE:(RENAMED:38|OBS INDEX []|STATI:11,20,31|EVENTI:ε,e3,ε)	TRANSITION: t3c	LABEL_OBS: ε	LABEL_REL: f3	CHILD_NODE: (RENAMED:22|OBS INDEX []|STATI:11,20,31|EVENTI:ε,ε,ε)
PARENT_NODE:(RENAMED:39|OBS INDEX []|STATI:10,21,31|EVENTI:ε,e3,ε)	TRANSITION: t2b	LABEL_OBS: o2	LABEL_REL: ε	CHILD_NODE: (RENAMED:37|OBS INDEX []|STATI:10,20,31|EVENTI:e1,e3,ε)
PARENT_NODE:(RENAMED:39|OBS INDEX []|STATI:10,21,31|EVENTI:ε,e3,ε)	TRANSITION: t3b	LABEL_OBS: ε	LABEL_REL: ε	CHILD_NODE: (RENAMED:33|OBS INDEX []|STATI:10,21,30|EVENTI:ε,ε,ε)
PARENT_NODE:(RENAMED:39|OBS INDEX []|STATI:10,21,31|EVENTI:ε,e3,ε)	TRANSITION: t3c	LABEL_OBS: ε	LABEL_REL: f3	CHILD_NODE: (RENAMED:23|OBS INDEX []|STATI:10,21,31|EVENTI:ε,ε,ε)
PARENT_NODE:(RENAMED:40|OBS INDEX []|STATI:10,21,30|EVENTI:e1,e3,ε)	TRANSITION: t1a	LABEL_OBS: ε	LABEL_REL: ε	CHILD_NODE: (RENAMED:41|OBS INDEX []|STATI:11,21,30|EVENTI:ε,e3,ε)
PARENT_NODE:(RENAMED:40|OBS INDEX []|STATI:10,21,30|EVENTI:e1,e3,ε)	TRANSITION: t3a	LABEL_OBS: ε	LABEL_REL: ε	CHILD_NODE: (RENAMED:2|OBS INDEX []|STATI:10,21,31|EVENTI:e1,e3,e2)
PARENT_NODE:(RENAMED:41|OBS INDEX []|STATI:11,21,30|EVENTI:ε,e3,ε)	TRANSITION: t2b	LABEL_OBS: o2	LABEL_REL: ε	CHILD_NODE: (RENAMED:42|OBS INDEX []|STATI:11,20,30|EVENTI:e1,e3,ε)
PARENT_NODE:(RENAMED:41|OBS INDEX []|STATI:11,21,30|EVENTI:ε,e3,ε)	TRANSITION: t3a	LABEL_OBS: ε	LABEL_REL: ε	CHILD_NODE: (RENAMED:35|OBS INDEX []|STATI:11,21,31|EVENTI:ε,e3,e2)
PARENT_NODE:(RENAMED:42|OBS INDEX []|STATI:11,20,30|EVENTI:e1,e3,ε)	TRANSITION: t3a	LABEL_OBS: ε	LABEL_REL: ε	CHILD_NODE: (RENAMED:36|OBS INDEX []|STATI:11,20,31|EVENTI:e1,e3,e2)

[CRITICAL]	Execution time|0:00:00.086406
