[DEBUG]	STARTING GENERATE_DIAGNOSTIC_GRAPH
[CRITICAL]	SILENT_PARENT 0 DELTA: 	TRANSITION t2a OBSERVABLE: o1 RELEVANT: ε	SILENT_CHILD 1
[CRITICAL]	SILENT_PARENT 0 DELTA: 	TRANSITION t2a OBSERVABLE: o1 RELEVANT: ε	SILENT_CHILD 2
[CRITICAL]	SILENT_PARENT 1 DELTA: ε|(ε f3|f3)	TRANSITION t2b OBSERVABLE: o2 RELEVANT: ε	SILENT_CHILD 18
[CRITICAL]	SILENT_PARENT 1 DELTA: ε|(ε f3|f3)	TRANSITION t2b OBSERVABLE: o2 RELEVANT: ε	SILENT_CHILD 17
[CRITICAL]	SILENT_PARENT 1 DELTA: ε|(ε f3|f3)	TRANSITION t2b OBSERVABLE: o2 RELEVANT: ε	SILENT_CHILD 14
[CRITICAL]	SILENT_PARENT 1 DELTA: ε|(ε f3|f3)	TRANSITION t2b OBSERVABLE: o2 RELEVANT: ε	SILENT_CHILD 15
[CRITICAL]	SILENT_PARENT 1 DELTA: ε|(ε f3|f3)	TRANSITION t2b OBSERVABLE: o2 RELEVANT: ( f3|f3)	SILENT_CHILD 11
[CRITICAL]	SILENT_PARENT 1 DELTA: ε|(ε f3|f3)	TRANSITION t2b OBSERVABLE: o2 RELEVANT: ε	SILENT_CHILD 16
[CRITICAL]	SILENT_PARENT 1 DELTA: ε|(ε f3|f3)	TRANSITION t2b OBSERVABLE: o2 RELEVANT: ε	SILENT_CHILD 12
[CRITICAL]	SILENT_PARENT 1 DELTA: ε|(ε f3|f3)	TRANSITION t2b OBSERVABLE: o2 RELEVANT: f3	SILENT_CHILD 3
[CRITICAL]	SILENT_PARENT 2 DELTA: ε|(ε f3|f3)	TRANSITION t2b OBSERVABLE: o2 RELEVANT: ε	SILENT_CHILD 17
[CRITICAL]	SILENT_PARENT 2 DELTA: ε|(ε f3|f3)	TRANSITION t2b OBSERVABLE: o2 RELEVANT: ε	SILENT_CHILD 14
[CRITICAL]	SILENT_PARENT 2 DELTA: ε|(ε f3|f3)	TRANSITION t2b OBSERVABLE: o2 RELEVANT: ε	SILENT_CHILD 15
[CRITICAL]	SILENT_PARENT 2 DELTA: ε|(ε f3|f3)	TRANSITION t2b OBSERVABLE: o2 RELEVANT: ( f3|f3)	SILENT_CHILD 11
[CRITICAL]	SILENT_PARENT 2 DELTA: ε|(ε f3|f3)	TRANSITION t2b OBSERVABLE: o2 RELEVANT: ε	SILENT_CHILD 16
[CRITICAL]	SILENT_PARENT 2 DELTA: ε|(ε f3|f3)	TRANSITION t2b OBSERVABLE: o2 RELEVANT: ε	SILENT_CHILD 12
[CRITICAL]	SILENT_PARENT 2 DELTA: ε|(ε f3|f3)	TRANSITION t2b OBSERVABLE: o2 RELEVANT: ( f3|f3)	SILENT_CHILD 3
[CRITICAL]	SILENT_PARENT 3 DELTA: ε	TRANSITION t2a OBSERVABLE: o1 RELEVANT: ε	SILENT_CHILD 6
[CRITICAL]	SILENT_PARENT 3 DELTA: ε	TRANSITION t2a OBSERVABLE: o1 RELEVANT: ε	SILENT_CHILD 10
[CRITICAL]	SILENT_PARENT 3 DELTA: ε	TRANSITION t2a OBSERVABLE: o1 RELEVANT: ε	SILENT_CHILD 4
[CRITICAL]	SILENT_PARENT 4 DELTA: ε|ε|(ε f3|f3)	TRANSITION t2b OBSERVABLE: o2 RELEVANT: ε	SILENT_CHILD 9
[CRITICAL]	SILENT_PARENT 4 DELTA: ε|ε|(ε f3|f3)	TRANSITION t2b OBSERVABLE: o2 RELEVANT: ε	SILENT_CHILD 7
[CRITICAL]	SILENT_PARENT 4 DELTA: ε|ε|(ε f3|f3)	TRANSITION t2b OBSERVABLE: o2 RELEVANT: ε	SILENT_CHILD 11
[CRITICAL]	SILENT_PARENT 4 DELTA: ε|ε|(ε f3|f3)	TRANSITION t2b OBSERVABLE: o2 RELEVANT: ε	SILENT_CHILD 3
[CRITICAL]	SILENT_PARENT 4 DELTA: ε|ε|(ε f3|f3)	TRANSITION t2b OBSERVABLE: o2 RELEVANT: ( f3|f3)	SILENT_CHILD 5
[CRITICAL]	SILENT_PARENT 5 DELTA: 	TRANSITION t2a OBSERVABLE: o1 RELEVANT: ε	SILENT_CHILD 6
[CRITICAL]	SILENT_PARENT 6 DELTA: ε	TRANSITION t2b OBSERVABLE: o2 RELEVANT: ε	SILENT_CHILD 5
[CRITICAL]	SILENT_PARENT 7 DELTA: ε	TRANSITION t2a OBSERVABLE: o1 RELEVANT: ε	SILENT_CHILD 8
[CRITICAL]	SILENT_PARENT 7 DELTA: ε	TRANSITION t2a OBSERVABLE: o1 RELEVANT: ε	SILENT_CHILD 6
[CRITICAL]	SILENT_PARENT 7 DELTA: ε	TRANSITION t2a OBSERVABLE: o1 RELEVANT: ε	SILENT_CHILD 10
[CRITICAL]	SILENT_PARENT 7 DELTA: ε	TRANSITION t2a OBSERVABLE: o1 RELEVANT: ε	SILENT_CHILD 4
[CRITICAL]	SILENT_PARENT 8 DELTA: ε|ε|(ε f3|f3)	TRANSITION t2b OBSERVABLE: o2 RELEVANT: ε	SILENT_CHILD 9
[CRITICAL]	SILENT_PARENT 8 DELTA: ε|ε|(ε f3|f3)	TRANSITION t2b OBSERVABLE: o2 RELEVANT: ε	SILENT_CHILD 7
[CRITICAL]	SILENT_PARENT 8 DELTA: ε|ε|(ε f3|f3)	TRANSITION t2b OBSERVABLE: o2 RELEVANT: ε	SILENT_CHILD 11
[CRITICAL]	SILENT_PARENT 8 DELTA: ε|ε|(ε f3|f3)	TRANSITION t2b OBSERVABLE: o2 RELEVANT: ε	SILENT_CHILD 3
[CRITICAL]	SILENT_PARENT 8 DELTA: ε|ε|(ε f3|f3)	TRANSITION t2b OBSERVABLE: o2 RELEVANT: ( f3|f3)	SILENT_CHILD 5
[CRITICAL]	SILENT_PARENT 9 DELTA: ε	TRANSITION t2a OBSERVABLE: o1 RELEVANT: ε	SILENT_CHILD 8
[CRITICAL]	SILENT_PARENT 9 DELTA: ε	TRANSITION t2a OBSERVABLE: o1 RELEVANT: ε	SILENT_CHILD 6
[CRITICAL]	SILENT_PARENT 9 DELTA: ε	TRANSITION t2a OBSERVABLE: o1 RELEVANT: ε	SILENT_CHILD 10
[CRITICAL]	SILENT_PARENT 9 DELTA: ε	TRANSITION t2a OBSERVABLE: o1 RELEVANT: ε	SILENT_CHILD 4
[CRITICAL]	SILENT_PARENT 9 DELTA: ε	TRANSITION t2a OBSERVABLE: o1 RELEVANT: f3	SILENT_CHILD 6
[CRITICAL]	SILENT_PARENT 10 DELTA: ε|ε|(ε f3|f3)	TRANSITION t2b OBSERVABLE: o2 RELEVANT: ε	SILENT_CHILD 9
[CRITICAL]	SILENT_PARENT 10 DELTA: ε|ε|(ε f3|f3)	TRANSITION t2b OBSERVABLE: o2 RELEVANT: ε	SILENT_CHILD 7
[CRITICAL]	SILENT_PARENT 10 DELTA: ε|ε|(ε f3|f3)	TRANSITION t2b OBSERVABLE: o2 RELEVANT: ε	SILENT_CHILD 11
[CRITICAL]	SILENT_PARENT 10 DELTA: ε|ε|(ε f3|f3)	TRANSITION t2b OBSERVABLE: o2 RELEVANT: ε	SILENT_CHILD 3
[CRITICAL]	SILENT_PARENT 10 DELTA: ε|ε|(ε f3|f3)	TRANSITION t2b OBSERVABLE: o2 RELEVANT: ( f3|f3)	SILENT_CHILD 5
[CRITICAL]	SILENT_PARENT 11 DELTA: ε	TRANSITION t2a OBSERVABLE: o1 RELEVANT: ε	SILENT_CHILD 6
[CRITICAL]	SILENT_PARENT 11 DELTA: ε	TRANSITION t2a OBSERVABLE: o1 RELEVANT: ε	SILENT_CHILD 10
[CRITICAL]	SILENT_PARENT 12 DELTA: ε|ε	TRANSITION t2a OBSERVABLE: o1 RELEVANT: ε	SILENT_CHILD 8
[CRITICAL]	SILENT_PARENT 12 DELTA: ε|ε	TRANSITION t2a OBSERVABLE: o1 RELEVANT: ε	SILENT_CHILD 10
[CRITICAL]	SILENT_PARENT 12 DELTA: ε|ε	TRANSITION t2a OBSERVABLE: o1 RELEVANT: ε	SILENT_CHILD 4
[CRITICAL]	SILENT_PARENT 12 DELTA: ε|ε	TRANSITION t2a OBSERVABLE: o1 RELEVANT: ε	SILENT_CHILD 1
[CRITICAL]	SILENT_PARENT 12 DELTA: ε|ε	TRANSITION t2a OBSERVABLE: o1 RELEVANT: ε	SILENT_CHILD 2
[CRITICAL]	SILENT_PARENT 12 DELTA: ε|ε	TRANSITION t2a OBSERVABLE: o1 RELEVANT: ε	SILENT_CHILD 13
[CRITICAL]	SILENT_PARENT 13 DELTA: ε|(ε f3|f3)	TRANSITION t2b OBSERVABLE: o2 RELEVANT: ε	SILENT_CHILD 18
[CRITICAL]	SILENT_PARENT 13 DELTA: ε|(ε f3|f3)	TRANSITION t2b OBSERVABLE: o2 RELEVANT: ε	SILENT_CHILD 17
[CRITICAL]	SILENT_PARENT 13 DELTA: ε|(ε f3|f3)	TRANSITION t2b OBSERVABLE: o2 RELEVANT: ε	SILENT_CHILD 14
[CRITICAL]	SILENT_PARENT 13 DELTA: ε|(ε f3|f3)	TRANSITION t2b OBSERVABLE: o2 RELEVANT: ε	SILENT_CHILD 15
[CRITICAL]	SILENT_PARENT 13 DELTA: ε|(ε f3|f3)	TRANSITION t2b OBSERVABLE: o2 RELEVANT: ( f3|f3)	SILENT_CHILD 11
[CRITICAL]	SILENT_PARENT 13 DELTA: ε|(ε f3|f3)	TRANSITION t2b OBSERVABLE: o2 RELEVANT: ε	SILENT_CHILD 16
[CRITICAL]	SILENT_PARENT 13 DELTA: ε|(ε f3|f3)	TRANSITION t2b OBSERVABLE: o2 RELEVANT: ε	SILENT_CHILD 12
[CRITICAL]	SILENT_PARENT 13 DELTA: ε|(ε f3|f3)	TRANSITION t2b OBSERVABLE: o2 RELEVANT: f3	SILENT_CHILD 3
[CRITICAL]	SILENT_PARENT 14 DELTA: ε|ε	TRANSITION t2a OBSERVABLE: o1 RELEVANT: ε	SILENT_CHILD 8
[CRITICAL]	SILENT_PARENT 14 DELTA: ε|ε	TRANSITION t2a OBSERVABLE: o1 RELEVANT: ε	SILENT_CHILD 10
[CRITICAL]	SILENT_PARENT 14 DELTA: ε|ε	TRANSITION t2a OBSERVABLE: o1 RELEVANT: ε	SILENT_CHILD 4
[CRITICAL]	SILENT_PARENT 14 DELTA: ε|ε	TRANSITION t2a OBSERVABLE: o1 RELEVANT: ε	SILENT_CHILD 1
[CRITICAL]	SILENT_PARENT 14 DELTA: ε|ε	TRANSITION t2a OBSERVABLE: o1 RELEVANT: ε	SILENT_CHILD 2
[CRITICAL]	SILENT_PARENT 15 DELTA: ε	TRANSITION t2a OBSERVABLE: o1 RELEVANT: ε	SILENT_CHILD 10
[CRITICAL]	SILENT_PARENT 15 DELTA: ε	TRANSITION t2a OBSERVABLE: o1 RELEVANT: ε	SILENT_CHILD 4
[CRITICAL]	SILENT_PARENT 15 DELTA: ε	TRANSITION t2a OBSERVABLE: o1 RELEVANT: ε	SILENT_CHILD 2
[CRITICAL]	SILENT_PARENT 16 DELTA: ε|ε|(ε f3|f3)	TRANSITION t2a OBSERVABLE: o1 RELEVANT: ε	SILENT_CHILD 6
[CRITICAL]	SILENT_PARENT 16 DELTA: ε|ε|(ε f3|f3)	TRANSITION t2a OBSERVABLE: o1 RELEVANT: ε	SILENT_CHILD 8
[CRITICAL]	SILENT_PARENT 16 DELTA: ε|ε|(ε f3|f3)	TRANSITION t2a OBSERVABLE: o1 RELEVANT: ε	SILENT_CHILD 10
[CRITICAL]	SILENT_PARENT 16 DELTA: ε|ε|(ε f3|f3)	TRANSITION t2a OBSERVABLE: o1 RELEVANT: ε	SILENT_CHILD 4
[CRITICAL]	SILENT_PARENT 16 DELTA: ε|ε|(ε f3|f3)	TRANSITION t2a OBSERVABLE: o1 RELEVANT: ( f3|f3)	SILENT_CHILD 6
[CRITICAL]	SILENT_PARENT 16 DELTA: ε|ε|(ε f3|f3)	TRANSITION t2a OBSERVABLE: o1 RELEVANT: ε	SILENT_CHILD 1
[CRITICAL]	SILENT_PARENT 16 DELTA: ε|ε|(ε f3|f3)	TRANSITION t2a OBSERVABLE: o1 RELEVANT: ε	SILENT_CHILD 2
[CRITICAL]	SILENT_PARENT 16 DELTA: ε|ε|(ε f3|f3)	TRANSITION t2a OBSERVABLE: o1 RELEVANT: ( f3|f3)	SILENT_CHILD 10
[CRITICAL]	SILENT_PARENT 16 DELTA: ε|ε|(ε f3|f3)	TRANSITION t2a OBSERVABLE: o1 RELEVANT: ε	SILENT_CHILD 13
[CRITICAL]	SILENT_PARENT 16 DELTA: ε|ε|(ε f3|f3)	TRANSITION t2a OBSERVABLE: o1 RELEVANT: f3	SILENT_CHILD 4
[CRITICAL]	SILENT_PARENT 17 DELTA: ε|ε|(ε f3|f3)	TRANSITION t2a OBSERVABLE: o1 RELEVANT: ε	SILENT_CHILD 6
[CRITICAL]	SILENT_PARENT 17 DELTA: ε|ε|(ε f3|f3)	TRANSITION t2a OBSERVABLE: o1 RELEVANT: ε	SILENT_CHILD 8
[CRITICAL]	SILENT_PARENT 17 DELTA: ε|ε|(ε f3|f3)	TRANSITION t2a OBSERVABLE: o1 RELEVANT: ε	SILENT_CHILD 10
[CRITICAL]	SILENT_PARENT 17 DELTA: ε|ε|(ε f3|f3)	TRANSITION t2a OBSERVABLE: o1 RELEVANT: ε	SILENT_CHILD 4
[CRITICAL]	SILENT_PARENT 17 DELTA: ε|ε|(ε f3|f3)	TRANSITION t2a OBSERVABLE: o1 RELEVANT: ( f3|f3)	SILENT_CHILD 6
[CRITICAL]	SILENT_PARENT 17 DELTA: ε|ε|(ε f3|f3)	TRANSITION t2a OBSERVABLE: o1 RELEVANT: ε	SILENT_CHILD 1
[CRITICAL]	SILENT_PARENT 17 DELTA: ε|ε|(ε f3|f3)	TRANSITION t2a OBSERVABLE: o1 RELEVANT: ε	SILENT_CHILD 2
[CRITICAL]	SILENT_PARENT 17 DELTA: ε|ε|(ε f3|f3)	TRANSITION t2a OBSERVABLE: o1 RELEVANT: f3	SILENT_CHILD 10
[CRITICAL]	SILENT_PARENT 18 DELTA: ε|ε|(ε f3|f3)	TRANSITION t2a OBSERVABLE: o1 RELEVANT: ε	SILENT_CHILD 6
[CRITICAL]	SILENT_PARENT 18 DELTA: ε|ε|(ε f3|f3)	TRANSITION t2a OBSERVABLE: o1 RELEVANT: ε	SILENT_CHILD 8
[CRITICAL]	SILENT_PARENT 18 DELTA: ε|ε|(ε f3|f3)	TRANSITION t2a OBSERVABLE: o1 RELEVANT: ε	SILENT_CHILD 10
[CRITICAL]	SILENT_PARENT 18 DELTA: ε|ε|(ε f3|f3)	TRANSITION t2a OBSERVABLE: o1 RELEVANT: ε	SILENT_CHILD 4
[CRITICAL]	SILENT_PARENT 18 DELTA: ε|ε|(ε f3|f3)	TRANSITION t2a OBSERVABLE: o1 RELEVANT: ( f3|f3)	SILENT_CHILD 6
[CRITICAL]	SILENT_PARENT 18 DELTA: ε|ε|(ε f3|f3)	TRANSITION t2a OBSERVABLE: o1 RELEVANT: ε	SILENT_CHILD 1
[CRITICAL]	SILENT_PARENT 18 DELTA: ε|ε|(ε f3|f3)	TRANSITION t2a OBSERVABLE: o1 RELEVANT: ε	SILENT_CHILD 2
[CRITICAL]	SILENT_PARENT 18 DELTA: ε|ε|(ε f3|f3)	TRANSITION t2a OBSERVABLE: o1 RELEVANT: ( f3|f3)	SILENT_CHILD 10
[CRITICAL]	SILENT_PARENT 18 DELTA: ε|ε|(ε f3|f3)	TRANSITION t2a OBSERVABLE: o1 RELEVANT: ε	SILENT_CHILD 13
[CRITICAL]	SILENT_PARENT 18 DELTA: ε|ε|(ε f3|f3)	TRANSITION t2a OBSERVABLE: o1 RELEVANT: f3	SILENT_CHILD 4
[CRITICAL]	Execution time|0:00:00.011559
